2020-06-11 08:16:02,820:cuda:0
2020-06-11 08:16:02,820:AlexNet architecure chosen, DCN is True
2020-06-11 08:16:06,264:Epoch 0/49
2020-06-11 08:16:06,264:----------
2020-06-11 08:17:09,460:cuda:0
2020-06-11 08:17:09,460:AlexNet architecure chosen, DCN is True
2020-06-11 08:17:31,775:cuda:0
2020-06-11 08:17:31,775:AlexNet architecure chosen, DCN is True
2020-06-11 08:17:34,772:Epoch 0/49
2020-06-11 08:17:34,773:----------
2020-06-11 08:24:42,880:train Loss: 0.6659 Acc: 0.6973
2020-06-11 08:26:29,678:train Loss: 0.6707 Acc: 0.6472
2020-06-11 08:28:10,434:val Loss: 0.6339 Acc: 0.7299
2020-06-11 08:28:10,435:Epoch 1/49
2020-06-11 08:28:10,435:----------
2020-06-11 08:29:39,218:val Loss: 0.6384 Acc: 0.7299
2020-06-11 08:29:39,220:Epoch 1/49
2020-06-11 08:29:39,220:----------
2020-06-11 08:38:12,407:train Loss: 0.6099 Acc: 0.7298
2020-06-11 08:39:43,561:train Loss: 0.6169 Acc: 0.7298
2020-06-11 08:41:30,972:val Loss: 0.5944 Acc: 0.7299
2020-06-11 08:41:30,972:Epoch 2/49
2020-06-11 08:41:30,972:----------
2020-06-11 08:43:04,050:val Loss: 0.6009 Acc: 0.7299
2020-06-11 08:43:04,051:Epoch 2/49
2020-06-11 08:43:04,051:----------
2020-06-11 08:51:31,914:train Loss: 0.5933 Acc: 0.7298
2020-06-11 08:53:07,053:train Loss: 0.5956 Acc: 0.7298
2020-06-11 08:54:52,541:val Loss: 0.5900 Acc: 0.7299
2020-06-11 08:54:52,543:Epoch 3/49
2020-06-11 08:54:52,543:----------
2020-06-11 08:56:25,586:val Loss: 0.5916 Acc: 0.7299
2020-06-11 08:56:25,586:Epoch 3/49
2020-06-11 08:56:25,586:----------
2020-06-11 09:04:56,414:train Loss: 0.5891 Acc: 0.7298
2020-06-11 09:06:29,156:train Loss: 0.5912 Acc: 0.7298
2020-06-11 09:08:18,109:val Loss: 0.5847 Acc: 0.7299
2020-06-11 09:08:18,122:Epoch 4/49
2020-06-11 09:08:18,122:----------
2020-06-11 09:09:51,815:val Loss: 0.5878 Acc: 0.7299
2020-06-11 09:09:51,816:Epoch 4/49
2020-06-11 09:09:51,816:----------
2020-06-11 09:18:21,219:train Loss: 0.5850 Acc: 0.7298
2020-06-11 09:19:52,680:train Loss: 0.5875 Acc: 0.7298
2020-06-11 09:21:40,159:val Loss: 0.5798 Acc: 0.7299
2020-06-11 09:21:40,160:Epoch 5/49
2020-06-11 09:21:40,160:----------
2020-06-11 09:23:14,722:val Loss: 0.5839 Acc: 0.7299
2020-06-11 09:23:14,723:Epoch 5/49
2020-06-11 09:23:14,723:----------
2020-06-11 09:31:39,579:train Loss: 0.5798 Acc: 0.7298
2020-06-11 09:33:20,708:train Loss: 0.5830 Acc: 0.7298
2020-06-11 09:34:59,121:val Loss: 0.5730 Acc: 0.7299
2020-06-11 09:34:59,121:Epoch 6/49
2020-06-11 09:34:59,121:----------
2020-06-11 09:36:41,767:val Loss: 0.5787 Acc: 0.7299
2020-06-11 09:36:41,767:Epoch 6/49
2020-06-11 09:36:41,767:----------
2020-06-11 09:44:57,570:train Loss: 0.5723 Acc: 0.7298
2020-06-11 09:46:44,579:train Loss: 0.5777 Acc: 0.7298
2020-06-11 09:48:17,298:val Loss: 0.5627 Acc: 0.7299
2020-06-11 09:48:17,299:Epoch 7/49
2020-06-11 09:48:17,299:----------
2020-06-11 09:50:04,425:val Loss: 0.5714 Acc: 0.7299
2020-06-11 09:50:04,425:Epoch 7/49
2020-06-11 09:50:04,425:----------
2020-06-11 09:58:19,995:train Loss: 0.5667 Acc: 0.7298
2020-06-11 10:00:13,145:train Loss: 0.5730 Acc: 0.7298
2020-06-11 10:01:40,121:val Loss: 0.5614 Acc: 0.7299
2020-06-11 10:01:40,122:Epoch 8/49
2020-06-11 10:01:40,122:----------
2020-06-11 10:03:31,049:val Loss: 0.5703 Acc: 0.7299
2020-06-11 10:03:31,049:Epoch 8/49
2020-06-11 10:03:31,049:----------
2020-06-11 10:11:42,316:train Loss: 0.5653 Acc: 0.7298
2020-06-11 10:13:35,045:train Loss: 0.5724 Acc: 0.7298
2020-06-11 10:14:57,835:val Loss: 0.5602 Acc: 0.7299
2020-06-11 10:14:57,835:Epoch 9/49
2020-06-11 10:14:57,835:----------
2020-06-11 10:16:57,145:val Loss: 0.5692 Acc: 0.7299
2020-06-11 10:16:57,145:Epoch 9/49
2020-06-11 10:16:57,145:----------
2020-06-11 10:25:00,280:train Loss: 0.5641 Acc: 0.7298
2020-06-11 10:27:07,987:train Loss: 0.5716 Acc: 0.7298
2020-06-11 10:28:20,537:val Loss: 0.5585 Acc: 0.7299
2020-06-11 10:28:20,550:Epoch 10/49
2020-06-11 10:28:20,550:----------
2020-06-11 10:30:33,870:val Loss: 0.5682 Acc: 0.7299
2020-06-11 10:30:33,871:Epoch 10/49
2020-06-11 10:30:33,871:----------
2020-06-11 10:38:18,912:train Loss: 0.5625 Acc: 0.7298
2020-06-11 10:40:42,534:train Loss: 0.5707 Acc: 0.7298
2020-06-11 10:41:39,819:val Loss: 0.5570 Acc: 0.7299
2020-06-11 10:41:39,819:Epoch 11/49
2020-06-11 10:41:39,819:----------
2020-06-11 10:44:01,298:val Loss: 0.5670 Acc: 0.7299
2020-06-11 10:44:01,298:Epoch 11/49
2020-06-11 10:44:01,298:----------
2020-06-11 10:51:43,612:train Loss: 0.5612 Acc: 0.7298
2020-06-11 10:54:04,160:train Loss: 0.5698 Acc: 0.7298
2020-06-11 10:55:03,613:val Loss: 0.5551 Acc: 0.7299
2020-06-11 10:55:03,613:Epoch 12/49
2020-06-11 10:55:03,613:----------
2020-06-11 10:57:25,553:val Loss: 0.5657 Acc: 0.7299
2020-06-11 10:57:25,554:Epoch 12/49
2020-06-11 10:57:25,554:----------
2020-06-11 11:05:09,631:train Loss: 0.5596 Acc: 0.7298
2020-06-11 11:07:28,503:train Loss: 0.5682 Acc: 0.7298
2020-06-11 11:08:32,781:val Loss: 0.5534 Acc: 0.7299
2020-06-11 11:08:32,782:Epoch 13/49
2020-06-11 11:08:32,782:----------
2020-06-11 11:10:48,121:val Loss: 0.5644 Acc: 0.7299
2020-06-11 11:10:48,134:Epoch 13/49
2020-06-11 11:10:48,134:----------
2020-06-11 11:18:31,800:train Loss: 0.5576 Acc: 0.7298
2020-06-11 11:20:42,467:train Loss: 0.5673 Acc: 0.7298
2020-06-11 11:21:54,977:val Loss: 0.5510 Acc: 0.7299
2020-06-11 11:21:54,977:Epoch 14/49
2020-06-11 11:21:54,977:----------
2020-06-11 11:24:01,659:val Loss: 0.5631 Acc: 0.7299
2020-06-11 11:24:01,660:Epoch 14/49
2020-06-11 11:24:01,660:----------
2020-06-11 11:31:57,471:train Loss: 0.5564 Acc: 0.7298
2020-06-11 11:34:09,740:train Loss: 0.5663 Acc: 0.7298
2020-06-11 11:35:18,346:val Loss: 0.5508 Acc: 0.7299
2020-06-11 11:35:18,346:Epoch 15/49
2020-06-11 11:35:18,347:----------
2020-06-11 11:37:31,746:val Loss: 0.5629 Acc: 0.7299
2020-06-11 11:37:31,746:Epoch 15/49
2020-06-11 11:37:31,746:----------
2020-06-11 11:45:23,338:train Loss: 0.5558 Acc: 0.7298
2020-06-11 11:47:32,360:train Loss: 0.5663 Acc: 0.7298
2020-06-11 11:48:43,493:val Loss: 0.5506 Acc: 0.7299
2020-06-11 11:48:43,506:Epoch 16/49
2020-06-11 11:48:43,506:----------
2020-06-11 11:50:51,806:val Loss: 0.5628 Acc: 0.7299
2020-06-11 11:50:51,806:Epoch 16/49
2020-06-11 11:50:51,806:----------
2020-06-11 11:58:43,450:train Loss: 0.5561 Acc: 0.7298
2020-06-11 12:00:51,573:train Loss: 0.5662 Acc: 0.7298
2020-06-11 12:02:06,189:val Loss: 0.5504 Acc: 0.7299
2020-06-11 12:02:06,189:Epoch 17/49
2020-06-11 12:02:06,189:----------
2020-06-11 12:04:08,721:val Loss: 0.5626 Acc: 0.7299
2020-06-11 12:04:08,721:Epoch 17/49
2020-06-11 12:04:08,721:----------
2020-06-11 12:12:10,640:train Loss: 0.5563 Acc: 0.7298
2020-06-11 12:14:17,355:train Loss: 0.5659 Acc: 0.7298
2020-06-11 12:15:32,721:val Loss: 0.5502 Acc: 0.7299
2020-06-11 12:15:32,734:Epoch 18/49
2020-06-11 12:15:32,734:----------
2020-06-11 12:17:38,890:val Loss: 0.5625 Acc: 0.7299
2020-06-11 12:17:38,897:Epoch 18/49
2020-06-11 12:17:38,897:----------
2020-06-11 12:25:35,412:train Loss: 0.5557 Acc: 0.7298
2020-06-11 12:27:49,181:train Loss: 0.5659 Acc: 0.7298
2020-06-11 12:28:55,018:val Loss: 0.5500 Acc: 0.7299
2020-06-11 12:28:55,019:Epoch 19/49
2020-06-11 12:28:55,019:----------
2020-06-11 12:31:10,866:val Loss: 0.5623 Acc: 0.7299
2020-06-11 12:31:10,866:Epoch 19/49
2020-06-11 12:31:10,866:----------
2020-06-11 12:38:55,535:train Loss: 0.5560 Acc: 0.7298
2020-06-11 12:41:09,580:train Loss: 0.5656 Acc: 0.7298
2020-06-11 12:42:18,465:val Loss: 0.5498 Acc: 0.7299
2020-06-11 12:42:18,465:Epoch 20/49
2020-06-11 12:42:18,465:----------
2020-06-11 12:44:28,584:val Loss: 0.5622 Acc: 0.7299
2020-06-11 12:44:28,585:Epoch 20/49
2020-06-11 12:44:28,585:----------
2020-06-11 12:52:23,529:train Loss: 0.5554 Acc: 0.7298
2020-06-11 12:54:29,876:train Loss: 0.5656 Acc: 0.7298
2020-06-11 12:55:42,833:val Loss: 0.5496 Acc: 0.7299
2020-06-11 12:55:42,833:Epoch 21/49
2020-06-11 12:55:42,833:----------
2020-06-11 12:57:48,989:val Loss: 0.5620 Acc: 0.7299
2020-06-11 12:57:48,989:Epoch 21/49
2020-06-11 12:57:48,989:----------
2020-06-11 13:05:47,018:train Loss: 0.5551 Acc: 0.7298
2020-06-11 13:07:49,387:train Loss: 0.5654 Acc: 0.7298
2020-06-11 13:09:08,770:val Loss: 0.5495 Acc: 0.7299
2020-06-11 13:09:08,770:Epoch 22/49
2020-06-11 13:09:08,770:----------
2020-06-11 13:11:12,010:val Loss: 0.5620 Acc: 0.7299
2020-06-11 13:11:12,010:Epoch 22/49
2020-06-11 13:11:12,010:----------
2020-06-11 13:19:08,429:train Loss: 0.5552 Acc: 0.7298
2020-06-11 13:21:15,493:train Loss: 0.5656 Acc: 0.7298
2020-06-11 13:22:28,508:val Loss: 0.5495 Acc: 0.7299
2020-06-11 13:22:28,508:Epoch 23/49
2020-06-11 13:22:28,508:----------
2020-06-11 13:24:34,014:val Loss: 0.5620 Acc: 0.7299
2020-06-11 13:24:34,015:Epoch 23/49
2020-06-11 13:24:34,015:----------
2020-06-11 13:32:29,237:train Loss: 0.5549 Acc: 0.7298
2020-06-11 13:34:36,585:train Loss: 0.5657 Acc: 0.7298
2020-06-11 13:35:52,201:val Loss: 0.5495 Acc: 0.7299
2020-06-11 13:35:52,201:Epoch 24/49
2020-06-11 13:35:52,201:----------
2020-06-11 13:37:57,688:val Loss: 0.5620 Acc: 0.7299
2020-06-11 13:37:57,688:Epoch 24/49
2020-06-11 13:37:57,688:----------
2020-06-11 13:45:50,306:train Loss: 0.5549 Acc: 0.7298
2020-06-11 13:48:00,456:train Loss: 0.5654 Acc: 0.7298
2020-06-11 13:49:10,577:val Loss: 0.5495 Acc: 0.7299
2020-06-11 13:49:10,577:Epoch 25/49
2020-06-11 13:49:10,577:----------
2020-06-11 13:51:24,186:val Loss: 0.5620 Acc: 0.7299
2020-06-11 13:51:24,187:Epoch 25/49
2020-06-11 13:51:24,188:----------
2020-06-11 13:59:14,835:train Loss: 0.5552 Acc: 0.7298
2020-06-11 14:01:27,961:train Loss: 0.5653 Acc: 0.7298
2020-06-11 14:02:36,353:val Loss: 0.5495 Acc: 0.7299
2020-06-11 14:02:36,354:Epoch 26/49
2020-06-11 14:02:36,354:----------
2020-06-11 14:04:51,462:val Loss: 0.5619 Acc: 0.7299
2020-06-11 14:04:51,462:Epoch 26/49
2020-06-11 14:04:51,462:----------
2020-06-11 14:12:38,651:train Loss: 0.5549 Acc: 0.7298
2020-06-11 14:14:53,719:train Loss: 0.5656 Acc: 0.7298
2020-06-11 14:15:59,182:val Loss: 0.5494 Acc: 0.7299
2020-06-11 14:15:59,182:Epoch 27/49
2020-06-11 14:15:59,182:----------
2020-06-11 14:18:15,182:val Loss: 0.5619 Acc: 0.7299
2020-06-11 14:18:15,183:Epoch 27/49
2020-06-11 14:18:15,183:----------
2020-06-11 14:26:06,978:train Loss: 0.5551 Acc: 0.7298
2020-06-11 14:28:20,507:train Loss: 0.5655 Acc: 0.7298
2020-06-11 14:29:26,734:val Loss: 0.5494 Acc: 0.7299
2020-06-11 14:29:26,735:Epoch 28/49
2020-06-11 14:29:26,735:----------
2020-06-11 14:31:41,215:val Loss: 0.5619 Acc: 0.7299
2020-06-11 14:31:41,215:Epoch 28/49
2020-06-11 14:31:41,215:----------
2020-06-11 14:39:38,137:train Loss: 0.5547 Acc: 0.7298
2020-06-11 14:41:49,523:train Loss: 0.5655 Acc: 0.7298
2020-06-11 14:42:58,686:val Loss: 0.5494 Acc: 0.7299
2020-06-11 14:42:58,687:Epoch 29/49
2020-06-11 14:42:58,687:----------
2020-06-11 14:45:09,454:val Loss: 0.5619 Acc: 0.7299
2020-06-11 14:45:09,454:Epoch 29/49
2020-06-11 14:45:09,454:----------
2020-06-11 14:53:00,879:train Loss: 0.5551 Acc: 0.7298
2020-06-11 14:55:11,235:train Loss: 0.5660 Acc: 0.7298
2020-06-11 14:56:21,747:val Loss: 0.5494 Acc: 0.7299
2020-06-11 14:56:21,748:Epoch 30/49
2020-06-11 14:56:21,748:----------
2020-06-11 14:58:27,210:val Loss: 0.5619 Acc: 0.7299
2020-06-11 14:58:27,211:Epoch 30/49
2020-06-11 14:58:27,211:----------
2020-06-11 15:06:26,976:train Loss: 0.5545 Acc: 0.7298
2020-06-11 15:08:41,224:train Loss: 0.5655 Acc: 0.7298
2020-06-11 15:09:47,316:val Loss: 0.5494 Acc: 0.7299
2020-06-11 15:09:47,316:Epoch 31/49
2020-06-11 15:09:47,316:----------
2020-06-11 15:12:01,512:val Loss: 0.5619 Acc: 0.7299
2020-06-11 15:12:01,512:Epoch 31/49
2020-06-11 15:12:01,513:----------
2020-06-11 15:19:52,551:train Loss: 0.5549 Acc: 0.7298
2020-06-11 15:21:59,637:train Loss: 0.5654 Acc: 0.7298
2020-06-11 15:23:08,031:val Loss: 0.5494 Acc: 0.7299
2020-06-11 15:23:08,033:Epoch 32/49
2020-06-11 15:23:08,033:----------
2020-06-11 15:25:22,165:val Loss: 0.5619 Acc: 0.7299
2020-06-11 15:25:22,165:Epoch 32/49
2020-06-11 15:25:22,165:----------
2020-06-11 15:33:13,629:train Loss: 0.5549 Acc: 0.7298
2020-06-11 15:35:23,886:train Loss: 0.5654 Acc: 0.7298
2020-06-11 15:36:32,118:val Loss: 0.5494 Acc: 0.7299
2020-06-11 15:36:32,119:Epoch 33/49
2020-06-11 15:36:32,119:----------
2020-06-11 15:38:43,374:val Loss: 0.5619 Acc: 0.7299
2020-06-11 15:38:43,375:Epoch 33/49
2020-06-11 15:38:43,375:----------
2020-06-11 15:46:27,917:train Loss: 0.5554 Acc: 0.7298
2020-06-11 15:48:46,168:train Loss: 0.5659 Acc: 0.7298
2020-06-11 15:49:45,873:val Loss: 0.5494 Acc: 0.7299
2020-06-11 15:49:45,873:Epoch 34/49
2020-06-11 15:49:45,873:----------
2020-06-11 15:52:04,222:val Loss: 0.5619 Acc: 0.7299
2020-06-11 15:52:04,222:Epoch 34/49
2020-06-11 15:52:04,222:----------
2020-06-11 15:59:45,558:train Loss: 0.5550 Acc: 0.7298
2020-06-11 16:02:02,484:train Loss: 0.5660 Acc: 0.7298
2020-06-11 16:03:05,204:val Loss: 0.5494 Acc: 0.7299
2020-06-11 16:03:05,204:Epoch 35/49
2020-06-11 16:03:05,204:----------
2020-06-11 16:05:23,629:val Loss: 0.5619 Acc: 0.7299
2020-06-11 16:05:23,629:Epoch 35/49
2020-06-11 16:05:23,629:----------
2020-06-11 16:13:06,503:train Loss: 0.5553 Acc: 0.7298
2020-06-11 16:15:22,253:train Loss: 0.5654 Acc: 0.7298
2020-06-11 16:16:28,941:val Loss: 0.5494 Acc: 0.7299
2020-06-11 16:16:28,941:Epoch 36/49
2020-06-11 16:16:28,941:----------
2020-06-11 16:18:45,512:val Loss: 0.5619 Acc: 0.7299
2020-06-11 16:18:45,513:Epoch 36/49
2020-06-11 16:18:45,513:----------
2020-06-11 16:26:29,815:train Loss: 0.5549 Acc: 0.7298
2020-06-11 16:28:45,863:train Loss: 0.5658 Acc: 0.7298
2020-06-11 16:29:51,473:val Loss: 0.5494 Acc: 0.7299
2020-06-11 16:29:51,473:Epoch 37/49
2020-06-11 16:29:51,473:----------
2020-06-11 16:32:07,513:val Loss: 0.5619 Acc: 0.7299
2020-06-11 16:32:07,513:Epoch 37/49
2020-06-11 16:32:07,513:----------
2020-06-11 16:39:46,043:train Loss: 0.5551 Acc: 0.7298
2020-06-11 16:42:10,504:train Loss: 0.5655 Acc: 0.7298
2020-06-11 16:43:05,002:val Loss: 0.5494 Acc: 0.7299
2020-06-11 16:43:05,002:Epoch 38/49
2020-06-11 16:43:05,002:----------
2020-06-11 16:45:30,001:val Loss: 0.5619 Acc: 0.7299
2020-06-11 16:45:30,001:Epoch 38/49
2020-06-11 16:45:30,001:----------
2020-06-11 16:53:11,416:train Loss: 0.5552 Acc: 0.7298
2020-06-11 16:55:33,549:train Loss: 0.5655 Acc: 0.7298
2020-06-11 16:56:32,414:val Loss: 0.5494 Acc: 0.7299
2020-06-11 16:56:32,415:Epoch 39/49
2020-06-11 16:56:32,428:----------
2020-06-11 16:58:57,925:val Loss: 0.5619 Acc: 0.7299
2020-06-11 16:58:57,925:Epoch 39/49
2020-06-11 16:58:57,925:----------
2020-06-11 17:06:34,414:train Loss: 0.5551 Acc: 0.7298
2020-06-11 17:09:00,245:train Loss: 0.5655 Acc: 0.7298
2020-06-11 17:09:54,502:val Loss: 0.5494 Acc: 0.7299
2020-06-11 17:09:54,502:Epoch 40/49
2020-06-11 17:09:54,502:----------
2020-06-11 17:12:19,980:val Loss: 0.5619 Acc: 0.7299
2020-06-11 17:12:19,980:Epoch 40/49
2020-06-11 17:12:19,981:----------
2020-06-11 17:19:59,197:train Loss: 0.5544 Acc: 0.7298
2020-06-11 17:22:25,147:train Loss: 0.5655 Acc: 0.7298
2020-06-11 17:23:22,625:val Loss: 0.5494 Acc: 0.7299
2020-06-11 17:23:22,627:Epoch 41/49
2020-06-11 17:23:22,627:----------
2020-06-11 17:25:43,614:val Loss: 0.5619 Acc: 0.7299
2020-06-11 17:25:43,615:Epoch 41/49
2020-06-11 17:25:43,615:----------
2020-06-11 17:33:22,574:train Loss: 0.5548 Acc: 0.7298
2020-06-11 17:35:53,196:train Loss: 0.5656 Acc: 0.7298
2020-06-11 17:36:42,499:val Loss: 0.5494 Acc: 0.7299
2020-06-11 17:36:42,499:Epoch 42/49
2020-06-11 17:36:42,499:----------
2020-06-11 17:39:11,801:val Loss: 0.5619 Acc: 0.7299
2020-06-11 17:39:11,801:Epoch 42/49
2020-06-11 17:39:11,801:----------
2020-06-11 17:46:44,245:train Loss: 0.5550 Acc: 0.7298
2020-06-11 17:49:17,011:train Loss: 0.5653 Acc: 0.7298
2020-06-11 17:50:01,475:val Loss: 0.5494 Acc: 0.7299
2020-06-11 17:50:01,475:Epoch 43/49
2020-06-11 17:50:01,475:----------
2020-06-11 17:52:38,174:val Loss: 0.5619 Acc: 0.7299
2020-06-11 17:52:38,174:Epoch 43/49
2020-06-11 17:52:38,174:----------
2020-06-11 18:00:03,610:train Loss: 0.5547 Acc: 0.7298
2020-06-11 18:02:44,530:train Loss: 0.5654 Acc: 0.7298
2020-06-11 18:03:22,558:val Loss: 0.5494 Acc: 0.7299
2020-06-11 18:03:22,559:Epoch 44/49
2020-06-11 18:03:22,559:----------
2020-06-11 18:06:05,403:val Loss: 0.5619 Acc: 0.7299
2020-06-11 18:06:05,403:Epoch 44/49
2020-06-11 18:06:05,403:----------
2020-06-11 18:13:25,111:train Loss: 0.5548 Acc: 0.7298
2020-06-11 18:16:09,426:train Loss: 0.5658 Acc: 0.7298
2020-06-11 18:16:45,815:val Loss: 0.5494 Acc: 0.7299
2020-06-11 18:16:45,827:Epoch 45/49
2020-06-11 18:16:45,827:----------
2020-06-11 18:19:27,732:val Loss: 0.5619 Acc: 0.7299
2020-06-11 18:19:27,732:Epoch 45/49
2020-06-11 18:19:27,732:----------
2020-06-11 18:26:39,170:train Loss: 0.5550 Acc: 0.7298
2020-06-11 18:29:30,094:train Loss: 0.5656 Acc: 0.7298
2020-06-11 18:29:56,978:val Loss: 0.5494 Acc: 0.7299
2020-06-11 18:29:56,978:Epoch 46/49
2020-06-11 18:29:56,979:----------
2020-06-11 18:32:50,794:val Loss: 0.5619 Acc: 0.7299
2020-06-11 18:32:50,794:Epoch 46/49
2020-06-11 18:32:50,794:----------
2020-06-11 18:39:58,981:train Loss: 0.5552 Acc: 0.7298
2020-06-11 18:42:57,031:train Loss: 0.5654 Acc: 0.7298
2020-06-11 18:43:19,017:val Loss: 0.5494 Acc: 0.7299
2020-06-11 18:43:19,017:Epoch 47/49
2020-06-11 18:43:19,017:----------
2020-06-11 18:46:16,146:val Loss: 0.5619 Acc: 0.7299
2020-06-11 18:46:16,146:Epoch 47/49
2020-06-11 18:46:16,146:----------
2020-06-11 18:53:18,982:train Loss: 0.5551 Acc: 0.7298
2020-06-11 18:56:17,883:train Loss: 0.5654 Acc: 0.7298
2020-06-11 18:56:39,279:val Loss: 0.5494 Acc: 0.7299
2020-06-11 18:56:39,279:Epoch 48/49
2020-06-11 18:56:39,279:----------
2020-06-11 18:59:36,366:val Loss: 0.5619 Acc: 0.7299
2020-06-11 18:59:36,366:Epoch 48/49
2020-06-11 18:59:36,366:----------
2020-06-11 19:06:41,500:train Loss: 0.5549 Acc: 0.7298
2020-06-11 19:09:39,933:train Loss: 0.5653 Acc: 0.7298
2020-06-11 19:10:00,706:val Loss: 0.5494 Acc: 0.7299
2020-06-11 19:10:00,707:Epoch 49/49
2020-06-11 19:10:00,707:----------
2020-06-11 19:13:02,349:val Loss: 0.5619 Acc: 0.7299
2020-06-11 19:13:02,349:Epoch 49/49
2020-06-11 19:13:02,349:----------
2020-06-11 19:20:00,999:train Loss: 0.5547 Acc: 0.7298
2020-06-11 19:23:01,343:train Loss: 0.5653 Acc: 0.7298
2020-06-11 19:23:22,005:val Loss: 0.5494 Acc: 0.7299
2020-06-11 19:23:22,303:Training complete in 667m 16s
2020-06-11 19:23:22,304:Best val Acc: 0.729915
2020-06-11 19:26:06,586:val Loss: 0.5619 Acc: 0.7299
2020-06-11 19:26:06,813:Training complete in 668m 32s
2020-06-11 19:26:06,813:Best val Acc: 0.729915
2020-06-11 19:26:48,346:Test accuracy = 72.91311754684838
2020-06-11 19:27:06,191:Test accuracy = 72.91311754684838
