2020-06-11 08:17:12,318:cuda:0
2020-06-11 08:17:12,318:AlexNet architecure chosen, DCN is True
2020-06-11 22:30:44,294:cuda:0
2020-06-11 22:30:44,294:AlexNet architecure chosen, DCN is True
2020-06-11 22:30:46,597:Epoch 0/49
2020-06-11 22:30:46,597:----------
2020-06-11 22:32:10,384:train Loss: 0.6636 Acc: 0.7289
2020-06-11 22:32:37,105:val Loss: 0.6313 Acc: 0.7299
2020-06-11 22:32:37,107:Epoch 1/49
2020-06-11 22:32:37,107:----------
2020-06-11 22:34:00,699:train Loss: 0.6091 Acc: 0.7298
2020-06-11 22:34:27,821:val Loss: 0.5959 Acc: 0.7299
2020-06-11 22:34:27,821:Epoch 2/49
2020-06-11 22:34:27,821:----------
2020-06-11 22:35:51,497:train Loss: 0.5960 Acc: 0.7298
2020-06-11 22:36:18,263:val Loss: 0.5916 Acc: 0.7299
2020-06-11 22:36:18,263:Epoch 3/49
2020-06-11 22:36:18,263:----------
2020-06-11 22:37:41,892:train Loss: 0.5921 Acc: 0.7298
2020-06-11 22:38:08,636:val Loss: 0.5874 Acc: 0.7299
2020-06-11 22:38:08,636:Epoch 4/49
2020-06-11 22:38:08,636:----------
2020-06-11 22:39:32,279:train Loss: 0.5882 Acc: 0.7298
2020-06-11 22:39:59,032:val Loss: 0.5832 Acc: 0.7299
2020-06-11 22:39:59,032:Epoch 5/49
2020-06-11 22:39:59,032:----------
2020-06-11 22:41:22,870:train Loss: 0.5835 Acc: 0.7298
2020-06-11 22:41:49,536:val Loss: 0.5785 Acc: 0.7299
2020-06-11 22:41:49,536:Epoch 6/49
2020-06-11 22:41:49,536:----------
2020-06-11 22:43:13,248:train Loss: 0.5781 Acc: 0.7298
2020-06-11 22:43:39,952:val Loss: 0.5712 Acc: 0.7299
2020-06-11 22:43:39,952:Epoch 7/49
2020-06-11 22:43:39,952:----------
2020-06-11 22:45:03,593:train Loss: 0.5740 Acc: 0.7298
2020-06-11 22:45:30,287:val Loss: 0.5703 Acc: 0.7299
2020-06-11 22:45:30,287:Epoch 8/49
2020-06-11 22:45:30,287:----------
2020-06-11 22:46:54,009:train Loss: 0.5734 Acc: 0.7298
2020-06-11 22:47:20,704:val Loss: 0.5693 Acc: 0.7299
2020-06-11 22:47:20,704:Epoch 9/49
2020-06-11 22:47:20,704:----------
2020-06-11 22:48:44,335:train Loss: 0.5720 Acc: 0.7298
2020-06-11 22:49:11,072:val Loss: 0.5683 Acc: 0.7299
2020-06-11 22:49:11,072:Epoch 10/49
2020-06-11 22:49:11,073:----------
2020-06-11 22:50:34,703:train Loss: 0.5714 Acc: 0.7298
2020-06-11 22:51:01,414:val Loss: 0.5672 Acc: 0.7299
2020-06-11 22:51:01,414:Epoch 11/49
2020-06-11 22:51:01,414:----------
2020-06-11 22:52:25,082:train Loss: 0.5702 Acc: 0.7298
2020-06-11 22:52:51,791:val Loss: 0.5662 Acc: 0.7299
2020-06-11 22:52:51,791:Epoch 12/49
2020-06-11 22:52:51,792:----------
2020-06-11 22:54:15,457:train Loss: 0.5696 Acc: 0.7298
2020-06-11 22:54:42,177:val Loss: 0.5650 Acc: 0.7299
2020-06-11 22:54:42,177:Epoch 13/49
2020-06-11 22:54:42,177:----------
2020-06-11 22:56:05,924:train Loss: 0.5679 Acc: 0.7298
2020-06-11 22:56:32,642:val Loss: 0.5636 Acc: 0.7299
2020-06-11 22:56:32,642:Epoch 14/49
2020-06-11 22:56:32,642:----------
2020-06-11 22:57:56,301:train Loss: 0.5674 Acc: 0.7298
2020-06-11 22:58:23,001:val Loss: 0.5635 Acc: 0.7299
2020-06-11 22:58:23,002:Epoch 15/49
2020-06-11 22:58:23,003:----------
2020-06-11 22:59:46,817:train Loss: 0.5673 Acc: 0.7298
2020-06-11 23:00:13,477:val Loss: 0.5633 Acc: 0.7299
2020-06-11 23:00:13,478:Epoch 16/49
2020-06-11 23:00:13,478:----------
2020-06-11 23:01:37,120:train Loss: 0.5673 Acc: 0.7298
2020-06-11 23:02:03,826:val Loss: 0.5632 Acc: 0.7299
2020-06-11 23:02:03,827:Epoch 17/49
2020-06-11 23:02:03,827:----------
2020-06-11 23:03:27,459:train Loss: 0.5669 Acc: 0.7298
2020-06-11 23:03:54,193:val Loss: 0.5631 Acc: 0.7299
2020-06-11 23:03:54,193:Epoch 18/49
2020-06-11 23:03:54,193:----------
2020-06-11 23:05:18,417:train Loss: 0.5670 Acc: 0.7298
2020-06-11 23:05:45,226:val Loss: 0.5629 Acc: 0.7299
2020-06-11 23:05:45,226:Epoch 19/49
2020-06-11 23:05:45,226:----------
2020-06-11 23:07:08,968:train Loss: 0.5668 Acc: 0.7298
2020-06-11 23:07:35,755:val Loss: 0.5628 Acc: 0.7299
2020-06-11 23:07:35,755:Epoch 20/49
2020-06-11 23:07:35,755:----------
2020-06-11 23:08:59,414:train Loss: 0.5668 Acc: 0.7298
2020-06-11 23:09:26,115:val Loss: 0.5626 Acc: 0.7299
2020-06-11 23:09:26,115:Epoch 21/49
2020-06-11 23:09:26,115:----------
2020-06-11 23:10:49,720:train Loss: 0.5665 Acc: 0.7298
2020-06-11 23:11:16,419:val Loss: 0.5626 Acc: 0.7299
2020-06-11 23:11:16,419:Epoch 22/49
2020-06-11 23:11:16,419:----------
2020-06-11 23:12:40,049:train Loss: 0.5668 Acc: 0.7298
2020-06-11 23:13:06,780:val Loss: 0.5626 Acc: 0.7299
2020-06-11 23:13:06,780:Epoch 23/49
2020-06-11 23:13:06,780:----------
2020-06-11 23:14:30,478:train Loss: 0.5666 Acc: 0.7298
2020-06-11 23:14:57,167:val Loss: 0.5626 Acc: 0.7299
2020-06-11 23:14:57,167:Epoch 24/49
2020-06-11 23:14:57,167:----------
2020-06-11 23:16:20,875:train Loss: 0.5667 Acc: 0.7298
2020-06-11 23:16:47,597:val Loss: 0.5626 Acc: 0.7299
2020-06-11 23:16:47,597:Epoch 25/49
2020-06-11 23:16:47,597:----------
2020-06-11 23:18:11,288:train Loss: 0.5663 Acc: 0.7298
2020-06-11 23:18:38,072:val Loss: 0.5626 Acc: 0.7299
2020-06-11 23:18:38,072:Epoch 26/49
2020-06-11 23:18:38,072:----------
2020-06-11 23:20:01,634:train Loss: 0.5672 Acc: 0.7298
2020-06-11 23:20:28,290:val Loss: 0.5626 Acc: 0.7299
2020-06-11 23:20:28,291:Epoch 27/49
2020-06-11 23:20:28,291:----------
2020-06-11 23:21:51,878:train Loss: 0.5667 Acc: 0.7298
2020-06-11 23:22:18,599:val Loss: 0.5625 Acc: 0.7299
2020-06-11 23:22:18,599:Epoch 28/49
2020-06-11 23:22:18,599:----------
2020-06-11 23:23:42,187:train Loss: 0.5665 Acc: 0.7298
2020-06-11 23:24:08,876:val Loss: 0.5625 Acc: 0.7299
2020-06-11 23:24:08,876:Epoch 29/49
2020-06-11 23:24:08,876:----------
2020-06-11 23:25:32,530:train Loss: 0.5662 Acc: 0.7298
2020-06-11 23:25:59,239:val Loss: 0.5625 Acc: 0.7299
2020-06-11 23:25:59,239:Epoch 30/49
2020-06-11 23:25:59,240:----------
2020-06-11 23:27:22,776:train Loss: 0.5663 Acc: 0.7298
2020-06-11 23:27:49,512:val Loss: 0.5625 Acc: 0.7299
2020-06-11 23:27:49,512:Epoch 31/49
2020-06-11 23:27:49,512:----------
2020-06-11 23:29:13,177:train Loss: 0.5665 Acc: 0.7298
2020-06-11 23:29:39,899:val Loss: 0.5625 Acc: 0.7299
2020-06-11 23:29:39,899:Epoch 32/49
2020-06-11 23:29:39,899:----------
2020-06-11 23:31:03,306:train Loss: 0.5666 Acc: 0.7298
2020-06-11 23:31:29,993:val Loss: 0.5625 Acc: 0.7299
2020-06-11 23:31:29,993:Epoch 33/49
2020-06-11 23:31:29,993:----------
2020-06-11 23:32:53,622:train Loss: 0.5665 Acc: 0.7298
2020-06-11 23:33:20,333:val Loss: 0.5625 Acc: 0.7299
2020-06-11 23:33:20,334:Epoch 34/49
2020-06-11 23:33:20,334:----------
2020-06-11 23:34:43,978:train Loss: 0.5666 Acc: 0.7298
2020-06-11 23:35:11,092:val Loss: 0.5625 Acc: 0.7299
2020-06-11 23:35:11,092:Epoch 35/49
2020-06-11 23:35:11,092:----------
2020-06-11 23:36:34,711:train Loss: 0.5666 Acc: 0.7298
2020-06-11 23:37:01,460:val Loss: 0.5625 Acc: 0.7299
2020-06-11 23:37:01,460:Epoch 36/49
2020-06-11 23:37:01,460:----------
2020-06-11 23:38:24,995:train Loss: 0.5663 Acc: 0.7298
2020-06-11 23:38:51,677:val Loss: 0.5625 Acc: 0.7299
2020-06-11 23:38:51,677:Epoch 37/49
2020-06-11 23:38:51,677:----------
2020-06-11 23:40:15,281:train Loss: 0.5662 Acc: 0.7298
2020-06-11 23:40:41,949:val Loss: 0.5625 Acc: 0.7299
2020-06-11 23:40:41,949:Epoch 38/49
2020-06-11 23:40:41,949:----------
2020-06-11 23:42:05,664:train Loss: 0.5663 Acc: 0.7298
2020-06-11 23:42:32,331:val Loss: 0.5625 Acc: 0.7299
2020-06-11 23:42:32,331:Epoch 39/49
2020-06-11 23:42:32,331:----------
2020-06-11 23:43:56,024:train Loss: 0.5664 Acc: 0.7298
2020-06-11 23:44:22,753:val Loss: 0.5625 Acc: 0.7299
2020-06-11 23:44:22,753:Epoch 40/49
2020-06-11 23:44:22,755:----------
2020-06-11 23:45:46,460:train Loss: 0.5664 Acc: 0.7298
2020-06-11 23:46:13,152:val Loss: 0.5625 Acc: 0.7299
2020-06-11 23:46:13,152:Epoch 41/49
2020-06-11 23:46:13,152:----------
2020-06-11 23:47:36,902:train Loss: 0.5667 Acc: 0.7298
2020-06-11 23:48:03,519:val Loss: 0.5625 Acc: 0.7299
2020-06-11 23:48:03,520:Epoch 42/49
2020-06-11 23:48:03,520:----------
2020-06-11 23:49:27,144:train Loss: 0.5664 Acc: 0.7298
2020-06-11 23:49:53,787:val Loss: 0.5625 Acc: 0.7299
2020-06-11 23:49:53,787:Epoch 43/49
2020-06-11 23:49:53,787:----------
2020-06-11 23:51:17,591:train Loss: 0.5666 Acc: 0.7298
2020-06-11 23:51:44,279:val Loss: 0.5625 Acc: 0.7299
2020-06-11 23:51:44,279:Epoch 44/49
2020-06-11 23:51:44,279:----------
2020-06-11 23:53:07,842:train Loss: 0.5671 Acc: 0.7298
2020-06-11 23:53:34,551:val Loss: 0.5625 Acc: 0.7299
2020-06-11 23:53:34,551:Epoch 45/49
2020-06-11 23:53:34,551:----------
2020-06-11 23:54:58,227:train Loss: 0.5665 Acc: 0.7298
2020-06-11 23:55:24,902:val Loss: 0.5625 Acc: 0.7299
2020-06-11 23:55:24,902:Epoch 46/49
2020-06-11 23:55:24,902:----------
2020-06-11 23:56:48,391:train Loss: 0.5666 Acc: 0.7298
2020-06-11 23:57:15,100:val Loss: 0.5625 Acc: 0.7299
2020-06-11 23:57:15,100:Epoch 47/49
2020-06-11 23:57:15,100:----------
2020-06-11 23:58:38,793:train Loss: 0.5666 Acc: 0.7298
2020-06-11 23:59:05,539:val Loss: 0.5625 Acc: 0.7299
2020-06-11 23:59:05,540:Epoch 48/49
2020-06-11 23:59:05,540:----------
2020-06-12 00:00:29,189:train Loss: 0.5661 Acc: 0.7298
2020-06-12 00:00:55,921:val Loss: 0.5625 Acc: 0.7299
2020-06-12 00:00:55,921:Epoch 49/49
2020-06-12 00:00:55,921:----------
2020-06-12 00:02:19,526:train Loss: 0.5665 Acc: 0.7298
2020-06-12 00:02:46,214:val Loss: 0.5625 Acc: 0.7299
2020-06-12 00:02:46,387:Training complete in 91m 60s
2020-06-12 00:02:46,387:Best val Acc: 0.729915
2020-06-12 00:03:12,704:Test accuracy = 72.91311754684838
