2020-05-22 11:13:47,845:cuda:0
2020-05-22 11:14:37,415:Epoch 0/24
2020-05-22 11:14:37,416:----------
2020-05-22 11:20:35,029:train Loss: 0.6649 Acc: 0.7198
2020-05-22 11:22:27,375:val Loss: 0.6336 Acc: 0.7299
2020-05-22 11:22:27,416:Epoch 1/24
2020-05-22 11:22:27,416:----------
2020-05-22 11:23:51,190:train Loss: 0.6140 Acc: 0.7298
2020-05-22 11:24:18,599:val Loss: 0.5982 Acc: 0.7299
2020-05-22 11:24:18,629:Epoch 2/24
2020-05-22 11:24:18,629:----------
2020-05-22 11:25:42,599:train Loss: 0.5944 Acc: 0.7298
2020-05-22 11:26:09,882:val Loss: 0.5904 Acc: 0.7299
2020-05-22 11:26:09,882:Epoch 3/24
2020-05-22 11:26:09,882:----------
2020-05-22 11:27:33,566:train Loss: 0.5898 Acc: 0.7298
2020-05-22 11:28:00,824:val Loss: 0.5868 Acc: 0.7299
2020-05-22 11:28:00,824:Epoch 4/24
2020-05-22 11:28:00,824:----------
2020-05-22 11:29:24,461:train Loss: 0.5867 Acc: 0.7298
2020-05-22 11:29:51,805:val Loss: 0.5835 Acc: 0.7299
2020-05-22 11:29:51,805:Epoch 5/24
2020-05-22 11:29:51,805:----------
2020-05-22 11:31:15,539:train Loss: 0.5824 Acc: 0.7298
2020-05-22 11:31:42,900:val Loss: 0.5784 Acc: 0.7299
2020-05-22 11:31:42,900:Epoch 6/24
2020-05-22 11:31:42,900:----------
2020-05-22 11:33:06,383:train Loss: 0.5768 Acc: 0.7298
2020-05-22 11:34:04,872:val Loss: 0.5710 Acc: 0.7299
2020-05-22 11:34:04,872:Epoch 7/24
2020-05-22 11:34:04,872:----------
2020-05-22 11:36:19,028:train Loss: 0.5736 Acc: 0.7298
2020-05-22 11:36:46,218:val Loss: 0.5701 Acc: 0.7299
2020-05-22 11:36:46,219:Epoch 8/24
2020-05-22 11:36:46,219:----------
2020-05-22 11:38:09,657:train Loss: 0.5725 Acc: 0.7298
2020-05-22 11:38:36,785:val Loss: 0.5691 Acc: 0.7299
2020-05-22 11:38:36,785:Epoch 9/24
2020-05-22 11:38:36,787:----------
2020-05-22 11:39:59,999:train Loss: 0.5715 Acc: 0.7298
2020-05-22 11:40:27,128:val Loss: 0.5681 Acc: 0.7299
2020-05-22 11:40:27,128:Epoch 10/24
2020-05-22 11:40:27,128:----------
2020-05-22 11:41:50,352:train Loss: 0.5706 Acc: 0.7298
2020-05-22 11:42:17,559:val Loss: 0.5669 Acc: 0.7299
2020-05-22 11:42:17,560:Epoch 11/24
2020-05-22 11:42:17,560:----------
2020-05-22 11:43:40,736:train Loss: 0.5695 Acc: 0.7298
2020-05-22 11:44:07,854:val Loss: 0.5658 Acc: 0.7299
2020-05-22 11:44:07,854:Epoch 12/24
2020-05-22 11:44:07,854:----------
2020-05-22 11:45:30,998:train Loss: 0.5687 Acc: 0.7298
2020-05-22 11:45:58,143:val Loss: 0.5644 Acc: 0.7299
2020-05-22 11:45:58,143:Epoch 13/24
2020-05-22 11:45:58,143:----------
2020-05-22 11:47:21,321:train Loss: 0.5672 Acc: 0.7298
2020-05-22 11:47:48,440:val Loss: 0.5631 Acc: 0.7299
2020-05-22 11:47:48,440:Epoch 14/24
2020-05-22 11:47:48,440:----------
2020-05-22 11:49:11,555:train Loss: 0.5665 Acc: 0.7298
2020-05-22 11:49:38,727:val Loss: 0.5629 Acc: 0.7299
2020-05-22 11:49:38,727:Epoch 15/24
2020-05-22 11:49:38,728:----------
2020-05-22 11:51:02,077:train Loss: 0.5670 Acc: 0.7298
2020-05-22 11:51:29,253:val Loss: 0.5628 Acc: 0.7299
2020-05-22 11:51:29,254:Epoch 16/24
2020-05-22 11:51:29,254:----------
2020-05-22 11:52:52,426:train Loss: 0.5665 Acc: 0.7298
2020-05-22 11:53:19,582:val Loss: 0.5626 Acc: 0.7299
2020-05-22 11:53:19,583:Epoch 17/24
2020-05-22 11:53:19,583:----------
2020-05-22 11:54:42,773:train Loss: 0.5662 Acc: 0.7298
2020-05-22 11:55:09,894:val Loss: 0.5625 Acc: 0.7299
2020-05-22 11:55:09,894:Epoch 18/24
2020-05-22 11:55:09,895:----------
2020-05-22 11:56:33,044:train Loss: 0.5661 Acc: 0.7298
2020-05-22 11:57:00,229:val Loss: 0.5623 Acc: 0.7299
2020-05-22 11:57:00,229:Epoch 19/24
2020-05-22 11:57:00,229:----------
2020-05-22 11:58:23,352:train Loss: 0.5656 Acc: 0.7298
2020-05-22 11:58:50,528:val Loss: 0.5622 Acc: 0.7299
2020-05-22 11:58:50,528:Epoch 20/24
2020-05-22 11:58:50,528:----------
2020-05-22 12:00:13,654:train Loss: 0.5659 Acc: 0.7298
2020-05-22 12:00:40,812:val Loss: 0.5620 Acc: 0.7299
2020-05-22 12:00:40,812:Epoch 21/24
2020-05-22 12:00:40,813:----------
2020-05-22 12:02:04,093:train Loss: 0.5659 Acc: 0.7298
2020-05-22 12:02:31,254:val Loss: 0.5620 Acc: 0.7299
2020-05-22 12:02:31,254:Epoch 22/24
2020-05-22 12:02:31,254:----------
2020-05-22 12:03:54,379:train Loss: 0.5657 Acc: 0.7298
2020-05-22 12:04:21,556:val Loss: 0.5620 Acc: 0.7299
2020-05-22 12:04:21,557:Epoch 23/24
2020-05-22 12:04:21,557:----------
2020-05-22 12:05:44,711:train Loss: 0.5659 Acc: 0.7298
2020-05-22 12:06:11,821:val Loss: 0.5620 Acc: 0.7299
2020-05-22 12:06:11,822:Epoch 24/24
2020-05-22 12:06:11,822:----------
2020-05-22 12:07:34,926:train Loss: 0.5655 Acc: 0.7298
2020-05-22 12:08:02,125:val Loss: 0.5620 Acc: 0.7299
2020-05-22 13:38:53,134:Training complete in 144m 16s
2020-05-22 13:38:53,139:Best val Acc: 0.729915
2020-05-22 13:39:30,942:Test accuracy = 72.91311754684838
