2020-06-12 08:45:23,971:cuda:0
2020-06-12 08:45:23,972:AlexNet architecure chosen, DCN is True
2020-06-12 08:45:26,512:Epoch 0/24
2020-06-12 08:45:26,512:----------
2020-06-12 08:45:32,332:train Loss: 0.6932 Acc: 0.5250
2020-06-12 08:45:35,798:val Loss: 0.6932 Acc: 0.5000
2020-06-12 08:45:35,800:Epoch 1/24
2020-06-12 08:45:35,800:----------
2020-06-12 08:45:38,961:train Loss: 0.6934 Acc: 0.3750
2020-06-12 08:45:42,537:val Loss: 0.6932 Acc: 0.5000
2020-06-12 08:45:42,537:Epoch 2/24
2020-06-12 08:45:42,537:----------
2020-06-12 08:45:47,567:train Loss: 0.6924 Acc: 0.6000
2020-06-12 08:45:50,019:val Loss: 0.6932 Acc: 0.5000
2020-06-12 08:45:50,019:Epoch 3/24
2020-06-12 08:45:50,019:----------
2020-06-12 08:45:51,508:train Loss: 0.6926 Acc: 0.6000
2020-06-12 08:45:52,352:val Loss: 0.6931 Acc: 0.5000
2020-06-12 08:45:52,352:Epoch 4/24
2020-06-12 08:45:52,352:----------
2020-06-12 08:45:53,808:train Loss: 0.6927 Acc: 0.5000
2020-06-12 08:45:54,635:val Loss: 0.6931 Acc: 0.4286
2020-06-12 08:45:54,635:Epoch 5/24
2020-06-12 08:45:54,635:----------
2020-06-12 08:45:56,057:train Loss: 0.6929 Acc: 0.5750
2020-06-12 08:45:56,880:val Loss: 0.6931 Acc: 0.5000
2020-06-12 08:45:56,880:Epoch 6/24
2020-06-12 08:45:56,880:----------
2020-06-12 08:45:58,240:train Loss: 0.6926 Acc: 0.5500
2020-06-12 08:45:59,040:val Loss: 0.6931 Acc: 0.5000
2020-06-12 08:45:59,040:Epoch 7/24
2020-06-12 08:45:59,040:----------
2020-06-12 08:46:00,583:train Loss: 0.6922 Acc: 0.7500
2020-06-12 08:46:01,494:val Loss: 0.6931 Acc: 0.5000
2020-06-12 08:46:01,494:Epoch 8/24
2020-06-12 08:46:01,494:----------
2020-06-12 08:46:02,928:train Loss: 0.6922 Acc: 0.6000
2020-06-12 08:46:04,742:val Loss: 0.6931 Acc: 0.5000
2020-06-12 08:46:04,742:Epoch 9/24
2020-06-12 08:46:04,742:----------
2020-06-12 08:46:10,533:train Loss: 0.6929 Acc: 0.6750
2020-06-12 08:46:14,469:val Loss: 0.6931 Acc: 0.5000
2020-06-12 08:46:14,469:Epoch 10/24
2020-06-12 08:46:14,469:----------
2020-06-12 08:46:20,028:train Loss: 0.6926 Acc: 0.6000
2020-06-12 08:46:23,406:val Loss: 0.6931 Acc: 0.5000
2020-06-12 08:46:23,406:Epoch 11/24
2020-06-12 08:46:23,407:----------
2020-06-12 08:46:28,950:train Loss: 0.6923 Acc: 0.6500
2020-06-12 08:46:32,606:val Loss: 0.6931 Acc: 0.5000
2020-06-12 08:46:32,606:Epoch 12/24
2020-06-12 08:46:32,606:----------
2020-06-12 08:46:35,123:train Loss: 0.6926 Acc: 0.6500
2020-06-12 08:46:35,917:val Loss: 0.6931 Acc: 0.5000
2020-06-12 08:46:35,917:Epoch 13/24
2020-06-12 08:46:35,917:----------
2020-06-12 08:46:37,278:train Loss: 0.6927 Acc: 0.6000
2020-06-12 08:46:38,066:val Loss: 0.6931 Acc: 0.5000
2020-06-12 08:46:38,066:Epoch 14/24
2020-06-12 08:46:38,066:----------
2020-06-12 08:46:39,425:train Loss: 0.6927 Acc: 0.5750
2020-06-12 08:46:40,217:val Loss: 0.6931 Acc: 0.5000
2020-06-12 08:46:40,217:Epoch 15/24
2020-06-12 08:46:40,217:----------
2020-06-12 08:46:41,575:train Loss: 0.6927 Acc: 0.7000
2020-06-12 08:46:42,417:val Loss: 0.6931 Acc: 0.5000
2020-06-12 08:46:42,417:Epoch 16/24
2020-06-12 08:46:42,417:----------
2020-06-12 08:46:43,868:train Loss: 0.6931 Acc: 0.5500
2020-06-12 08:46:47,074:val Loss: 0.6931 Acc: 0.5000
2020-06-12 08:46:47,075:Epoch 17/24
2020-06-12 08:46:47,075:----------
2020-06-12 08:46:52,372:train Loss: 0.6930 Acc: 0.5250
2020-06-12 08:46:54,994:val Loss: 0.6931 Acc: 0.5000
2020-06-12 08:46:54,994:Epoch 18/24
2020-06-12 08:46:54,994:----------
2020-06-12 08:46:56,421:train Loss: 0.6921 Acc: 0.6750
2020-06-12 08:46:57,209:val Loss: 0.6931 Acc: 0.5000
2020-06-12 08:46:57,209:Epoch 19/24
2020-06-12 08:46:57,209:----------
2020-06-12 08:46:58,613:train Loss: 0.6922 Acc: 0.7750
2020-06-12 08:47:01,897:val Loss: 0.6931 Acc: 0.5000
2020-06-12 08:47:01,897:Epoch 20/24
2020-06-12 08:47:01,897:----------
2020-06-12 08:47:07,378:train Loss: 0.6925 Acc: 0.6250
2020-06-12 08:47:09,808:val Loss: 0.6931 Acc: 0.5000
2020-06-12 08:47:09,808:Epoch 21/24
2020-06-12 08:47:09,808:----------
2020-06-12 08:47:11,191:train Loss: 0.6921 Acc: 0.6750
2020-06-12 08:47:11,978:val Loss: 0.6931 Acc: 0.5000
2020-06-12 08:47:11,978:Epoch 22/24
2020-06-12 08:47:11,978:----------
2020-06-12 08:47:13,354:train Loss: 0.6926 Acc: 0.6500
2020-06-12 08:47:14,146:val Loss: 0.6931 Acc: 0.5000
2020-06-12 08:47:14,147:Epoch 23/24
2020-06-12 08:47:14,147:----------
2020-06-12 08:47:15,574:train Loss: 0.6927 Acc: 0.6250
2020-06-12 08:47:16,367:val Loss: 0.6931 Acc: 0.5000
2020-06-12 08:47:16,367:Epoch 24/24
2020-06-12 08:47:16,367:----------
2020-06-12 08:47:17,726:train Loss: 0.6927 Acc: 0.6000
2020-06-12 08:47:18,517:val Loss: 0.6931 Acc: 0.5000
2020-06-12 08:47:18,689:Training complete in 1m 52s
2020-06-12 08:47:18,689:Best val Acc: 0.500000
2020-06-12 08:47:19,341:Test accuracy = 50.0
