2020-06-09 14:34:40,354:cuda:0
2020-06-09 14:34:40,354:AlexNet architecure chosen, DCN is True
2020-06-09 14:34:42,641:Epoch 0/49
2020-06-09 14:34:42,641:----------
2020-06-09 14:40:39,062:train Loss: 0.5493 Acc: 0.7641
2020-06-09 14:41:55,949:val Loss: 0.5153 Acc: 0.7752
2020-06-09 14:41:55,950:Epoch 1/49
2020-06-09 14:41:55,950:----------
2020-06-09 14:47:51,623:train Loss: 0.5102 Acc: 0.7747
2020-06-09 14:49:08,536:val Loss: 0.4952 Acc: 0.7752
2020-06-09 14:49:08,537:Epoch 2/49
2020-06-09 14:49:08,537:----------
2020-06-09 14:55:04,366:train Loss: 0.4822 Acc: 0.7747
2020-06-09 14:56:21,271:val Loss: 0.4536 Acc: 0.7752
2020-06-09 14:56:21,272:Epoch 3/49
2020-06-09 14:56:21,272:----------
2020-06-09 15:02:17,065:train Loss: 0.4483 Acc: 0.7764
2020-06-09 15:03:33,908:val Loss: 0.4266 Acc: 0.7998
2020-06-09 15:03:33,909:Epoch 4/49
2020-06-09 15:03:33,909:----------
2020-06-09 15:09:30,007:train Loss: 0.4356 Acc: 0.7978
2020-06-09 15:10:46,783:val Loss: 0.4180 Acc: 0.8048
2020-06-09 15:10:46,784:Epoch 5/49
2020-06-09 15:10:46,784:----------
2020-06-09 15:16:42,413:train Loss: 0.4302 Acc: 0.8041
2020-06-09 15:17:59,237:val Loss: 0.4153 Acc: 0.8057
2020-06-09 15:17:59,238:Epoch 6/49
2020-06-09 15:17:59,238:----------
2020-06-09 15:23:54,806:train Loss: 0.4272 Acc: 0.8062
2020-06-09 15:25:11,714:val Loss: 0.4130 Acc: 0.8060
2020-06-09 15:25:11,715:Epoch 7/49
2020-06-09 15:25:11,715:----------
2020-06-09 15:31:07,419:train Loss: 0.4233 Acc: 0.8082
2020-06-09 15:32:24,222:val Loss: 0.4117 Acc: 0.8050
2020-06-09 15:32:24,222:Epoch 8/49
2020-06-09 15:32:24,222:----------
2020-06-09 15:38:20,481:train Loss: 0.4239 Acc: 0.8067
2020-06-09 15:39:37,290:val Loss: 0.4113 Acc: 0.8071
2020-06-09 15:39:37,291:Epoch 9/49
2020-06-09 15:39:37,292:----------
2020-06-09 15:45:33,139:train Loss: 0.4224 Acc: 0.8076
2020-06-09 15:46:50,016:val Loss: 0.4106 Acc: 0.8079
2020-06-09 15:46:50,017:Epoch 10/49
2020-06-09 15:46:50,017:----------
2020-06-09 15:52:45,784:train Loss: 0.4226 Acc: 0.8069
2020-06-09 15:54:02,571:val Loss: 0.4110 Acc: 0.8055
2020-06-09 15:54:02,572:Epoch 11/49
2020-06-09 15:54:02,572:----------
2020-06-09 15:59:58,434:train Loss: 0.4233 Acc: 0.8082
2020-06-09 16:01:15,285:val Loss: 0.4101 Acc: 0.8062
2020-06-09 16:01:15,285:Epoch 12/49
2020-06-09 16:01:15,285:----------
2020-06-09 16:07:11,585:train Loss: 0.4222 Acc: 0.8081
2020-06-09 16:08:28,502:val Loss: 0.4098 Acc: 0.8055
2020-06-09 16:08:28,502:Epoch 13/49
2020-06-09 16:08:28,502:----------
2020-06-09 16:14:24,322:train Loss: 0.4210 Acc: 0.8084
2020-06-09 16:15:41,284:val Loss: 0.4096 Acc: 0.8076
2020-06-09 16:15:41,284:Epoch 14/49
2020-06-09 16:15:41,284:----------
2020-06-09 16:21:37,256:train Loss: 0.4213 Acc: 0.8086
2020-06-09 16:22:54,098:val Loss: 0.4099 Acc: 0.8043
2020-06-09 16:22:54,098:Epoch 15/49
2020-06-09 16:22:54,098:----------
2020-06-09 16:28:50,027:train Loss: 0.4206 Acc: 0.8071
2020-06-09 16:30:06,932:val Loss: 0.4096 Acc: 0.8055
2020-06-09 16:30:06,933:Epoch 16/49
2020-06-09 16:30:06,933:----------
2020-06-09 16:36:03,467:train Loss: 0.4205 Acc: 0.8081
2020-06-09 16:37:20,391:val Loss: 0.4095 Acc: 0.8060
2020-06-09 16:37:20,391:Epoch 17/49
2020-06-09 16:37:20,391:----------
2020-06-09 16:43:16,484:train Loss: 0.4205 Acc: 0.8083
2020-06-09 16:44:33,343:val Loss: 0.4094 Acc: 0.8057
2020-06-09 16:44:33,343:Epoch 18/49
2020-06-09 16:44:33,343:----------
2020-06-09 16:50:28,923:train Loss: 0.4200 Acc: 0.8069
2020-06-09 16:51:45,864:val Loss: 0.4098 Acc: 0.8043
2020-06-09 16:51:45,864:Epoch 19/49
2020-06-09 16:51:45,864:----------
2020-06-09 16:57:50,735:train Loss: 0.4206 Acc: 0.8092
2020-06-09 16:59:07,886:val Loss: 0.4096 Acc: 0.8043
2020-06-09 16:59:07,886:Epoch 20/49
2020-06-09 16:59:07,886:----------
2020-06-09 17:05:04,031:train Loss: 0.4210 Acc: 0.8080
2020-06-09 17:06:21,400:val Loss: 0.4096 Acc: 0.8040
2020-06-09 17:06:21,400:Epoch 21/49
2020-06-09 17:06:21,401:----------
2020-06-09 17:12:17,729:train Loss: 0.4211 Acc: 0.8078
2020-06-09 17:13:34,917:val Loss: 0.4096 Acc: 0.8045
2020-06-09 17:13:34,917:Epoch 22/49
2020-06-09 17:13:34,917:----------
2020-06-09 17:19:55,407:train Loss: 0.4198 Acc: 0.8093
2020-06-09 17:21:12,290:val Loss: 0.4095 Acc: 0.8048
2020-06-09 17:21:12,290:Epoch 23/49
2020-06-09 17:21:12,290:----------
2020-06-09 17:27:08,205:train Loss: 0.4212 Acc: 0.8073
2020-06-09 17:28:25,021:val Loss: 0.4095 Acc: 0.8045
2020-06-09 17:28:25,021:Epoch 24/49
2020-06-09 17:28:25,022:----------
2020-06-09 17:34:20,702:train Loss: 0.4203 Acc: 0.8079
2020-06-09 17:35:38,273:val Loss: 0.4095 Acc: 0.8045
2020-06-09 17:35:38,273:Epoch 25/49
2020-06-09 17:35:38,273:----------
2020-06-09 17:41:34,026:train Loss: 0.4202 Acc: 0.8083
2020-06-09 17:42:50,907:val Loss: 0.4095 Acc: 0.8048
2020-06-09 17:42:50,907:Epoch 26/49
2020-06-09 17:42:50,907:----------
2020-06-09 17:48:46,698:train Loss: 0.4213 Acc: 0.8068
2020-06-09 17:50:03,619:val Loss: 0.4095 Acc: 0.8045
2020-06-09 17:50:03,619:Epoch 27/49
2020-06-09 17:50:03,619:----------
2020-06-09 17:55:59,233:train Loss: 0.4205 Acc: 0.8076
2020-06-09 17:57:16,155:val Loss: 0.4095 Acc: 0.8045
2020-06-09 17:57:16,156:Epoch 28/49
2020-06-09 17:57:16,156:----------
2020-06-09 18:03:12,001:train Loss: 0.4201 Acc: 0.8075
2020-06-09 18:04:28,827:val Loss: 0.4095 Acc: 0.8045
2020-06-09 18:04:28,828:Epoch 29/49
2020-06-09 18:04:28,828:----------
2020-06-09 18:10:25,073:train Loss: 0.4202 Acc: 0.8088
2020-06-09 18:11:41,878:val Loss: 0.4095 Acc: 0.8045
2020-06-09 18:11:41,878:Epoch 30/49
2020-06-09 18:11:41,878:----------
2020-06-09 18:17:37,645:train Loss: 0.4206 Acc: 0.8063
2020-06-09 18:18:54,499:val Loss: 0.4095 Acc: 0.8045
2020-06-09 18:18:54,499:Epoch 31/49
2020-06-09 18:18:54,499:----------
2020-06-09 18:24:50,061:train Loss: 0.4202 Acc: 0.8076
2020-06-09 18:26:06,926:val Loss: 0.4095 Acc: 0.8045
2020-06-09 18:26:06,927:Epoch 32/49
2020-06-09 18:26:06,927:----------
2020-06-09 18:32:02,660:train Loss: 0.4211 Acc: 0.8075
2020-06-09 18:33:19,474:val Loss: 0.4095 Acc: 0.8045
2020-06-09 18:33:19,474:Epoch 33/49
2020-06-09 18:33:19,474:----------
2020-06-09 18:39:15,674:train Loss: 0.4208 Acc: 0.8072
2020-06-09 18:40:32,507:val Loss: 0.4095 Acc: 0.8045
2020-06-09 18:40:32,507:Epoch 34/49
2020-06-09 18:40:32,507:----------
2020-06-09 18:46:28,620:train Loss: 0.4205 Acc: 0.8092
2020-06-09 18:47:45,363:val Loss: 0.4095 Acc: 0.8045
2020-06-09 18:47:45,363:Epoch 35/49
2020-06-09 18:47:45,363:----------
2020-06-09 18:53:41,012:train Loss: 0.4205 Acc: 0.8079
2020-06-09 18:54:57,877:val Loss: 0.4095 Acc: 0.8045
2020-06-09 18:54:57,878:Epoch 36/49
2020-06-09 18:54:57,878:----------
2020-06-09 19:00:53,500:train Loss: 0.4197 Acc: 0.8090
2020-06-09 19:02:10,423:val Loss: 0.4095 Acc: 0.8045
2020-06-09 19:02:10,423:Epoch 37/49
2020-06-09 19:02:10,423:----------
2020-06-09 19:08:06,555:train Loss: 0.4209 Acc: 0.8082
2020-06-09 19:09:23,377:val Loss: 0.4095 Acc: 0.8045
2020-06-09 19:09:23,377:Epoch 38/49
2020-06-09 19:09:23,377:----------
2020-06-09 19:15:18,911:train Loss: 0.4212 Acc: 0.8083
2020-06-09 19:16:36,072:val Loss: 0.4095 Acc: 0.8045
2020-06-09 19:16:36,072:Epoch 39/49
2020-06-09 19:16:36,073:----------
2020-06-09 19:22:31,691:train Loss: 0.4206 Acc: 0.8077
2020-06-09 19:23:48,481:val Loss: 0.4095 Acc: 0.8045
2020-06-09 19:23:48,482:Epoch 40/49
2020-06-09 19:23:48,482:----------
2020-06-09 19:29:43,931:train Loss: 0.4205 Acc: 0.8083
2020-06-09 19:31:00,702:val Loss: 0.4095 Acc: 0.8045
2020-06-09 19:31:00,702:Epoch 41/49
2020-06-09 19:31:00,702:----------
2020-06-09 19:36:56,945:train Loss: 0.4208 Acc: 0.8082
2020-06-09 19:38:13,786:val Loss: 0.4095 Acc: 0.8045
2020-06-09 19:38:13,786:Epoch 42/49
2020-06-09 19:38:13,786:----------
2020-06-09 19:44:09,235:train Loss: 0.4202 Acc: 0.8083
2020-06-09 19:45:26,064:val Loss: 0.4095 Acc: 0.8045
2020-06-09 19:45:26,064:Epoch 43/49
2020-06-09 19:45:26,064:----------
2020-06-09 19:51:21,566:train Loss: 0.4206 Acc: 0.8078
2020-06-09 19:52:38,416:val Loss: 0.4095 Acc: 0.8045
2020-06-09 19:52:38,417:Epoch 44/49
2020-06-09 19:52:38,417:----------
2020-06-09 19:58:34,017:train Loss: 0.4201 Acc: 0.8082
2020-06-09 19:59:50,872:val Loss: 0.4095 Acc: 0.8045
2020-06-09 19:59:50,872:Epoch 45/49
2020-06-09 19:59:50,872:----------
2020-06-09 20:05:47,029:train Loss: 0.4205 Acc: 0.8067
2020-06-09 20:07:03,944:val Loss: 0.4095 Acc: 0.8045
2020-06-09 20:07:03,944:Epoch 46/49
2020-06-09 20:07:03,944:----------
2020-06-09 20:12:59,263:train Loss: 0.4207 Acc: 0.8072
2020-06-09 20:14:16,085:val Loss: 0.4095 Acc: 0.8045
2020-06-09 20:14:16,085:Epoch 47/49
2020-06-09 20:14:16,085:----------
2020-06-09 20:20:11,610:train Loss: 0.4206 Acc: 0.8089
2020-06-09 20:21:28,504:val Loss: 0.4095 Acc: 0.8045
2020-06-09 20:21:28,505:Epoch 48/49
2020-06-09 20:21:28,505:----------
2020-06-09 20:27:24,007:train Loss: 0.4203 Acc: 0.8082
2020-06-09 20:28:40,769:val Loss: 0.4095 Acc: 0.8045
2020-06-09 20:28:40,770:Epoch 49/49
2020-06-09 20:28:40,770:----------
2020-06-09 20:34:36,334:train Loss: 0.4207 Acc: 0.8078
2020-06-09 20:35:53,662:val Loss: 0.4095 Acc: 0.8045
2020-06-09 20:35:53,836:Training complete in 361m 11s
2020-06-09 20:35:53,836:Best val Acc: 0.807857
2020-06-09 20:36:57,784:Test accuracy = 80.85411292633992
