2020-06-11 08:17:11,433:cuda:0
2020-06-11 08:17:11,433:AlexNet architecure chosen, DCN is True
2020-06-11 20:58:40,863:cuda:0
2020-06-11 20:58:40,863:AlexNet architecure chosen, DCN is True
2020-06-11 20:58:43,201:Epoch 0/49
2020-06-11 20:58:43,202:----------
2020-06-11 21:00:06,358:train Loss: 0.6681 Acc: 0.6888
2020-06-11 21:00:33,046:val Loss: 0.6370 Acc: 0.7299
2020-06-11 21:00:33,047:Epoch 1/49
2020-06-11 21:00:33,048:----------
2020-06-11 21:01:56,237:train Loss: 0.6180 Acc: 0.7298
2020-06-11 21:02:22,981:val Loss: 0.6012 Acc: 0.7299
2020-06-11 21:02:22,982:Epoch 2/49
2020-06-11 21:02:22,984:----------
2020-06-11 21:03:45,970:train Loss: 0.5961 Acc: 0.7298
2020-06-11 21:04:12,597:val Loss: 0.5917 Acc: 0.7299
2020-06-11 21:04:12,598:Epoch 3/49
2020-06-11 21:04:12,598:----------
2020-06-11 21:05:36,101:train Loss: 0.5914 Acc: 0.7298
2020-06-11 21:06:02,758:val Loss: 0.5880 Acc: 0.7299
2020-06-11 21:06:02,758:Epoch 4/49
2020-06-11 21:06:02,758:----------
2020-06-11 21:07:25,802:train Loss: 0.5877 Acc: 0.7298
2020-06-11 21:07:52,534:val Loss: 0.5844 Acc: 0.7299
2020-06-11 21:07:52,535:Epoch 5/49
2020-06-11 21:07:52,535:----------
2020-06-11 21:09:17,405:train Loss: 0.5845 Acc: 0.7298
2020-06-11 21:09:44,087:val Loss: 0.5800 Acc: 0.7299
2020-06-11 21:09:44,087:Epoch 6/49
2020-06-11 21:09:44,088:----------
2020-06-11 21:11:07,010:train Loss: 0.5796 Acc: 0.7298
2020-06-11 21:11:33,636:val Loss: 0.5740 Acc: 0.7299
2020-06-11 21:11:33,636:Epoch 7/49
2020-06-11 21:11:33,637:----------
2020-06-11 21:12:56,551:train Loss: 0.5756 Acc: 0.7298
2020-06-11 21:13:23,211:val Loss: 0.5732 Acc: 0.7299
2020-06-11 21:13:23,211:Epoch 8/49
2020-06-11 21:13:23,213:----------
2020-06-11 21:14:45,940:train Loss: 0.5748 Acc: 0.7298
2020-06-11 21:15:12,542:val Loss: 0.5725 Acc: 0.7299
2020-06-11 21:15:12,542:Epoch 9/49
2020-06-11 21:15:12,542:----------
2020-06-11 21:16:35,334:train Loss: 0.5738 Acc: 0.7298
2020-06-11 21:17:01,960:val Loss: 0.5717 Acc: 0.7299
2020-06-11 21:17:01,960:Epoch 10/49
2020-06-11 21:17:01,960:----------
2020-06-11 21:18:24,904:train Loss: 0.5733 Acc: 0.7298
2020-06-11 21:18:51,500:val Loss: 0.5707 Acc: 0.7299
2020-06-11 21:18:51,501:Epoch 11/49
2020-06-11 21:18:51,501:----------
2020-06-11 21:20:14,465:train Loss: 0.5724 Acc: 0.7298
2020-06-11 21:20:41,024:val Loss: 0.5698 Acc: 0.7299
2020-06-11 21:20:41,025:Epoch 12/49
2020-06-11 21:20:41,025:----------
2020-06-11 21:22:03,861:train Loss: 0.5712 Acc: 0.7298
2020-06-11 21:22:30,538:val Loss: 0.5687 Acc: 0.7299
2020-06-11 21:22:30,539:Epoch 13/49
2020-06-11 21:22:30,539:----------
2020-06-11 21:23:53,501:train Loss: 0.5703 Acc: 0.7298
2020-06-11 21:24:20,088:val Loss: 0.5676 Acc: 0.7299
2020-06-11 21:24:20,089:Epoch 14/49
2020-06-11 21:24:20,089:----------
2020-06-11 21:25:43,440:train Loss: 0.5700 Acc: 0.7298
2020-06-11 21:26:10,073:val Loss: 0.5675 Acc: 0.7299
2020-06-11 21:26:10,073:Epoch 15/49
2020-06-11 21:26:10,073:----------
2020-06-11 21:27:33,087:train Loss: 0.5698 Acc: 0.7298
2020-06-11 21:27:59,724:val Loss: 0.5674 Acc: 0.7299
2020-06-11 21:27:59,724:Epoch 16/49
2020-06-11 21:27:59,724:----------
2020-06-11 21:29:22,626:train Loss: 0.5693 Acc: 0.7298
2020-06-11 21:29:49,249:val Loss: 0.5673 Acc: 0.7299
2020-06-11 21:29:49,249:Epoch 17/49
2020-06-11 21:29:49,249:----------
2020-06-11 21:31:12,221:train Loss: 0.5694 Acc: 0.7298
2020-06-11 21:31:38,898:val Loss: 0.5672 Acc: 0.7299
2020-06-11 21:31:38,898:Epoch 18/49
2020-06-11 21:31:38,898:----------
2020-06-11 21:33:01,793:train Loss: 0.5694 Acc: 0.7298
2020-06-11 21:33:28,380:val Loss: 0.5670 Acc: 0.7299
2020-06-11 21:33:28,381:Epoch 19/49
2020-06-11 21:33:28,381:----------
2020-06-11 21:34:51,659:train Loss: 0.5691 Acc: 0.7298
2020-06-11 21:35:18,327:val Loss: 0.5669 Acc: 0.7299
2020-06-11 21:35:18,327:Epoch 20/49
2020-06-11 21:35:18,327:----------
2020-06-11 21:36:41,207:train Loss: 0.5693 Acc: 0.7298
2020-06-11 21:37:07,823:val Loss: 0.5668 Acc: 0.7299
2020-06-11 21:37:07,823:Epoch 21/49
2020-06-11 21:37:07,823:----------
2020-06-11 21:38:30,655:train Loss: 0.5692 Acc: 0.7298
2020-06-11 21:38:57,269:val Loss: 0.5668 Acc: 0.7299
2020-06-11 21:38:57,269:Epoch 22/49
2020-06-11 21:38:57,269:----------
2020-06-11 21:40:20,177:train Loss: 0.5690 Acc: 0.7298
2020-06-11 21:40:46,802:val Loss: 0.5668 Acc: 0.7299
2020-06-11 21:40:46,803:Epoch 23/49
2020-06-11 21:40:46,803:----------
2020-06-11 21:42:09,706:train Loss: 0.5694 Acc: 0.7298
2020-06-11 21:42:36,364:val Loss: 0.5668 Acc: 0.7299
2020-06-11 21:42:36,365:Epoch 24/49
2020-06-11 21:42:36,365:----------
2020-06-11 21:43:59,260:train Loss: 0.5690 Acc: 0.7298
2020-06-11 21:44:25,841:val Loss: 0.5668 Acc: 0.7299
2020-06-11 21:44:25,841:Epoch 25/49
2020-06-11 21:44:25,841:----------
2020-06-11 21:45:48,602:train Loss: 0.5689 Acc: 0.7298
2020-06-11 21:46:15,281:val Loss: 0.5668 Acc: 0.7299
2020-06-11 21:46:15,281:Epoch 26/49
2020-06-11 21:46:15,281:----------
2020-06-11 21:47:38,138:train Loss: 0.5689 Acc: 0.7298
2020-06-11 21:48:04,723:val Loss: 0.5667 Acc: 0.7299
2020-06-11 21:48:04,723:Epoch 27/49
2020-06-11 21:48:04,723:----------
2020-06-11 21:49:39,523:train Loss: 0.5688 Acc: 0.7298
2020-06-11 21:50:06,248:val Loss: 0.5667 Acc: 0.7299
2020-06-11 21:50:06,248:Epoch 28/49
2020-06-11 21:50:06,248:----------
2020-06-11 21:51:29,235:train Loss: 0.5686 Acc: 0.7298
2020-06-11 21:51:55,878:val Loss: 0.5667 Acc: 0.7299
2020-06-11 21:51:55,878:Epoch 29/49
2020-06-11 21:51:55,878:----------
2020-06-11 21:53:18,766:train Loss: 0.5684 Acc: 0.7298
2020-06-11 21:53:45,399:val Loss: 0.5667 Acc: 0.7299
2020-06-11 21:53:45,399:Epoch 30/49
2020-06-11 21:53:45,399:----------
2020-06-11 21:55:08,433:train Loss: 0.5692 Acc: 0.7298
2020-06-11 21:55:35,131:val Loss: 0.5667 Acc: 0.7299
2020-06-11 21:55:35,131:Epoch 31/49
2020-06-11 21:55:35,131:----------
2020-06-11 21:56:58,163:train Loss: 0.5693 Acc: 0.7298
2020-06-11 21:57:24,783:val Loss: 0.5667 Acc: 0.7299
2020-06-11 21:57:24,783:Epoch 32/49
2020-06-11 21:57:24,783:----------
2020-06-11 21:58:47,656:train Loss: 0.5693 Acc: 0.7298
2020-06-11 21:59:14,324:val Loss: 0.5667 Acc: 0.7299
2020-06-11 21:59:14,325:Epoch 33/49
2020-06-11 21:59:14,325:----------
2020-06-11 22:00:37,348:train Loss: 0.5694 Acc: 0.7298
2020-06-11 22:01:03,995:val Loss: 0.5667 Acc: 0.7299
2020-06-11 22:01:03,995:Epoch 34/49
2020-06-11 22:01:03,995:----------
2020-06-11 22:02:26,891:train Loss: 0.5692 Acc: 0.7298
2020-06-11 22:02:53,586:val Loss: 0.5667 Acc: 0.7299
2020-06-11 22:02:53,586:Epoch 35/49
2020-06-11 22:02:53,586:----------
2020-06-11 22:04:16,440:train Loss: 0.5688 Acc: 0.7298
2020-06-11 22:04:43,237:val Loss: 0.5667 Acc: 0.7299
2020-06-11 22:04:43,237:Epoch 36/49
2020-06-11 22:04:43,238:----------
2020-06-11 22:06:06,462:train Loss: 0.5690 Acc: 0.7298
2020-06-11 22:06:33,123:val Loss: 0.5667 Acc: 0.7299
2020-06-11 22:06:33,123:Epoch 37/49
2020-06-11 22:06:33,124:----------
2020-06-11 22:07:56,106:train Loss: 0.5690 Acc: 0.7298
2020-06-11 22:08:22,840:val Loss: 0.5667 Acc: 0.7299
2020-06-11 22:08:22,840:Epoch 38/49
2020-06-11 22:08:22,842:----------
2020-06-11 22:09:45,703:train Loss: 0.5690 Acc: 0.7298
2020-06-11 22:10:12,324:val Loss: 0.5667 Acc: 0.7299
2020-06-11 22:10:12,324:Epoch 39/49
2020-06-11 22:10:12,324:----------
2020-06-11 22:11:35,168:train Loss: 0.5691 Acc: 0.7298
2020-06-11 22:12:01,881:val Loss: 0.5667 Acc: 0.7299
2020-06-11 22:12:01,881:Epoch 40/49
2020-06-11 22:12:01,882:----------
2020-06-11 22:13:24,722:train Loss: 0.5688 Acc: 0.7298
2020-06-11 22:13:51,376:val Loss: 0.5667 Acc: 0.7299
2020-06-11 22:13:51,377:Epoch 41/49
2020-06-11 22:13:51,377:----------
2020-06-11 22:15:14,260:train Loss: 0.5691 Acc: 0.7298
2020-06-11 22:15:40,965:val Loss: 0.5667 Acc: 0.7299
2020-06-11 22:15:40,965:Epoch 42/49
2020-06-11 22:15:40,965:----------
2020-06-11 22:17:03,936:train Loss: 0.5689 Acc: 0.7298
2020-06-11 22:17:30,574:val Loss: 0.5667 Acc: 0.7299
2020-06-11 22:17:30,574:Epoch 43/49
2020-06-11 22:17:30,574:----------
2020-06-11 22:18:53,608:train Loss: 0.5691 Acc: 0.7298
2020-06-11 22:19:20,336:val Loss: 0.5667 Acc: 0.7299
2020-06-11 22:19:20,337:Epoch 44/49
2020-06-11 22:19:20,337:----------
2020-06-11 22:20:43,417:train Loss: 0.5693 Acc: 0.7298
2020-06-11 22:21:10,028:val Loss: 0.5667 Acc: 0.7299
2020-06-11 22:21:10,028:Epoch 45/49
2020-06-11 22:21:10,028:----------
2020-06-11 22:22:32,839:train Loss: 0.5692 Acc: 0.7298
2020-06-11 22:22:59,491:val Loss: 0.5667 Acc: 0.7299
2020-06-11 22:22:59,491:Epoch 46/49
2020-06-11 22:22:59,491:----------
2020-06-11 22:24:22,158:train Loss: 0.5693 Acc: 0.7298
2020-06-11 22:24:48,739:val Loss: 0.5667 Acc: 0.7299
2020-06-11 22:24:48,739:Epoch 47/49
2020-06-11 22:24:48,739:----------
2020-06-11 22:26:11,591:train Loss: 0.5692 Acc: 0.7298
2020-06-11 22:26:38,252:val Loss: 0.5667 Acc: 0.7299
2020-06-11 22:26:38,252:Epoch 48/49
2020-06-11 22:26:38,252:----------
2020-06-11 22:28:00,916:train Loss: 0.5691 Acc: 0.7298
2020-06-11 22:28:27,543:val Loss: 0.5667 Acc: 0.7299
2020-06-11 22:28:27,544:Epoch 49/49
2020-06-11 22:28:27,544:----------
2020-06-11 22:29:50,365:train Loss: 0.5691 Acc: 0.7298
2020-06-11 22:30:16,984:val Loss: 0.5667 Acc: 0.7299
2020-06-11 22:30:17,164:Training complete in 91m 34s
2020-06-11 22:30:17,164:Best val Acc: 0.729915
2020-06-11 22:30:43,475:Test accuracy = 72.91311754684838
