2020-06-12 08:38:56,206:cuda:0
2020-06-12 08:38:56,206:AlexNet architecure chosen, DCN is False
2020-06-12 08:38:58,791:Epoch 0/24
2020-06-12 08:38:58,791:----------
2020-06-12 08:39:04,084:train Loss: 0.6930 Acc: 0.4750
2020-06-12 08:39:07,957:val Loss: 0.6931 Acc: 0.5000
2020-06-12 08:39:07,959:Epoch 1/24
2020-06-12 08:39:07,959:----------
2020-06-12 08:39:11,594:train Loss: 0.6927 Acc: 0.5250
2020-06-12 08:39:12,384:val Loss: 0.6931 Acc: 0.5000
2020-06-12 08:39:12,384:Epoch 2/24
2020-06-12 08:39:12,384:----------
2020-06-12 08:39:13,712:train Loss: 0.6935 Acc: 0.5000
2020-06-12 08:39:14,522:val Loss: 0.6930 Acc: 0.5000
2020-06-12 08:39:14,522:Epoch 3/24
2020-06-12 08:39:14,522:----------
2020-06-12 08:39:15,848:train Loss: 0.6921 Acc: 0.5000
2020-06-12 08:39:16,651:val Loss: 0.6930 Acc: 0.5000
2020-06-12 08:39:16,651:Epoch 4/24
2020-06-12 08:39:16,651:----------
2020-06-12 08:39:17,972:train Loss: 0.6927 Acc: 0.5000
2020-06-12 08:39:18,762:val Loss: 0.6930 Acc: 0.5000
2020-06-12 08:39:18,762:Epoch 5/24
2020-06-12 08:39:18,762:----------
2020-06-12 08:39:20,074:train Loss: 0.6937 Acc: 0.5000
2020-06-12 08:39:20,886:val Loss: 0.6930 Acc: 0.5000
2020-06-12 08:39:20,886:Epoch 6/24
2020-06-12 08:39:20,888:----------
2020-06-12 08:39:22,221:train Loss: 0.6921 Acc: 0.5000
2020-06-12 08:39:23,008:val Loss: 0.6930 Acc: 0.5000
2020-06-12 08:39:23,008:Epoch 7/24
2020-06-12 08:39:23,008:----------
2020-06-12 08:39:24,336:train Loss: 0.6923 Acc: 0.5000
2020-06-12 08:39:25,124:val Loss: 0.6929 Acc: 0.5000
2020-06-12 08:39:25,124:Epoch 8/24
2020-06-12 08:39:25,124:----------
2020-06-12 08:39:26,447:train Loss: 0.6924 Acc: 0.5000
2020-06-12 08:39:27,234:val Loss: 0.6929 Acc: 0.5000
2020-06-12 08:39:27,235:Epoch 9/24
2020-06-12 08:39:27,235:----------
2020-06-12 08:39:28,551:train Loss: 0.6923 Acc: 0.5000
2020-06-12 08:39:29,340:val Loss: 0.6929 Acc: 0.5000
2020-06-12 08:39:29,340:Epoch 10/24
2020-06-12 08:39:29,340:----------
2020-06-12 08:39:30,726:train Loss: 0.6928 Acc: 0.5000
2020-06-12 08:39:31,513:val Loss: 0.6929 Acc: 0.5000
2020-06-12 08:39:31,513:Epoch 11/24
2020-06-12 08:39:31,513:----------
2020-06-12 08:39:32,822:train Loss: 0.6924 Acc: 0.5000
2020-06-12 08:39:33,610:val Loss: 0.6929 Acc: 0.5000
2020-06-12 08:39:33,610:Epoch 12/24
2020-06-12 08:39:33,610:----------
2020-06-12 08:39:34,931:train Loss: 0.6924 Acc: 0.5000
2020-06-12 08:39:35,723:val Loss: 0.6929 Acc: 0.5000
2020-06-12 08:39:35,724:Epoch 13/24
2020-06-12 08:39:35,724:----------
2020-06-12 08:39:37,032:train Loss: 0.6921 Acc: 0.5000
2020-06-12 08:39:37,823:val Loss: 0.6929 Acc: 0.5000
2020-06-12 08:39:37,823:Epoch 14/24
2020-06-12 08:39:37,826:----------
2020-06-12 08:39:39,133:train Loss: 0.6927 Acc: 0.5000
2020-06-12 08:39:39,939:val Loss: 0.6929 Acc: 0.5000
2020-06-12 08:39:39,940:Epoch 15/24
2020-06-12 08:39:39,940:----------
2020-06-12 08:39:41,255:train Loss: 0.6921 Acc: 0.5000
2020-06-12 08:39:42,044:val Loss: 0.6929 Acc: 0.5000
2020-06-12 08:39:42,044:Epoch 16/24
2020-06-12 08:39:42,044:----------
2020-06-12 08:39:43,383:train Loss: 0.6925 Acc: 0.5000
2020-06-12 08:39:44,169:val Loss: 0.6929 Acc: 0.5000
2020-06-12 08:39:44,169:Epoch 17/24
2020-06-12 08:39:44,169:----------
2020-06-12 08:39:45,485:train Loss: 0.6915 Acc: 0.5000
2020-06-12 08:39:46,278:val Loss: 0.6929 Acc: 0.5000
2020-06-12 08:39:46,278:Epoch 18/24
2020-06-12 08:39:46,278:----------
2020-06-12 08:39:47,599:train Loss: 0.6918 Acc: 0.5000
2020-06-12 08:39:48,384:val Loss: 0.6929 Acc: 0.5000
2020-06-12 08:39:48,384:Epoch 19/24
2020-06-12 08:39:48,384:----------
2020-06-12 08:39:49,701:train Loss: 0.6927 Acc: 0.5000
2020-06-12 08:39:50,487:val Loss: 0.6929 Acc: 0.5000
2020-06-12 08:39:50,487:Epoch 20/24
2020-06-12 08:39:50,487:----------
2020-06-12 08:39:51,800:train Loss: 0.6928 Acc: 0.5000
2020-06-12 08:39:52,584:val Loss: 0.6929 Acc: 0.5000
2020-06-12 08:39:52,584:Epoch 21/24
2020-06-12 08:39:52,584:----------
2020-06-12 08:39:53,895:train Loss: 0.6926 Acc: 0.5000
2020-06-12 08:39:54,687:val Loss: 0.6929 Acc: 0.5000
2020-06-12 08:39:54,687:Epoch 22/24
2020-06-12 08:39:54,687:----------
2020-06-12 08:39:55,997:train Loss: 0.6919 Acc: 0.5000
2020-06-12 08:39:56,790:val Loss: 0.6929 Acc: 0.5000
2020-06-12 08:39:56,790:Epoch 23/24
2020-06-12 08:39:56,790:----------
2020-06-12 08:39:58,106:train Loss: 0.6916 Acc: 0.5000
2020-06-12 08:39:58,897:val Loss: 0.6929 Acc: 0.5000
2020-06-12 08:39:58,897:Epoch 24/24
2020-06-12 08:39:58,897:----------
2020-06-12 08:40:00,210:train Loss: 0.6919 Acc: 0.5000
2020-06-12 08:40:01,072:val Loss: 0.6929 Acc: 0.5000
2020-06-12 08:40:01,241:Training complete in 1m 2s
2020-06-12 08:40:01,241:Best val Acc: 0.500000
2020-06-12 08:40:01,890:Test accuracy = 50.0
