2020-06-12 08:47:22,230:cuda:0
2020-06-12 08:47:22,230:AlexNet architecure chosen, DCN is True
2020-06-12 08:47:24,816:Epoch 0/24
2020-06-12 08:47:24,817:----------
2020-06-12 08:47:30,620:train Loss: 0.6933 Acc: 0.5000
2020-06-12 08:47:32,341:val Loss: 0.6932 Acc: 0.5000
2020-06-12 08:47:32,343:Epoch 1/24
2020-06-12 08:47:32,343:----------
2020-06-12 08:47:33,833:train Loss: 0.6933 Acc: 0.5000
2020-06-12 08:47:34,628:val Loss: 0.6932 Acc: 0.5000
2020-06-12 08:47:34,628:Epoch 2/24
2020-06-12 08:47:34,628:----------
2020-06-12 08:47:36,110:train Loss: 0.6931 Acc: 0.5000
2020-06-12 08:47:36,921:val Loss: 0.6932 Acc: 0.5000
2020-06-12 08:47:36,921:Epoch 3/24
2020-06-12 08:47:36,921:----------
2020-06-12 08:47:38,445:train Loss: 0.6934 Acc: 0.5000
2020-06-12 08:47:39,247:val Loss: 0.6932 Acc: 0.5000
2020-06-12 08:47:39,248:Epoch 4/24
2020-06-12 08:47:39,248:----------
2020-06-12 08:47:40,736:train Loss: 0.6933 Acc: 0.5000
2020-06-12 08:47:41,531:val Loss: 0.6932 Acc: 0.5000
2020-06-12 08:47:41,531:Epoch 5/24
2020-06-12 08:47:41,531:----------
2020-06-12 08:47:43,020:train Loss: 0.6933 Acc: 0.5000
2020-06-12 08:47:43,812:val Loss: 0.6932 Acc: 0.5000
2020-06-12 08:47:43,813:Epoch 6/24
2020-06-12 08:47:43,813:----------
2020-06-12 08:47:45,300:train Loss: 0.6932 Acc: 0.5000
2020-06-12 08:47:46,150:val Loss: 0.6932 Acc: 0.5000
2020-06-12 08:47:46,150:Epoch 7/24
2020-06-12 08:47:46,150:----------
2020-06-12 08:47:47,646:train Loss: 0.6932 Acc: 0.5000
2020-06-12 08:47:48,442:val Loss: 0.6932 Acc: 0.5000
2020-06-12 08:47:48,442:Epoch 8/24
2020-06-12 08:47:48,443:----------
2020-06-12 08:47:49,957:train Loss: 0.6932 Acc: 0.5000
2020-06-12 08:47:50,747:val Loss: 0.6932 Acc: 0.5000
2020-06-12 08:47:50,747:Epoch 9/24
2020-06-12 08:47:50,747:----------
2020-06-12 08:47:52,230:train Loss: 0.6932 Acc: 0.5000
2020-06-12 08:47:53,023:val Loss: 0.6932 Acc: 0.5000
2020-06-12 08:47:53,023:Epoch 10/24
2020-06-12 08:47:53,024:----------
2020-06-12 08:47:54,512:train Loss: 0.6931 Acc: 0.5000
2020-06-12 08:47:55,309:val Loss: 0.6932 Acc: 0.5000
2020-06-12 08:47:55,309:Epoch 11/24
2020-06-12 08:47:55,309:----------
2020-06-12 08:47:56,802:train Loss: 0.6931 Acc: 0.5000
2020-06-12 08:47:57,599:val Loss: 0.6932 Acc: 0.5000
2020-06-12 08:47:57,599:Epoch 12/24
2020-06-12 08:47:57,599:----------
2020-06-12 08:47:59,095:train Loss: 0.6929 Acc: 0.5000
2020-06-12 08:47:59,891:val Loss: 0.6932 Acc: 0.5000
2020-06-12 08:47:59,891:Epoch 13/24
2020-06-12 08:47:59,892:----------
2020-06-12 08:48:01,393:train Loss: 0.6931 Acc: 0.5000
2020-06-12 08:48:02,187:val Loss: 0.6932 Acc: 0.5000
2020-06-12 08:48:02,188:Epoch 14/24
2020-06-12 08:48:02,188:----------
2020-06-12 08:48:03,690:train Loss: 0.6932 Acc: 0.5000
2020-06-12 08:48:04,507:val Loss: 0.6932 Acc: 0.5000
2020-06-12 08:48:04,507:Epoch 15/24
2020-06-12 08:48:04,507:----------
2020-06-12 08:48:05,994:train Loss: 0.6932 Acc: 0.5000
2020-06-12 08:48:06,787:val Loss: 0.6932 Acc: 0.5000
2020-06-12 08:48:06,787:Epoch 16/24
2020-06-12 08:48:06,787:----------
2020-06-12 08:48:08,274:train Loss: 0.6931 Acc: 0.5000
2020-06-12 08:48:09,096:val Loss: 0.6932 Acc: 0.5000
2020-06-12 08:48:09,096:Epoch 17/24
2020-06-12 08:48:09,096:----------
2020-06-12 08:48:10,581:train Loss: 0.6932 Acc: 0.5000
2020-06-12 08:48:11,375:val Loss: 0.6932 Acc: 0.5000
2020-06-12 08:48:11,375:Epoch 18/24
2020-06-12 08:48:11,378:----------
2020-06-12 08:48:12,861:train Loss: 0.6933 Acc: 0.5000
2020-06-12 08:48:13,661:val Loss: 0.6932 Acc: 0.5000
2020-06-12 08:48:13,661:Epoch 19/24
2020-06-12 08:48:13,661:----------
2020-06-12 08:48:15,148:train Loss: 0.6933 Acc: 0.5000
2020-06-12 08:48:15,941:val Loss: 0.6932 Acc: 0.5000
2020-06-12 08:48:15,941:Epoch 20/24
2020-06-12 08:48:15,941:----------
2020-06-12 08:48:17,490:train Loss: 0.6932 Acc: 0.5000
2020-06-12 08:48:18,284:val Loss: 0.6932 Acc: 0.5000
2020-06-12 08:48:18,284:Epoch 21/24
2020-06-12 08:48:18,284:----------
2020-06-12 08:48:19,769:train Loss: 0.6930 Acc: 0.5000
2020-06-12 08:48:20,566:val Loss: 0.6932 Acc: 0.5000
2020-06-12 08:48:20,566:Epoch 22/24
2020-06-12 08:48:20,566:----------
2020-06-12 08:48:22,074:train Loss: 0.6930 Acc: 0.5000
2020-06-12 08:48:22,867:val Loss: 0.6932 Acc: 0.5000
2020-06-12 08:48:22,868:Epoch 23/24
2020-06-12 08:48:22,869:----------
2020-06-12 08:48:24,377:train Loss: 0.6930 Acc: 0.5000
2020-06-12 08:48:25,173:val Loss: 0.6932 Acc: 0.5000
2020-06-12 08:48:25,173:Epoch 24/24
2020-06-12 08:48:25,173:----------
2020-06-12 08:48:26,658:train Loss: 0.6932 Acc: 0.5000
2020-06-12 08:48:27,446:val Loss: 0.6932 Acc: 0.5000
2020-06-12 08:48:27,630:Training complete in 1m 3s
2020-06-12 08:48:27,630:Best val Acc: 0.500000
2020-06-12 08:48:28,260:Test accuracy = 50.0
2020-06-12 08:51:24,705:cuda:0
2020-06-12 08:51:24,706:AlexNet architecure chosen, DCN is True
2020-06-12 08:51:27,295:Epoch 0/24
2020-06-12 08:51:27,295:----------
2020-06-12 08:52:16,626:cuda:0
2020-06-12 08:52:16,626:AlexNet architecure chosen, DCN is True
2020-06-12 08:52:19,209:Epoch 0/24
2020-06-12 08:52:19,209:----------
