2020-05-28 13:13:31,840:cuda:0
2020-05-28 13:13:34,100:Epoch 0/49
2020-05-28 13:13:34,100:----------
2020-05-28 13:14:55,812:train Loss: 0.6724 Acc: 0.6344
2020-05-28 13:15:22,377:val Loss: 0.6419 Acc: 0.7299
2020-05-28 13:15:22,378:Epoch 1/49
2020-05-28 13:15:22,378:----------
2020-05-28 13:16:43,882:train Loss: 0.6224 Acc: 0.7298
2020-05-28 13:17:10,422:val Loss: 0.6065 Acc: 0.7299
2020-05-28 13:17:10,422:Epoch 2/49
2020-05-28 13:17:10,422:----------
2020-05-28 13:18:31,949:train Loss: 0.5994 Acc: 0.7298
2020-05-28 13:18:58,540:val Loss: 0.5931 Acc: 0.7299
2020-05-28 13:18:58,540:Epoch 3/49
2020-05-28 13:18:58,540:----------
2020-05-28 13:20:20,113:train Loss: 0.5922 Acc: 0.7298
2020-05-28 13:20:46,654:val Loss: 0.5893 Acc: 0.7299
2020-05-28 13:20:46,654:Epoch 4/49
2020-05-28 13:20:46,654:----------
2020-05-28 13:22:08,210:train Loss: 0.5890 Acc: 0.7298
2020-05-28 13:22:34,803:val Loss: 0.5864 Acc: 0.7299
2020-05-28 13:22:34,803:Epoch 5/49
2020-05-28 13:22:34,803:----------
2020-05-28 13:23:56,307:train Loss: 0.5863 Acc: 0.7298
2020-05-28 13:24:22,852:val Loss: 0.5835 Acc: 0.7299
2020-05-28 13:24:22,852:Epoch 6/49
2020-05-28 13:24:22,852:----------
2020-05-28 13:25:44,320:train Loss: 0.5832 Acc: 0.7298
2020-05-28 13:26:10,891:val Loss: 0.5800 Acc: 0.7299
2020-05-28 13:26:10,891:Epoch 7/49
2020-05-28 13:26:10,891:----------
2020-05-28 13:27:32,384:train Loss: 0.5812 Acc: 0.7298
2020-05-28 13:27:58,926:val Loss: 0.5795 Acc: 0.7299
2020-05-28 13:27:58,926:Epoch 8/49
2020-05-28 13:27:58,926:----------
2020-05-28 13:29:20,458:train Loss: 0.5808 Acc: 0.7298
2020-05-28 13:29:47,018:val Loss: 0.5791 Acc: 0.7299
2020-05-28 13:29:47,018:Epoch 9/49
2020-05-28 13:29:47,018:----------
2020-05-28 13:31:08,630:train Loss: 0.5806 Acc: 0.7298
2020-05-28 13:31:35,147:val Loss: 0.5787 Acc: 0.7299
2020-05-28 13:31:35,147:Epoch 10/49
2020-05-28 13:31:35,147:----------
2020-05-28 13:32:56,655:train Loss: 0.5801 Acc: 0.7298
2020-05-28 13:33:23,167:val Loss: 0.5782 Acc: 0.7299
2020-05-28 13:33:23,167:Epoch 11/49
2020-05-28 13:33:23,167:----------
2020-05-28 13:34:44,747:train Loss: 0.5797 Acc: 0.7298
2020-05-28 13:35:11,285:val Loss: 0.5777 Acc: 0.7299
2020-05-28 13:35:11,285:Epoch 12/49
2020-05-28 13:35:11,285:----------
2020-05-28 13:36:32,745:train Loss: 0.5795 Acc: 0.7298
2020-05-28 13:36:59,288:val Loss: 0.5772 Acc: 0.7299
2020-05-28 13:36:59,288:Epoch 13/49
2020-05-28 13:36:59,288:----------
2020-05-28 13:38:20,873:train Loss: 0.5789 Acc: 0.7298
2020-05-28 13:38:47,428:val Loss: 0.5767 Acc: 0.7299
2020-05-28 13:38:47,428:Epoch 14/49
2020-05-28 13:38:47,428:----------
2020-05-28 13:40:08,971:train Loss: 0.5785 Acc: 0.7298
2020-05-28 13:40:35,508:val Loss: 0.5767 Acc: 0.7299
2020-05-28 13:40:35,508:Epoch 15/49
2020-05-28 13:40:35,509:----------
2020-05-28 13:41:56,920:train Loss: 0.5787 Acc: 0.7298
2020-05-28 13:42:23,453:val Loss: 0.5766 Acc: 0.7299
2020-05-28 13:42:23,453:Epoch 16/49
2020-05-28 13:42:23,453:----------
2020-05-28 13:43:44,931:train Loss: 0.5786 Acc: 0.7298
2020-05-28 13:44:11,510:val Loss: 0.5766 Acc: 0.7299
2020-05-28 13:44:11,511:Epoch 17/49
2020-05-28 13:44:11,511:----------
2020-05-28 13:45:32,917:train Loss: 0.5788 Acc: 0.7298
2020-05-28 13:45:59,458:val Loss: 0.5765 Acc: 0.7299
2020-05-28 13:45:59,458:Epoch 18/49
2020-05-28 13:45:59,459:----------
2020-05-28 13:47:20,967:train Loss: 0.5785 Acc: 0.7298
2020-05-28 13:47:47,501:val Loss: 0.5765 Acc: 0.7299
2020-05-28 13:47:47,501:Epoch 19/49
2020-05-28 13:47:47,501:----------
2020-05-28 13:49:08,977:train Loss: 0.5783 Acc: 0.7298
2020-05-28 13:49:35,501:val Loss: 0.5764 Acc: 0.7299
2020-05-28 13:49:35,501:Epoch 20/49
2020-05-28 13:49:35,501:----------
2020-05-28 13:50:57,016:train Loss: 0.5782 Acc: 0.7298
2020-05-28 13:51:27,619:val Loss: 0.5764 Acc: 0.7299
2020-05-28 13:51:27,619:Epoch 21/49
2020-05-28 13:51:27,619:----------
2020-05-28 13:53:01,674:train Loss: 0.5779 Acc: 0.7298
2020-05-28 13:53:28,316:val Loss: 0.5763 Acc: 0.7299
2020-05-28 13:53:28,316:Epoch 22/49
2020-05-28 13:53:28,316:----------
2020-05-28 13:54:59,745:train Loss: 0.5782 Acc: 0.7298
2020-05-28 13:55:26,387:val Loss: 0.5763 Acc: 0.7299
2020-05-28 13:55:26,388:Epoch 23/49
2020-05-28 13:55:26,388:----------
2020-05-28 13:56:49,111:train Loss: 0.5781 Acc: 0.7298
2020-05-28 13:57:15,746:val Loss: 0.5763 Acc: 0.7299
2020-05-28 13:57:15,746:Epoch 24/49
2020-05-28 13:57:15,746:----------
2020-05-28 13:58:37,313:train Loss: 0.5782 Acc: 0.7298
2020-05-28 13:59:03,917:val Loss: 0.5763 Acc: 0.7299
2020-05-28 13:59:03,917:Epoch 25/49
2020-05-28 13:59:03,917:----------
2020-05-28 14:00:25,493:train Loss: 0.5782 Acc: 0.7298
2020-05-28 14:00:52,041:val Loss: 0.5763 Acc: 0.7299
2020-05-28 14:00:52,041:Epoch 26/49
2020-05-28 14:00:52,042:----------
2020-05-28 14:02:13,667:train Loss: 0.5783 Acc: 0.7298
2020-05-28 14:02:40,212:val Loss: 0.5763 Acc: 0.7299
2020-05-28 14:02:40,212:Epoch 27/49
2020-05-28 14:02:40,212:----------
2020-05-28 14:04:01,755:train Loss: 0.5783 Acc: 0.7298
2020-05-28 14:04:28,273:val Loss: 0.5763 Acc: 0.7299
2020-05-28 14:04:28,274:Epoch 28/49
2020-05-28 14:04:28,274:----------
2020-05-28 14:05:49,728:train Loss: 0.5783 Acc: 0.7298
2020-05-28 14:06:16,204:val Loss: 0.5763 Acc: 0.7299
2020-05-28 14:06:16,205:Epoch 29/49
2020-05-28 14:06:16,205:----------
2020-05-28 14:07:37,641:train Loss: 0.5782 Acc: 0.7298
2020-05-28 14:08:04,208:val Loss: 0.5763 Acc: 0.7299
2020-05-28 14:08:04,208:Epoch 30/49
2020-05-28 14:08:04,208:----------
2020-05-28 14:09:25,806:train Loss: 0.5782 Acc: 0.7298
2020-05-28 14:09:52,358:val Loss: 0.5763 Acc: 0.7299
2020-05-28 14:09:52,358:Epoch 31/49
2020-05-28 14:09:52,358:----------
2020-05-28 14:11:13,827:train Loss: 0.5781 Acc: 0.7298
2020-05-28 14:11:40,367:val Loss: 0.5763 Acc: 0.7299
2020-05-28 14:11:40,367:Epoch 32/49
2020-05-28 14:11:40,367:----------
2020-05-28 14:13:01,883:train Loss: 0.5782 Acc: 0.7298
2020-05-28 14:13:28,442:val Loss: 0.5763 Acc: 0.7299
2020-05-28 14:13:28,443:Epoch 33/49
2020-05-28 14:13:28,443:----------
2020-05-28 14:14:50,010:train Loss: 0.5784 Acc: 0.7298
2020-05-28 14:15:16,629:val Loss: 0.5763 Acc: 0.7299
2020-05-28 14:15:16,629:Epoch 34/49
2020-05-28 14:15:16,629:----------
2020-05-28 14:16:38,191:train Loss: 0.5781 Acc: 0.7298
2020-05-28 14:17:04,738:val Loss: 0.5763 Acc: 0.7299
2020-05-28 14:17:04,738:Epoch 35/49
2020-05-28 14:17:04,738:----------
2020-05-28 14:18:26,259:train Loss: 0.5784 Acc: 0.7298
2020-05-28 14:18:52,793:val Loss: 0.5763 Acc: 0.7299
2020-05-28 14:18:52,793:Epoch 36/49
2020-05-28 14:18:52,793:----------
2020-05-28 14:20:14,261:train Loss: 0.5782 Acc: 0.7298
2020-05-28 14:20:40,893:val Loss: 0.5763 Acc: 0.7299
2020-05-28 14:20:40,893:Epoch 37/49
2020-05-28 14:20:40,893:----------
2020-05-28 14:22:02,427:train Loss: 0.5784 Acc: 0.7298
2020-05-28 14:22:28,963:val Loss: 0.5763 Acc: 0.7299
2020-05-28 14:22:28,963:Epoch 38/49
2020-05-28 14:22:28,963:----------
2020-05-28 14:23:50,398:train Loss: 0.5781 Acc: 0.7298
2020-05-28 14:24:16,947:val Loss: 0.5763 Acc: 0.7299
2020-05-28 14:24:16,947:Epoch 39/49
2020-05-28 14:24:16,947:----------
2020-05-28 14:25:38,489:train Loss: 0.5783 Acc: 0.7298
2020-05-28 14:26:05,081:val Loss: 0.5763 Acc: 0.7299
2020-05-28 14:26:05,081:Epoch 40/49
2020-05-28 14:26:05,081:----------
2020-05-28 14:27:26,501:train Loss: 0.5782 Acc: 0.7298
2020-05-28 14:27:53,048:val Loss: 0.5763 Acc: 0.7299
2020-05-28 14:27:53,048:Epoch 41/49
2020-05-28 14:27:53,048:----------
2020-05-28 14:29:14,552:train Loss: 0.5784 Acc: 0.7298
2020-05-28 14:29:41,159:val Loss: 0.5763 Acc: 0.7299
2020-05-28 14:29:41,160:Epoch 42/49
2020-05-28 14:29:41,160:----------
2020-05-28 14:31:02,728:train Loss: 0.5784 Acc: 0.7298
2020-05-28 14:31:29,338:val Loss: 0.5763 Acc: 0.7299
2020-05-28 14:31:29,338:Epoch 43/49
2020-05-28 14:31:29,338:----------
2020-05-28 14:32:50,858:train Loss: 0.5780 Acc: 0.7298
2020-05-28 14:33:17,383:val Loss: 0.5763 Acc: 0.7299
2020-05-28 14:33:17,383:Epoch 44/49
2020-05-28 14:33:17,383:----------
2020-05-28 14:34:38,898:train Loss: 0.5783 Acc: 0.7298
2020-05-28 14:35:05,468:val Loss: 0.5763 Acc: 0.7299
2020-05-28 14:35:05,468:Epoch 45/49
2020-05-28 14:35:05,468:----------
2020-05-28 14:36:26,970:train Loss: 0.5784 Acc: 0.7298
2020-05-28 14:36:53,556:val Loss: 0.5763 Acc: 0.7299
2020-05-28 14:36:53,556:Epoch 46/49
2020-05-28 14:36:53,556:----------
2020-05-28 14:38:15,090:train Loss: 0.5784 Acc: 0.7298
2020-05-28 14:38:41,618:val Loss: 0.5763 Acc: 0.7299
2020-05-28 14:38:41,619:Epoch 47/49
2020-05-28 14:38:41,619:----------
2020-05-28 14:40:03,053:train Loss: 0.5783 Acc: 0.7298
2020-05-28 14:40:29,544:val Loss: 0.5763 Acc: 0.7299
2020-05-28 14:40:29,544:Epoch 48/49
2020-05-28 14:40:29,544:----------
2020-05-28 14:41:51,050:train Loss: 0.5782 Acc: 0.7298
2020-05-28 14:42:17,583:val Loss: 0.5763 Acc: 0.7299
2020-05-28 14:42:17,583:Epoch 49/49
2020-05-28 14:42:17,584:----------
2020-05-28 14:43:39,012:train Loss: 0.5783 Acc: 0.7298
2020-05-28 14:44:05,526:val Loss: 0.5763 Acc: 0.7299
2020-05-28 14:44:05,693:Training complete in 90m 32s
2020-05-28 14:44:05,693:Best val Acc: 0.729915
2020-05-28 14:44:31,729:Test accuracy = 72.91311754684838
