2020-06-11 08:17:10,535:cuda:0
2020-06-11 08:17:10,535:AlexNet architecure chosen, DCN is True
2020-06-11 19:27:07,385:cuda:0
2020-06-11 19:27:07,385:AlexNet architecure chosen, DCN is True
2020-06-11 19:27:09,723:Epoch 0/49
2020-06-11 19:27:09,723:----------
2020-06-11 19:28:32,399:train Loss: 0.6684 Acc: 0.6774
2020-06-11 19:28:59,039:val Loss: 0.6386 Acc: 0.7299
2020-06-11 19:28:59,040:Epoch 1/49
2020-06-11 19:28:59,040:----------
2020-06-11 19:30:21,744:train Loss: 0.6173 Acc: 0.7298
2020-06-11 19:30:48,376:val Loss: 0.6002 Acc: 0.7299
2020-06-11 19:30:48,376:Epoch 2/49
2020-06-11 19:30:48,376:----------
2020-06-11 19:32:10,889:train Loss: 0.5962 Acc: 0.7298
2020-06-11 19:32:37,509:val Loss: 0.5918 Acc: 0.7299
2020-06-11 19:32:37,509:Epoch 3/49
2020-06-11 19:32:37,510:----------
2020-06-11 19:34:00,112:train Loss: 0.5912 Acc: 0.7298
2020-06-11 19:34:26,820:val Loss: 0.5876 Acc: 0.7299
2020-06-11 19:34:26,820:Epoch 4/49
2020-06-11 19:34:26,820:----------
2020-06-11 19:35:49,921:train Loss: 0.5874 Acc: 0.7298
2020-06-11 19:36:16,675:val Loss: 0.5842 Acc: 0.7299
2020-06-11 19:36:16,675:Epoch 5/49
2020-06-11 19:36:16,675:----------
2020-06-11 19:37:39,346:train Loss: 0.5836 Acc: 0.7298
2020-06-11 19:38:06,029:val Loss: 0.5790 Acc: 0.7299
2020-06-11 19:38:06,029:Epoch 6/49
2020-06-11 19:38:06,030:----------
2020-06-11 19:39:28,607:train Loss: 0.5781 Acc: 0.7298
2020-06-11 19:39:55,205:val Loss: 0.5726 Acc: 0.7299
2020-06-11 19:39:55,206:Epoch 7/49
2020-06-11 19:39:55,206:----------
2020-06-11 19:41:17,736:train Loss: 0.5741 Acc: 0.7298
2020-06-11 19:41:44,357:val Loss: 0.5715 Acc: 0.7299
2020-06-11 19:41:44,357:Epoch 8/49
2020-06-11 19:41:44,357:----------
2020-06-11 19:43:06,984:train Loss: 0.5729 Acc: 0.7298
2020-06-11 19:43:33,603:val Loss: 0.5704 Acc: 0.7299
2020-06-11 19:43:33,603:Epoch 9/49
2020-06-11 19:43:33,603:----------
2020-06-11 19:44:56,118:train Loss: 0.5724 Acc: 0.7298
2020-06-11 19:45:22,772:val Loss: 0.5691 Acc: 0.7299
2020-06-11 19:45:22,772:Epoch 10/49
2020-06-11 19:45:22,774:----------
2020-06-11 19:46:45,579:train Loss: 0.5713 Acc: 0.7298
2020-06-11 19:47:12,176:val Loss: 0.5680 Acc: 0.7299
2020-06-11 19:47:12,176:Epoch 11/49
2020-06-11 19:47:12,176:----------
2020-06-11 19:48:34,768:train Loss: 0.5701 Acc: 0.7298
2020-06-11 19:49:01,482:val Loss: 0.5668 Acc: 0.7299
2020-06-11 19:49:01,482:Epoch 12/49
2020-06-11 19:49:01,483:----------
2020-06-11 19:50:24,073:train Loss: 0.5689 Acc: 0.7298
2020-06-11 19:50:50,765:val Loss: 0.5655 Acc: 0.7299
2020-06-11 19:50:50,765:Epoch 13/49
2020-06-11 19:50:50,765:----------
2020-06-11 19:52:13,497:train Loss: 0.5678 Acc: 0.7298
2020-06-11 19:52:40,137:val Loss: 0.5641 Acc: 0.7299
2020-06-11 19:52:40,137:Epoch 14/49
2020-06-11 19:52:40,137:----------
2020-06-11 19:54:02,705:train Loss: 0.5671 Acc: 0.7298
2020-06-11 19:54:29,391:val Loss: 0.5640 Acc: 0.7299
2020-06-11 19:54:29,392:Epoch 15/49
2020-06-11 19:54:29,392:----------
2020-06-11 19:55:51,949:train Loss: 0.5673 Acc: 0.7298
2020-06-11 19:56:18,577:val Loss: 0.5638 Acc: 0.7299
2020-06-11 19:56:18,577:Epoch 16/49
2020-06-11 19:56:18,577:----------
2020-06-11 19:57:41,103:train Loss: 0.5671 Acc: 0.7298
2020-06-11 19:58:07,754:val Loss: 0.5637 Acc: 0.7299
2020-06-11 19:58:07,754:Epoch 17/49
2020-06-11 19:58:07,754:----------
2020-06-11 19:59:30,353:train Loss: 0.5667 Acc: 0.7298
2020-06-11 19:59:57,057:val Loss: 0.5635 Acc: 0.7299
2020-06-11 19:59:57,057:Epoch 18/49
2020-06-11 19:59:57,057:----------
2020-06-11 20:01:19,651:train Loss: 0.5663 Acc: 0.7298
2020-06-11 20:01:46,403:val Loss: 0.5634 Acc: 0.7299
2020-06-11 20:01:46,403:Epoch 19/49
2020-06-11 20:01:46,403:----------
2020-06-11 20:03:08,948:train Loss: 0.5666 Acc: 0.7298
2020-06-11 20:03:35,652:val Loss: 0.5632 Acc: 0.7299
2020-06-11 20:03:35,652:Epoch 20/49
2020-06-11 20:03:35,652:----------
2020-06-11 20:04:58,696:train Loss: 0.5664 Acc: 0.7298
2020-06-11 20:05:25,484:val Loss: 0.5631 Acc: 0.7299
2020-06-11 20:05:25,484:Epoch 21/49
2020-06-11 20:05:25,484:----------
2020-06-11 20:06:48,061:train Loss: 0.5662 Acc: 0.7298
2020-06-11 20:07:14,727:val Loss: 0.5631 Acc: 0.7299
2020-06-11 20:07:14,727:Epoch 22/49
2020-06-11 20:07:14,727:----------
2020-06-11 20:08:37,307:train Loss: 0.5663 Acc: 0.7298
2020-06-11 20:09:03,920:val Loss: 0.5631 Acc: 0.7299
2020-06-11 20:09:03,920:Epoch 23/49
2020-06-11 20:09:03,920:----------
2020-06-11 20:10:26,537:train Loss: 0.5664 Acc: 0.7298
2020-06-11 20:10:53,121:val Loss: 0.5630 Acc: 0.7299
2020-06-11 20:10:53,121:Epoch 24/49
2020-06-11 20:10:53,123:----------
2020-06-11 20:12:15,845:train Loss: 0.5664 Acc: 0.7298
2020-06-11 20:12:42,503:val Loss: 0.5630 Acc: 0.7299
2020-06-11 20:12:42,504:Epoch 25/49
2020-06-11 20:12:42,504:----------
2020-06-11 20:14:05,035:train Loss: 0.5665 Acc: 0.7298
2020-06-11 20:14:31,766:val Loss: 0.5630 Acc: 0.7299
2020-06-11 20:14:31,766:Epoch 26/49
2020-06-11 20:14:31,766:----------
2020-06-11 20:15:54,411:train Loss: 0.5664 Acc: 0.7298
2020-06-11 20:16:21,167:val Loss: 0.5630 Acc: 0.7299
2020-06-11 20:16:21,168:Epoch 27/49
2020-06-11 20:16:21,168:----------
2020-06-11 20:17:43,726:train Loss: 0.5662 Acc: 0.7298
2020-06-11 20:18:10,358:val Loss: 0.5630 Acc: 0.7299
2020-06-11 20:18:10,358:Epoch 28/49
2020-06-11 20:18:10,358:----------
2020-06-11 20:19:32,926:train Loss: 0.5661 Acc: 0.7298
2020-06-11 20:19:59,565:val Loss: 0.5630 Acc: 0.7299
2020-06-11 20:19:59,565:Epoch 29/49
2020-06-11 20:19:59,565:----------
2020-06-11 20:21:22,155:train Loss: 0.5661 Acc: 0.7298
2020-06-11 20:21:48,763:val Loss: 0.5630 Acc: 0.7299
2020-06-11 20:21:48,763:Epoch 30/49
2020-06-11 20:21:48,763:----------
2020-06-11 20:23:11,266:train Loss: 0.5661 Acc: 0.7298
2020-06-11 20:23:37,922:val Loss: 0.5630 Acc: 0.7299
2020-06-11 20:23:37,922:Epoch 31/49
2020-06-11 20:23:37,922:----------
2020-06-11 20:25:00,443:train Loss: 0.5658 Acc: 0.7298
2020-06-11 20:25:27,053:val Loss: 0.5630 Acc: 0.7299
2020-06-11 20:25:27,053:Epoch 32/49
2020-06-11 20:25:27,053:----------
2020-06-11 20:26:49,653:train Loss: 0.5662 Acc: 0.7298
2020-06-11 20:27:16,308:val Loss: 0.5630 Acc: 0.7299
2020-06-11 20:27:16,308:Epoch 33/49
2020-06-11 20:27:16,308:----------
2020-06-11 20:28:38,918:train Loss: 0.5664 Acc: 0.7298
2020-06-11 20:29:05,534:val Loss: 0.5630 Acc: 0.7299
2020-06-11 20:29:05,534:Epoch 34/49
2020-06-11 20:29:05,534:----------
2020-06-11 20:30:28,145:train Loss: 0.5663 Acc: 0.7298
2020-06-11 20:30:54,845:val Loss: 0.5630 Acc: 0.7299
2020-06-11 20:30:54,845:Epoch 35/49
2020-06-11 20:30:54,845:----------
2020-06-11 20:32:17,505:train Loss: 0.5660 Acc: 0.7298
2020-06-11 20:32:44,148:val Loss: 0.5630 Acc: 0.7299
2020-06-11 20:32:44,148:Epoch 36/49
2020-06-11 20:32:44,148:----------
2020-06-11 20:34:06,541:train Loss: 0.5662 Acc: 0.7298
2020-06-11 20:34:33,538:val Loss: 0.5630 Acc: 0.7299
2020-06-11 20:34:33,538:Epoch 37/49
2020-06-11 20:34:33,538:----------
2020-06-11 20:35:56,110:train Loss: 0.5660 Acc: 0.7298
2020-06-11 20:36:22,851:val Loss: 0.5630 Acc: 0.7299
2020-06-11 20:36:22,851:Epoch 38/49
2020-06-11 20:36:22,853:----------
2020-06-11 20:37:45,546:train Loss: 0.5666 Acc: 0.7298
2020-06-11 20:38:12,226:val Loss: 0.5630 Acc: 0.7299
2020-06-11 20:38:12,226:Epoch 39/49
2020-06-11 20:38:12,226:----------
2020-06-11 20:39:34,877:train Loss: 0.5657 Acc: 0.7298
2020-06-11 20:40:01,653:val Loss: 0.5630 Acc: 0.7299
2020-06-11 20:40:01,654:Epoch 40/49
2020-06-11 20:40:01,654:----------
2020-06-11 20:41:24,137:train Loss: 0.5664 Acc: 0.7298
2020-06-11 20:41:50,742:val Loss: 0.5630 Acc: 0.7299
2020-06-11 20:41:50,742:Epoch 41/49
2020-06-11 20:41:50,742:----------
2020-06-11 20:43:13,247:train Loss: 0.5659 Acc: 0.7298
2020-06-11 20:43:39,827:val Loss: 0.5630 Acc: 0.7299
2020-06-11 20:43:39,827:Epoch 42/49
2020-06-11 20:43:39,827:----------
2020-06-11 20:45:02,371:train Loss: 0.5664 Acc: 0.7298
2020-06-11 20:45:29,122:val Loss: 0.5630 Acc: 0.7299
2020-06-11 20:45:29,122:Epoch 43/49
2020-06-11 20:45:29,122:----------
2020-06-11 20:46:51,831:train Loss: 0.5663 Acc: 0.7298
2020-06-11 20:47:18,502:val Loss: 0.5630 Acc: 0.7299
2020-06-11 20:47:18,502:Epoch 44/49
2020-06-11 20:47:18,503:----------
2020-06-11 20:48:41,024:train Loss: 0.5664 Acc: 0.7298
2020-06-11 20:49:07,661:val Loss: 0.5630 Acc: 0.7299
2020-06-11 20:49:07,661:Epoch 45/49
2020-06-11 20:49:07,661:----------
2020-06-11 20:50:30,161:train Loss: 0.5659 Acc: 0.7298
2020-06-11 20:50:56,786:val Loss: 0.5630 Acc: 0.7299
2020-06-11 20:50:56,786:Epoch 46/49
2020-06-11 20:50:56,786:----------
2020-06-11 20:52:19,295:train Loss: 0.5662 Acc: 0.7298
2020-06-11 20:52:45,958:val Loss: 0.5630 Acc: 0.7299
2020-06-11 20:52:45,958:Epoch 47/49
2020-06-11 20:52:45,958:----------
2020-06-11 20:54:08,515:train Loss: 0.5663 Acc: 0.7298
2020-06-11 20:54:35,128:val Loss: 0.5630 Acc: 0.7299
2020-06-11 20:54:35,129:Epoch 48/49
2020-06-11 20:54:35,129:----------
2020-06-11 20:55:57,672:train Loss: 0.5660 Acc: 0.7298
2020-06-11 20:56:24,379:val Loss: 0.5630 Acc: 0.7299
2020-06-11 20:56:24,379:Epoch 49/49
2020-06-11 20:56:24,379:----------
2020-06-11 20:57:46,969:train Loss: 0.5659 Acc: 0.7298
2020-06-11 20:58:13,641:val Loss: 0.5630 Acc: 0.7299
2020-06-11 20:58:13,818:Training complete in 91m 4s
2020-06-11 20:58:13,818:Best val Acc: 0.729915
2020-06-11 20:58:40,095:Test accuracy = 72.91311754684838
