2020-05-28 11:20:20,552:cuda:0
2020-05-28 11:20:23,092:Epoch 0/49
2020-05-28 11:20:23,092:----------
2020-05-28 11:36:51,421:train Loss: 0.6679 Acc: 0.6970
2020-05-28 11:43:04,649:val Loss: 0.6367 Acc: 0.7299
2020-05-28 11:43:05,016:Epoch 1/49
2020-05-28 11:43:05,017:----------
2020-05-28 11:44:27,901:train Loss: 0.6186 Acc: 0.7298
2020-05-28 11:44:54,964:val Loss: 0.6032 Acc: 0.7299
2020-05-28 11:44:54,995:Epoch 2/49
2020-05-28 11:44:54,995:----------
2020-05-28 11:46:17,757:train Loss: 0.5963 Acc: 0.7298
2020-05-28 11:46:45,079:val Loss: 0.5909 Acc: 0.7299
2020-05-28 11:46:45,080:Epoch 3/49
2020-05-28 11:46:45,080:----------
2020-05-28 11:48:08,056:train Loss: 0.5897 Acc: 0.7298
2020-05-28 11:48:35,047:val Loss: 0.5872 Acc: 0.7299
2020-05-28 11:48:35,047:Epoch 4/49
2020-05-28 11:48:35,047:----------
2020-05-28 11:49:58,044:train Loss: 0.5868 Acc: 0.7298
2020-05-28 11:50:25,194:val Loss: 0.5840 Acc: 0.7299
2020-05-28 11:50:25,194:Epoch 5/49
2020-05-28 11:50:25,194:----------
2020-05-28 11:51:47,570:train Loss: 0.5844 Acc: 0.7298
2020-05-28 11:52:14,546:val Loss: 0.5810 Acc: 0.7299
2020-05-28 11:52:14,546:Epoch 6/49
2020-05-28 11:52:14,546:----------
2020-05-28 11:53:37,158:train Loss: 0.5814 Acc: 0.7298
2020-05-28 11:54:04,007:val Loss: 0.5775 Acc: 0.7299
2020-05-28 11:54:04,008:Epoch 7/49
2020-05-28 11:54:04,008:----------
2020-05-28 11:55:26,191:train Loss: 0.5794 Acc: 0.7298
2020-05-28 11:55:53,518:val Loss: 0.5772 Acc: 0.7299
2020-05-28 11:55:55,394:Epoch 8/49
2020-05-28 11:55:55,394:----------
2020-05-28 11:57:17,725:train Loss: 0.5792 Acc: 0.7298
2020-05-28 11:57:44,814:val Loss: 0.5767 Acc: 0.7299
2020-05-28 11:57:46,399:Epoch 9/49
2020-05-28 11:57:46,399:----------
2020-05-28 11:59:08,924:train Loss: 0.5788 Acc: 0.7298
2020-05-28 11:59:35,994:val Loss: 0.5764 Acc: 0.7299
2020-05-28 11:59:35,995:Epoch 10/49
2020-05-28 11:59:35,995:----------
2020-05-28 12:00:58,328:train Loss: 0.5783 Acc: 0.7298
2020-05-28 12:01:25,324:val Loss: 0.5759 Acc: 0.7299
2020-05-28 12:01:25,324:Epoch 11/49
2020-05-28 12:01:25,324:----------
2020-05-28 12:02:47,720:train Loss: 0.5782 Acc: 0.7298
2020-05-28 12:03:14,728:val Loss: 0.5755 Acc: 0.7299
2020-05-28 12:03:14,728:Epoch 12/49
2020-05-28 12:03:14,728:----------
2020-05-28 12:04:37,191:train Loss: 0.5776 Acc: 0.7298
2020-05-28 12:05:04,104:val Loss: 0.5751 Acc: 0.7299
2020-05-28 12:05:04,105:Epoch 13/49
2020-05-28 12:05:04,105:----------
2020-05-28 12:06:26,460:train Loss: 0.5774 Acc: 0.7298
2020-05-28 12:06:53,359:val Loss: 0.5746 Acc: 0.7299
2020-05-28 12:06:53,360:Epoch 14/49
2020-05-28 12:06:53,360:----------
2020-05-28 12:08:16,580:train Loss: 0.5770 Acc: 0.7298
2020-05-28 12:08:43,419:val Loss: 0.5745 Acc: 0.7299
2020-05-28 12:08:43,419:Epoch 15/49
2020-05-28 12:08:43,419:----------
2020-05-28 12:10:05,475:train Loss: 0.5771 Acc: 0.7298
2020-05-28 12:10:32,503:val Loss: 0.5745 Acc: 0.7299
2020-05-28 12:10:32,503:Epoch 16/49
2020-05-28 12:10:32,503:----------
2020-05-28 12:11:54,647:train Loss: 0.5771 Acc: 0.7298
2020-05-28 12:12:21,578:val Loss: 0.5744 Acc: 0.7299
2020-05-28 12:12:21,578:Epoch 17/49
2020-05-28 12:12:21,578:----------
2020-05-28 12:13:43,546:train Loss: 0.5772 Acc: 0.7298
2020-05-28 12:14:10,339:val Loss: 0.5744 Acc: 0.7299
2020-05-28 12:14:10,339:Epoch 18/49
2020-05-28 12:14:10,339:----------
2020-05-28 12:15:32,315:train Loss: 0.5769 Acc: 0.7298
2020-05-28 12:15:59,374:val Loss: 0.5743 Acc: 0.7299
2020-05-28 12:15:59,374:Epoch 19/49
2020-05-28 12:15:59,374:----------
2020-05-28 12:17:21,256:train Loss: 0.5772 Acc: 0.7298
2020-05-28 12:17:48,069:val Loss: 0.5743 Acc: 0.7299
2020-05-28 12:17:48,069:Epoch 20/49
2020-05-28 12:17:48,069:----------
2020-05-28 12:19:09,710:train Loss: 0.5769 Acc: 0.7298
2020-05-28 12:19:36,533:val Loss: 0.5743 Acc: 0.7299
2020-05-28 12:19:36,533:Epoch 21/49
2020-05-28 12:19:36,533:----------
2020-05-28 12:20:58,314:train Loss: 0.5769 Acc: 0.7298
2020-05-28 12:21:32,226:val Loss: 0.5743 Acc: 0.7299
2020-05-28 12:21:32,226:Epoch 22/49
2020-05-28 12:21:32,226:----------
2020-05-28 12:23:11,204:train Loss: 0.5766 Acc: 0.7298
2020-05-28 12:24:28,712:val Loss: 0.5742 Acc: 0.7299
2020-05-28 12:24:28,713:Epoch 23/49
2020-05-28 12:24:28,713:----------
2020-05-28 12:26:10,697:train Loss: 0.5769 Acc: 0.7298
2020-05-28 12:26:37,106:val Loss: 0.5742 Acc: 0.7299
2020-05-28 12:26:37,106:Epoch 24/49
2020-05-28 12:26:37,106:----------
2020-05-28 12:27:57,876:train Loss: 0.5769 Acc: 0.7298
2020-05-28 12:28:24,270:val Loss: 0.5742 Acc: 0.7299
2020-05-28 12:28:24,271:Epoch 25/49
2020-05-28 12:28:24,272:----------
2020-05-28 12:29:44,987:train Loss: 0.5770 Acc: 0.7298
2020-05-28 12:30:11,437:val Loss: 0.5742 Acc: 0.7299
2020-05-28 12:30:11,438:Epoch 26/49
2020-05-28 12:30:11,438:----------
2020-05-28 12:31:32,205:train Loss: 0.5766 Acc: 0.7298
2020-05-28 12:31:58,687:val Loss: 0.5742 Acc: 0.7299
2020-05-28 12:31:58,687:Epoch 27/49
2020-05-28 12:31:58,687:----------
2020-05-28 12:33:19,345:train Loss: 0.5771 Acc: 0.7298
2020-05-28 12:33:45,744:val Loss: 0.5742 Acc: 0.7299
2020-05-28 12:33:45,744:Epoch 28/49
2020-05-28 12:33:45,744:----------
2020-05-28 12:35:06,431:train Loss: 0.5768 Acc: 0.7298
2020-05-28 12:35:32,875:val Loss: 0.5742 Acc: 0.7299
2020-05-28 12:35:32,876:Epoch 29/49
2020-05-28 12:35:32,876:----------
2020-05-28 12:36:53,524:train Loss: 0.5767 Acc: 0.7298
2020-05-28 12:37:19,931:val Loss: 0.5742 Acc: 0.7299
2020-05-28 12:37:19,931:Epoch 30/49
2020-05-28 12:37:19,932:----------
2020-05-28 12:38:40,630:train Loss: 0.5769 Acc: 0.7298
2020-05-28 12:39:07,126:val Loss: 0.5742 Acc: 0.7299
2020-05-28 12:39:07,126:Epoch 31/49
2020-05-28 12:39:07,127:----------
2020-05-28 12:40:27,904:train Loss: 0.5768 Acc: 0.7298
2020-05-28 12:40:54,316:val Loss: 0.5742 Acc: 0.7299
2020-05-28 12:40:54,317:Epoch 32/49
2020-05-28 12:40:54,318:----------
2020-05-28 12:42:15,082:train Loss: 0.5767 Acc: 0.7298
2020-05-28 12:42:41,544:val Loss: 0.5742 Acc: 0.7299
2020-05-28 12:42:41,544:Epoch 33/49
2020-05-28 12:42:41,544:----------
2020-05-28 12:44:02,257:train Loss: 0.5768 Acc: 0.7298
2020-05-28 12:44:28,751:val Loss: 0.5742 Acc: 0.7299
2020-05-28 12:44:28,751:Epoch 34/49
2020-05-28 12:44:28,751:----------
2020-05-28 12:45:49,392:train Loss: 0.5768 Acc: 0.7298
2020-05-28 12:46:15,819:val Loss: 0.5742 Acc: 0.7299
2020-05-28 12:46:15,819:Epoch 35/49
2020-05-28 12:46:15,819:----------
2020-05-28 12:47:36,554:train Loss: 0.5765 Acc: 0.7298
2020-05-28 12:48:02,966:val Loss: 0.5742 Acc: 0.7299
2020-05-28 12:48:02,966:Epoch 36/49
2020-05-28 12:48:02,966:----------
2020-05-28 12:49:23,764:train Loss: 0.5767 Acc: 0.7298
2020-05-28 12:49:50,200:val Loss: 0.5742 Acc: 0.7299
2020-05-28 12:49:50,200:Epoch 37/49
2020-05-28 12:49:50,200:----------
2020-05-28 12:51:10,862:train Loss: 0.5767 Acc: 0.7298
2020-05-28 12:51:37,277:val Loss: 0.5742 Acc: 0.7299
2020-05-28 12:51:37,277:Epoch 38/49
2020-05-28 12:51:37,277:----------
2020-05-28 12:52:57,995:train Loss: 0.5767 Acc: 0.7298
2020-05-28 12:53:24,458:val Loss: 0.5742 Acc: 0.7299
2020-05-28 12:53:24,458:Epoch 39/49
2020-05-28 12:53:24,460:----------
2020-05-28 12:54:45,260:train Loss: 0.5768 Acc: 0.7298
2020-05-28 12:55:11,697:val Loss: 0.5742 Acc: 0.7299
2020-05-28 12:55:11,697:Epoch 40/49
2020-05-28 12:55:11,697:----------
2020-05-28 12:56:32,340:train Loss: 0.5770 Acc: 0.7298
2020-05-28 12:56:58,809:val Loss: 0.5742 Acc: 0.7299
2020-05-28 12:56:58,809:Epoch 41/49
2020-05-28 12:56:58,809:----------
2020-05-28 12:58:19,477:train Loss: 0.5769 Acc: 0.7298
2020-05-28 12:58:46,025:val Loss: 0.5742 Acc: 0.7299
2020-05-28 12:58:46,025:Epoch 42/49
2020-05-28 12:58:46,026:----------
2020-05-28 13:00:06,795:train Loss: 0.5766 Acc: 0.7298
2020-05-28 13:00:33,263:val Loss: 0.5742 Acc: 0.7299
2020-05-28 13:00:33,264:Epoch 43/49
2020-05-28 13:00:33,264:----------
2020-05-28 13:01:53,942:train Loss: 0.5767 Acc: 0.7298
2020-05-28 13:02:20,302:val Loss: 0.5742 Acc: 0.7299
2020-05-28 13:02:20,303:Epoch 44/49
2020-05-28 13:02:20,303:----------
2020-05-28 13:03:40,945:train Loss: 0.5766 Acc: 0.7298
2020-05-28 13:04:07,323:val Loss: 0.5742 Acc: 0.7299
2020-05-28 13:04:07,323:Epoch 45/49
2020-05-28 13:04:07,323:----------
2020-05-28 13:05:28,026:train Loss: 0.5767 Acc: 0.7298
2020-05-28 13:05:54,533:val Loss: 0.5742 Acc: 0.7299
2020-05-28 13:05:54,533:Epoch 46/49
2020-05-28 13:05:54,535:----------
2020-05-28 13:07:15,294:train Loss: 0.5770 Acc: 0.7298
2020-05-28 13:07:41,736:val Loss: 0.5742 Acc: 0.7299
2020-05-28 13:07:41,736:Epoch 47/49
2020-05-28 13:07:41,736:----------
2020-05-28 13:09:02,519:train Loss: 0.5770 Acc: 0.7298
2020-05-28 13:09:28,983:val Loss: 0.5742 Acc: 0.7299
2020-05-28 13:09:28,983:Epoch 48/49
2020-05-28 13:09:28,983:----------
2020-05-28 13:10:49,749:train Loss: 0.5768 Acc: 0.7298
2020-05-28 13:11:16,229:val Loss: 0.5742 Acc: 0.7299
2020-05-28 13:11:16,229:Epoch 49/49
2020-05-28 13:11:16,229:----------
2020-05-28 13:12:36,899:train Loss: 0.5768 Acc: 0.7298
2020-05-28 13:13:03,304:val Loss: 0.5742 Acc: 0.7299
2020-05-28 13:13:03,663:Training complete in 112m 41s
2020-05-28 13:13:03,663:Best val Acc: 0.729915
2020-05-28 13:13:31,032:Test accuracy = 72.91311754684838
