2020-06-09 08:35:43,999:cuda:0
2020-06-09 08:35:43,999:AlexNet architecure chosen, DCN is False
2020-06-09 08:36:00,323:Epoch 0/49
2020-06-09 08:36:00,323:----------
2020-06-09 08:42:07,692:train Loss: 0.5521 Acc: 0.7737
2020-06-09 08:43:24,337:val Loss: 0.5136 Acc: 0.7752
2020-06-09 08:43:24,368:Epoch 1/49
2020-06-09 08:43:24,368:----------
2020-06-09 08:49:16,131:train Loss: 0.5100 Acc: 0.7747
2020-06-09 08:50:32,834:val Loss: 0.4923 Acc: 0.7752
2020-06-09 08:50:32,838:Epoch 2/49
2020-06-09 08:50:32,839:----------
2020-06-09 08:56:24,533:train Loss: 0.4769 Acc: 0.7747
2020-06-09 08:57:41,113:val Loss: 0.4435 Acc: 0.7752
2020-06-09 08:57:41,113:Epoch 3/49
2020-06-09 08:57:41,113:----------
2020-06-09 09:03:32,760:train Loss: 0.4446 Acc: 0.7778
2020-06-09 09:04:49,384:val Loss: 0.4245 Acc: 0.8043
2020-06-09 09:04:49,385:Epoch 4/49
2020-06-09 09:04:49,385:----------
2020-06-09 09:10:41,874:train Loss: 0.4338 Acc: 0.8000
2020-06-09 09:11:58,549:val Loss: 0.4189 Acc: 0.8045
2020-06-09 09:11:58,550:Epoch 5/49
2020-06-09 09:11:58,551:----------
2020-06-09 09:17:50,390:train Loss: 0.4310 Acc: 0.8027
2020-06-09 09:19:07,028:val Loss: 0.4180 Acc: 0.8002
2020-06-09 09:19:07,028:Epoch 6/49
2020-06-09 09:19:07,028:----------
2020-06-09 09:24:58,750:train Loss: 0.4288 Acc: 0.8049
2020-06-09 09:26:15,354:val Loss: 0.4145 Acc: 0.8048
2020-06-09 09:26:15,355:Epoch 7/49
2020-06-09 09:26:15,355:----------
2020-06-09 09:32:07,037:train Loss: 0.4246 Acc: 0.8065
2020-06-09 09:33:23,686:val Loss: 0.4139 Acc: 0.8043
2020-06-09 09:33:23,686:Epoch 8/49
2020-06-09 09:33:23,686:----------
2020-06-09 09:39:16,209:train Loss: 0.4246 Acc: 0.8057
2020-06-09 09:40:32,923:val Loss: 0.4127 Acc: 0.8060
2020-06-09 09:40:32,924:Epoch 9/49
2020-06-09 09:40:32,924:----------
2020-06-09 09:46:24,480:train Loss: 0.4243 Acc: 0.8052
2020-06-09 09:47:41,041:val Loss: 0.4125 Acc: 0.8060
2020-06-09 09:47:41,041:Epoch 10/49
2020-06-09 09:47:41,041:----------
2020-06-09 09:53:32,826:train Loss: 0.4239 Acc: 0.8072
2020-06-09 09:54:49,477:val Loss: 0.4131 Acc: 0.8040
2020-06-09 09:54:49,477:Epoch 11/49
2020-06-09 09:54:49,477:----------
2020-06-09 10:00:41,030:train Loss: 0.4234 Acc: 0.8058
2020-06-09 10:01:57,775:val Loss: 0.4119 Acc: 0.8057
2020-06-09 10:01:57,776:Epoch 12/49
2020-06-09 10:01:57,776:----------
2020-06-09 10:07:49,727:train Loss: 0.4228 Acc: 0.8058
2020-06-09 10:09:06,263:val Loss: 0.4115 Acc: 0.8060
2020-06-09 10:09:06,263:Epoch 13/49
2020-06-09 10:09:06,263:----------
2020-06-09 10:14:58,082:train Loss: 0.4234 Acc: 0.8074
2020-06-09 10:16:14,862:val Loss: 0.4117 Acc: 0.8050
2020-06-09 10:16:14,862:Epoch 14/49
2020-06-09 10:16:14,862:----------
2020-06-09 10:22:06,464:train Loss: 0.4226 Acc: 0.8059
2020-06-09 10:23:23,033:val Loss: 0.4113 Acc: 0.8071
2020-06-09 10:23:23,034:Epoch 15/49
2020-06-09 10:23:23,034:----------
2020-06-09 10:29:14,819:train Loss: 0.4226 Acc: 0.8054
2020-06-09 10:30:31,750:val Loss: 0.4111 Acc: 0.8076
2020-06-09 10:30:31,751:Epoch 16/49
2020-06-09 10:30:31,751:----------
2020-06-09 10:36:23,945:train Loss: 0.4228 Acc: 0.8070
2020-06-09 10:37:40,894:val Loss: 0.4111 Acc: 0.8071
2020-06-09 10:37:40,894:Epoch 17/49
2020-06-09 10:37:40,894:----------
2020-06-09 10:43:32,483:train Loss: 0.4219 Acc: 0.8069
2020-06-09 10:44:49,181:val Loss: 0.4112 Acc: 0.8062
2020-06-09 10:44:49,181:Epoch 18/49
2020-06-09 10:44:49,181:----------
2020-06-09 10:50:41,019:train Loss: 0.4226 Acc: 0.8062
2020-06-09 10:51:57,814:val Loss: 0.4111 Acc: 0.8069
2020-06-09 10:51:57,814:Epoch 19/49
2020-06-09 10:51:57,814:----------
2020-06-09 10:57:49,670:train Loss: 0.4219 Acc: 0.8064
2020-06-09 10:59:06,563:val Loss: 0.4111 Acc: 0.8069
2020-06-09 10:59:06,563:Epoch 20/49
2020-06-09 10:59:06,563:----------
2020-06-09 11:04:58,289:train Loss: 0.4230 Acc: 0.8058
2020-06-09 11:06:15,590:val Loss: 0.4110 Acc: 0.8067
2020-06-09 11:06:15,591:Epoch 21/49
2020-06-09 11:06:15,591:----------
2020-06-09 11:12:07,482:train Loss: 0.4222 Acc: 0.8075
2020-06-09 11:13:24,354:val Loss: 0.4110 Acc: 0.8069
2020-06-09 11:13:24,354:Epoch 22/49
2020-06-09 11:13:24,354:----------
2020-06-09 11:19:16,220:train Loss: 0.4232 Acc: 0.8058
2020-06-09 11:20:32,954:val Loss: 0.4110 Acc: 0.8069
2020-06-09 11:20:32,954:Epoch 23/49
2020-06-09 11:20:32,954:----------
2020-06-09 11:26:27,912:train Loss: 0.4212 Acc: 0.8058
2020-06-09 11:27:45,035:val Loss: 0.4110 Acc: 0.8067
2020-06-09 11:27:45,035:Epoch 24/49
2020-06-09 11:27:45,035:----------
2020-06-09 11:33:37,376:train Loss: 0.4221 Acc: 0.8059
2020-06-09 11:34:54,205:val Loss: 0.4110 Acc: 0.8069
2020-06-09 11:34:54,205:Epoch 25/49
2020-06-09 11:34:54,205:----------
2020-06-09 11:40:46,741:train Loss: 0.4227 Acc: 0.8079
2020-06-09 11:42:03,477:val Loss: 0.4110 Acc: 0.8067
2020-06-09 11:42:03,477:Epoch 26/49
2020-06-09 11:42:03,477:----------
2020-06-09 11:47:55,728:train Loss: 0.4229 Acc: 0.8059
2020-06-09 11:49:12,343:val Loss: 0.4110 Acc: 0.8069
2020-06-09 11:49:12,343:Epoch 27/49
2020-06-09 11:49:12,343:----------
2020-06-09 11:55:04,737:train Loss: 0.4224 Acc: 0.8070
2020-06-09 11:56:21,429:val Loss: 0.4110 Acc: 0.8069
2020-06-09 11:56:21,429:Epoch 28/49
2020-06-09 11:56:21,430:----------
2020-06-09 12:02:13,387:train Loss: 0.4216 Acc: 0.8079
2020-06-09 12:03:30,075:val Loss: 0.4110 Acc: 0.8069
2020-06-09 12:03:30,075:Epoch 29/49
2020-06-09 12:03:30,075:----------
2020-06-09 12:09:22,666:train Loss: 0.4227 Acc: 0.8073
2020-06-09 12:10:39,286:val Loss: 0.4110 Acc: 0.8069
2020-06-09 12:10:39,286:Epoch 30/49
2020-06-09 12:10:39,286:----------
2020-06-09 12:16:31,572:train Loss: 0.4223 Acc: 0.8056
2020-06-09 12:17:48,340:val Loss: 0.4110 Acc: 0.8069
2020-06-09 12:17:48,340:Epoch 31/49
2020-06-09 12:17:48,340:----------
2020-06-09 12:23:40,203:train Loss: 0.4219 Acc: 0.8061
2020-06-09 12:24:56,821:val Loss: 0.4110 Acc: 0.8069
2020-06-09 12:24:56,821:Epoch 32/49
2020-06-09 12:24:56,821:----------
2020-06-09 12:30:48,924:train Loss: 0.4214 Acc: 0.8073
2020-06-09 12:32:05,630:val Loss: 0.4110 Acc: 0.8069
2020-06-09 12:32:05,630:Epoch 33/49
2020-06-09 12:32:05,630:----------
2020-06-09 12:37:58,091:train Loss: 0.4227 Acc: 0.8063
2020-06-09 12:39:14,823:val Loss: 0.4110 Acc: 0.8069
2020-06-09 12:39:14,823:Epoch 34/49
2020-06-09 12:39:14,823:----------
2020-06-09 12:45:07,407:train Loss: 0.4210 Acc: 0.8063
2020-06-09 12:46:24,145:val Loss: 0.4110 Acc: 0.8069
2020-06-09 12:46:24,145:Epoch 35/49
2020-06-09 12:46:24,145:----------
2020-06-09 12:52:16,110:train Loss: 0.4219 Acc: 0.8074
2020-06-09 12:53:32,807:val Loss: 0.4110 Acc: 0.8069
2020-06-09 12:53:32,807:Epoch 36/49
2020-06-09 12:53:32,807:----------
2020-06-09 12:59:24,521:train Loss: 0.4227 Acc: 0.8068
2020-06-09 13:00:41,234:val Loss: 0.4110 Acc: 0.8069
2020-06-09 13:00:41,234:Epoch 37/49
2020-06-09 13:00:41,234:----------
2020-06-09 13:06:33,588:train Loss: 0.4221 Acc: 0.8054
2020-06-09 13:07:50,207:val Loss: 0.4110 Acc: 0.8069
2020-06-09 13:07:50,207:Epoch 38/49
2020-06-09 13:07:50,207:----------
2020-06-09 13:13:42,313:train Loss: 0.4228 Acc: 0.8066
2020-06-09 13:14:59,013:val Loss: 0.4110 Acc: 0.8069
2020-06-09 13:14:59,013:Epoch 39/49
2020-06-09 13:14:59,014:----------
2020-06-09 13:20:51,289:train Loss: 0.4229 Acc: 0.8068
2020-06-09 13:22:08,049:val Loss: 0.4110 Acc: 0.8069
2020-06-09 13:22:08,050:Epoch 40/49
2020-06-09 13:22:08,050:----------
2020-06-09 13:28:00,147:train Loss: 0.4220 Acc: 0.8078
2020-06-09 13:29:16,923:val Loss: 0.4110 Acc: 0.8069
2020-06-09 13:29:16,923:Epoch 41/49
2020-06-09 13:29:16,923:----------
2020-06-09 13:35:09,421:train Loss: 0.4228 Acc: 0.8064
2020-06-09 13:36:26,216:val Loss: 0.4110 Acc: 0.8069
2020-06-09 13:36:26,217:Epoch 42/49
2020-06-09 13:36:26,217:----------
2020-06-09 13:42:18,385:train Loss: 0.4217 Acc: 0.8069
2020-06-09 13:43:35,096:val Loss: 0.4110 Acc: 0.8069
2020-06-09 13:43:35,097:Epoch 43/49
2020-06-09 13:43:35,097:----------
2020-06-09 13:49:26,911:train Loss: 0.4225 Acc: 0.8059
2020-06-09 13:50:43,511:val Loss: 0.4110 Acc: 0.8069
2020-06-09 13:50:43,511:Epoch 44/49
2020-06-09 13:50:43,511:----------
2020-06-09 13:56:35,443:train Loss: 0.4223 Acc: 0.8069
2020-06-09 13:57:52,047:val Loss: 0.4110 Acc: 0.8069
2020-06-09 13:57:52,047:Epoch 45/49
2020-06-09 13:57:52,049:----------
2020-06-09 14:03:44,007:train Loss: 0.4221 Acc: 0.8047
2020-06-09 14:05:01,166:val Loss: 0.4110 Acc: 0.8069
2020-06-09 14:05:01,166:Epoch 46/49
2020-06-09 14:05:01,167:----------
2020-06-09 14:10:52,929:train Loss: 0.4226 Acc: 0.8057
2020-06-09 14:12:09,670:val Loss: 0.4110 Acc: 0.8069
2020-06-09 14:12:09,670:Epoch 47/49
2020-06-09 14:12:09,670:----------
2020-06-09 14:18:01,277:train Loss: 0.4213 Acc: 0.8056
2020-06-09 14:19:17,949:val Loss: 0.4110 Acc: 0.8069
2020-06-09 14:19:17,949:Epoch 48/49
2020-06-09 14:19:17,949:----------
2020-06-09 14:25:09,981:train Loss: 0.4225 Acc: 0.8086
2020-06-09 14:26:26,639:val Loss: 0.4110 Acc: 0.8069
2020-06-09 14:26:26,639:Epoch 49/49
2020-06-09 14:26:26,639:----------
2020-06-09 14:32:18,391:train Loss: 0.4230 Acc: 0.8066
2020-06-09 14:33:35,004:val Loss: 0.4110 Acc: 0.8069
2020-06-09 14:33:35,590:Training complete in 357m 35s
2020-06-09 14:33:35,590:Best val Acc: 0.807619
2020-06-09 14:34:39,211:Test accuracy = 80.59615935798223
