2020-06-12 11:11:58,709:cuda:0
2020-06-12 11:11:58,709:ResNet50 architecure chosen, DCN is False
2020-06-12 11:12:01,315:Epoch 0/49
2020-06-12 11:12:01,315:----------
2020-06-12 11:13:56,320:train Loss: 0.5141 Acc: 0.7446
2020-06-12 11:14:24,224:val Loss: 0.6763 Acc: 0.6786
2020-06-12 11:14:24,237:Epoch 1/49
2020-06-12 11:14:24,237:----------
2020-06-12 11:16:12,022:train Loss: 0.4435 Acc: 0.7790
2020-06-12 11:16:40,859:val Loss: 0.9982 Acc: 0.7291
2020-06-12 11:16:40,869:Epoch 2/49
2020-06-12 11:16:40,870:----------
2020-06-12 11:18:22,709:train Loss: 0.4313 Acc: 0.7847
2020-06-12 11:19:18,916:val Loss: 0.4821 Acc: 0.7752
2020-06-12 11:19:18,929:Epoch 3/49
2020-06-12 11:19:18,929:----------
2020-06-12 11:20:56,540:train Loss: 0.3692 Acc: 0.8363
2020-06-12 11:21:25,164:val Loss: 0.4553 Acc: 0.7786
2020-06-12 11:21:25,174:Epoch 4/49
2020-06-12 11:21:25,174:----------
2020-06-12 11:23:00,474:train Loss: 0.3418 Acc: 0.8551
2020-06-12 11:23:28,543:val Loss: 0.3026 Acc: 0.8769
2020-06-12 11:23:28,555:Epoch 5/49
2020-06-12 11:23:28,556:----------
2020-06-12 11:25:03,221:train Loss: 0.2847 Acc: 0.8878
2020-06-12 11:25:31,615:val Loss: 0.2344 Acc: 0.9120
2020-06-12 11:25:31,642:Epoch 6/49
2020-06-12 11:25:31,643:----------
2020-06-12 11:27:05,816:train Loss: 0.3021 Acc: 0.8838
2020-06-12 11:27:34,396:val Loss: 0.2672 Acc: 0.8966
2020-06-12 11:27:34,396:Epoch 7/49
2020-06-12 11:27:34,396:----------
2020-06-12 11:29:17,091:train Loss: 0.2239 Acc: 0.9092
2020-06-12 11:29:44,806:val Loss: 0.2085 Acc: 0.9179
2020-06-12 11:29:44,816:Epoch 8/49
2020-06-12 11:29:44,816:----------
2020-06-12 11:31:16,856:train Loss: 0.2053 Acc: 0.9183
2020-06-12 11:32:01,492:val Loss: 0.1947 Acc: 0.9333
2020-06-12 11:32:01,507:Epoch 9/49
2020-06-12 11:32:01,507:----------
2020-06-12 11:34:09,773:train Loss: 0.1999 Acc: 0.9217
2020-06-12 11:34:37,390:val Loss: 0.1969 Acc: 0.9256
2020-06-12 11:34:37,390:Epoch 10/49
2020-06-12 11:34:37,390:----------
2020-06-12 11:36:09,253:train Loss: 0.1880 Acc: 0.9282
2020-06-12 11:36:36,868:val Loss: 0.1893 Acc: 0.9333
2020-06-12 11:36:36,868:Epoch 11/49
2020-06-12 11:36:36,868:----------
2020-06-12 11:38:20,956:train Loss: 0.1790 Acc: 0.9297
2020-06-12 11:38:55,553:val Loss: 0.1732 Acc: 0.9350
2020-06-12 11:38:55,567:Epoch 12/49
2020-06-12 11:38:55,568:----------
2020-06-12 11:40:38,093:train Loss: 0.1721 Acc: 0.9359
2020-06-12 11:41:05,905:val Loss: 0.1757 Acc: 0.9385
2020-06-12 11:41:05,916:Epoch 13/49
2020-06-12 11:41:05,916:----------
2020-06-12 11:42:39,218:train Loss: 0.1688 Acc: 0.9305
2020-06-12 11:43:07,451:val Loss: 0.1806 Acc: 0.9368
2020-06-12 11:43:07,451:Epoch 14/49
2020-06-12 11:43:07,452:----------
2020-06-12 11:44:41,292:train Loss: 0.1612 Acc: 0.9368
2020-06-12 11:45:09,178:val Loss: 0.1713 Acc: 0.9376
2020-06-12 11:45:09,178:Epoch 15/49
2020-06-12 11:45:09,178:----------
2020-06-12 11:46:41,147:train Loss: 0.1606 Acc: 0.9374
2020-06-12 11:47:09,480:val Loss: 0.1702 Acc: 0.9427
2020-06-12 11:47:09,491:Epoch 16/49
2020-06-12 11:47:09,491:----------
2020-06-12 11:48:50,105:train Loss: 0.1580 Acc: 0.9405
2020-06-12 11:49:20,894:val Loss: 0.1685 Acc: 0.9385
2020-06-12 11:49:20,895:Epoch 17/49
2020-06-12 11:49:20,895:----------
2020-06-12 11:51:10,199:train Loss: 0.1496 Acc: 0.9391
2020-06-12 11:51:37,814:val Loss: 0.1708 Acc: 0.9410
2020-06-12 11:51:37,814:Epoch 18/49
2020-06-12 11:51:37,814:----------
2020-06-12 11:53:10,714:train Loss: 0.1539 Acc: 0.9425
2020-06-12 11:53:38,395:val Loss: 0.1676 Acc: 0.9376
2020-06-12 11:53:38,395:Epoch 19/49
2020-06-12 11:53:38,395:----------
2020-06-12 11:55:14,564:train Loss: 0.1565 Acc: 0.9391
2020-06-12 11:55:42,165:val Loss: 0.1680 Acc: 0.9385
2020-06-12 11:55:42,165:Epoch 20/49
2020-06-12 11:55:42,165:----------
2020-06-12 11:57:32,094:train Loss: 0.1494 Acc: 0.9425
2020-06-12 11:57:59,743:val Loss: 0.1696 Acc: 0.9402
2020-06-12 11:57:59,743:Epoch 21/49
2020-06-12 11:57:59,743:----------
2020-06-12 11:59:34,975:train Loss: 0.1514 Acc: 0.9459
2020-06-12 12:00:02,646:val Loss: 0.1686 Acc: 0.9427
2020-06-12 12:00:02,646:Epoch 22/49
2020-06-12 12:00:02,646:----------
2020-06-12 12:01:35,224:train Loss: 0.1507 Acc: 0.9442
2020-06-12 12:02:02,842:val Loss: 0.1672 Acc: 0.9410
2020-06-12 12:02:02,842:Epoch 23/49
2020-06-12 12:02:02,842:----------
2020-06-12 12:03:34,984:train Loss: 0.1521 Acc: 0.9445
2020-06-12 12:04:11,274:val Loss: 0.1688 Acc: 0.9402
2020-06-12 12:04:11,274:Epoch 24/49
2020-06-12 12:04:11,276:----------
2020-06-12 12:05:43,591:train Loss: 0.1589 Acc: 0.9388
2020-06-12 12:06:11,304:val Loss: 0.1698 Acc: 0.9402
2020-06-12 12:06:11,304:Epoch 25/49
2020-06-12 12:06:11,305:----------
2020-06-12 12:07:44,103:train Loss: 0.1530 Acc: 0.9436
2020-06-12 12:08:11,857:val Loss: 0.1674 Acc: 0.9427
2020-06-12 12:08:11,857:Epoch 26/49
2020-06-12 12:08:11,857:----------
2020-06-12 12:09:44,261:train Loss: 0.1514 Acc: 0.9402
2020-06-12 12:10:12,107:val Loss: 0.1689 Acc: 0.9419
2020-06-12 12:10:12,107:Epoch 27/49
2020-06-12 12:10:12,107:----------
2020-06-12 12:11:55,557:train Loss: 0.1566 Acc: 0.9405
2020-06-12 12:12:25,187:val Loss: 0.1668 Acc: 0.9376
2020-06-12 12:12:25,187:Epoch 28/49
2020-06-12 12:12:25,187:----------
2020-06-12 12:14:08,317:train Loss: 0.1500 Acc: 0.9439
2020-06-12 12:14:53,142:val Loss: 0.1703 Acc: 0.9427
2020-06-12 12:14:53,142:Epoch 29/49
2020-06-12 12:14:53,142:----------
