2020-05-28 17:53:00,554:cuda:0
2020-05-28 17:53:00,554:ResNet18 architecure chosen, DCN is True
2020-05-30 08:59:38,561:cuda:0
2020-05-30 08:59:38,561:ResNet18 architecure chosen, DCN is True
2020-05-30 08:59:48,782:Epoch 0/49
2020-05-30 08:59:48,782:----------
2020-05-30 09:02:23,623:train Loss: 0.5775 Acc: 0.7244
2020-05-30 09:03:00,029:val Loss: 0.5347 Acc: 0.7299
2020-05-30 09:03:00,053:Epoch 1/49
2020-05-30 09:03:00,053:----------
2020-05-30 09:04:50,303:train Loss: 0.4586 Acc: 0.7719
2020-05-30 09:05:25,885:val Loss: 0.3707 Acc: 0.8573
2020-05-30 09:05:25,907:Epoch 2/49
2020-05-30 09:05:25,907:----------
2020-05-30 09:07:14,818:train Loss: 0.3902 Acc: 0.8283
2020-05-30 09:07:49,453:val Loss: 0.5717 Acc: 0.7325
2020-05-30 09:07:49,453:Epoch 3/49
2020-05-30 09:07:49,453:----------
2020-05-30 09:09:35,384:train Loss: 0.3607 Acc: 0.8414
2020-05-30 09:10:08,163:val Loss: 0.3079 Acc: 0.8538
2020-05-30 09:10:08,163:Epoch 4/49
2020-05-30 09:10:08,163:----------
2020-05-30 09:11:53,592:train Loss: 0.4152 Acc: 0.8135
2020-05-30 09:12:25,505:val Loss: 0.5839 Acc: 0.7487
2020-05-30 09:12:25,505:Epoch 5/49
2020-05-30 09:12:25,505:----------
2020-05-30 09:14:06,818:train Loss: 0.4259 Acc: 0.8001
2020-05-30 09:14:37,910:val Loss: 0.6075 Acc: 0.6504
2020-05-30 09:14:37,910:Epoch 6/49
2020-05-30 09:14:37,910:----------
2020-05-30 09:16:15,503:train Loss: 0.3788 Acc: 0.8255
2020-05-30 09:16:45,959:val Loss: 0.5386 Acc: 0.7368
2020-05-30 09:16:45,959:Epoch 7/49
2020-05-30 09:16:45,959:----------
2020-05-30 09:18:15,969:train Loss: 0.3232 Acc: 0.8619
2020-05-30 09:18:43,169:val Loss: 0.3748 Acc: 0.8214
2020-05-30 09:18:43,170:Epoch 8/49
2020-05-30 09:18:43,170:----------
2020-05-30 09:20:13,161:train Loss: 0.3021 Acc: 0.8716
2020-05-30 09:20:40,425:val Loss: 0.3473 Acc: 0.8393
2020-05-30 09:20:40,425:Epoch 9/49
2020-05-30 09:20:40,425:----------
2020-05-30 09:22:10,232:train Loss: 0.2849 Acc: 0.8838
2020-05-30 09:22:37,527:val Loss: 0.5345 Acc: 0.7803
2020-05-30 09:22:37,527:Epoch 10/49
2020-05-30 09:22:37,527:----------
2020-05-30 09:24:07,484:train Loss: 0.2763 Acc: 0.8844
2020-05-30 09:24:34,750:val Loss: 0.2861 Acc: 0.8803
2020-05-30 09:24:34,755:Epoch 11/49
2020-05-30 09:24:34,755:----------
2020-05-30 09:26:04,600:train Loss: 0.2638 Acc: 0.8890
2020-05-30 09:26:31,881:val Loss: 0.2651 Acc: 0.8915
2020-05-30 09:26:31,886:Epoch 12/49
2020-05-30 09:26:31,886:----------
2020-05-30 09:28:01,677:train Loss: 0.2576 Acc: 0.8915
2020-05-30 09:28:28,860:val Loss: 0.2884 Acc: 0.8812
2020-05-30 09:28:28,860:Epoch 13/49
2020-05-30 09:28:28,860:----------
2020-05-30 09:29:58,680:train Loss: 0.2537 Acc: 0.8949
2020-05-30 09:30:25,930:val Loss: 0.2991 Acc: 0.8744
2020-05-30 09:30:25,930:Epoch 14/49
2020-05-30 09:30:25,930:----------
2020-05-30 09:31:55,792:train Loss: 0.2528 Acc: 0.8909
2020-05-30 09:32:23,059:val Loss: 0.2446 Acc: 0.9060
2020-05-30 09:32:23,064:Epoch 15/49
2020-05-30 09:32:23,064:----------
2020-05-30 09:33:52,843:train Loss: 0.2479 Acc: 0.9018
2020-05-30 09:34:20,145:val Loss: 0.2334 Acc: 0.9068
2020-05-30 09:34:20,150:Epoch 16/49
2020-05-30 09:34:20,150:----------
2020-05-30 09:35:49,926:train Loss: 0.2366 Acc: 0.9040
2020-05-30 09:36:17,144:val Loss: 0.2328 Acc: 0.9051
2020-05-30 09:36:17,144:Epoch 17/49
2020-05-30 09:36:17,144:----------
2020-05-30 09:37:47,008:train Loss: 0.2425 Acc: 0.8983
2020-05-30 09:38:14,263:val Loss: 0.2332 Acc: 0.9026
2020-05-30 09:38:14,263:Epoch 18/49
2020-05-30 09:38:14,263:----------
2020-05-30 09:39:44,114:train Loss: 0.2382 Acc: 0.8972
2020-05-30 09:40:11,287:val Loss: 0.2276 Acc: 0.9154
2020-05-30 09:40:11,291:Epoch 19/49
2020-05-30 09:40:11,291:----------
2020-05-30 09:41:41,071:train Loss: 0.2309 Acc: 0.9046
2020-05-30 09:42:08,329:val Loss: 0.2295 Acc: 0.9077
2020-05-30 09:42:08,329:Epoch 20/49
2020-05-30 09:42:08,329:----------
2020-05-30 09:43:38,158:train Loss: 0.2313 Acc: 0.9032
2020-05-30 09:44:05,422:val Loss: 0.2258 Acc: 0.9094
2020-05-30 09:44:05,422:Epoch 21/49
2020-05-30 09:44:05,422:----------
2020-05-30 09:45:35,214:train Loss: 0.2310 Acc: 0.9021
2020-05-30 09:46:02,485:val Loss: 0.2235 Acc: 0.9111
2020-05-30 09:46:02,485:Epoch 22/49
2020-05-30 09:46:02,485:----------
2020-05-30 09:47:32,477:train Loss: 0.2338 Acc: 0.9023
2020-05-30 09:47:59,734:val Loss: 0.2249 Acc: 0.9103
2020-05-30 09:47:59,734:Epoch 23/49
2020-05-30 09:47:59,734:----------
2020-05-30 09:49:29,490:train Loss: 0.2332 Acc: 0.9038
2020-05-30 09:49:56,657:val Loss: 0.2249 Acc: 0.9111
2020-05-30 09:49:56,657:Epoch 24/49
2020-05-30 09:49:56,658:----------
2020-05-30 09:51:26,310:train Loss: 0.2326 Acc: 0.9055
2020-05-30 09:51:53,576:val Loss: 0.2234 Acc: 0.9120
2020-05-30 09:51:53,576:Epoch 25/49
2020-05-30 09:51:53,576:----------
2020-05-30 09:53:23,543:train Loss: 0.2339 Acc: 0.9012
2020-05-30 09:53:50,838:val Loss: 0.2261 Acc: 0.9085
2020-05-30 09:53:50,839:Epoch 26/49
2020-05-30 09:53:50,839:----------
2020-05-30 09:55:20,616:train Loss: 0.2350 Acc: 0.8972
2020-05-30 09:55:47,894:val Loss: 0.2233 Acc: 0.9094
2020-05-30 09:55:47,894:Epoch 27/49
2020-05-30 09:55:47,894:----------
2020-05-30 09:57:17,857:train Loss: 0.2387 Acc: 0.9018
2020-05-30 09:57:45,049:val Loss: 0.2250 Acc: 0.9137
2020-05-30 09:57:45,049:Epoch 28/49
2020-05-30 09:57:45,049:----------
2020-05-30 09:59:14,859:train Loss: 0.2262 Acc: 0.9112
2020-05-30 09:59:42,069:val Loss: 0.2233 Acc: 0.9077
2020-05-30 09:59:42,069:Epoch 29/49
2020-05-30 09:59:42,069:----------
2020-05-30 10:01:11,975:train Loss: 0.2285 Acc: 0.9072
2020-05-30 10:01:39,214:val Loss: 0.2231 Acc: 0.9060
2020-05-30 10:01:39,214:Epoch 30/49
2020-05-30 10:01:39,214:----------
2020-05-30 10:03:08,952:train Loss: 0.2310 Acc: 0.9038
2020-05-30 10:03:36,272:val Loss: 0.2233 Acc: 0.9085
2020-05-30 10:03:36,272:Epoch 31/49
2020-05-30 10:03:36,272:----------
2020-05-30 10:05:06,126:train Loss: 0.2311 Acc: 0.9049
2020-05-30 10:05:33,363:val Loss: 0.2229 Acc: 0.9120
2020-05-30 10:05:33,363:Epoch 32/49
2020-05-30 10:05:33,363:----------
2020-05-30 10:07:03,170:train Loss: 0.2279 Acc: 0.9103
2020-05-30 10:07:30,394:val Loss: 0.2239 Acc: 0.9103
2020-05-30 10:07:30,395:Epoch 33/49
2020-05-30 10:07:30,395:----------
2020-05-30 10:09:00,140:train Loss: 0.2271 Acc: 0.9077
2020-05-30 10:09:27,351:val Loss: 0.2211 Acc: 0.9103
2020-05-30 10:09:27,351:Epoch 34/49
2020-05-30 10:09:27,351:----------
2020-05-30 10:10:57,165:train Loss: 0.2282 Acc: 0.9066
2020-05-30 10:11:24,381:val Loss: 0.2208 Acc: 0.9111
2020-05-30 10:11:24,381:Epoch 35/49
2020-05-30 10:11:24,381:----------
2020-05-30 10:12:54,205:train Loss: 0.2350 Acc: 0.9026
2020-05-30 10:13:21,498:val Loss: 0.2215 Acc: 0.9103
2020-05-30 10:13:21,499:Epoch 36/49
2020-05-30 10:13:21,499:----------
2020-05-30 10:14:51,251:train Loss: 0.2295 Acc: 0.9049
2020-05-30 10:15:18,512:val Loss: 0.2230 Acc: 0.9077
2020-05-30 10:15:18,513:Epoch 37/49
2020-05-30 10:15:18,513:----------
2020-05-30 10:16:48,376:train Loss: 0.2284 Acc: 0.9069
2020-05-30 10:17:15,590:val Loss: 0.2239 Acc: 0.9094
2020-05-30 10:17:15,590:Epoch 38/49
2020-05-30 10:17:15,591:----------
2020-05-30 10:18:45,402:train Loss: 0.2321 Acc: 0.9049
2020-05-30 10:19:12,631:val Loss: 0.2226 Acc: 0.9120
2020-05-30 10:19:12,631:Epoch 39/49
2020-05-30 10:19:12,631:----------
2020-05-30 10:20:42,342:train Loss: 0.2308 Acc: 0.9055
2020-05-30 10:21:09,582:val Loss: 0.2223 Acc: 0.9128
2020-05-30 10:21:09,582:Epoch 40/49
2020-05-30 10:21:09,582:----------
2020-05-30 10:22:39,401:train Loss: 0.2239 Acc: 0.9072
2020-05-30 10:23:06,664:val Loss: 0.2239 Acc: 0.9060
2020-05-30 10:23:06,664:Epoch 41/49
2020-05-30 10:23:06,664:----------
2020-05-30 10:24:36,540:train Loss: 0.2271 Acc: 0.9075
2020-05-30 10:25:03,731:val Loss: 0.2236 Acc: 0.9103
2020-05-30 10:25:03,732:Epoch 42/49
2020-05-30 10:25:03,732:----------
2020-05-30 10:26:33,443:train Loss: 0.2284 Acc: 0.9069
2020-05-30 10:27:00,711:val Loss: 0.2237 Acc: 0.9111
2020-05-30 10:27:00,711:Epoch 43/49
2020-05-30 10:27:00,711:----------
2020-05-30 10:28:30,573:train Loss: 0.2296 Acc: 0.9080
2020-05-30 10:28:57,805:val Loss: 0.2232 Acc: 0.9111
2020-05-30 10:28:57,805:Epoch 44/49
2020-05-30 10:28:57,805:----------
2020-05-30 10:30:27,659:train Loss: 0.2313 Acc: 0.9012
2020-05-30 10:30:54,910:val Loss: 0.2210 Acc: 0.9145
2020-05-30 10:30:54,910:Epoch 45/49
2020-05-30 10:30:54,910:----------
2020-05-30 10:32:24,777:train Loss: 0.2286 Acc: 0.9040
2020-05-30 10:32:52,011:val Loss: 0.2242 Acc: 0.9068
2020-05-30 10:32:52,012:Epoch 46/49
2020-05-30 10:32:52,012:----------
2020-05-30 10:34:21,951:train Loss: 0.2330 Acc: 0.9049
2020-05-30 10:34:49,227:val Loss: 0.2236 Acc: 0.9154
2020-05-30 10:34:49,227:Epoch 47/49
2020-05-30 10:34:49,227:----------
2020-05-30 10:36:19,095:train Loss: 0.2314 Acc: 0.9040
2020-05-30 10:36:46,350:val Loss: 0.2219 Acc: 0.9111
2020-05-30 10:36:46,350:Epoch 48/49
2020-05-30 10:36:46,350:----------
2020-05-30 10:38:16,119:train Loss: 0.2293 Acc: 0.9066
2020-05-30 10:38:43,410:val Loss: 0.2235 Acc: 0.9068
2020-05-30 10:38:43,411:Epoch 49/49
2020-05-30 10:38:43,411:----------
2020-05-30 10:40:13,261:train Loss: 0.2299 Acc: 0.9086
2020-05-30 10:40:40,612:val Loss: 0.2234 Acc: 0.9085
2020-05-30 10:40:41,170:Training complete in 100m 52s
2020-05-30 10:40:41,170:Best val Acc: 0.915385
2020-05-30 10:41:09,615:Test accuracy = 89.77853492333901
