2020-06-12 21:38:37,320:cuda:0
2020-06-12 21:38:37,320:ResNet50 architecure chosen, DCN is True
2020-06-12 21:38:39,525:Epoch 0/49
2020-06-12 21:38:39,525:----------
2020-06-12 21:46:01,975:train Loss: 0.5149 Acc: 0.7741
2020-06-12 21:47:24,943:val Loss: 0.5066 Acc: 0.7740
2020-06-12 21:47:24,956:Epoch 1/49
2020-06-12 21:47:24,956:----------
2020-06-12 21:54:46,585:train Loss: 0.4945 Acc: 0.7740
2020-06-12 21:56:09,387:val Loss: 0.4944 Acc: 0.7752
2020-06-12 21:56:09,398:Epoch 2/49
2020-06-12 21:56:09,398:----------
2020-06-12 22:03:31,572:train Loss: 0.4883 Acc: 0.7750
2020-06-12 22:04:54,383:val Loss: 0.5120 Acc: 0.7726
2020-06-12 22:04:54,383:Epoch 3/49
2020-06-12 22:04:54,383:----------
2020-06-12 22:12:16,677:train Loss: 0.4832 Acc: 0.7754
2020-06-12 22:13:39,407:val Loss: 0.4896 Acc: 0.7736
2020-06-12 22:13:39,407:Epoch 4/49
2020-06-12 22:13:39,407:----------
2020-06-12 22:21:00,929:train Loss: 0.4844 Acc: 0.7751
2020-06-12 22:22:23,525:val Loss: 0.4718 Acc: 0.7760
2020-06-12 22:22:23,536:Epoch 5/49
2020-06-12 22:22:23,536:----------
2020-06-12 22:29:45,798:train Loss: 0.4816 Acc: 0.7770
2020-06-12 22:31:08,679:val Loss: 0.4787 Acc: 0.7750
2020-06-12 22:31:08,679:Epoch 6/49
2020-06-12 22:31:08,679:----------
2020-06-12 22:38:31,384:train Loss: 0.4778 Acc: 0.7784
2020-06-12 22:39:54,245:val Loss: 0.4765 Acc: 0.7833
2020-06-12 22:39:54,256:Epoch 7/49
2020-06-12 22:39:54,256:----------
2020-06-12 22:47:16,134:train Loss: 0.4724 Acc: 0.7794
2020-06-12 22:48:39,186:val Loss: 0.4682 Acc: 0.7786
2020-06-12 22:48:39,186:Epoch 8/49
2020-06-12 22:48:39,186:----------
2020-06-12 22:56:00,828:train Loss: 0.4713 Acc: 0.7785
2020-06-12 22:57:23,651:val Loss: 0.4656 Acc: 0.7802
2020-06-12 22:57:23,651:Epoch 9/49
2020-06-12 22:57:23,651:----------
2020-06-12 23:04:45,353:train Loss: 0.4721 Acc: 0.7789
2020-06-12 23:06:08,062:val Loss: 0.4629 Acc: 0.7802
2020-06-12 23:06:08,063:Epoch 10/49
2020-06-12 23:06:08,063:----------
2020-06-12 23:13:30,036:train Loss: 0.4726 Acc: 0.7793
2020-06-12 23:14:52,789:val Loss: 0.5021 Acc: 0.7752
2020-06-12 23:14:52,789:Epoch 11/49
2020-06-12 23:14:52,789:----------
2020-06-12 23:22:14,730:train Loss: 0.4721 Acc: 0.7807
2020-06-12 23:23:37,546:val Loss: 0.4641 Acc: 0.7807
2020-06-12 23:23:37,546:Epoch 12/49
2020-06-12 23:23:37,546:----------
2020-06-12 23:30:59,211:train Loss: 0.4725 Acc: 0.7800
2020-06-12 23:32:22,030:val Loss: 0.4654 Acc: 0.7807
2020-06-12 23:32:22,030:Epoch 13/49
2020-06-12 23:32:22,031:----------
2020-06-12 23:39:44,026:train Loss: 0.4712 Acc: 0.7806
2020-06-12 23:41:06,794:val Loss: 0.4675 Acc: 0.7795
2020-06-12 23:41:06,794:Epoch 14/49
2020-06-12 23:41:06,794:----------
2020-06-12 23:48:28,542:train Loss: 0.4718 Acc: 0.7802
2020-06-12 23:49:51,371:val Loss: 0.4649 Acc: 0.7812
2020-06-12 23:49:51,371:Epoch 15/49
2020-06-12 23:49:51,371:----------
2020-06-12 23:57:13,199:train Loss: 0.4715 Acc: 0.7793
2020-06-12 23:58:35,945:val Loss: 1.4525 Acc: 0.2252
2020-06-12 23:58:35,945:Epoch 16/49
2020-06-12 23:58:35,945:----------
2020-06-13 00:05:57,675:train Loss: 0.4717 Acc: 0.7800
2020-06-13 00:07:20,515:val Loss: 0.4653 Acc: 0.7810
2020-06-13 00:07:20,515:Epoch 17/49
2020-06-13 00:07:20,515:----------
2020-06-13 00:14:42,638:train Loss: 0.4705 Acc: 0.7799
2020-06-13 00:16:05,397:val Loss: 0.4662 Acc: 0.7817
2020-06-13 00:16:05,397:Epoch 18/49
2020-06-13 00:16:05,397:----------
2020-06-13 00:23:26,998:train Loss: 0.4716 Acc: 0.7793
2020-06-13 00:24:49,729:val Loss: 0.4653 Acc: 0.7790
2020-06-13 00:24:49,729:Epoch 19/49
2020-06-13 00:24:49,729:----------
2020-06-13 00:32:11,045:train Loss: 0.4708 Acc: 0.7789
2020-06-13 00:33:33,761:val Loss: 0.4648 Acc: 0.7829
2020-06-13 00:33:33,761:Epoch 20/49
2020-06-13 00:33:33,761:----------
2020-06-13 00:40:55,748:train Loss: 0.4703 Acc: 0.7809
2020-06-13 00:42:18,761:val Loss: 0.4642 Acc: 0.7805
2020-06-13 00:42:18,761:Epoch 21/49
2020-06-13 00:42:18,761:----------
2020-06-13 00:49:39,882:train Loss: 0.4695 Acc: 0.7804
2020-06-13 00:51:02,612:val Loss: 0.4644 Acc: 0.7810
2020-06-13 00:51:02,612:Epoch 22/49
2020-06-13 00:51:02,612:----------
2020-06-13 00:58:23,872:train Loss: 0.4708 Acc: 0.7803
2020-06-13 00:59:46,634:val Loss: 0.4638 Acc: 0.7805
2020-06-13 00:59:46,634:Epoch 23/49
2020-06-13 00:59:46,634:----------
2020-06-13 01:07:08,102:train Loss: 0.4705 Acc: 0.7785
2020-06-13 01:08:31,334:val Loss: 0.4642 Acc: 0.7819
2020-06-13 01:08:31,334:Epoch 24/49
2020-06-13 01:08:31,334:----------
2020-06-13 01:15:52,785:train Loss: 0.4706 Acc: 0.7809
2020-06-13 01:17:15,664:val Loss: 0.4650 Acc: 0.7807
2020-06-13 01:17:15,665:Epoch 25/49
2020-06-13 01:17:15,665:----------
2020-06-13 01:24:37,131:train Loss: 0.4713 Acc: 0.7798
2020-06-13 01:25:59,802:val Loss: 0.4641 Acc: 0.7805
2020-06-13 01:25:59,803:Epoch 26/49
2020-06-13 01:25:59,803:----------
2020-06-13 01:33:20,839:train Loss: 0.4703 Acc: 0.7791
2020-06-13 01:34:43,525:val Loss: 0.4645 Acc: 0.7814
2020-06-13 01:34:43,525:Epoch 27/49
2020-06-13 01:34:43,525:----------
2020-06-13 01:42:05,310:train Loss: 0.4717 Acc: 0.7788
2020-06-13 01:43:28,139:val Loss: 0.4644 Acc: 0.7810
2020-06-13 01:43:28,139:Epoch 28/49
2020-06-13 01:43:28,139:----------
2020-06-13 01:50:49,542:train Loss: 0.4711 Acc: 0.7805
2020-06-13 01:52:12,282:val Loss: 0.4634 Acc: 0.7807
2020-06-13 01:52:12,282:Epoch 29/49
2020-06-13 01:52:12,282:----------
2020-06-13 01:59:33,375:train Loss: 0.4708 Acc: 0.7786
2020-06-13 02:00:56,198:val Loss: 0.4648 Acc: 0.7793
2020-06-13 02:00:56,198:Epoch 30/49
2020-06-13 02:00:56,198:----------
2020-06-13 02:08:18,218:train Loss: 0.4711 Acc: 0.7808
2020-06-13 02:09:41,065:val Loss: 0.4643 Acc: 0.7814
2020-06-13 02:09:41,065:Epoch 31/49
2020-06-13 02:09:41,065:----------
2020-06-13 02:17:02,163:train Loss: 0.4710 Acc: 0.7798
2020-06-13 02:18:24,973:val Loss: 0.4647 Acc: 0.7817
2020-06-13 02:18:24,973:Epoch 32/49
2020-06-13 02:18:24,973:----------
2020-06-13 02:25:57,681:train Loss: 0.4703 Acc: 0.7806
2020-06-13 02:27:20,363:val Loss: 0.4636 Acc: 0.7795
2020-06-13 02:27:20,364:Epoch 33/49
2020-06-13 02:27:20,364:----------
2020-06-13 02:34:41,843:train Loss: 0.4713 Acc: 0.7810
2020-06-13 02:36:04,573:val Loss: 0.4648 Acc: 0.7805
2020-06-13 02:36:04,573:Epoch 34/49
2020-06-13 02:36:04,573:----------
2020-06-13 02:43:26,223:train Loss: 0.4714 Acc: 0.7810
2020-06-13 02:44:49,123:val Loss: 0.6097 Acc: 0.6700
2020-06-13 02:44:49,123:Epoch 35/49
2020-06-13 02:44:49,123:----------
2020-06-13 02:52:10,707:train Loss: 0.4706 Acc: 0.7799
2020-06-13 02:53:33,600:val Loss: 0.4627 Acc: 0.7807
2020-06-13 02:53:33,601:Epoch 36/49
2020-06-13 02:53:33,601:----------
2020-06-13 03:00:54,773:train Loss: 0.4713 Acc: 0.7815
2020-06-13 03:02:17,807:val Loss: 0.4641 Acc: 0.7819
2020-06-13 03:02:17,807:Epoch 37/49
2020-06-13 03:02:17,808:----------
2020-06-13 03:09:39,854:train Loss: 0.4713 Acc: 0.7789
2020-06-13 03:11:02,801:val Loss: 0.4635 Acc: 0.7798
2020-06-13 03:11:02,802:Epoch 38/49
2020-06-13 03:11:02,802:----------
2020-06-13 03:18:24,625:train Loss: 0.4706 Acc: 0.7798
2020-06-13 03:19:47,369:val Loss: 0.4648 Acc: 0.7819
2020-06-13 03:19:47,369:Epoch 39/49
2020-06-13 03:19:47,369:----------
2020-06-13 03:27:09,256:train Loss: 0.4706 Acc: 0.7804
2020-06-13 03:28:32,042:val Loss: 0.4638 Acc: 0.7812
2020-06-13 03:28:32,042:Epoch 40/49
2020-06-13 03:28:32,042:----------
2020-06-13 03:35:53,773:train Loss: 0.4704 Acc: 0.7804
2020-06-13 03:37:23,638:val Loss: 1.6983 Acc: 0.2250
2020-06-13 03:37:23,638:Epoch 41/49
2020-06-13 03:37:23,638:----------
2020-06-13 03:44:45,301:train Loss: 0.4703 Acc: 0.7792
2020-06-13 03:46:08,049:val Loss: 0.4640 Acc: 0.7810
2020-06-13 03:46:08,049:Epoch 42/49
2020-06-13 03:46:08,049:----------
2020-06-13 03:53:29,635:train Loss: 0.4707 Acc: 0.7800
2020-06-13 03:54:52,427:val Loss: 0.4643 Acc: 0.7814
2020-06-13 03:54:52,428:Epoch 43/49
2020-06-13 03:54:52,428:----------
2020-06-13 04:02:14,025:train Loss: 0.4709 Acc: 0.7796
2020-06-13 04:03:36,828:val Loss: 0.5068 Acc: 0.7707
2020-06-13 04:03:36,828:Epoch 44/49
2020-06-13 04:03:36,828:----------
2020-06-13 04:10:59,177:train Loss: 0.4706 Acc: 0.7795
2020-06-13 04:12:21,950:val Loss: 0.4641 Acc: 0.7817
2020-06-13 04:12:21,950:Epoch 45/49
2020-06-13 04:12:21,950:----------
2020-06-13 04:19:43,402:train Loss: 0.4709 Acc: 0.7789
2020-06-13 04:21:06,220:val Loss: 0.4647 Acc: 0.7805
2020-06-13 04:21:06,221:Epoch 46/49
2020-06-13 04:21:06,221:----------
2020-06-13 04:28:27,642:train Loss: 0.4702 Acc: 0.7806
2020-06-13 04:29:50,343:val Loss: 0.4638 Acc: 0.7812
2020-06-13 04:29:50,343:Epoch 47/49
2020-06-13 04:29:50,343:----------
2020-06-13 04:37:11,880:train Loss: 0.4706 Acc: 0.7789
2020-06-13 04:38:35,123:val Loss: 0.4647 Acc: 0.7819
2020-06-13 04:38:35,123:Epoch 48/49
2020-06-13 04:38:35,123:----------
2020-06-13 04:45:56,635:train Loss: 0.4703 Acc: 0.7810
2020-06-13 04:47:19,499:val Loss: 0.4644 Acc: 0.7810
2020-06-13 04:47:19,499:Epoch 49/49
2020-06-13 04:47:19,499:----------
2020-06-13 04:54:41,283:train Loss: 0.4705 Acc: 0.7812
2020-06-13 04:56:04,096:val Loss: 0.4641 Acc: 0.7819
2020-06-13 04:56:04,264:Training complete in 437m 25s
2020-06-13 04:56:04,264:Best val Acc: 0.783333
2020-06-13 04:57:13,169:Test accuracy = 77.70134709085697
