2020-06-12 09:35:04,243:cuda:0
2020-06-12 09:35:04,244:ResNet50 architecure chosen, DCN is False
2020-06-12 09:35:06,739:Epoch 0/24
2020-06-12 09:35:06,739:----------
2020-06-12 09:35:12,203:train Loss: 0.7778 Acc: 0.5000
2020-06-12 09:35:14,348:val Loss: 0.6987 Acc: 0.5000
2020-06-12 09:35:14,360:Epoch 1/24
2020-06-12 09:35:14,360:----------
2020-06-12 09:35:15,820:train Loss: 0.6927 Acc: 0.5250
2020-06-12 09:35:16,635:val Loss: 0.6933 Acc: 0.5000
2020-06-12 09:35:16,635:Epoch 2/24
2020-06-12 09:35:16,635:----------
2020-06-12 09:35:18,072:train Loss: 0.7338 Acc: 0.5000
2020-06-12 09:35:18,924:val Loss: 0.6961 Acc: 0.5000
2020-06-12 09:35:18,924:Epoch 3/24
2020-06-12 09:35:18,924:----------
2020-06-12 09:35:20,395:train Loss: 0.7548 Acc: 0.5000
2020-06-12 09:35:21,218:val Loss: 0.6968 Acc: 0.3929
2020-06-12 09:35:21,218:Epoch 4/24
2020-06-12 09:35:21,219:----------
2020-06-12 09:35:22,655:train Loss: 0.6666 Acc: 0.5000
2020-06-12 09:35:23,464:val Loss: 0.6984 Acc: 0.5000
2020-06-12 09:35:23,464:Epoch 5/24
2020-06-12 09:35:23,464:----------
2020-06-12 09:35:24,960:train Loss: 0.6836 Acc: 0.5000
2020-06-12 09:35:25,777:val Loss: 0.6979 Acc: 0.5000
2020-06-12 09:35:25,777:Epoch 6/24
2020-06-12 09:35:25,777:----------
2020-06-12 09:35:27,229:train Loss: 0.6650 Acc: 0.5000
2020-06-12 09:35:28,046:val Loss: 0.6948 Acc: 0.4643
2020-06-12 09:35:28,046:Epoch 7/24
2020-06-12 09:35:28,046:----------
2020-06-12 09:35:29,484:train Loss: 0.6516 Acc: 0.6750
2020-06-12 09:35:30,311:val Loss: 0.6948 Acc: 0.5000
2020-06-12 09:35:30,311:Epoch 8/24
2020-06-12 09:35:30,311:----------
2020-06-12 09:35:31,745:train Loss: 0.6483 Acc: 0.7500
2020-06-12 09:35:32,583:val Loss: 0.6974 Acc: 0.5000
2020-06-12 09:35:32,584:Epoch 9/24
2020-06-12 09:35:32,584:----------
2020-06-12 09:35:34,046:train Loss: 0.6371 Acc: 0.7500
2020-06-12 09:35:34,890:val Loss: 0.6993 Acc: 0.5000
2020-06-12 09:35:34,891:Epoch 10/24
2020-06-12 09:35:34,892:----------
2020-06-12 09:35:36,390:train Loss: 0.6341 Acc: 0.7250
2020-06-12 09:35:37,216:val Loss: 0.7066 Acc: 0.5000
2020-06-12 09:35:37,216:Epoch 11/24
2020-06-12 09:35:37,216:----------
2020-06-12 09:35:38,656:train Loss: 0.6164 Acc: 0.7250
2020-06-12 09:35:39,472:val Loss: 0.7139 Acc: 0.5000
2020-06-12 09:35:39,472:Epoch 12/24
2020-06-12 09:35:39,472:----------
2020-06-12 09:35:40,915:train Loss: 0.6137 Acc: 0.7250
2020-06-12 09:35:41,729:val Loss: 0.7229 Acc: 0.5000
2020-06-12 09:35:41,729:Epoch 13/24
2020-06-12 09:35:41,729:----------
2020-06-12 09:35:43,167:train Loss: 0.6072 Acc: 0.7250
2020-06-12 09:35:44,965:val Loss: 0.7369 Acc: 0.5000
2020-06-12 09:35:44,965:Epoch 14/24
2020-06-12 09:35:44,965:----------
2020-06-12 09:35:49,842:train Loss: 0.6013 Acc: 0.7000
2020-06-12 09:35:53,597:val Loss: 0.7424 Acc: 0.5000
2020-06-12 09:35:53,597:Epoch 15/24
2020-06-12 09:35:53,597:----------
2020-06-12 09:35:55,554:train Loss: 0.5954 Acc: 0.7000
2020-06-12 09:35:56,368:val Loss: 0.7483 Acc: 0.5000
2020-06-12 09:35:56,368:Epoch 16/24
2020-06-12 09:35:56,368:----------
2020-06-12 09:35:57,829:train Loss: 0.5874 Acc: 0.7250
2020-06-12 09:35:58,642:val Loss: 0.7535 Acc: 0.5000
2020-06-12 09:35:58,642:Epoch 17/24
2020-06-12 09:35:58,644:----------
2020-06-12 09:36:00,096:train Loss: 0.5804 Acc: 0.7250
2020-06-12 09:36:00,934:val Loss: 0.7560 Acc: 0.5000
2020-06-12 09:36:00,934:Epoch 18/24
2020-06-12 09:36:00,934:----------
2020-06-12 09:36:02,391:train Loss: 0.5723 Acc: 0.8000
2020-06-12 09:36:03,255:val Loss: 0.7593 Acc: 0.5000
2020-06-12 09:36:03,255:Epoch 19/24
2020-06-12 09:36:03,255:----------
2020-06-12 09:36:04,822:train Loss: 0.5752 Acc: 0.8000
2020-06-12 09:36:05,722:val Loss: 0.7653 Acc: 0.5000
2020-06-12 09:36:05,723:Epoch 20/24
2020-06-12 09:36:05,723:----------
2020-06-12 09:36:07,262:train Loss: 0.5815 Acc: 0.8000
2020-06-12 09:36:08,098:val Loss: 0.7656 Acc: 0.5000
2020-06-12 09:36:08,098:Epoch 21/24
2020-06-12 09:36:08,098:----------
2020-06-12 09:36:09,566:train Loss: 0.5645 Acc: 0.8000
2020-06-12 09:36:10,441:val Loss: 0.7723 Acc: 0.5000
2020-06-12 09:36:10,442:Epoch 22/24
2020-06-12 09:36:10,442:----------
2020-06-12 09:36:11,893:train Loss: 0.5626 Acc: 0.8250
2020-06-12 09:36:12,804:val Loss: 0.7684 Acc: 0.5000
2020-06-12 09:36:12,805:Epoch 23/24
2020-06-12 09:36:12,805:----------
2020-06-12 09:36:14,688:train Loss: 0.5603 Acc: 0.8250
2020-06-12 09:36:15,521:val Loss: 0.7704 Acc: 0.5000
2020-06-12 09:36:15,522:Epoch 24/24
2020-06-12 09:36:15,523:----------
2020-06-12 09:36:17,008:train Loss: 0.5579 Acc: 0.8250
2020-06-12 09:36:17,861:val Loss: 0.7636 Acc: 0.5000
2020-06-12 09:36:18,022:Training complete in 1m 11s
2020-06-12 09:36:18,022:Best val Acc: 0.500000
2020-06-12 09:36:18,703:Test accuracy = 50.0
