2020-06-12 12:57:40,558:cuda:0
2020-06-12 12:57:40,558:ResNet50 architecure chosen, DCN is True
2020-06-12 12:57:42,798:Epoch 0/49
2020-06-12 12:57:42,798:----------
2020-06-12 12:59:20,932:train Loss: 0.6034 Acc: 0.7056
2020-06-12 12:59:49,254:val Loss: 0.5856 Acc: 0.7453
2020-06-12 12:59:49,266:Epoch 1/49
2020-06-12 12:59:49,267:----------
2020-06-12 13:01:27,225:train Loss: 0.5135 Acc: 0.7116
2020-06-12 13:01:55,494:val Loss: 0.5071 Acc: 0.7068
2020-06-12 13:01:55,494:Epoch 2/49
2020-06-12 13:01:55,494:----------
2020-06-12 13:03:33,317:train Loss: 0.5198 Acc: 0.7076
2020-06-12 13:04:01,633:val Loss: 0.5193 Acc: 0.7402
2020-06-12 13:04:01,633:Epoch 3/49
2020-06-12 13:04:01,633:----------
2020-06-12 13:05:39,449:train Loss: 0.5395 Acc: 0.7170
2020-06-12 13:06:07,697:val Loss: 0.5275 Acc: 0.7547
2020-06-12 13:06:07,707:Epoch 4/49
2020-06-12 13:06:07,707:----------
2020-06-12 13:07:45,961:train Loss: 0.5138 Acc: 0.7144
2020-06-12 13:08:14,232:val Loss: 0.5135 Acc: 0.6966
2020-06-12 13:08:14,232:Epoch 5/49
2020-06-12 13:08:14,232:----------
2020-06-12 13:09:52,027:train Loss: 0.5028 Acc: 0.7138
2020-06-12 13:10:20,457:val Loss: 0.5132 Acc: 0.7026
2020-06-12 13:10:20,457:Epoch 6/49
2020-06-12 13:10:20,457:----------
2020-06-12 13:11:58,475:train Loss: 0.5120 Acc: 0.7272
2020-06-12 13:12:26,724:val Loss: 0.4858 Acc: 0.7444
2020-06-12 13:12:26,724:Epoch 7/49
2020-06-12 13:12:26,724:----------
2020-06-12 13:14:04,565:train Loss: 0.4865 Acc: 0.7358
2020-06-12 13:14:32,872:val Loss: 0.4881 Acc: 0.7291
2020-06-12 13:14:32,872:Epoch 8/49
2020-06-12 13:14:32,872:----------
2020-06-12 13:16:10,645:train Loss: 0.4836 Acc: 0.7286
2020-06-12 13:16:38,935:val Loss: 0.4883 Acc: 0.7325
2020-06-12 13:16:38,935:Epoch 9/49
2020-06-12 13:16:38,935:----------
2020-06-12 13:18:16,789:train Loss: 0.4846 Acc: 0.7318
2020-06-12 13:18:45,098:val Loss: 0.4807 Acc: 0.7359
2020-06-12 13:18:45,098:Epoch 10/49
2020-06-12 13:18:45,098:----------
2020-06-12 13:20:23,087:train Loss: 0.4827 Acc: 0.7275
2020-06-12 13:20:51,338:val Loss: 0.4829 Acc: 0.7325
2020-06-12 13:20:51,338:Epoch 11/49
2020-06-12 13:20:51,339:----------
2020-06-12 13:22:29,335:train Loss: 0.4832 Acc: 0.7295
2020-06-12 13:22:57,676:val Loss: 0.4752 Acc: 0.7547
2020-06-12 13:22:57,676:Epoch 12/49
2020-06-12 13:22:57,676:----------
2020-06-12 13:24:35,703:train Loss: 0.4829 Acc: 0.7261
2020-06-12 13:25:04,060:val Loss: 0.4758 Acc: 0.7444
2020-06-12 13:25:04,060:Epoch 13/49
2020-06-12 13:25:04,060:----------
2020-06-12 13:26:41,944:train Loss: 0.4794 Acc: 0.7335
2020-06-12 13:27:10,301:val Loss: 0.4786 Acc: 0.7513
2020-06-12 13:27:10,301:Epoch 14/49
2020-06-12 13:27:10,301:----------
2020-06-12 13:28:48,203:train Loss: 0.4765 Acc: 0.7375
2020-06-12 13:29:16,447:val Loss: 0.4777 Acc: 0.7513
2020-06-12 13:29:16,447:Epoch 15/49
2020-06-12 13:29:16,447:----------
2020-06-12 13:30:54,262:train Loss: 0.4761 Acc: 0.7309
2020-06-12 13:31:22,562:val Loss: 0.4788 Acc: 0.7504
2020-06-12 13:31:22,562:Epoch 16/49
2020-06-12 13:31:22,563:----------
2020-06-12 13:33:00,411:train Loss: 0.4779 Acc: 0.7341
2020-06-12 13:33:28,711:val Loss: 0.4765 Acc: 0.7470
2020-06-12 13:33:28,711:Epoch 17/49
2020-06-12 13:33:28,711:----------
2020-06-12 13:35:06,644:train Loss: 0.4745 Acc: 0.7355
2020-06-12 13:35:34,973:val Loss: 0.4786 Acc: 0.7410
2020-06-12 13:35:34,973:Epoch 18/49
2020-06-12 13:35:34,973:----------
2020-06-12 13:37:12,788:train Loss: 0.4783 Acc: 0.7369
2020-06-12 13:37:41,454:val Loss: 0.4768 Acc: 0.7453
2020-06-12 13:37:41,454:Epoch 19/49
2020-06-12 13:37:41,454:----------
2020-06-12 13:39:19,376:train Loss: 0.4747 Acc: 0.7440
2020-06-12 13:39:47,584:val Loss: 0.4789 Acc: 0.7496
2020-06-12 13:39:47,584:Epoch 20/49
2020-06-12 13:39:47,584:----------
2020-06-12 13:41:25,631:train Loss: 0.4725 Acc: 0.7397
2020-06-12 13:41:53,812:val Loss: 0.4730 Acc: 0.7538
2020-06-12 13:41:53,812:Epoch 21/49
2020-06-12 13:41:53,812:----------
2020-06-12 13:43:31,703:train Loss: 0.4727 Acc: 0.7378
2020-06-12 13:44:00,100:val Loss: 0.4780 Acc: 0.7496
2020-06-12 13:44:00,101:Epoch 22/49
2020-06-12 13:44:00,101:----------
2020-06-12 13:45:38,153:train Loss: 0.4739 Acc: 0.7415
2020-06-12 13:46:06,421:val Loss: 0.4800 Acc: 0.7453
2020-06-12 13:46:06,421:Epoch 23/49
2020-06-12 13:46:06,421:----------
2020-06-12 13:47:44,327:train Loss: 0.4754 Acc: 0.7366
2020-06-12 13:48:12,620:val Loss: 0.4783 Acc: 0.7436
2020-06-12 13:48:12,620:Epoch 24/49
2020-06-12 13:48:12,620:----------
2020-06-12 13:49:50,483:train Loss: 0.4709 Acc: 0.7369
2020-06-12 13:50:18,766:val Loss: 0.4764 Acc: 0.7453
2020-06-12 13:50:18,766:Epoch 25/49
2020-06-12 13:50:18,766:----------
2020-06-12 13:51:56,632:train Loss: 0.4736 Acc: 0.7397
2020-06-12 13:52:24,929:val Loss: 0.4767 Acc: 0.7479
2020-06-12 13:52:24,929:Epoch 26/49
2020-06-12 13:52:24,929:----------
2020-06-12 13:54:02,732:train Loss: 0.4710 Acc: 0.7389
2020-06-12 13:54:31,010:val Loss: 0.4779 Acc: 0.7504
2020-06-12 13:54:31,010:Epoch 27/49
2020-06-12 13:54:31,010:----------
2020-06-12 13:56:08,704:train Loss: 0.4708 Acc: 0.7360
2020-06-12 13:56:37,077:val Loss: 0.4754 Acc: 0.7581
2020-06-12 13:56:37,088:Epoch 28/49
2020-06-12 13:56:37,088:----------
2020-06-12 13:58:15,005:train Loss: 0.4725 Acc: 0.7420
2020-06-12 13:58:43,220:val Loss: 0.4784 Acc: 0.7513
2020-06-12 13:58:43,220:Epoch 29/49
2020-06-12 13:58:43,220:----------
2020-06-12 14:00:21,056:train Loss: 0.4731 Acc: 0.7380
2020-06-12 14:00:49,427:val Loss: 0.4788 Acc: 0.7444
2020-06-12 14:00:49,427:Epoch 30/49
2020-06-12 14:00:49,427:----------
2020-06-12 14:02:27,315:train Loss: 0.4732 Acc: 0.7360
2020-06-12 14:02:55,662:val Loss: 0.4777 Acc: 0.7487
2020-06-12 14:02:55,662:Epoch 31/49
2020-06-12 14:02:55,663:----------
2020-06-12 14:04:33,596:train Loss: 0.4746 Acc: 0.7429
2020-06-12 14:05:01,985:val Loss: 0.4769 Acc: 0.7462
2020-06-12 14:05:01,985:Epoch 32/49
2020-06-12 14:05:01,985:----------
2020-06-12 14:06:39,922:train Loss: 0.4731 Acc: 0.7380
2020-06-12 14:07:08,180:val Loss: 0.4746 Acc: 0.7496
2020-06-12 14:07:08,180:Epoch 33/49
2020-06-12 14:07:08,181:----------
2020-06-12 14:08:46,648:train Loss: 0.4788 Acc: 0.7369
2020-06-12 14:09:14,862:val Loss: 0.4776 Acc: 0.7419
2020-06-12 14:09:14,862:Epoch 34/49
2020-06-12 14:09:14,862:----------
2020-06-12 14:10:52,770:train Loss: 0.4745 Acc: 0.7372
2020-06-12 14:11:21,070:val Loss: 0.4781 Acc: 0.7521
2020-06-12 14:11:21,070:Epoch 35/49
2020-06-12 14:11:21,070:----------
2020-06-12 14:12:58,872:train Loss: 0.4734 Acc: 0.7452
2020-06-12 14:13:27,173:val Loss: 0.4774 Acc: 0.7513
2020-06-12 14:13:27,173:Epoch 36/49
2020-06-12 14:13:27,173:----------
2020-06-12 14:15:05,086:train Loss: 0.4729 Acc: 0.7403
2020-06-12 14:15:33,352:val Loss: 0.4738 Acc: 0.7479
2020-06-12 14:15:33,352:Epoch 37/49
2020-06-12 14:15:33,352:----------
2020-06-12 14:17:11,358:train Loss: 0.4731 Acc: 0.7426
2020-06-12 14:17:39,656:val Loss: 0.4781 Acc: 0.7444
2020-06-12 14:17:39,656:Epoch 38/49
2020-06-12 14:17:39,656:----------
2020-06-12 14:19:17,595:train Loss: 0.4719 Acc: 0.7415
2020-06-12 14:19:45,896:val Loss: 0.4744 Acc: 0.7444
2020-06-12 14:19:45,896:Epoch 39/49
2020-06-12 14:19:45,896:----------
2020-06-12 14:21:23,716:train Loss: 0.4741 Acc: 0.7417
2020-06-12 14:21:51,984:val Loss: 0.4769 Acc: 0.7470
2020-06-12 14:21:51,984:Epoch 40/49
2020-06-12 14:21:51,984:----------
2020-06-12 14:23:30,032:train Loss: 0.4735 Acc: 0.7400
2020-06-12 14:23:58,393:val Loss: 0.4768 Acc: 0.7496
2020-06-12 14:23:58,393:Epoch 41/49
2020-06-12 14:23:58,393:----------
2020-06-12 14:25:36,217:train Loss: 0.4765 Acc: 0.7386
2020-06-12 14:26:04,503:val Loss: 0.4765 Acc: 0.7479
2020-06-12 14:26:04,503:Epoch 42/49
2020-06-12 14:26:04,503:----------
2020-06-12 14:27:42,531:train Loss: 0.4693 Acc: 0.7486
2020-06-12 14:28:10,808:val Loss: 0.4781 Acc: 0.7444
2020-06-12 14:28:10,809:Epoch 43/49
2020-06-12 14:28:10,809:----------
2020-06-12 14:29:48,828:train Loss: 0.4763 Acc: 0.7397
2020-06-12 14:30:17,168:val Loss: 0.4763 Acc: 0.7513
2020-06-12 14:30:17,168:Epoch 44/49
2020-06-12 14:30:17,168:----------
2020-06-12 14:31:55,064:train Loss: 0.4725 Acc: 0.7432
2020-06-12 14:32:23,356:val Loss: 0.4770 Acc: 0.7487
2020-06-12 14:32:23,356:Epoch 45/49
2020-06-12 14:32:23,358:----------
2020-06-12 14:34:01,352:train Loss: 0.4734 Acc: 0.7372
2020-06-12 14:34:29,780:val Loss: 0.4731 Acc: 0.7538
2020-06-12 14:34:29,780:Epoch 46/49
2020-06-12 14:34:29,780:----------
2020-06-12 14:36:07,596:train Loss: 0.4712 Acc: 0.7420
2020-06-12 14:36:35,929:val Loss: 0.4733 Acc: 0.7453
2020-06-12 14:36:35,929:Epoch 47/49
2020-06-12 14:36:35,929:----------
2020-06-12 14:38:14,401:train Loss: 0.4718 Acc: 0.7429
2020-06-12 14:38:42,694:val Loss: 0.4778 Acc: 0.7521
2020-06-12 14:38:42,694:Epoch 48/49
2020-06-12 14:38:42,694:----------
2020-06-12 14:40:20,532:train Loss: 0.4747 Acc: 0.7372
2020-06-12 14:40:48,785:val Loss: 0.4728 Acc: 0.7530
2020-06-12 14:40:48,785:Epoch 49/49
2020-06-12 14:40:48,785:----------
2020-06-12 14:42:26,694:train Loss: 0.4781 Acc: 0.7360
2020-06-12 14:42:55,052:val Loss: 0.4763 Acc: 0.7444
2020-06-12 14:42:55,231:Training complete in 105m 12s
2020-06-12 14:42:55,232:Best val Acc: 0.758120
2020-06-12 14:43:23,190:Test accuracy = 75.72402044293015
