2020-05-23 07:29:49,191:cuda:0
2020-05-23 07:29:52,187:Epoch 0/24
2020-05-23 07:29:52,188:----------
2020-05-23 07:31:18,118:train Loss: 0.4162 Acc: 0.8058
2020-05-23 07:31:45,711:val Loss: 0.3306 Acc: 0.8556
2020-05-23 07:31:45,733:Epoch 1/24
2020-05-23 07:31:45,733:----------
2020-05-23 07:33:21,795:train Loss: 0.2856 Acc: 0.8733
2020-05-23 07:33:49,419:val Loss: 0.2565 Acc: 0.8991
2020-05-23 07:33:49,429:Epoch 2/24
2020-05-23 07:33:49,429:----------
2020-05-23 07:35:15,134:train Loss: 0.2335 Acc: 0.9038
2020-05-23 07:35:42,513:val Loss: 0.3742 Acc: 0.8316
2020-05-23 07:35:42,513:Epoch 3/24
2020-05-23 07:35:42,513:----------
2020-05-23 07:37:08,135:train Loss: 0.1949 Acc: 0.9237
2020-05-23 07:37:35,434:val Loss: 0.2202 Acc: 0.9128
2020-05-23 07:37:35,442:Epoch 4/24
2020-05-23 07:37:35,442:----------
2020-05-23 07:39:01,145:train Loss: 0.1693 Acc: 0.9351
2020-05-23 07:39:28,720:val Loss: 0.2661 Acc: 0.8897
2020-05-23 07:39:28,720:Epoch 5/24
2020-05-23 07:39:28,720:----------
2020-05-23 07:40:54,360:train Loss: 0.1472 Acc: 0.9465
2020-05-23 07:41:21,688:val Loss: 0.2262 Acc: 0.9111
2020-05-23 07:41:21,688:Epoch 6/24
2020-05-23 07:41:21,688:----------
2020-05-23 07:42:47,019:train Loss: 0.1239 Acc: 0.9596
2020-05-23 07:43:14,235:val Loss: 0.2035 Acc: 0.9265
2020-05-23 07:43:14,245:Epoch 7/24
2020-05-23 07:43:14,245:----------
2020-05-23 07:44:39,426:train Loss: 0.1005 Acc: 0.9664
2020-05-23 07:45:06,713:val Loss: 0.1257 Acc: 0.9564
2020-05-23 07:45:06,722:Epoch 8/24
2020-05-23 07:45:06,722:----------
2020-05-23 07:46:31,916:train Loss: 0.0934 Acc: 0.9715
2020-05-23 07:46:59,284:val Loss: 0.1242 Acc: 0.9598
2020-05-23 07:46:59,293:Epoch 9/24
2020-05-23 07:46:59,293:----------
2020-05-23 07:48:24,427:train Loss: 0.0945 Acc: 0.9724
2020-05-23 07:48:51,691:val Loss: 0.1224 Acc: 0.9581
2020-05-23 07:48:51,692:Epoch 10/24
2020-05-23 07:48:51,692:----------
2020-05-23 07:50:17,356:train Loss: 0.0898 Acc: 0.9724
2020-05-23 07:50:44,556:val Loss: 0.1217 Acc: 0.9581
2020-05-23 07:50:44,557:Epoch 11/24
2020-05-23 07:50:44,557:----------
2020-05-23 07:52:09,538:train Loss: 0.0862 Acc: 0.9758
2020-05-23 07:52:36,793:val Loss: 0.1255 Acc: 0.9581
2020-05-23 07:52:36,794:Epoch 12/24
2020-05-23 07:52:36,795:----------
2020-05-23 07:54:01,644:train Loss: 0.0840 Acc: 0.9778
2020-05-23 07:54:28,759:val Loss: 0.1250 Acc: 0.9598
2020-05-23 07:54:28,759:Epoch 13/24
2020-05-23 07:54:28,759:----------
2020-05-23 07:55:53,546:train Loss: 0.0797 Acc: 0.9792
2020-05-23 07:56:20,697:val Loss: 0.1203 Acc: 0.9581
2020-05-23 07:56:20,697:Epoch 14/24
2020-05-23 07:56:20,697:----------
2020-05-23 07:57:45,446:train Loss: 0.0777 Acc: 0.9786
2020-05-23 07:58:12,563:val Loss: 0.1199 Acc: 0.9607
2020-05-23 07:58:12,573:Epoch 15/24
2020-05-23 07:58:12,573:----------
2020-05-23 07:59:37,410:train Loss: 0.0804 Acc: 0.9778
2020-05-23 08:00:04,537:val Loss: 0.1200 Acc: 0.9581
2020-05-23 08:00:04,538:Epoch 16/24
2020-05-23 08:00:04,538:----------
2020-05-23 08:01:29,413:train Loss: 0.0797 Acc: 0.9781
2020-05-23 08:01:56,567:val Loss: 0.1195 Acc: 0.9598
2020-05-23 08:01:56,567:Epoch 17/24
2020-05-23 08:01:56,568:----------
2020-05-23 08:03:21,375:train Loss: 0.0794 Acc: 0.9767
2020-05-23 08:03:48,457:val Loss: 0.1191 Acc: 0.9607
2020-05-23 08:03:48,457:Epoch 18/24
2020-05-23 08:03:48,457:----------
2020-05-23 08:05:13,218:train Loss: 0.0772 Acc: 0.9769
2020-05-23 08:05:40,308:val Loss: 0.1189 Acc: 0.9615
2020-05-23 08:05:40,318:Epoch 19/24
2020-05-23 08:05:40,318:----------
2020-05-23 08:07:05,046:train Loss: 0.0841 Acc: 0.9749
2020-05-23 08:07:32,150:val Loss: 0.1202 Acc: 0.9590
2020-05-23 08:07:32,151:Epoch 20/24
2020-05-23 08:07:32,151:----------
2020-05-23 08:08:56,892:train Loss: 0.0788 Acc: 0.9764
2020-05-23 08:09:24,062:val Loss: 0.1192 Acc: 0.9607
2020-05-23 08:09:24,062:Epoch 21/24
2020-05-23 08:09:24,062:----------
2020-05-23 08:10:48,790:train Loss: 0.0778 Acc: 0.9778
2020-05-23 08:11:15,866:val Loss: 0.1196 Acc: 0.9598
2020-05-23 08:11:15,867:Epoch 22/24
2020-05-23 08:11:15,867:----------
2020-05-23 08:12:40,738:train Loss: 0.0784 Acc: 0.9772
2020-05-23 08:13:07,837:val Loss: 0.1188 Acc: 0.9615
2020-05-23 08:13:07,837:Epoch 23/24
2020-05-23 08:13:07,837:----------
2020-05-23 08:14:32,647:train Loss: 0.0804 Acc: 0.9767
2020-05-23 08:14:59,684:val Loss: 0.1192 Acc: 0.9598
2020-05-23 08:14:59,684:Epoch 24/24
2020-05-23 08:14:59,684:----------
2020-05-23 08:16:24,462:train Loss: 0.0805 Acc: 0.9778
2020-05-23 08:16:51,635:val Loss: 0.1190 Acc: 0.9590
2020-05-26 08:31:49,863:Training complete in 4381m 58s
2020-05-26 08:31:49,871:Best val Acc: 0.961538
2020-05-26 08:32:25,659:Test accuracy = 95.65587734241909
2020-05-26 10:52:33,698:cuda:0
2020-05-26 10:52:37,365:Epoch 0/24
2020-05-26 10:52:37,365:----------
2020-05-26 10:59:18,046:train Loss: 0.4107 Acc: 0.7864
2020-05-26 11:01:28,541:val Loss: 0.4985 Acc: 0.7573
2020-05-26 11:01:28,546:Epoch 1/24
2020-05-26 11:01:28,547:----------
2020-05-26 11:05:58,590:train Loss: 0.2779 Acc: 0.8818
2020-05-26 11:06:28,380:val Loss: 0.3035 Acc: 0.8624
2020-05-26 11:06:28,386:Epoch 2/24
2020-05-26 11:06:28,386:----------
2020-05-26 11:08:04,428:train Loss: 0.2224 Acc: 0.9080
2020-05-26 11:08:34,284:val Loss: 0.6456 Acc: 0.7103
2020-05-26 11:08:34,284:Epoch 3/24
2020-05-26 11:08:34,284:----------
2020-05-26 11:10:10,268:train Loss: 0.1901 Acc: 0.9277
2020-05-26 11:10:40,024:val Loss: 0.1808 Acc: 0.9308
2020-05-26 11:10:40,029:Epoch 4/24
2020-05-26 11:10:40,029:----------
2020-05-26 11:12:17,979:train Loss: 0.1539 Acc: 0.9453
2020-05-26 11:12:50,490:val Loss: 0.1421 Acc: 0.9556
2020-05-26 11:12:50,496:Epoch 5/24
2020-05-26 11:12:50,496:----------
2020-05-26 11:14:29,633:train Loss: 0.1334 Acc: 0.9536
2020-05-26 11:14:59,547:val Loss: 0.3833 Acc: 0.8333
2020-05-26 11:14:59,547:Epoch 6/24
2020-05-26 11:14:59,547:----------
2020-05-26 11:16:35,999:train Loss: 0.1358 Acc: 0.9468
2020-05-26 11:17:05,887:val Loss: 0.1304 Acc: 0.9530
2020-05-26 11:17:05,887:Epoch 7/24
2020-05-26 11:17:05,887:----------
2020-05-26 11:18:42,346:train Loss: 0.1034 Acc: 0.9636
2020-05-26 11:19:12,293:val Loss: 0.1179 Acc: 0.9573
2020-05-26 11:19:12,298:Epoch 8/24
2020-05-26 11:19:12,298:----------
2020-05-26 11:20:48,544:train Loss: 0.0921 Acc: 0.9701
2020-05-26 11:21:18,557:val Loss: 0.1178 Acc: 0.9564
2020-05-26 11:21:18,558:Epoch 9/24
2020-05-26 11:21:18,558:----------
2020-05-26 11:22:54,969:train Loss: 0.0908 Acc: 0.9718
2020-05-26 11:23:25,075:val Loss: 0.1147 Acc: 0.9564
2020-05-26 11:23:25,075:Epoch 10/24
2020-05-26 11:23:25,075:----------
2020-05-26 11:25:01,325:train Loss: 0.0817 Acc: 0.9758
2020-05-26 11:25:31,190:val Loss: 0.1161 Acc: 0.9564
2020-05-26 11:25:31,190:Epoch 11/24
2020-05-26 11:25:31,190:----------
2020-05-26 11:27:07,801:train Loss: 0.0817 Acc: 0.9752
2020-05-26 11:27:37,698:val Loss: 0.1144 Acc: 0.9590
2020-05-26 11:27:37,703:Epoch 12/24
2020-05-26 11:27:37,703:----------
2020-05-26 11:29:13,967:train Loss: 0.0788 Acc: 0.9775
2020-05-26 11:29:43,729:val Loss: 0.1129 Acc: 0.9598
2020-05-26 11:29:43,734:Epoch 13/24
2020-05-26 11:29:43,734:----------
2020-05-26 11:31:19,714:train Loss: 0.0738 Acc: 0.9784
2020-05-26 11:31:49,573:val Loss: 0.1129 Acc: 0.9573
2020-05-26 11:31:49,573:Epoch 14/24
2020-05-26 11:31:49,573:----------
2020-05-26 11:33:25,512:train Loss: 0.0755 Acc: 0.9789
2020-05-26 11:33:55,338:val Loss: 0.1133 Acc: 0.9573
2020-05-26 11:33:55,338:Epoch 15/24
2020-05-26 11:33:55,338:----------
2020-05-26 11:35:33,830:train Loss: 0.0728 Acc: 0.9795
2020-05-26 11:36:04,216:val Loss: 0.1126 Acc: 0.9590
2020-05-26 11:36:04,216:Epoch 16/24
2020-05-26 11:36:04,216:----------
2020-05-26 11:37:42,918:train Loss: 0.0694 Acc: 0.9804
2020-05-26 11:38:14,424:val Loss: 0.1137 Acc: 0.9590
2020-05-26 11:38:14,425:Epoch 17/24
2020-05-26 11:38:14,425:----------
2020-05-26 11:39:55,154:train Loss: 0.0729 Acc: 0.9804
2020-05-26 11:40:25,166:val Loss: 0.1128 Acc: 0.9573
2020-05-26 11:40:25,167:Epoch 18/24
2020-05-26 11:40:25,167:----------
2020-05-26 11:42:15,643:train Loss: 0.0698 Acc: 0.9821
2020-05-26 11:42:48,583:val Loss: 0.1123 Acc: 0.9581
2020-05-26 11:42:48,583:Epoch 19/24
2020-05-26 11:42:48,583:----------
2020-05-26 11:44:24,807:train Loss: 0.0703 Acc: 0.9818
2020-05-26 11:44:54,640:val Loss: 0.1132 Acc: 0.9573
2020-05-26 11:44:54,640:Epoch 20/24
2020-05-26 11:44:54,640:----------
2020-05-26 11:46:30,934:train Loss: 0.0659 Acc: 0.9829
2020-05-26 11:47:00,775:val Loss: 0.1117 Acc: 0.9598
2020-05-26 11:47:00,775:Epoch 21/24
2020-05-26 11:47:00,775:----------
2020-05-26 11:48:37,102:train Loss: 0.0642 Acc: 0.9835
2020-05-26 11:49:06,994:val Loss: 0.1127 Acc: 0.9581
2020-05-26 11:49:06,994:Epoch 22/24
2020-05-26 11:49:06,994:----------
2020-05-26 11:50:43,245:train Loss: 0.0684 Acc: 0.9812
2020-05-26 11:51:13,063:val Loss: 0.1137 Acc: 0.9590
2020-05-26 11:51:13,063:Epoch 23/24
2020-05-26 11:51:13,063:----------
2020-05-26 11:52:49,151:train Loss: 0.0712 Acc: 0.9815
2020-05-26 11:53:19,046:val Loss: 0.1118 Acc: 0.9573
2020-05-26 11:53:19,046:Epoch 24/24
2020-05-26 11:53:19,046:----------
2020-05-26 11:54:55,246:train Loss: 0.0667 Acc: 0.9806
2020-05-26 11:55:25,070:val Loss: 0.1121 Acc: 0.9573
2020-05-28 09:12:25,204:cuda:0
2020-05-28 09:12:37,333:Epoch 0/24
2020-05-28 09:12:37,333:----------
2020-05-28 09:15:04,086:cuda:0
2020-05-28 09:15:06,182:Epoch 0/24
2020-05-28 09:15:06,182:----------
2020-05-28 09:17:11,368:train Loss: 0.5581 Acc: 0.7056
2020-05-28 09:17:48,045:val Loss: 0.5370 Acc: 0.6863
2020-05-28 09:17:48,086:Epoch 1/24
2020-05-28 09:17:48,086:----------
2020-05-28 09:19:21,266:train Loss: 0.4867 Acc: 0.7657
2020-05-28 09:19:49,595:val Loss: 0.4126 Acc: 0.8188
2020-05-28 09:19:49,602:Epoch 2/24
2020-05-28 09:19:49,602:----------
2020-05-28 09:21:32,245:train Loss: 0.4085 Acc: 0.8058
2020-05-28 09:22:00,350:val Loss: 0.3442 Acc: 0.8479
2020-05-28 09:22:00,355:Epoch 3/24
2020-05-28 09:22:00,355:----------
2020-05-28 09:23:31,632:train Loss: 0.3390 Acc: 0.8468
2020-05-28 09:24:00,154:val Loss: 0.3948 Acc: 0.7966
2020-05-28 09:24:00,154:Epoch 4/24
2020-05-28 09:24:00,154:----------
2020-05-28 09:25:33,492:train Loss: 0.3050 Acc: 0.8702
2020-05-28 09:26:01,068:val Loss: 0.6216 Acc: 0.6778
2020-05-28 09:26:01,068:Epoch 5/24
2020-05-28 09:26:01,068:----------
2020-05-28 09:27:53,026:train Loss: 0.3046 Acc: 0.8736
2020-05-28 09:28:21,075:val Loss: 0.6835 Acc: 0.6470
2020-05-28 09:28:21,075:Epoch 6/24
2020-05-28 09:28:21,075:----------
2020-05-28 09:30:08,196:train Loss: 0.2946 Acc: 0.8741
2020-05-28 09:30:38,619:val Loss: 0.4917 Acc: 0.7598
2020-05-28 09:30:38,619:Epoch 7/24
2020-05-28 09:30:38,620:----------
