2020-06-10 02:49:44,071:cuda:0
2020-06-10 02:49:44,071:ResNet18 architecure chosen, DCN is True
2020-06-10 02:49:46,156:Epoch 0/49
2020-06-10 02:49:46,156:----------
2020-06-10 02:56:27,392:train Loss: 0.4846 Acc: 0.7750
2020-06-10 02:57:46,718:val Loss: 0.5042 Acc: 0.7786
2020-06-10 02:57:46,722:Epoch 1/49
2020-06-10 02:57:46,723:----------
2020-06-10 03:04:27,547:train Loss: 0.4550 Acc: 0.7877
2020-06-10 03:05:47,441:val Loss: 0.4877 Acc: 0.7769
2020-06-10 03:05:47,441:Epoch 2/49
2020-06-10 03:05:47,441:----------
2020-06-10 03:12:28,303:train Loss: 0.4498 Acc: 0.7889
2020-06-10 03:13:54,684:val Loss: 0.4594 Acc: 0.7867
2020-06-10 03:13:54,688:Epoch 3/49
2020-06-10 03:13:54,688:----------
2020-06-10 03:20:35,785:train Loss: 0.4442 Acc: 0.7923
2020-06-10 03:21:55,544:val Loss: 0.4296 Acc: 0.8000
2020-06-10 03:21:55,548:Epoch 4/49
2020-06-10 03:21:55,548:----------
2020-06-10 03:28:36,514:train Loss: 0.4428 Acc: 0.7964
2020-06-10 03:29:55,894:val Loss: 0.4843 Acc: 0.7874
2020-06-10 03:29:55,895:Epoch 5/49
2020-06-10 03:29:55,895:----------
2020-06-10 03:36:37,156:train Loss: 0.4422 Acc: 0.7957
2020-06-10 03:37:56,548:val Loss: 0.4225 Acc: 0.8076
2020-06-10 03:37:56,552:Epoch 6/49
2020-06-10 03:37:56,552:----------
2020-06-10 03:44:37,234:train Loss: 0.4470 Acc: 0.7921
2020-06-10 03:45:56,597:val Loss: 0.4391 Acc: 0.7943
2020-06-10 03:45:56,597:Epoch 7/49
2020-06-10 03:45:56,597:----------
2020-06-10 03:52:37,370:train Loss: 0.4379 Acc: 0.7971
2020-06-10 03:53:56,662:val Loss: 0.4318 Acc: 0.8000
2020-06-10 03:53:56,662:Epoch 8/49
2020-06-10 03:53:56,662:----------
2020-06-10 04:00:37,575:train Loss: 0.4354 Acc: 0.8002
2020-06-10 04:01:57,031:val Loss: 0.4282 Acc: 0.8017
2020-06-10 04:01:57,031:Epoch 9/49
2020-06-10 04:01:57,031:----------
2020-06-10 04:08:38,190:train Loss: 0.4356 Acc: 0.7975
2020-06-10 04:09:57,605:val Loss: 0.4272 Acc: 0.8021
2020-06-10 04:09:57,605:Epoch 10/49
2020-06-10 04:09:57,606:----------
2020-06-10 04:16:38,482:train Loss: 0.4323 Acc: 0.7998
2020-06-10 04:17:57,787:val Loss: 0.4286 Acc: 0.8026
2020-06-10 04:17:57,787:Epoch 11/49
2020-06-10 04:17:57,787:----------
2020-06-10 04:24:38,649:train Loss: 0.4315 Acc: 0.8016
2020-06-10 04:25:57,950:val Loss: 0.4260 Acc: 0.8033
2020-06-10 04:25:57,950:Epoch 12/49
2020-06-10 04:25:57,950:----------
2020-06-10 04:32:38,863:train Loss: 0.4302 Acc: 0.8009
2020-06-10 04:33:58,265:val Loss: 0.4263 Acc: 0.8069
2020-06-10 04:33:58,265:Epoch 13/49
2020-06-10 04:33:58,265:----------
2020-06-10 04:40:39,748:train Loss: 0.4298 Acc: 0.8030
2020-06-10 04:41:59,082:val Loss: 0.4275 Acc: 0.8026
2020-06-10 04:41:59,082:Epoch 14/49
2020-06-10 04:41:59,082:----------
2020-06-10 04:48:39,878:train Loss: 0.4291 Acc: 0.8046
2020-06-10 04:49:59,217:val Loss: 0.4270 Acc: 0.8014
2020-06-10 04:49:59,217:Epoch 15/49
2020-06-10 04:49:59,217:----------
2020-06-10 04:56:40,189:train Loss: 0.4285 Acc: 0.8042
2020-06-10 04:57:59,836:val Loss: 0.4265 Acc: 0.8019
2020-06-10 04:57:59,836:Epoch 16/49
2020-06-10 04:57:59,836:----------
2020-06-10 05:04:40,696:train Loss: 0.4272 Acc: 0.8049
2020-06-10 05:06:00,539:val Loss: 0.4271 Acc: 0.8024
2020-06-10 05:06:00,540:Epoch 17/49
2020-06-10 05:06:00,540:----------
2020-06-10 05:12:41,377:train Loss: 0.4285 Acc: 0.8035
2020-06-10 05:14:00,670:val Loss: 0.4261 Acc: 0.8021
2020-06-10 05:14:00,670:Epoch 18/49
2020-06-10 05:14:00,670:----------
2020-06-10 05:20:41,639:train Loss: 0.4294 Acc: 0.8011
2020-06-10 05:22:01,044:val Loss: 0.4261 Acc: 0.8043
2020-06-10 05:22:01,044:Epoch 19/49
2020-06-10 05:22:01,044:----------
2020-06-10 05:28:41,915:train Loss: 0.4283 Acc: 0.8027
2020-06-10 05:30:01,368:val Loss: 0.4268 Acc: 0.8007
2020-06-10 05:30:01,369:Epoch 20/49
2020-06-10 05:30:01,369:----------
2020-06-10 05:36:42,691:train Loss: 0.4268 Acc: 0.8031
2020-06-10 05:38:02,014:val Loss: 0.4267 Acc: 0.8005
2020-06-10 05:38:02,014:Epoch 21/49
2020-06-10 05:38:02,014:----------
2020-06-10 05:44:42,821:train Loss: 0.4276 Acc: 0.8033
2020-06-10 05:46:02,144:val Loss: 0.4252 Acc: 0.8014
2020-06-10 05:46:02,145:Epoch 22/49
2020-06-10 05:46:02,145:----------
2020-06-10 05:52:42,977:train Loss: 0.4272 Acc: 0.8028
2020-06-10 05:54:02,444:val Loss: 0.4257 Acc: 0.8017
2020-06-10 05:54:02,444:Epoch 23/49
2020-06-10 05:54:02,445:----------
2020-06-10 06:00:43,449:train Loss: 0.4274 Acc: 0.8032
2020-06-10 06:02:02,933:val Loss: 0.4252 Acc: 0.8062
2020-06-10 06:02:02,933:Epoch 24/49
2020-06-10 06:02:02,933:----------
2020-06-10 06:08:44,601:train Loss: 0.4270 Acc: 0.8034
2020-06-10 06:10:03,962:val Loss: 0.4261 Acc: 0.8021
2020-06-10 06:10:03,962:Epoch 25/49
2020-06-10 06:10:03,962:----------
2020-06-10 06:16:44,982:train Loss: 0.4268 Acc: 0.8043
2020-06-10 06:18:04,368:val Loss: 0.4270 Acc: 0.8029
2020-06-10 06:18:04,368:Epoch 26/49
2020-06-10 06:18:04,368:----------
2020-06-10 06:24:45,386:train Loss: 0.4273 Acc: 0.8027
2020-06-10 06:26:04,786:val Loss: 0.4253 Acc: 0.8026
2020-06-10 06:26:04,786:Epoch 27/49
2020-06-10 06:26:04,786:----------
2020-06-10 06:32:46,006:train Loss: 0.4272 Acc: 0.8021
2020-06-10 06:34:05,440:val Loss: 0.4256 Acc: 0.8040
2020-06-10 06:34:05,441:Epoch 28/49
2020-06-10 06:34:05,441:----------
2020-06-10 06:40:47,048:train Loss: 0.4274 Acc: 0.8045
2020-06-10 06:42:06,530:val Loss: 0.4260 Acc: 0.8007
2020-06-10 06:42:06,530:Epoch 29/49
2020-06-10 06:42:06,530:----------
2020-06-10 06:48:48,003:train Loss: 0.4272 Acc: 0.8037
2020-06-10 06:50:07,452:val Loss: 0.4254 Acc: 0.8040
2020-06-10 06:50:07,452:Epoch 30/49
2020-06-10 06:50:07,452:----------
2020-06-10 06:56:48,648:train Loss: 0.4264 Acc: 0.8037
2020-06-10 06:58:08,003:val Loss: 0.4260 Acc: 0.8036
2020-06-10 06:58:08,003:Epoch 31/49
2020-06-10 06:58:08,004:----------
2020-06-10 07:04:48,974:train Loss: 0.4274 Acc: 0.8021
2020-06-10 07:06:08,401:val Loss: 0.4270 Acc: 0.7998
2020-06-10 07:06:08,402:Epoch 32/49
2020-06-10 07:06:08,402:----------
2020-06-10 07:12:50,006:train Loss: 0.4278 Acc: 0.8023
2020-06-10 07:14:09,456:val Loss: 0.4246 Acc: 0.8052
2020-06-10 07:14:09,456:Epoch 33/49
2020-06-10 07:14:09,456:----------
2020-06-10 07:20:50,605:train Loss: 0.4268 Acc: 0.8029
2020-06-10 07:22:10,101:val Loss: 0.4252 Acc: 0.8029
2020-06-10 07:22:10,101:Epoch 34/49
2020-06-10 07:22:10,101:----------
2020-06-10 07:28:51,133:train Loss: 0.4273 Acc: 0.8024
2020-06-10 07:30:10,542:val Loss: 0.4249 Acc: 0.8021
2020-06-10 07:30:10,542:Epoch 35/49
2020-06-10 07:30:10,542:----------
2020-06-10 07:36:52,071:train Loss: 0.4282 Acc: 0.8020
2020-06-10 07:38:11,463:val Loss: 0.4248 Acc: 0.8024
2020-06-10 07:38:11,463:Epoch 36/49
2020-06-10 07:38:11,463:----------
2020-06-10 07:44:52,899:train Loss: 0.4275 Acc: 0.8035
2020-06-10 07:46:12,320:val Loss: 0.4249 Acc: 0.8074
2020-06-10 07:46:12,321:Epoch 37/49
2020-06-10 07:46:12,321:----------
2020-06-10 07:52:53,216:train Loss: 0.4274 Acc: 0.8034
2020-06-10 07:54:13,097:val Loss: 0.4254 Acc: 0.8033
2020-06-10 07:54:13,097:Epoch 38/49
2020-06-10 07:54:13,097:----------
2020-06-10 08:00:55,212:train Loss: 0.4274 Acc: 0.8026
2020-06-10 08:02:14,686:val Loss: 0.4263 Acc: 0.8031
2020-06-10 08:02:14,686:Epoch 39/49
2020-06-10 08:02:14,686:----------
2020-06-10 08:09:09,968:train Loss: 0.4276 Acc: 0.8024
2020-06-10 08:10:29,478:val Loss: 0.4247 Acc: 0.8057
2020-06-10 08:10:29,478:Epoch 40/49
2020-06-10 08:10:29,478:----------
2020-06-10 08:17:11,067:train Loss: 0.4284 Acc: 0.8002
2020-06-10 08:18:30,622:val Loss: 0.4258 Acc: 0.8038
2020-06-10 08:18:30,622:Epoch 41/49
2020-06-10 08:18:30,622:----------
2020-06-10 08:25:12,024:train Loss: 0.4267 Acc: 0.8031
2020-06-10 08:26:31,482:val Loss: 0.4250 Acc: 0.8064
2020-06-10 08:26:31,482:Epoch 42/49
2020-06-10 08:26:31,482:----------
2020-06-10 08:33:12,872:train Loss: 0.4278 Acc: 0.8026
2020-06-10 08:34:32,342:val Loss: 0.4246 Acc: 0.8048
2020-06-10 08:34:32,342:Epoch 43/49
2020-06-10 08:34:32,342:----------
2020-06-10 08:41:14,374:train Loss: 0.4274 Acc: 0.8024
2020-06-10 08:42:33,805:val Loss: 0.4257 Acc: 0.8024
2020-06-10 08:42:33,805:Epoch 44/49
2020-06-10 08:42:33,805:----------
2020-06-10 08:49:15,173:train Loss: 0.4267 Acc: 0.8039
2020-06-10 08:50:34,585:val Loss: 0.4255 Acc: 0.8014
2020-06-10 08:50:34,585:Epoch 45/49
2020-06-10 08:50:34,586:----------
2020-06-10 08:57:15,950:train Loss: 0.4265 Acc: 0.8038
2020-06-10 08:58:35,364:val Loss: 0.4242 Acc: 0.8048
2020-06-10 08:58:35,364:Epoch 46/49
2020-06-10 08:58:35,364:----------
2020-06-10 09:05:16,649:train Loss: 0.4256 Acc: 0.8040
2020-06-10 09:06:36,605:val Loss: 0.4264 Acc: 0.8017
2020-06-10 09:06:36,605:Epoch 47/49
2020-06-10 09:06:36,605:----------
2020-06-10 09:13:17,919:train Loss: 0.4269 Acc: 0.8041
2020-06-10 09:14:37,598:val Loss: 0.4257 Acc: 0.8017
2020-06-10 09:14:37,598:Epoch 48/49
2020-06-10 09:14:37,598:----------
2020-06-10 09:21:18,752:train Loss: 0.4271 Acc: 0.8051
2020-06-10 09:22:38,128:val Loss: 0.4257 Acc: 0.8040
2020-06-10 09:22:38,129:Epoch 49/49
2020-06-10 09:22:38,129:----------
2020-06-10 09:29:19,485:train Loss: 0.4278 Acc: 0.8045
2020-06-10 09:30:38,977:val Loss: 0.4268 Acc: 0.8052
2020-06-10 09:30:39,143:Training complete in 400m 53s
2020-06-10 09:30:39,143:Best val Acc: 0.807619
2020-06-10 09:31:45,520:Test accuracy = 80.30954428202924
