2020-06-09 20:36:58,721:cuda:0
2020-06-09 20:36:58,721:ResNet18 architecure chosen, DCN is False
2020-06-09 20:37:00,969:Epoch 0/49
2020-06-09 20:37:00,969:----------
2020-06-09 20:43:08,998:train Loss: 0.4648 Acc: 0.7858
2020-06-09 20:44:26,570:val Loss: 0.4186 Acc: 0.8069
2020-06-09 20:44:26,574:Epoch 1/49
2020-06-09 20:44:26,575:----------
2020-06-09 20:50:34,517:train Loss: 0.4176 Acc: 0.8105
2020-06-09 20:51:52,147:val Loss: 0.4884 Acc: 0.7867
2020-06-09 20:51:52,147:Epoch 2/49
2020-06-09 20:51:52,149:----------
2020-06-09 20:58:00,211:train Loss: 0.4086 Acc: 0.8120
2020-06-09 20:59:17,835:val Loss: 0.4153 Acc: 0.8017
2020-06-09 20:59:17,835:Epoch 3/49
2020-06-09 20:59:17,835:----------
2020-06-09 21:05:26,399:train Loss: 0.4003 Acc: 0.8170
2020-06-09 21:06:44,050:val Loss: 0.3934 Acc: 0.8160
2020-06-09 21:06:44,054:Epoch 4/49
2020-06-09 21:06:44,054:----------
2020-06-09 21:12:53,816:train Loss: 0.3868 Acc: 0.8220
2020-06-09 21:14:11,380:val Loss: 0.4129 Acc: 0.8057
2020-06-09 21:14:11,380:Epoch 5/49
2020-06-09 21:14:11,380:----------
2020-06-09 21:20:19,316:train Loss: 0.3755 Acc: 0.8278
2020-06-09 21:21:37,169:val Loss: 0.3915 Acc: 0.8193
2020-06-09 21:21:37,174:Epoch 6/49
2020-06-09 21:21:37,174:----------
2020-06-09 21:27:45,318:train Loss: 0.3580 Acc: 0.8397
2020-06-09 21:29:02,923:val Loss: 0.3970 Acc: 0.8143
2020-06-09 21:29:02,923:Epoch 7/49
2020-06-09 21:29:02,923:----------
2020-06-09 21:35:11,692:train Loss: 0.3242 Acc: 0.8550
2020-06-09 21:36:29,421:val Loss: 0.3892 Acc: 0.8207
2020-06-09 21:36:29,426:Epoch 8/49
2020-06-09 21:36:29,426:----------
2020-06-09 21:42:37,267:train Loss: 0.3119 Acc: 0.8618
2020-06-09 21:43:54,901:val Loss: 0.3883 Acc: 0.8224
2020-06-09 21:43:54,905:Epoch 9/49
2020-06-09 21:43:54,905:----------
2020-06-09 21:50:02,828:train Loss: 0.3046 Acc: 0.8670
2020-06-09 21:51:20,495:val Loss: 0.3904 Acc: 0.8224
2020-06-09 21:51:20,495:Epoch 10/49
2020-06-09 21:51:20,495:----------
2020-06-09 21:57:28,620:train Loss: 0.2974 Acc: 0.8729
2020-06-09 21:58:46,261:val Loss: 0.3915 Acc: 0.8219
2020-06-09 21:58:46,261:Epoch 11/49
2020-06-09 21:58:46,261:----------
2020-06-09 22:04:54,281:train Loss: 0.2882 Acc: 0.8774
2020-06-09 22:06:12,429:val Loss: 0.3957 Acc: 0.8195
2020-06-09 22:06:12,429:Epoch 12/49
2020-06-09 22:06:12,429:----------
2020-06-09 22:12:20,656:train Loss: 0.2794 Acc: 0.8822
2020-06-09 22:13:39,068:val Loss: 0.3963 Acc: 0.8190
2020-06-09 22:13:39,068:Epoch 13/49
2020-06-09 22:13:39,068:----------
2020-06-09 22:19:46,880:train Loss: 0.2716 Acc: 0.8876
2020-06-09 22:21:04,480:val Loss: 0.4007 Acc: 0.8186
2020-06-09 22:21:04,480:Epoch 14/49
2020-06-09 22:21:04,480:----------
2020-06-09 22:27:12,428:train Loss: 0.2594 Acc: 0.8934
2020-06-09 22:28:30,079:val Loss: 0.3992 Acc: 0.8188
2020-06-09 22:28:30,079:Epoch 15/49
2020-06-09 22:28:30,079:----------
2020-06-09 22:34:38,084:train Loss: 0.2568 Acc: 0.8953
2020-06-09 22:35:56,216:val Loss: 0.3994 Acc: 0.8193
2020-06-09 22:35:56,216:Epoch 16/49
2020-06-09 22:35:56,216:----------
2020-06-09 22:42:04,140:train Loss: 0.2564 Acc: 0.8949
2020-06-09 22:43:21,717:val Loss: 0.3996 Acc: 0.8193
2020-06-09 22:43:21,717:Epoch 17/49
2020-06-09 22:43:21,717:----------
2020-06-09 22:49:29,643:train Loss: 0.2543 Acc: 0.8958
2020-06-09 22:50:47,234:val Loss: 0.3999 Acc: 0.8181
2020-06-09 22:50:47,234:Epoch 18/49
2020-06-09 22:50:47,234:----------
2020-06-09 22:56:55,306:train Loss: 0.2536 Acc: 0.8969
2020-06-09 22:58:12,986:val Loss: 0.4005 Acc: 0.8183
2020-06-09 22:58:12,987:Epoch 19/49
2020-06-09 22:58:12,987:----------
2020-06-09 23:04:21,040:train Loss: 0.2520 Acc: 0.8989
2020-06-09 23:05:39,175:val Loss: 0.4006 Acc: 0.8190
2020-06-09 23:05:39,175:Epoch 20/49
2020-06-09 23:05:39,175:----------
2020-06-09 23:11:47,213:train Loss: 0.2500 Acc: 0.8994
2020-06-09 23:13:04,787:val Loss: 0.4016 Acc: 0.8198
2020-06-09 23:13:04,787:Epoch 21/49
2020-06-09 23:13:04,787:----------
2020-06-09 23:19:12,777:train Loss: 0.2502 Acc: 0.9001
2020-06-09 23:20:30,427:val Loss: 0.4012 Acc: 0.8193
2020-06-09 23:20:30,427:Epoch 22/49
2020-06-09 23:20:30,427:----------
2020-06-09 23:26:38,474:train Loss: 0.2494 Acc: 0.8994
2020-06-09 23:27:56,092:val Loss: 0.4014 Acc: 0.8155
2020-06-09 23:27:56,092:Epoch 23/49
2020-06-09 23:27:56,092:----------
2020-06-09 23:34:04,328:train Loss: 0.2494 Acc: 0.8991
2020-06-09 23:35:22,498:val Loss: 0.4018 Acc: 0.8202
2020-06-09 23:35:22,498:Epoch 24/49
2020-06-09 23:35:22,500:----------
2020-06-09 23:41:30,748:train Loss: 0.2506 Acc: 0.8984
2020-06-09 23:42:48,353:val Loss: 0.4012 Acc: 0.8179
2020-06-09 23:42:48,353:Epoch 25/49
2020-06-09 23:42:48,353:----------
2020-06-09 23:48:56,566:train Loss: 0.2484 Acc: 0.8997
2020-06-09 23:50:14,226:val Loss: 0.4013 Acc: 0.8174
2020-06-09 23:50:14,226:Epoch 26/49
2020-06-09 23:50:14,226:----------
2020-06-09 23:56:22,471:train Loss: 0.2502 Acc: 0.8990
2020-06-09 23:57:40,110:val Loss: 0.4012 Acc: 0.8167
2020-06-09 23:57:40,110:Epoch 27/49
2020-06-09 23:57:40,110:----------
2020-06-10 00:03:48,374:train Loss: 0.2499 Acc: 0.9000
2020-06-10 00:05:06,516:val Loss: 0.4014 Acc: 0.8174
2020-06-10 00:05:06,516:Epoch 28/49
2020-06-10 00:05:06,516:----------
2020-06-10 00:11:14,563:train Loss: 0.2482 Acc: 0.9010
2020-06-10 00:12:32,181:val Loss: 0.4012 Acc: 0.8176
2020-06-10 00:12:32,181:Epoch 29/49
2020-06-10 00:12:32,181:----------
2020-06-10 00:18:40,172:train Loss: 0.2492 Acc: 0.9009
2020-06-10 00:19:57,813:val Loss: 0.4015 Acc: 0.8181
2020-06-10 00:19:57,813:Epoch 30/49
2020-06-10 00:19:57,813:----------
2020-06-10 00:26:06,060:train Loss: 0.2505 Acc: 0.8980
2020-06-10 00:27:23,606:val Loss: 0.4018 Acc: 0.8193
2020-06-10 00:27:23,606:Epoch 31/49
2020-06-10 00:27:23,606:----------
2020-06-10 00:33:31,650:train Loss: 0.2481 Acc: 0.9008
2020-06-10 00:34:49,699:val Loss: 0.4019 Acc: 0.8202
2020-06-10 00:34:49,699:Epoch 32/49
2020-06-10 00:34:49,699:----------
2020-06-10 00:40:58,143:train Loss: 0.2495 Acc: 0.8994
2020-06-10 00:42:15,847:val Loss: 0.4010 Acc: 0.8183
2020-06-10 00:42:15,847:Epoch 33/49
2020-06-10 00:42:15,847:----------
2020-06-10 00:48:24,098:train Loss: 0.2485 Acc: 0.9001
2020-06-10 00:49:42,563:val Loss: 0.4018 Acc: 0.8186
2020-06-10 00:49:42,563:Epoch 34/49
2020-06-10 00:49:42,563:----------
2020-06-10 00:55:50,701:train Loss: 0.2497 Acc: 0.9000
2020-06-10 00:57:08,305:val Loss: 0.4018 Acc: 0.8176
2020-06-10 00:57:08,305:Epoch 35/49
2020-06-10 00:57:08,306:----------
2020-06-10 01:03:16,310:train Loss: 0.2489 Acc: 0.8988
2020-06-10 01:04:33,967:val Loss: 0.4013 Acc: 0.8167
2020-06-10 01:04:33,967:Epoch 36/49
2020-06-10 01:04:33,967:----------
2020-06-10 01:10:42,637:train Loss: 0.2488 Acc: 0.8999
2020-06-10 01:12:00,430:val Loss: 0.4015 Acc: 0.8200
2020-06-10 01:12:00,430:Epoch 37/49
2020-06-10 01:12:00,431:----------
2020-06-10 01:18:08,548:train Loss: 0.2493 Acc: 0.9007
2020-06-10 01:19:26,220:val Loss: 0.4013 Acc: 0.8183
2020-06-10 01:19:26,220:Epoch 38/49
2020-06-10 01:19:26,220:----------
2020-06-10 01:25:33,997:train Loss: 0.2492 Acc: 0.8994
2020-06-10 01:26:51,712:val Loss: 0.4021 Acc: 0.8210
2020-06-10 01:26:51,712:Epoch 39/49
2020-06-10 01:26:51,713:----------
2020-06-10 01:32:59,869:train Loss: 0.2490 Acc: 0.9021
2020-06-10 01:34:17,486:val Loss: 0.4014 Acc: 0.8200
2020-06-10 01:34:17,486:Epoch 40/49
2020-06-10 01:34:17,486:----------
2020-06-10 01:40:25,764:train Loss: 0.2492 Acc: 0.8988
2020-06-10 01:41:43,425:val Loss: 0.4014 Acc: 0.8179
2020-06-10 01:41:43,426:Epoch 41/49
2020-06-10 01:41:43,426:----------
2020-06-10 01:47:51,702:train Loss: 0.2502 Acc: 0.8993
2020-06-10 01:49:09,604:val Loss: 0.4016 Acc: 0.8193
2020-06-10 01:49:09,605:Epoch 42/49
2020-06-10 01:49:09,605:----------
2020-06-10 01:55:17,676:train Loss: 0.2490 Acc: 0.9010
2020-06-10 01:56:35,397:val Loss: 0.4015 Acc: 0.8174
2020-06-10 01:56:35,397:Epoch 43/49
2020-06-10 01:56:35,397:----------
2020-06-10 02:02:43,742:train Loss: 0.2498 Acc: 0.9006
2020-06-10 02:04:01,378:val Loss: 0.4016 Acc: 0.8195
2020-06-10 02:04:01,378:Epoch 44/49
2020-06-10 02:04:01,378:----------
2020-06-10 02:10:10,166:train Loss: 0.2488 Acc: 0.8978
2020-06-10 02:11:27,934:val Loss: 0.4015 Acc: 0.8176
2020-06-10 02:11:27,935:Epoch 45/49
2020-06-10 02:11:27,935:----------
2020-06-10 02:17:36,187:train Loss: 0.2481 Acc: 0.9008
2020-06-10 02:18:53,885:val Loss: 0.4012 Acc: 0.8195
2020-06-10 02:18:53,885:Epoch 46/49
2020-06-10 02:18:53,885:----------
2020-06-10 02:25:02,084:train Loss: 0.2483 Acc: 0.9016
2020-06-10 02:26:19,768:val Loss: 0.4012 Acc: 0.8193
2020-06-10 02:26:19,768:Epoch 47/49
2020-06-10 02:26:19,768:----------
2020-06-10 02:32:27,972:train Loss: 0.2494 Acc: 0.8996
2020-06-10 02:33:45,651:val Loss: 0.4017 Acc: 0.8176
2020-06-10 02:33:45,651:Epoch 48/49
2020-06-10 02:33:45,651:----------
2020-06-10 02:39:54,423:train Loss: 0.2497 Acc: 0.8997
2020-06-10 02:41:12,188:val Loss: 0.4012 Acc: 0.8171
2020-06-10 02:41:12,188:Epoch 49/49
2020-06-10 02:41:12,188:----------
2020-06-10 02:47:20,294:train Loss: 0.2496 Acc: 0.8987
2020-06-10 02:48:38,048:val Loss: 0.4018 Acc: 0.8195
2020-06-10 02:48:38,213:Training complete in 371m 37s
2020-06-10 02:48:38,214:Best val Acc: 0.822381
2020-06-10 02:49:42,889:Test accuracy = 82.3445113212955
