2020-06-12 08:40:02,621:cuda:0
2020-06-12 08:40:02,621:ResNet18 architecure chosen, DCN is False
2020-06-12 08:40:04,774:Epoch 0/24
2020-06-12 08:40:04,774:----------
2020-06-12 08:40:06,285:train Loss: 0.7352 Acc: 0.4000
2020-06-12 08:40:07,085:val Loss: 0.6867 Acc: 0.5000
2020-06-12 08:40:07,090:Epoch 1/24
2020-06-12 08:40:07,090:----------
2020-06-12 08:40:08,434:train Loss: 0.6630 Acc: 0.6000
2020-06-12 08:40:09,252:val Loss: 0.6911 Acc: 0.5000
2020-06-12 08:40:09,252:Epoch 2/24
2020-06-12 08:40:09,252:----------
2020-06-12 08:40:10,593:train Loss: 0.6163 Acc: 0.6500
2020-06-12 08:40:11,397:val Loss: 0.6896 Acc: 0.5357
2020-06-12 08:40:11,402:Epoch 3/24
2020-06-12 08:40:11,402:----------
2020-06-12 08:40:12,739:train Loss: 0.5557 Acc: 0.8500
2020-06-12 08:40:13,541:val Loss: 0.7079 Acc: 0.5000
2020-06-12 08:40:13,541:Epoch 4/24
2020-06-12 08:40:13,541:----------
2020-06-12 08:40:14,878:train Loss: 0.4165 Acc: 0.9500
2020-06-12 08:40:15,686:val Loss: 0.7095 Acc: 0.5000
2020-06-12 08:40:15,686:Epoch 5/24
2020-06-12 08:40:15,686:----------
2020-06-12 08:40:17,028:train Loss: 0.2740 Acc: 0.9500
2020-06-12 08:40:17,824:val Loss: 0.6614 Acc: 0.5357
2020-06-12 08:40:17,824:Epoch 6/24
2020-06-12 08:40:17,824:----------
2020-06-12 08:40:19,165:train Loss: 0.2331 Acc: 0.9500
2020-06-12 08:40:19,961:val Loss: 0.7928 Acc: 0.5714
2020-06-12 08:40:19,967:Epoch 7/24
2020-06-12 08:40:19,967:----------
2020-06-12 08:40:21,302:train Loss: 0.3130 Acc: 0.9000
2020-06-12 08:40:22,095:val Loss: 0.7146 Acc: 0.6786
2020-06-12 08:40:22,101:Epoch 8/24
2020-06-12 08:40:22,101:----------
2020-06-12 08:40:23,465:train Loss: 0.1978 Acc: 0.9250
2020-06-12 08:40:24,260:val Loss: 0.7054 Acc: 0.5714
2020-06-12 08:40:24,260:Epoch 9/24
2020-06-12 08:40:24,260:----------
2020-06-12 08:40:25,597:train Loss: 0.1657 Acc: 0.9500
2020-06-12 08:40:26,390:val Loss: 0.6915 Acc: 0.5714
2020-06-12 08:40:26,390:Epoch 10/24
2020-06-12 08:40:26,390:----------
2020-06-12 08:40:27,730:train Loss: 0.2464 Acc: 0.8750
2020-06-12 08:40:28,525:val Loss: 0.6944 Acc: 0.5714
2020-06-12 08:40:28,525:Epoch 11/24
2020-06-12 08:40:28,525:----------
2020-06-12 08:40:29,867:train Loss: 0.1846 Acc: 0.9500
2020-06-12 08:40:30,661:val Loss: 0.6926 Acc: 0.5714
2020-06-12 08:40:30,661:Epoch 12/24
2020-06-12 08:40:30,661:----------
2020-06-12 08:40:32,050:train Loss: 0.1851 Acc: 0.9250
2020-06-12 08:40:32,852:val Loss: 0.6918 Acc: 0.6429
2020-06-12 08:40:32,853:Epoch 13/24
2020-06-12 08:40:32,853:----------
2020-06-12 08:40:34,197:train Loss: 0.1678 Acc: 0.9500
2020-06-12 08:40:34,993:val Loss: 0.6888 Acc: 0.6071
2020-06-12 08:40:34,993:Epoch 14/24
2020-06-12 08:40:34,993:----------
2020-06-12 08:40:36,342:train Loss: 0.2020 Acc: 0.9500
2020-06-12 08:40:37,143:val Loss: 0.6871 Acc: 0.6071
2020-06-12 08:40:37,143:Epoch 15/24
2020-06-12 08:40:37,143:----------
2020-06-12 08:40:38,479:train Loss: 0.1622 Acc: 0.9500
2020-06-12 08:40:39,271:val Loss: 0.6847 Acc: 0.6071
2020-06-12 08:40:39,272:Epoch 16/24
2020-06-12 08:40:39,272:----------
2020-06-12 08:40:40,622:train Loss: 0.1461 Acc: 0.9750
2020-06-12 08:40:41,427:val Loss: 0.6842 Acc: 0.6071
2020-06-12 08:40:41,427:Epoch 17/24
2020-06-12 08:40:41,427:----------
2020-06-12 08:40:42,768:train Loss: 0.2869 Acc: 0.9000
2020-06-12 08:40:43,564:val Loss: 0.6886 Acc: 0.6071
2020-06-12 08:40:43,564:Epoch 18/24
2020-06-12 08:40:43,564:----------
2020-06-12 08:40:44,911:train Loss: 0.2128 Acc: 0.9500
2020-06-12 08:40:45,710:val Loss: 0.6891 Acc: 0.5714
2020-06-12 08:40:45,710:Epoch 19/24
2020-06-12 08:40:45,710:----------
2020-06-12 08:40:47,060:train Loss: 0.1998 Acc: 0.9500
2020-06-12 08:40:47,858:val Loss: 0.6892 Acc: 0.5714
2020-06-12 08:40:47,858:Epoch 20/24
2020-06-12 08:40:47,858:----------
2020-06-12 08:40:49,193:train Loss: 0.1830 Acc: 0.9750
2020-06-12 08:40:49,988:val Loss: 0.6904 Acc: 0.5714
2020-06-12 08:40:49,988:Epoch 21/24
2020-06-12 08:40:49,988:----------
2020-06-12 08:40:51,329:train Loss: 0.1227 Acc: 0.9750
2020-06-12 08:40:52,127:val Loss: 0.6897 Acc: 0.5714
2020-06-12 08:40:52,127:Epoch 22/24
2020-06-12 08:40:52,127:----------
2020-06-12 08:40:53,465:train Loss: 0.1279 Acc: 0.9750
2020-06-12 08:40:54,261:val Loss: 0.6894 Acc: 0.5714
2020-06-12 08:40:54,261:Epoch 23/24
2020-06-12 08:40:54,261:----------
2020-06-12 08:40:55,620:train Loss: 0.1762 Acc: 0.9750
2020-06-12 08:40:56,419:val Loss: 0.6892 Acc: 0.5714
2020-06-12 08:40:56,419:Epoch 24/24
2020-06-12 08:40:56,419:----------
2020-06-12 08:40:57,769:train Loss: 0.2231 Acc: 0.9000
2020-06-12 08:40:58,569:val Loss: 0.6899 Acc: 0.6071
2020-06-12 08:40:58,732:Training complete in 0m 54s
2020-06-12 08:40:58,733:Best val Acc: 0.678571
2020-06-12 08:40:59,394:Test accuracy = 100.0
