2020-06-12 09:36:19,685:cuda:0
2020-06-12 09:36:19,685:ResNet50 architecure chosen, DCN is True
2020-06-12 09:38:21,423:cuda:0
2020-06-12 09:38:21,423:ResNet50 architecure chosen, DCN is True
2020-06-12 09:38:24,115:Epoch 0/24
2020-06-12 09:38:24,115:----------
2020-06-12 09:41:16,515:cuda:0
2020-06-12 09:41:16,515:ResNet50 architecure chosen, DCN is True
2020-06-12 09:50:12,026:cuda:0
2020-06-12 09:50:12,027:ResNet50 architecure chosen, DCN is True
2020-06-12 09:50:14,690:Epoch 0/24
2020-06-12 09:50:14,691:----------
2020-06-12 09:51:40,062:cuda:0
2020-06-12 09:51:40,062:ResNet50 architecure chosen, DCN is True
2020-06-12 09:51:42,584:Epoch 0/24
2020-06-12 09:51:42,584:----------
2020-06-12 09:52:13,188:cuda:0
2020-06-12 09:52:13,188:ResNet50 architecure chosen, DCN is True
2020-06-12 09:52:15,756:Epoch 0/24
2020-06-12 09:52:15,756:----------
2020-06-12 09:54:02,401:cuda:0
2020-06-12 09:54:02,401:ResNet50 architecure chosen, DCN is True
2020-06-12 09:54:04,860:Epoch 0/24
2020-06-12 09:54:04,860:----------
2020-06-12 09:57:08,393:cuda:0
2020-06-12 09:57:08,393:ResNet50 architecure chosen, DCN is True
2020-06-12 09:57:10,938:Epoch 0/24
2020-06-12 09:57:10,938:----------
2020-06-12 10:00:38,915:cuda:0
2020-06-12 10:00:38,915:ResNet50 architecure chosen, DCN is True
2020-06-12 10:00:41,747:Epoch 0/24
2020-06-12 10:00:41,748:----------
2020-06-12 10:00:59,276:cuda:0
2020-06-12 10:01:01,819:ResNet50 architecure chosen, DCN is True
2020-06-12 10:01:17,688:Epoch 0/24
2020-06-12 10:01:17,688:----------
2020-06-12 10:01:38,816:cuda:0
2020-06-12 10:01:49,877:ResNet50 architecure chosen, DCN is True
2020-06-12 10:02:07,125:Epoch 0/24
2020-06-12 10:02:07,571:----------
2020-06-12 10:03:35,605:cuda:0
2020-06-12 10:03:35,606:ResNet50 architecure chosen, DCN is True
2020-06-12 10:03:37,900:Epoch 0/24
2020-06-12 10:03:37,900:----------
2020-06-12 10:03:57,648:cuda:0
2020-06-12 10:03:57,649:ResNet50 architecure chosen, DCN is True
2020-06-12 10:03:59,945:Epoch 0/24
2020-06-12 10:03:59,945:----------
2020-06-12 10:04:17,220:cuda:0
2020-06-12 10:04:17,220:ResNet50 architecure chosen, DCN is True
2020-06-12 10:04:19,577:Epoch 0/24
2020-06-12 10:04:19,577:----------
2020-06-12 10:04:50,412:cuda:0
2020-06-12 10:04:50,412:ResNet50 architecure chosen, DCN is True
2020-06-12 10:04:52,708:Epoch 0/24
2020-06-12 10:04:52,708:----------
2020-06-12 10:07:49,564:cuda:0
2020-06-12 10:07:49,564:ResNet50 architecure chosen, DCN is True
2020-06-12 10:13:04,844:cuda:0
2020-06-12 10:13:04,844:ResNet50 architecure chosen, DCN is True
2020-06-12 10:13:07,557:Epoch 0/24
2020-06-12 10:13:07,558:----------
2020-06-12 10:13:27,391:cuda:0
2020-06-12 10:13:27,391:ResNet50 architecure chosen, DCN is True
2020-06-12 10:14:28,945:Epoch 0/24
2020-06-12 10:14:28,945:----------
2020-06-12 10:15:50,688:cuda:0
2020-06-12 10:15:50,688:ResNet50 architecure chosen, DCN is True
2020-06-12 10:15:52,986:Epoch 0/24
2020-06-12 10:15:52,986:----------
2020-06-12 10:16:17,221:cuda:0
2020-06-12 10:16:17,221:ResNet50 architecure chosen, DCN is True
2020-06-12 10:16:19,787:Epoch 0/24
2020-06-12 10:16:19,787:----------
2020-06-12 10:16:32,663:cuda:0
2020-06-12 10:16:32,664:ResNet50 architecure chosen, DCN is True
2020-06-12 10:16:35,470:Epoch 0/24
2020-06-12 10:16:35,470:----------
2020-06-12 10:17:24,086:cuda:0
2020-06-12 10:17:24,087:ResNet50 architecure chosen, DCN is True
2020-06-12 10:17:26,693:Epoch 0/24
2020-06-12 10:17:26,693:----------
2020-06-12 10:20:15,455:cuda:0
2020-06-12 10:20:15,455:ResNet50 architecure chosen, DCN is True
2020-06-12 10:20:18,324:Epoch 0/24
2020-06-12 10:20:18,324:----------
2020-06-12 10:21:44,079:cuda:0
2020-06-12 10:21:44,079:ResNet50 architecure chosen, DCN is True
2020-06-12 10:21:46,353:Epoch 0/24
2020-06-12 10:21:46,353:----------
2020-06-12 10:22:53,886:cuda:0
2020-06-12 10:22:53,886:ResNet50 architecure chosen, DCN is False
2020-06-12 10:22:56,604:Epoch 0/24
2020-06-12 10:22:56,604:----------
2020-06-12 10:23:01,348:train Loss: 0.7129 Acc: 0.5000
2020-06-12 10:23:03,366:val Loss: 0.7038 Acc: 0.5000
2020-06-12 10:23:03,379:Epoch 1/24
2020-06-12 10:23:03,379:----------
2020-06-12 10:23:04,863:train Loss: 0.6686 Acc: 0.7000
2020-06-12 10:23:05,678:val Loss: 0.6934 Acc: 0.5357
2020-06-12 10:23:05,688:Epoch 2/24
2020-06-12 10:23:05,688:----------
2020-06-12 10:23:07,129:train Loss: 0.6974 Acc: 0.6000
2020-06-12 10:23:07,944:val Loss: 0.6937 Acc: 0.5000
2020-06-12 10:23:07,945:Epoch 3/24
2020-06-12 10:23:07,945:----------
2020-06-12 10:23:09,397:train Loss: 0.6608 Acc: 0.6750
2020-06-12 10:23:10,228:val Loss: 0.6950 Acc: 0.5000
2020-06-12 10:23:10,228:Epoch 4/24
2020-06-12 10:23:10,228:----------
2020-06-12 10:23:12,056:train Loss: 0.6481 Acc: 0.6250
2020-06-12 10:23:12,890:val Loss: 0.6967 Acc: 0.5000
2020-06-12 10:23:12,890:Epoch 5/24
2020-06-12 10:23:12,891:----------
2020-06-12 10:23:14,338:train Loss: 0.6270 Acc: 0.7250
2020-06-12 10:23:15,189:val Loss: 0.6990 Acc: 0.5000
2020-06-12 10:23:15,189:Epoch 6/24
2020-06-12 10:23:15,189:----------
2020-06-12 10:23:16,658:train Loss: 0.6345 Acc: 0.7000
2020-06-12 10:23:17,490:val Loss: 0.7045 Acc: 0.5000
2020-06-12 10:23:17,490:Epoch 7/24
2020-06-12 10:23:17,490:----------
2020-06-12 10:23:18,967:train Loss: 0.5848 Acc: 0.7250
2020-06-12 10:23:19,795:val Loss: 0.7074 Acc: 0.5000
2020-06-12 10:23:19,796:Epoch 8/24
2020-06-12 10:23:19,796:----------
2020-06-12 10:23:21,255:train Loss: 0.6044 Acc: 0.7250
2020-06-12 10:23:22,097:val Loss: 0.7114 Acc: 0.5000
2020-06-12 10:23:22,097:Epoch 9/24
2020-06-12 10:23:22,097:----------
2020-06-12 10:23:23,644:train Loss: 0.6001 Acc: 0.7500
2020-06-12 10:23:24,471:val Loss: 0.7151 Acc: 0.5000
2020-06-12 10:23:24,471:Epoch 10/24
2020-06-12 10:23:24,473:----------
2020-06-12 10:23:25,937:train Loss: 0.5973 Acc: 0.7000
2020-06-12 10:23:26,759:val Loss: 0.7225 Acc: 0.5000
2020-06-12 10:23:26,759:Epoch 11/24
2020-06-12 10:23:26,759:----------
2020-06-12 10:23:28,242:train Loss: 0.6042 Acc: 0.6750
2020-06-12 10:23:29,064:val Loss: 0.7289 Acc: 0.5000
2020-06-12 10:23:29,064:Epoch 12/24
2020-06-12 10:23:29,064:----------
2020-06-12 10:23:30,499:train Loss: 0.5916 Acc: 0.7000
2020-06-12 10:23:31,313:val Loss: 0.7361 Acc: 0.5000
2020-06-12 10:23:31,313:Epoch 13/24
2020-06-12 10:23:31,313:----------
2020-06-12 10:23:32,768:train Loss: 0.5920 Acc: 0.7250
2020-06-12 10:23:33,582:val Loss: 0.7451 Acc: 0.5000
2020-06-12 10:23:33,582:Epoch 14/24
2020-06-12 10:23:33,582:----------
2020-06-12 10:23:35,040:train Loss: 0.5899 Acc: 0.7000
2020-06-12 10:23:35,853:val Loss: 0.7516 Acc: 0.5000
2020-06-12 10:23:35,854:Epoch 15/24
2020-06-12 10:23:35,855:----------
2020-06-12 10:23:37,299:train Loss: 0.5833 Acc: 0.7250
2020-06-12 10:23:38,140:val Loss: 0.7596 Acc: 0.5000
2020-06-12 10:23:38,140:Epoch 16/24
2020-06-12 10:23:38,140:----------
2020-06-12 10:23:39,894:train Loss: 0.5799 Acc: 0.7250
2020-06-12 10:23:40,721:val Loss: 0.7627 Acc: 0.5000
2020-06-12 10:23:40,721:Epoch 17/24
2020-06-12 10:23:40,721:----------
2020-06-12 10:23:42,202:train Loss: 0.5724 Acc: 0.7250
2020-06-12 10:23:43,016:val Loss: 0.7689 Acc: 0.5000
2020-06-12 10:23:43,016:Epoch 18/24
2020-06-12 10:23:43,016:----------
2020-06-12 10:23:44,639:train Loss: 0.5673 Acc: 0.7250
2020-06-12 10:23:45,541:val Loss: 0.7717 Acc: 0.5000
2020-06-12 10:23:45,542:Epoch 19/24
2020-06-12 10:23:45,542:----------
2020-06-12 10:23:46,987:train Loss: 0.5643 Acc: 0.7500
2020-06-12 10:23:47,811:val Loss: 0.7722 Acc: 0.5000
2020-06-12 10:23:47,811:Epoch 20/24
2020-06-12 10:23:47,811:----------
2020-06-12 10:23:49,292:train Loss: 0.5547 Acc: 0.7500
2020-06-12 10:23:50,115:val Loss: 0.7745 Acc: 0.5000
2020-06-12 10:23:50,115:Epoch 21/24
2020-06-12 10:23:50,115:----------
2020-06-12 10:23:51,796:train Loss: 0.5472 Acc: 0.7750
2020-06-12 10:23:52,624:val Loss: 0.7804 Acc: 0.5000
2020-06-12 10:23:52,624:Epoch 22/24
2020-06-12 10:23:52,624:----------
2020-06-12 10:23:54,180:train Loss: 0.5457 Acc: 0.7750
2020-06-12 10:23:55,023:val Loss: 0.7798 Acc: 0.5000
2020-06-12 10:23:55,023:Epoch 23/24
2020-06-12 10:23:55,023:----------
2020-06-12 10:23:56,468:train Loss: 0.5438 Acc: 0.7750
2020-06-12 10:23:57,281:val Loss: 0.7859 Acc: 0.5000
2020-06-12 10:23:57,281:Epoch 24/24
2020-06-12 10:23:57,281:----------
2020-06-12 10:23:58,746:train Loss: 0.5412 Acc: 0.7750
2020-06-12 10:23:59,556:val Loss: 0.7899 Acc: 0.5000
2020-06-12 10:23:59,724:Training complete in 1m 3s
2020-06-12 10:23:59,724:Best val Acc: 0.535714
2020-06-12 10:24:00,395:Test accuracy = 65.0
2020-06-12 10:24:25,499:cuda:0
2020-06-12 10:24:25,499:ResNet50 architecure chosen, DCN is True
2020-06-12 10:24:28,277:Epoch 0/24
2020-06-12 10:24:28,277:----------
2020-06-12 10:25:40,191:cuda:0
2020-06-12 10:25:40,192:ResNet50 architecure chosen, DCN is True
2020-06-12 10:25:42,469:Epoch 0/24
2020-06-12 10:25:42,469:----------
2020-06-12 10:25:43,924:train Loss: 0.7066 Acc: 0.3000
2020-06-12 10:25:44,739:val Loss: 0.6934 Acc: 0.5000
2020-06-12 10:25:44,751:Epoch 1/24
2020-06-12 10:25:44,751:----------
2020-06-12 10:25:46,202:train Loss: 0.6943 Acc: 0.5500
2020-06-12 10:25:47,040:val Loss: 0.6940 Acc: 0.5357
2020-06-12 10:25:47,050:Epoch 2/24
2020-06-12 10:25:47,050:----------
2020-06-12 10:26:05,305:cuda:0
2020-06-12 10:26:05,305:ResNet50 architecure chosen, DCN is True
2020-06-12 10:26:07,898:Epoch 0/24
2020-06-12 10:26:07,898:----------
2020-06-12 10:28:18,360:cuda:0
2020-06-12 10:28:18,361:ResNet50 architecure chosen, DCN is True
2020-06-12 10:28:20,644:Epoch 0/24
2020-06-12 10:28:20,644:----------
2020-06-12 10:28:53,047:cuda:0
2020-06-12 10:28:53,047:ResNet50 architecure chosen, DCN is True
2020-06-12 10:28:55,377:Epoch 0/24
2020-06-12 10:28:55,377:----------
2020-06-12 10:29:12,772:cuda:0
2020-06-12 10:29:12,772:ResNet50 architecure chosen, DCN is True
2020-06-12 10:29:15,956:cuda:0
2020-06-12 10:29:15,956:ResNet50 architecure chosen, DCN is True
2020-06-12 10:29:19,838:cuda:0
2020-06-12 10:29:19,838:ResNet50 architecure chosen, DCN is True
2020-06-12 10:29:22,629:Epoch 0/24
2020-06-12 10:29:22,629:----------
2020-06-12 10:29:50,712:cuda:0
2020-06-12 10:29:50,712:ResNet50 architecure chosen, DCN is True
2020-06-12 10:29:52,890:Epoch 0/24
2020-06-12 10:29:52,890:----------
2020-06-12 10:30:21,755:cuda:0
2020-06-12 10:30:21,755:ResNet50 architecure chosen, DCN is True
2020-06-12 10:30:24,031:Epoch 0/24
2020-06-12 10:30:24,031:----------
2020-06-12 10:30:36,724:cuda:0
2020-06-12 10:30:36,724:ResNet50 architecure chosen, DCN is True
2020-06-12 10:30:52,899:cuda:0
2020-06-12 10:30:52,899:ResNet50 architecure chosen, DCN is True
2020-06-12 10:30:55,169:Epoch 0/24
2020-06-12 10:30:55,169:----------
2020-06-12 10:31:09,994:cuda:0
2020-06-12 10:31:09,994:ResNet50 architecure chosen, DCN is True
2020-06-12 10:31:12,227:Epoch 0/24
2020-06-12 10:31:12,227:----------
2020-06-12 10:31:37,468:cuda:0
2020-06-12 10:31:37,468:ResNet50 architecure chosen, DCN is True
2020-06-12 10:31:39,764:Epoch 0/24
2020-06-12 10:31:39,764:----------
2020-06-12 10:32:47,828:cuda:0
2020-06-12 10:32:47,828:ResNet50 architecure chosen, DCN is True
2020-06-12 10:32:50,058:Epoch 0/24
2020-06-12 10:32:50,058:----------
2020-06-12 10:33:11,105:cuda:0
2020-06-12 10:33:11,106:ResNet50 architecure chosen, DCN is True
2020-06-12 10:33:13,359:Epoch 0/24
2020-06-12 10:33:13,359:----------
2020-06-12 10:33:52,364:cuda:0
2020-06-12 10:33:52,364:ResNet50 architecure chosen, DCN is True
2020-06-12 10:33:54,770:Epoch 0/24
2020-06-12 10:33:54,770:----------
2020-06-12 10:34:10,613:cuda:0
2020-06-12 10:34:10,614:ResNet50 architecure chosen, DCN is True
2020-06-12 10:34:12,894:Epoch 0/24
2020-06-12 10:34:12,894:----------
2020-06-12 10:34:25,582:cuda:0
2020-06-12 10:34:25,583:ResNet50 architecure chosen, DCN is True
2020-06-12 10:34:27,837:Epoch 0/24
2020-06-12 10:34:27,838:----------
2020-06-12 10:36:38,377:cuda:0
2020-06-12 10:36:38,377:ResNet50 architecure chosen, DCN is True
2020-06-12 10:36:40,697:Epoch 0/24
2020-06-12 10:36:40,697:----------
2020-06-12 10:37:24,809:cuda:0
2020-06-12 10:37:24,809:ResNet50 architecure chosen, DCN is True
2020-06-12 10:37:27,173:Epoch 0/24
2020-06-12 10:37:27,173:----------
2020-06-12 10:37:55,019:cuda:0
2020-06-12 10:37:55,019:ResNet50 architecure chosen, DCN is True
2020-06-12 10:37:57,283:Epoch 0/24
2020-06-12 10:37:57,283:----------
2020-06-12 10:38:19,987:cuda:0
2020-06-12 10:38:19,987:ResNet50 architecure chosen, DCN is True
2020-06-12 10:38:22,207:Epoch 0/24
2020-06-12 10:38:22,207:----------
2020-06-12 10:38:56,047:cuda:0
2020-06-12 10:38:56,047:ResNet50 architecure chosen, DCN is True
2020-06-12 10:38:58,363:Epoch 0/24
2020-06-12 10:38:58,363:----------
2020-06-12 10:39:25,318:cuda:0
2020-06-12 10:39:25,318:ResNet50 architecure chosen, DCN is True
2020-06-12 10:39:27,612:Epoch 0/24
2020-06-12 10:39:27,612:----------
2020-06-12 10:39:29,115:train Loss: 0.7021 Acc: 0.5000
2020-06-12 10:39:29,939:val Loss: 0.6993 Acc: 0.5000
2020-06-12 10:39:29,951:Epoch 1/24
2020-06-12 10:39:29,952:----------
2020-06-12 10:39:42,789:cuda:0
2020-06-12 10:39:42,789:ResNet50 architecure chosen, DCN is True
2020-06-12 10:39:45,022:Epoch 0/24
2020-06-12 10:39:45,022:----------
2020-06-12 10:40:13,923:cuda:0
2020-06-12 10:40:13,923:ResNet50 architecure chosen, DCN is True
2020-06-12 10:40:16,158:Epoch 0/24
2020-06-12 10:40:16,159:----------
2020-06-12 10:40:57,547:cuda:0
2020-06-12 10:40:57,548:ResNet50 architecure chosen, DCN is True
2020-06-12 10:40:59,808:Epoch 0/24
2020-06-12 10:40:59,808:----------
2020-06-12 10:41:23,048:cuda:0
2020-06-12 10:41:23,048:ResNet50 architecure chosen, DCN is True
2020-06-12 10:41:25,279:Epoch 0/24
2020-06-12 10:41:25,279:----------
2020-06-12 10:41:26,768:train Loss: 0.7650 Acc: 0.5000
2020-06-12 10:41:27,590:val Loss: 350138336.0000 Acc: 0.5000
2020-06-12 10:41:27,603:Epoch 1/24
2020-06-12 10:41:27,603:----------
2020-06-12 10:41:29,153:train Loss: 0.7387 Acc: 0.4750
2020-06-12 10:41:29,974:val Loss: 168337680.0000 Acc: 0.5000
2020-06-12 10:41:29,974:Epoch 2/24
2020-06-12 10:41:29,974:----------
2020-06-12 10:41:31,470:train Loss: 0.7377 Acc: 0.4750
2020-06-12 10:41:32,299:val Loss: 36532788.0000 Acc: 0.5000
2020-06-12 10:41:32,299:Epoch 3/24
2020-06-12 10:41:32,301:----------
2020-06-12 10:41:33,784:train Loss: 0.7076 Acc: 0.5000
2020-06-12 10:41:34,607:val Loss: 460666080.0000 Acc: 0.5000
2020-06-12 10:41:34,607:Epoch 4/24
2020-06-12 10:41:34,607:----------
2020-06-12 10:41:36,103:train Loss: 0.7117 Acc: 0.5000
2020-06-12 10:41:36,927:val Loss: 336832704.0000 Acc: 0.5000
2020-06-12 10:41:36,927:Epoch 5/24
2020-06-12 10:41:36,927:----------
2020-06-12 10:41:38,415:train Loss: 0.7176 Acc: 0.5000
2020-06-12 10:41:39,240:val Loss: 147868128.0000 Acc: 0.5000
2020-06-12 10:41:39,240:Epoch 6/24
2020-06-12 10:41:39,240:----------
2020-06-12 10:41:40,734:train Loss: 0.6584 Acc: 0.5000
2020-06-12 10:41:41,559:val Loss: 51153764.0000 Acc: 0.5000
2020-06-12 10:41:41,559:Epoch 7/24
2020-06-12 10:41:41,559:----------
2020-06-12 10:41:43,044:train Loss: 0.6338 Acc: 0.5000
2020-06-12 10:41:43,868:val Loss: 1978491.0000 Acc: 0.5000
2020-06-12 10:41:43,868:Epoch 8/24
2020-06-12 10:41:43,868:----------
2020-06-12 10:41:45,363:train Loss: 0.6371 Acc: 0.5000
2020-06-12 10:41:46,187:val Loss: 219806.8594 Acc: 0.5000
2020-06-12 10:41:46,187:Epoch 9/24
2020-06-12 10:41:46,187:----------
2020-06-12 10:41:47,671:train Loss: 0.6368 Acc: 0.5250
2020-06-12 10:41:48,494:val Loss: 43572.1992 Acc: 0.5000
2020-06-12 10:41:48,495:Epoch 10/24
2020-06-12 10:41:48,495:----------
2020-06-12 10:41:49,986:train Loss: 0.6293 Acc: 0.5250
2020-06-12 10:41:50,808:val Loss: 12246.5859 Acc: 0.5000
2020-06-12 10:41:50,809:Epoch 11/24
2020-06-12 10:41:50,809:----------
2020-06-12 10:41:52,311:train Loss: 0.6204 Acc: 0.6000
2020-06-12 10:41:53,138:val Loss: 4362.9644 Acc: 0.5000
2020-06-12 10:41:53,138:Epoch 12/24
2020-06-12 10:41:53,138:----------
2020-06-12 10:41:54,629:train Loss: 0.6232 Acc: 0.5500
2020-06-12 10:41:55,452:val Loss: 1825.4209 Acc: 0.5000
2020-06-12 10:41:55,452:Epoch 13/24
2020-06-12 10:41:55,452:----------
2020-06-12 10:41:56,945:train Loss: 0.6173 Acc: 0.7000
2020-06-12 10:41:57,768:val Loss: 859.1820 Acc: 0.5000
2020-06-12 10:41:57,768:Epoch 14/24
2020-06-12 10:41:57,768:----------
2020-06-12 10:41:59,260:train Loss: 0.6041 Acc: 0.8250
2020-06-12 10:42:00,106:val Loss: 388.0301 Acc: 0.5000
2020-06-12 10:42:00,107:Epoch 15/24
2020-06-12 10:42:00,107:----------
2020-06-12 10:42:01,615:train Loss: 0.6086 Acc: 0.6500
2020-06-12 10:42:02,441:val Loss: 191.7220 Acc: 0.5000
2020-06-12 10:42:02,441:Epoch 16/24
2020-06-12 10:42:02,441:----------
2020-06-12 10:42:03,942:train Loss: 0.6121 Acc: 0.6250
2020-06-12 10:42:04,766:val Loss: 101.6765 Acc: 0.5000
2020-06-12 10:42:04,766:Epoch 17/24
2020-06-12 10:42:04,766:----------
2020-06-12 10:42:06,274:train Loss: 0.6136 Acc: 0.6750
2020-06-12 10:42:07,097:val Loss: 57.1144 Acc: 0.5000
2020-06-12 10:42:07,097:Epoch 18/24
2020-06-12 10:42:07,098:----------
2020-06-12 10:42:08,580:train Loss: 0.6135 Acc: 0.7250
2020-06-12 10:42:09,405:val Loss: 33.6247 Acc: 0.5000
2020-06-12 10:42:09,406:Epoch 19/24
2020-06-12 10:42:09,406:----------
2020-06-12 10:42:10,916:train Loss: 0.6105 Acc: 0.6750
2020-06-12 10:42:11,741:val Loss: 20.5887 Acc: 0.5000
2020-06-12 10:42:11,741:Epoch 20/24
2020-06-12 10:42:11,741:----------
2020-06-12 10:42:13,227:train Loss: 0.6133 Acc: 0.6750
2020-06-12 10:42:14,050:val Loss: 13.0352 Acc: 0.5000
2020-06-12 10:42:14,050:Epoch 21/24
2020-06-12 10:42:14,050:----------
2020-06-12 10:42:15,562:train Loss: 0.6113 Acc: 0.7500
2020-06-12 10:42:16,396:val Loss: 8.3855 Acc: 0.5000
2020-06-12 10:42:16,396:Epoch 22/24
2020-06-12 10:42:16,396:----------
2020-06-12 10:42:17,887:train Loss: 0.6114 Acc: 0.7000
2020-06-12 10:42:18,707:val Loss: 5.5551 Acc: 0.5000
2020-06-12 10:42:18,707:Epoch 23/24
2020-06-12 10:42:18,707:----------
2020-06-12 10:42:20,203:train Loss: 0.6100 Acc: 0.7500
2020-06-12 10:42:21,031:val Loss: 3.7832 Acc: 0.5000
2020-06-12 10:42:21,031:Epoch 24/24
2020-06-12 10:42:21,031:----------
2020-06-12 10:42:22,524:train Loss: 0.6105 Acc: 0.7500
2020-06-12 10:42:23,339:val Loss: 2.6719 Acc: 0.5000
2020-06-12 10:42:23,493:Training complete in 0m 58s
2020-06-12 10:42:23,493:Best val Acc: 0.500000
2020-06-12 10:42:24,178:Test accuracy = 50.0
2020-06-12 10:42:39,596:cuda:0
2020-06-12 10:42:39,597:ResNet50 architecure chosen, DCN is True
2020-06-12 10:42:41,828:Epoch 0/24
2020-06-12 10:42:41,828:----------
2020-06-12 10:42:43,337:train Loss: 0.7033 Acc: 0.3750
2020-06-12 10:42:44,165:val Loss: 473591.0312 Acc: 0.5000
2020-06-12 10:42:44,177:Epoch 1/24
2020-06-12 10:42:44,178:----------
2020-06-12 10:42:45,676:train Loss: 0.7044 Acc: 0.4750
2020-06-12 10:42:46,501:val Loss: 885017.8750 Acc: 0.5000
2020-06-12 10:42:46,501:Epoch 2/24
2020-06-12 10:42:46,501:----------
2020-06-12 10:42:47,985:train Loss: 0.6779 Acc: 0.6000
2020-06-12 10:42:48,805:val Loss: 2044634.8750 Acc: 0.5000
2020-06-12 10:42:48,806:Epoch 3/24
2020-06-12 10:42:48,806:----------
2020-06-12 10:42:50,306:train Loss: 0.6742 Acc: 0.5250
2020-06-12 10:42:51,128:val Loss: 3272657.7500 Acc: 0.5000
2020-06-12 10:42:51,128:Epoch 4/24
2020-06-12 10:42:51,129:----------
2020-06-12 10:42:52,614:train Loss: 0.6770 Acc: 0.5000
2020-06-12 10:42:53,433:val Loss: 2830934.0000 Acc: 0.5000
2020-06-12 10:42:53,433:Epoch 5/24
2020-06-12 10:42:53,433:----------
2020-06-12 10:42:54,940:train Loss: 0.6685 Acc: 0.6250
2020-06-12 10:42:55,763:val Loss: 3064400.5000 Acc: 0.5000
2020-06-12 10:42:55,763:Epoch 6/24
2020-06-12 10:42:55,763:----------
2020-06-12 10:42:57,281:train Loss: 0.6705 Acc: 0.6750
2020-06-12 10:42:58,119:val Loss: 2543810.0000 Acc: 0.5000
2020-06-12 10:42:58,119:Epoch 7/24
2020-06-12 10:42:58,120:----------
2020-06-12 10:42:59,608:train Loss: 0.6529 Acc: 0.7500
2020-06-12 10:43:00,432:val Loss: 224355.6562 Acc: 0.5000
2020-06-12 10:43:00,432:Epoch 8/24
2020-06-12 10:43:00,432:----------
2020-06-12 10:43:01,925:train Loss: 0.6459 Acc: 0.6500
2020-06-12 10:43:02,747:val Loss: 40524.6484 Acc: 0.5000
2020-06-12 10:43:02,747:Epoch 9/24
2020-06-12 10:43:02,748:----------
2020-06-12 10:43:04,233:train Loss: 0.6521 Acc: 0.7250
2020-06-12 10:43:05,077:val Loss: 11061.8984 Acc: 0.5000
2020-06-12 10:43:05,078:Epoch 10/24
2020-06-12 10:43:05,078:----------
2020-06-12 10:43:06,584:train Loss: 0.6434 Acc: 0.7250
2020-06-12 10:43:07,435:val Loss: 3949.2244 Acc: 0.5000
2020-06-12 10:43:07,435:Epoch 11/24
2020-06-12 10:43:07,437:----------
2020-06-12 10:43:08,933:train Loss: 0.6541 Acc: 0.6750
2020-06-12 10:43:09,754:val Loss: 1690.3757 Acc: 0.5000
2020-06-12 10:43:09,755:Epoch 12/24
2020-06-12 10:43:09,755:----------
2020-06-12 10:43:11,247:train Loss: 0.6482 Acc: 0.7000
2020-06-12 10:43:12,068:val Loss: 820.8853 Acc: 0.5000
2020-06-12 10:43:12,068:Epoch 13/24
2020-06-12 10:43:12,068:----------
2020-06-12 10:43:13,600:train Loss: 0.6401 Acc: 0.6500
2020-06-12 10:43:14,421:val Loss: 440.9252 Acc: 0.5000
2020-06-12 10:43:14,421:Epoch 14/24
2020-06-12 10:43:14,421:----------
2020-06-12 10:43:15,971:train Loss: 0.6325 Acc: 0.7500
2020-06-12 10:43:16,815:val Loss: 227.4646 Acc: 0.5000
2020-06-12 10:43:16,815:Epoch 15/24
2020-06-12 10:43:16,815:----------
2020-06-12 10:43:18,594:train Loss: 0.6313 Acc: 0.7000
2020-06-12 10:43:19,495:val Loss: 126.3499 Acc: 0.5000
2020-06-12 10:43:19,495:Epoch 16/24
2020-06-12 10:43:19,496:----------
2020-06-12 10:43:21,102:train Loss: 0.6289 Acc: 0.7250
2020-06-12 10:43:22,256:val Loss: 74.3918 Acc: 0.5000
2020-06-12 10:43:22,257:Epoch 17/24
2020-06-12 10:43:22,257:----------
2020-06-12 10:43:24,103:train Loss: 0.6296 Acc: 0.7000
2020-06-12 10:43:24,966:val Loss: 45.8581 Acc: 0.5000
2020-06-12 10:43:24,966:Epoch 18/24
2020-06-12 10:43:24,968:----------
2020-06-12 10:43:26,510:train Loss: 0.6291 Acc: 0.7000
2020-06-12 10:43:27,546:val Loss: 29.2869 Acc: 0.5000
2020-06-12 10:43:27,547:Epoch 19/24
2020-06-12 10:43:27,547:----------
2020-06-12 10:43:30,438:train Loss: 0.6257 Acc: 0.7250
2020-06-12 10:43:31,312:val Loss: 19.2806 Acc: 0.5000
2020-06-12 10:43:31,312:Epoch 20/24
2020-06-12 10:43:31,312:----------
2020-06-12 10:43:33,138:train Loss: 0.6247 Acc: 0.7250
2020-06-12 10:43:33,970:val Loss: 13.0258 Acc: 0.5000
2020-06-12 10:43:33,970:Epoch 21/24
2020-06-12 10:43:33,970:----------
2020-06-12 10:43:35,877:train Loss: 0.6239 Acc: 0.7250
2020-06-12 10:43:36,745:val Loss: 8.9313 Acc: 0.5000
2020-06-12 10:43:36,746:Epoch 22/24
2020-06-12 10:43:36,746:----------
2020-06-12 10:43:38,691:train Loss: 0.6227 Acc: 0.7250
2020-06-12 10:43:39,899:val Loss: 6.2610 Acc: 0.5000
2020-06-12 10:43:39,899:Epoch 23/24
2020-06-12 10:43:39,899:----------
2020-06-12 10:43:41,415:train Loss: 0.6222 Acc: 0.7250
2020-06-12 10:43:42,248:val Loss: 4.4796 Acc: 0.5000
2020-06-12 10:43:42,248:Epoch 24/24
2020-06-12 10:43:42,250:----------
2020-06-12 10:43:43,773:train Loss: 0.6213 Acc: 0.7250
2020-06-12 10:43:45,013:val Loss: 3.3017 Acc: 0.5000
2020-06-12 10:43:45,181:Training complete in 1m 3s
2020-06-12 10:43:45,181:Best val Acc: 0.500000
2020-06-12 10:43:45,882:Test accuracy = 50.0
2020-06-12 10:44:29,165:cuda:0
2020-06-12 10:44:29,166:ResNet50 architecure chosen, DCN is True
2020-06-12 10:44:31,942:Epoch 0/24
2020-06-12 10:44:31,942:----------
2020-06-12 10:45:41,244:cuda:0
2020-06-12 10:45:41,244:ResNet50 architecure chosen, DCN is True
2020-06-12 10:45:43,566:Epoch 0/24
2020-06-12 10:45:43,566:----------
2020-06-12 10:45:52,370:cuda:0
2020-06-12 10:45:52,370:ResNet50 architecure chosen, DCN is True
2020-06-12 10:45:55,163:Epoch 0/24
2020-06-12 10:45:55,163:----------
2020-06-12 10:46:08,504:cuda:0
2020-06-12 10:46:08,504:ResNet50 architecure chosen, DCN is True
2020-06-12 10:46:10,823:Epoch 0/24
2020-06-12 10:46:10,823:----------
2020-06-12 10:46:36,470:cuda:0
2020-06-12 10:46:36,470:ResNet50 architecure chosen, DCN is True
2020-06-12 10:46:38,821:Epoch 0/24
2020-06-12 10:46:38,822:----------
2020-06-12 10:47:26,606:cuda:0
2020-06-12 10:47:26,606:ResNet50 architecure chosen, DCN is True
2020-06-12 10:47:28,857:Epoch 0/24
2020-06-12 10:47:28,857:----------
2020-06-12 10:47:30,373:train Loss: 0.7031 Acc: 0.4750
2020-06-12 10:47:31,201:val Loss: 571.6262 Acc: 0.5000
2020-06-12 10:47:31,213:Epoch 1/24
2020-06-12 10:47:31,213:----------
2020-06-12 10:47:32,727:train Loss: 0.7152 Acc: 0.4500
2020-06-12 10:47:33,553:val Loss: 2066.0571 Acc: 0.5000
2020-06-12 10:47:33,553:Epoch 2/24
2020-06-12 10:47:33,553:----------
2020-06-12 10:47:35,051:train Loss: 0.6806 Acc: 0.5000
2020-06-12 10:47:35,871:val Loss: 653862.0625 Acc: 0.5000
2020-06-12 10:47:35,871:Epoch 3/24
2020-06-12 10:47:35,873:----------
2020-06-12 10:47:37,396:train Loss: 0.7280 Acc: 0.4000
2020-06-12 10:47:38,216:val Loss: 24253580.0000 Acc: 0.5000
2020-06-12 10:47:38,216:Epoch 4/24
2020-06-12 10:47:38,216:----------
2020-06-12 10:47:39,733:train Loss: 0.6786 Acc: 0.5000
2020-06-12 10:47:40,552:val Loss: 100118608.0000 Acc: 0.5000
2020-06-12 10:47:40,552:Epoch 5/24
2020-06-12 10:47:40,552:----------
2020-06-12 10:47:42,078:train Loss: 0.6642 Acc: 0.5750
2020-06-12 10:47:42,909:val Loss: 88818624.0000 Acc: 0.5000
2020-06-12 10:47:42,909:Epoch 6/24
2020-06-12 10:47:42,909:----------
2020-06-12 10:47:44,421:train Loss: 0.6688 Acc: 0.6250
2020-06-12 10:47:45,244:val Loss: 68598768.0000 Acc: 0.5000
2020-06-12 10:47:45,244:Epoch 7/24
2020-06-12 10:47:45,244:----------
2020-06-12 10:47:46,756:train Loss: 0.6725 Acc: 0.6250
2020-06-12 10:47:47,576:val Loss: 1865921.3750 Acc: 0.5000
2020-06-12 10:47:47,576:Epoch 8/24
2020-06-12 10:47:47,578:----------
2020-06-12 10:47:49,079:train Loss: 0.6537 Acc: 0.7000
2020-06-12 10:47:49,933:val Loss: 174782.2969 Acc: 0.5000
2020-06-12 10:47:49,933:Epoch 9/24
2020-06-12 10:47:49,933:----------
2020-06-12 10:47:51,488:train Loss: 0.6497 Acc: 0.7000
2020-06-12 10:47:52,396:val Loss: 30996.2070 Acc: 0.5000
2020-06-12 10:47:52,397:Epoch 10/24
2020-06-12 10:47:52,397:----------
2020-06-12 10:47:54,046:train Loss: 0.6571 Acc: 0.7000
2020-06-12 10:47:54,887:val Loss: 8295.0244 Acc: 0.5000
2020-06-12 10:47:54,888:Epoch 11/24
2020-06-12 10:47:54,888:----------
2020-06-12 10:47:56,457:train Loss: 0.6480 Acc: 0.7250
2020-06-12 10:47:57,281:val Loss: 2902.2195 Acc: 0.5000
2020-06-12 10:47:57,281:Epoch 12/24
2020-06-12 10:47:57,281:----------
2020-06-12 10:47:59,087:train Loss: 0.6498 Acc: 0.7500
2020-06-12 10:48:00,128:val Loss: 1221.9482 Acc: 0.5000
2020-06-12 10:48:00,128:Epoch 13/24
2020-06-12 10:48:00,129:----------
2020-06-12 10:48:01,706:train Loss: 0.6544 Acc: 0.6000
2020-06-12 10:48:02,645:val Loss: 583.4916 Acc: 0.5000
2020-06-12 10:48:02,645:Epoch 14/24
2020-06-12 10:48:02,645:----------
2020-06-12 10:48:04,178:train Loss: 0.6446 Acc: 0.7500
2020-06-12 10:48:05,024:val Loss: 265.9117 Acc: 0.5000
2020-06-12 10:48:05,025:Epoch 15/24
2020-06-12 10:48:05,025:----------
2020-06-12 10:48:06,656:train Loss: 0.6473 Acc: 0.7250
2020-06-12 10:48:07,524:val Loss: 133.9120 Acc: 0.5000
2020-06-12 10:48:07,525:Epoch 16/24
2020-06-12 10:48:07,525:----------
2020-06-12 10:48:09,702:train Loss: 0.6445 Acc: 0.7500
2020-06-12 10:48:12,801:val Loss: 72.9148 Acc: 0.5000
2020-06-12 10:48:12,802:Epoch 17/24
2020-06-12 10:48:12,802:----------
2020-06-12 10:48:18,401:train Loss: 0.6406 Acc: 0.7250
2020-06-12 10:48:20,003:val Loss: 42.1891 Acc: 0.5000
2020-06-12 10:48:20,004:Epoch 18/24
2020-06-12 10:48:20,004:----------
2020-06-12 10:48:21,540:train Loss: 0.6447 Acc: 0.7000
2020-06-12 10:48:22,383:val Loss: 25.6627 Acc: 0.5000
2020-06-12 10:48:22,384:Epoch 19/24
2020-06-12 10:48:22,384:----------
2020-06-12 10:48:35,421:cuda:0
2020-06-12 10:48:35,421:ResNet50 architecure chosen, DCN is True
2020-06-12 10:48:37,637:Epoch 0/24
2020-06-12 10:48:37,637:----------
2020-06-12 10:48:48,839:cuda:0
2020-06-12 10:48:48,839:ResNet50 architecure chosen, DCN is True
2020-06-12 10:48:51,058:Epoch 0/24
2020-06-12 10:48:51,058:----------
2020-06-12 10:48:52,581:train Loss: 0.6912 Acc: 0.5500
2020-06-12 10:48:53,412:val Loss: 5519070724096.0000 Acc: 0.5000
2020-06-12 10:48:53,425:Epoch 1/24
2020-06-12 10:48:53,425:----------
2020-06-12 10:48:54,942:train Loss: 0.6962 Acc: 0.5750
2020-06-12 10:48:55,770:val Loss: 55443529728.0000 Acc: 0.4643
2020-06-12 10:48:55,770:Epoch 2/24
2020-06-12 10:48:55,770:----------
2020-06-12 10:48:57,326:train Loss: 0.6937 Acc: 0.4750
2020-06-12 10:48:58,161:val Loss: 1963995430912.0000 Acc: 0.5000
2020-06-12 10:48:58,161:Epoch 3/24
2020-06-12 10:48:58,161:----------
2020-06-12 10:49:20,204:cuda:0
2020-06-12 10:49:20,204:ResNet50 architecure chosen, DCN is True
2020-06-12 10:49:22,637:Epoch 0/24
2020-06-12 10:49:22,637:----------
2020-06-12 10:51:05,090:train Loss: 0.5865 Acc: 0.7150
2020-06-12 10:51:33,481:val Loss: 0.6221 Acc: 0.7436
2020-06-12 10:51:33,493:Epoch 1/24
2020-06-12 10:51:33,493:----------
2020-06-12 10:53:11,323:train Loss: 0.5286 Acc: 0.7150
2020-06-12 10:53:39,570:val Loss: 0.5383 Acc: 0.7188
2020-06-12 10:53:39,570:Epoch 2/24
2020-06-12 10:53:39,570:----------
2020-06-12 10:55:17,390:train Loss: 0.5157 Acc: 0.7173
2020-06-12 10:55:45,651:val Loss: 0.5129 Acc: 0.7222
2020-06-12 10:55:45,651:Epoch 3/24
2020-06-12 10:55:45,651:----------
2020-06-12 10:57:23,428:train Loss: 0.5113 Acc: 0.7210
2020-06-12 10:57:51,647:val Loss: 0.5210 Acc: 0.7120
2020-06-12 10:57:51,647:Epoch 4/24
2020-06-12 10:57:51,647:----------
2020-06-12 10:59:29,474:train Loss: 0.5241 Acc: 0.7241
2020-06-12 10:59:57,799:val Loss: 0.5073 Acc: 0.7222
2020-06-12 10:59:57,799:Epoch 5/24
2020-06-12 10:59:57,799:----------
2020-06-12 11:01:35,614:train Loss: 0.5078 Acc: 0.7229
2020-06-12 11:02:03,839:val Loss: 0.4937 Acc: 0.7333
2020-06-12 11:02:03,839:Epoch 6/24
2020-06-12 11:02:03,839:----------
