2020-06-12 14:43:24,034:cuda:0
2020-06-12 14:43:24,034:ResNet50 architecure chosen, DCN is False
2020-06-12 14:43:26,307:Epoch 0/49
2020-06-12 14:43:26,307:----------
2020-06-12 14:50:23,877:train Loss: 0.5397 Acc: 0.7641
2020-06-12 14:51:45,960:val Loss: 0.6876 Acc: 0.6233
2020-06-12 14:51:45,972:Epoch 1/49
2020-06-12 14:51:45,973:----------
2020-06-12 14:58:41,345:train Loss: 0.4874 Acc: 0.7726
2020-06-12 15:00:02,730:val Loss: 0.4815 Acc: 0.7888
2020-06-12 15:00:02,740:Epoch 2/49
2020-06-12 15:00:02,740:----------
2020-06-12 15:06:57,903:train Loss: 0.4747 Acc: 0.7786
2020-06-12 15:08:19,803:val Loss: 0.4703 Acc: 0.7876
2020-06-12 15:08:19,803:Epoch 3/49
2020-06-12 15:08:19,803:----------
2020-06-12 15:15:14,663:train Loss: 0.4633 Acc: 0.7840
2020-06-12 15:16:35,854:val Loss: 0.4336 Acc: 0.7995
2020-06-12 15:16:35,865:Epoch 4/49
2020-06-12 15:16:35,865:----------
2020-06-12 15:23:31,512:train Loss: 0.4583 Acc: 0.7922
2020-06-12 15:24:52,803:val Loss: 0.4159 Acc: 0.8057
2020-06-12 15:24:52,813:Epoch 5/49
2020-06-12 15:24:52,814:----------
2020-06-12 15:31:52,379:train Loss: 0.4361 Acc: 0.8011
2020-06-12 15:33:13,696:val Loss: 0.4291 Acc: 0.8064
2020-06-12 15:33:13,706:Epoch 6/49
2020-06-12 15:33:13,706:----------
2020-06-12 15:40:09,286:train Loss: 0.4405 Acc: 0.8016
2020-06-12 15:41:30,945:val Loss: 0.5300 Acc: 0.7888
2020-06-12 15:41:30,946:Epoch 7/49
2020-06-12 15:41:30,946:----------
2020-06-12 15:48:26,339:train Loss: 0.4082 Acc: 0.8124
2020-06-12 15:49:47,708:val Loss: 0.4131 Acc: 0.8102
2020-06-12 15:49:47,719:Epoch 8/49
2020-06-12 15:49:47,719:----------
2020-06-12 15:56:42,694:train Loss: 0.3974 Acc: 0.8200
2020-06-12 15:58:04,051:val Loss: 0.4074 Acc: 0.8162
2020-06-12 15:58:04,062:Epoch 9/49
2020-06-12 15:58:04,062:----------
2020-06-12 16:04:59,239:train Loss: 0.3927 Acc: 0.8218
2020-06-12 16:06:20,465:val Loss: 0.4041 Acc: 0.8145
2020-06-12 16:06:20,465:Epoch 10/49
2020-06-12 16:06:20,465:----------
2020-06-12 16:13:16,180:train Loss: 0.3868 Acc: 0.8219
2020-06-12 16:14:37,522:val Loss: 0.4017 Acc: 0.8136
2020-06-12 16:14:37,523:Epoch 11/49
2020-06-12 16:14:37,523:----------
2020-06-12 16:21:32,662:train Loss: 0.3828 Acc: 0.8268
2020-06-12 16:22:53,968:val Loss: 0.4066 Acc: 0.8169
2020-06-12 16:22:53,978:Epoch 12/49
2020-06-12 16:22:53,978:----------
2020-06-12 16:29:48,949:train Loss: 0.3787 Acc: 0.8272
2020-06-12 16:31:10,336:val Loss: 0.4019 Acc: 0.8145
2020-06-12 16:31:10,337:Epoch 13/49
2020-06-12 16:31:10,337:----------
2020-06-12 16:38:05,921:train Loss: 0.3724 Acc: 0.8300
2020-06-12 16:39:27,153:val Loss: 0.4066 Acc: 0.8112
2020-06-12 16:39:27,154:Epoch 14/49
2020-06-12 16:39:27,154:----------
2020-06-12 16:46:22,149:train Loss: 0.3674 Acc: 0.8339
2020-06-12 16:47:43,415:val Loss: 0.4018 Acc: 0.8107
2020-06-12 16:47:43,416:Epoch 15/49
2020-06-12 16:47:43,416:----------
2020-06-12 16:54:38,290:train Loss: 0.3639 Acc: 0.8343
2020-06-12 16:55:59,581:val Loss: 0.4017 Acc: 0.8157
2020-06-12 16:55:59,581:Epoch 16/49
2020-06-12 16:55:59,581:----------
2020-06-12 17:02:54,769:train Loss: 0.3631 Acc: 0.8358
2020-06-12 17:04:16,147:val Loss: 0.4005 Acc: 0.8140
2020-06-12 17:04:16,148:Epoch 17/49
2020-06-12 17:04:16,148:----------
2020-06-12 17:11:11,751:train Loss: 0.3634 Acc: 0.8361
2020-06-12 17:12:33,240:val Loss: 0.4000 Acc: 0.8160
2020-06-12 17:12:33,241:Epoch 18/49
2020-06-12 17:12:33,241:----------
2020-06-12 17:19:28,437:train Loss: 0.3613 Acc: 0.8355
2020-06-12 17:20:49,768:val Loss: 0.4005 Acc: 0.8138
2020-06-12 17:20:49,768:Epoch 19/49
2020-06-12 17:20:49,768:----------
2020-06-12 17:27:45,204:train Loss: 0.3607 Acc: 0.8381
2020-06-12 17:29:06,507:val Loss: 0.4009 Acc: 0.8126
2020-06-12 17:29:06,507:Epoch 20/49
2020-06-12 17:29:06,507:----------
2020-06-12 17:36:01,671:train Loss: 0.3582 Acc: 0.8392
2020-06-12 17:37:23,653:val Loss: 0.4015 Acc: 0.8152
2020-06-12 17:37:23,653:Epoch 21/49
2020-06-12 17:37:23,653:----------
2020-06-12 17:44:19,101:train Loss: 0.3568 Acc: 0.8378
2020-06-12 17:45:40,427:val Loss: 0.4011 Acc: 0.8114
2020-06-12 17:45:40,427:Epoch 22/49
2020-06-12 17:45:40,427:----------
2020-06-12 17:52:35,842:train Loss: 0.3589 Acc: 0.8371
2020-06-12 17:53:57,146:val Loss: 0.3997 Acc: 0.8107
2020-06-12 17:53:57,147:Epoch 23/49
2020-06-12 17:53:57,147:----------
2020-06-12 18:00:52,494:train Loss: 0.3581 Acc: 0.8383
2020-06-12 18:02:13,845:val Loss: 0.4007 Acc: 0.8140
2020-06-12 18:02:13,846:Epoch 24/49
2020-06-12 18:02:13,846:----------
2020-06-12 18:09:09,610:train Loss: 0.3572 Acc: 0.8377
2020-06-12 18:10:30,868:val Loss: 0.4007 Acc: 0.8131
2020-06-12 18:10:30,868:Epoch 25/49
2020-06-12 18:10:30,868:----------
2020-06-12 18:17:26,080:train Loss: 0.3591 Acc: 0.8368
2020-06-12 18:18:47,396:val Loss: 0.4019 Acc: 0.8150
2020-06-12 18:18:47,396:Epoch 26/49
2020-06-12 18:18:47,396:----------
2020-06-12 18:25:42,608:train Loss: 0.3598 Acc: 0.8362
2020-06-12 18:27:04,021:val Loss: 0.4017 Acc: 0.8160
2020-06-12 18:27:04,021:Epoch 27/49
2020-06-12 18:27:04,021:----------
2020-06-12 18:33:59,267:train Loss: 0.3573 Acc: 0.8391
2020-06-12 18:35:20,525:val Loss: 0.4001 Acc: 0.8121
2020-06-12 18:35:20,525:Epoch 28/49
2020-06-12 18:35:20,525:----------
2020-06-12 18:42:16,609:train Loss: 0.3577 Acc: 0.8382
2020-06-12 18:43:37,868:val Loss: 0.4012 Acc: 0.8155
2020-06-12 18:43:37,868:Epoch 29/49
2020-06-12 18:43:37,868:----------
2020-06-12 18:50:33,107:train Loss: 0.3581 Acc: 0.8384
2020-06-12 18:51:54,287:val Loss: 0.4006 Acc: 0.8138
2020-06-12 18:51:54,287:Epoch 30/49
2020-06-12 18:51:54,287:----------
2020-06-12 18:58:49,172:train Loss: 0.3580 Acc: 0.8386
2020-06-12 19:00:10,346:val Loss: 0.4002 Acc: 0.8155
2020-06-12 19:00:10,346:Epoch 31/49
2020-06-12 19:00:10,346:----------
2020-06-12 19:07:05,746:train Loss: 0.3574 Acc: 0.8362
2020-06-12 19:08:26,995:val Loss: 0.4006 Acc: 0.8136
2020-06-12 19:08:26,995:Epoch 32/49
2020-06-12 19:08:26,996:----------
2020-06-12 19:15:22,083:train Loss: 0.3582 Acc: 0.8375
2020-06-12 19:16:43,366:val Loss: 0.4024 Acc: 0.8126
2020-06-12 19:16:43,366:Epoch 33/49
2020-06-12 19:16:43,366:----------
2020-06-12 19:23:38,630:train Loss: 0.3596 Acc: 0.8362
2020-06-12 19:24:59,911:val Loss: 0.3999 Acc: 0.8114
2020-06-12 19:24:59,912:Epoch 34/49
2020-06-12 19:24:59,912:----------
2020-06-12 19:31:55,152:train Loss: 0.3575 Acc: 0.8386
2020-06-12 19:33:16,476:val Loss: 0.4016 Acc: 0.8157
2020-06-12 19:33:16,476:Epoch 35/49
2020-06-12 19:33:16,476:----------
2020-06-12 19:40:12,184:train Loss: 0.3579 Acc: 0.8361
2020-06-12 19:41:33,400:val Loss: 0.4006 Acc: 0.8143
2020-06-12 19:41:33,400:Epoch 36/49
2020-06-12 19:41:33,401:----------
2020-06-12 19:48:28,532:train Loss: 0.3583 Acc: 0.8380
2020-06-12 19:49:49,923:val Loss: 0.4020 Acc: 0.8136
2020-06-12 19:49:49,923:Epoch 37/49
2020-06-12 19:49:49,923:----------
2020-06-12 19:56:45,176:train Loss: 0.3593 Acc: 0.8354
2020-06-12 19:58:06,522:val Loss: 0.4015 Acc: 0.8157
2020-06-12 19:58:06,522:Epoch 38/49
2020-06-12 19:58:06,522:----------
2020-06-12 20:05:01,795:train Loss: 0.3590 Acc: 0.8377
2020-06-12 20:06:23,091:val Loss: 0.4018 Acc: 0.8145
2020-06-12 20:06:23,091:Epoch 39/49
2020-06-12 20:06:23,093:----------
2020-06-12 20:13:18,581:train Loss: 0.3582 Acc: 0.8377
2020-06-12 20:14:39,925:val Loss: 0.3999 Acc: 0.8155
2020-06-12 20:14:39,926:Epoch 40/49
2020-06-12 20:14:39,926:----------
2020-06-12 20:21:35,231:train Loss: 0.3577 Acc: 0.8386
2020-06-12 20:22:56,501:val Loss: 0.4020 Acc: 0.8105
2020-06-12 20:22:56,501:Epoch 41/49
2020-06-12 20:22:56,501:----------
2020-06-12 20:29:51,820:train Loss: 0.3576 Acc: 0.8387
2020-06-12 20:31:12,969:val Loss: 0.4009 Acc: 0.8136
2020-06-12 20:31:12,969:Epoch 42/49
2020-06-12 20:31:12,969:----------
2020-06-12 20:38:08,401:train Loss: 0.3589 Acc: 0.8394
2020-06-12 20:39:29,655:val Loss: 0.4025 Acc: 0.8133
2020-06-12 20:39:29,655:Epoch 43/49
2020-06-12 20:39:29,655:----------
2020-06-12 20:46:24,961:train Loss: 0.3567 Acc: 0.8395
2020-06-12 20:47:46,257:val Loss: 0.4004 Acc: 0.8148
2020-06-12 20:47:46,258:Epoch 44/49
2020-06-12 20:47:46,258:----------
2020-06-12 20:54:41,258:train Loss: 0.3574 Acc: 0.8388
2020-06-12 20:56:02,412:val Loss: 0.4018 Acc: 0.8131
2020-06-12 20:56:02,412:Epoch 45/49
2020-06-12 20:56:02,413:----------
2020-06-12 21:02:57,453:train Loss: 0.3573 Acc: 0.8388
2020-06-12 21:04:18,581:val Loss: 0.4020 Acc: 0.8138
2020-06-12 21:04:18,582:Epoch 46/49
2020-06-12 21:04:18,582:----------
2020-06-12 21:11:16,469:train Loss: 0.3579 Acc: 0.8387
2020-06-12 21:12:37,880:val Loss: 0.4006 Acc: 0.8145
2020-06-12 21:12:37,880:Epoch 47/49
2020-06-12 21:12:37,880:----------
2020-06-12 21:19:33,293:train Loss: 0.3594 Acc: 0.8379
2020-06-12 21:20:54,691:val Loss: 0.4018 Acc: 0.8131
2020-06-12 21:20:54,691:Epoch 48/49
2020-06-12 21:20:54,691:----------
2020-06-12 21:27:49,755:train Loss: 0.3591 Acc: 0.8370
2020-06-12 21:29:11,102:val Loss: 0.4006 Acc: 0.8110
2020-06-12 21:29:11,102:Epoch 49/49
2020-06-12 21:29:11,102:----------
2020-06-12 21:36:06,314:train Loss: 0.3579 Acc: 0.8380
2020-06-12 21:37:28,160:val Loss: 0.4011 Acc: 0.8152
2020-06-12 21:37:28,322:Training complete in 414m 2s
2020-06-12 21:37:28,322:Best val Acc: 0.816905
2020-06-12 21:38:36,467:Test accuracy = 81.51332760103182
