2020-05-28 16:08:04,074:cuda:0
2020-05-28 16:08:04,074:ResNet18 architecure chosen, DCN is False
2020-05-28 16:08:06,859:Epoch 0/49
2020-05-28 16:08:06,859:----------
2020-05-28 16:12:37,544:train Loss: 0.4746 Acc: 0.7682
2020-05-28 16:13:24,471:val Loss: 0.3388 Acc: 0.8393
2020-05-28 16:13:24,477:Epoch 1/49
2020-05-28 16:13:24,477:----------
2020-05-28 16:19:06,399:train Loss: 0.2708 Acc: 0.8824
2020-05-28 16:19:35,713:val Loss: 0.2912 Acc: 0.8744
2020-05-28 16:19:35,718:Epoch 2/49
2020-05-28 16:19:35,718:----------
2020-05-28 16:21:09,091:train Loss: 0.2116 Acc: 0.9174
2020-05-28 16:21:41,050:val Loss: 0.1922 Acc: 0.9325
2020-05-28 16:21:41,055:Epoch 3/49
2020-05-28 16:21:41,055:----------
2020-05-28 16:23:12,334:train Loss: 0.1821 Acc: 0.9285
2020-05-28 16:23:45,266:val Loss: 0.1812 Acc: 0.9436
2020-05-28 16:23:45,272:Epoch 4/49
2020-05-28 16:23:45,272:----------
2020-05-28 16:25:19,298:train Loss: 0.1640 Acc: 0.9376
2020-05-28 16:25:50,827:val Loss: 0.3809 Acc: 0.8393
2020-05-28 16:25:50,828:Epoch 5/49
2020-05-28 16:25:50,828:----------
2020-05-28 16:27:26,074:train Loss: 0.1400 Acc: 0.9470
2020-05-28 16:27:56,598:val Loss: 0.1505 Acc: 0.9444
2020-05-28 16:27:56,603:Epoch 6/49
2020-05-28 16:27:56,603:----------
2020-05-28 16:29:28,857:train Loss: 0.1227 Acc: 0.9564
2020-05-28 16:30:01,250:val Loss: 0.1683 Acc: 0.9316
2020-05-28 16:30:01,250:Epoch 7/49
2020-05-28 16:30:01,251:----------
2020-05-28 16:31:28,661:train Loss: 0.1039 Acc: 0.9673
2020-05-28 16:31:57,259:val Loss: 0.1214 Acc: 0.9590
2020-05-28 16:31:57,264:Epoch 8/49
2020-05-28 16:31:57,264:----------
2020-05-28 16:33:28,127:train Loss: 0.0951 Acc: 0.9667
2020-05-28 16:33:56,076:val Loss: 0.1247 Acc: 0.9564
2020-05-28 16:33:56,076:Epoch 9/49
2020-05-28 16:33:56,076:----------
2020-05-28 16:35:25,118:train Loss: 0.0933 Acc: 0.9673
2020-05-28 16:35:55,019:val Loss: 0.1233 Acc: 0.9573
2020-05-28 16:35:55,020:Epoch 10/49
2020-05-28 16:35:55,020:----------
2020-05-28 16:37:22,213:train Loss: 0.0922 Acc: 0.9692
2020-05-28 16:37:49,810:val Loss: 0.1217 Acc: 0.9590
2020-05-28 16:37:49,810:Epoch 11/49
2020-05-28 16:37:49,810:----------
2020-05-28 16:39:17,463:train Loss: 0.0829 Acc: 0.9764
2020-05-28 16:39:45,216:val Loss: 0.1184 Acc: 0.9624
2020-05-28 16:39:45,221:Epoch 12/49
2020-05-28 16:39:45,221:----------
2020-05-28 16:41:12,605:train Loss: 0.0826 Acc: 0.9744
2020-05-28 16:41:40,630:val Loss: 0.1198 Acc: 0.9624
2020-05-28 16:41:40,630:Epoch 13/49
2020-05-28 16:41:40,630:----------
2020-05-28 16:43:08,831:train Loss: 0.0889 Acc: 0.9707
2020-05-28 16:43:37,163:val Loss: 0.1167 Acc: 0.9624
2020-05-28 16:43:37,163:Epoch 14/49
2020-05-28 16:43:37,163:----------
2020-05-28 16:45:05,034:train Loss: 0.0847 Acc: 0.9715
2020-05-28 16:45:34,424:val Loss: 0.1181 Acc: 0.9607
2020-05-28 16:45:34,425:Epoch 15/49
2020-05-28 16:45:34,425:----------
2020-05-28 16:47:02,401:train Loss: 0.0817 Acc: 0.9744
2020-05-28 16:47:30,314:val Loss: 0.1173 Acc: 0.9615
2020-05-28 16:47:30,314:Epoch 16/49
2020-05-28 16:47:30,314:----------
2020-05-28 16:48:57,358:train Loss: 0.0787 Acc: 0.9741
2020-05-28 16:49:25,040:val Loss: 0.1174 Acc: 0.9598
2020-05-28 16:49:25,041:Epoch 17/49
2020-05-28 16:49:25,041:----------
2020-05-28 16:50:51,528:train Loss: 0.0787 Acc: 0.9764
2020-05-28 16:51:19,419:val Loss: 0.1181 Acc: 0.9615
2020-05-28 16:51:19,419:Epoch 18/49
2020-05-28 16:51:19,419:----------
2020-05-28 16:52:46,854:train Loss: 0.0784 Acc: 0.9747
2020-05-28 16:53:14,466:val Loss: 0.1175 Acc: 0.9615
2020-05-28 16:53:14,466:Epoch 19/49
2020-05-28 16:53:14,466:----------
2020-05-28 16:54:40,818:train Loss: 0.0801 Acc: 0.9747
2020-05-28 16:55:08,386:val Loss: 0.1177 Acc: 0.9615
2020-05-28 16:55:08,386:Epoch 20/49
2020-05-28 16:55:08,386:----------
2020-05-28 16:56:34,329:train Loss: 0.0808 Acc: 0.9724
2020-05-28 16:57:01,783:val Loss: 0.1176 Acc: 0.9632
2020-05-28 16:57:01,820:Epoch 21/49
2020-05-28 16:57:01,820:----------
2020-05-28 16:58:27,685:train Loss: 0.0802 Acc: 0.9744
2020-05-28 16:58:55,198:val Loss: 0.1172 Acc: 0.9598
2020-05-28 16:58:55,198:Epoch 22/49
2020-05-28 16:58:55,199:----------
2020-05-28 17:00:21,045:train Loss: 0.0813 Acc: 0.9747
2020-05-28 17:00:48,407:val Loss: 0.1177 Acc: 0.9598
2020-05-28 17:00:48,407:Epoch 23/49
2020-05-28 17:00:48,408:----------
2020-05-28 17:02:14,118:train Loss: 0.0800 Acc: 0.9744
2020-05-28 17:02:41,357:val Loss: 0.1171 Acc: 0.9607
2020-05-28 17:02:41,357:Epoch 24/49
2020-05-28 17:02:41,357:----------
2020-05-28 17:04:10,653:train Loss: 0.0825 Acc: 0.9732
2020-05-28 17:05:41,747:val Loss: 0.1182 Acc: 0.9598
2020-05-28 17:05:41,747:Epoch 25/49
2020-05-28 17:05:41,747:----------
2020-05-28 17:07:42,091:train Loss: 0.0828 Acc: 0.9732
2020-05-28 17:08:14,190:val Loss: 0.1177 Acc: 0.9615
2020-05-28 17:08:14,191:Epoch 26/49
2020-05-28 17:08:14,191:----------
2020-05-28 17:09:38,133:train Loss: 0.0806 Acc: 0.9764
2020-05-28 17:10:04,898:val Loss: 0.1181 Acc: 0.9615
2020-05-28 17:10:04,899:Epoch 27/49
2020-05-28 17:10:04,899:----------
2020-05-28 17:11:28,770:train Loss: 0.0817 Acc: 0.9747
2020-05-28 17:11:55,547:val Loss: 0.1185 Acc: 0.9607
2020-05-28 17:11:55,547:Epoch 28/49
2020-05-28 17:11:55,547:----------
2020-05-28 17:13:19,458:train Loss: 0.0831 Acc: 0.9758
2020-05-28 17:13:46,242:val Loss: 0.1171 Acc: 0.9632
2020-05-28 17:13:46,242:Epoch 29/49
2020-05-28 17:13:46,242:----------
2020-05-28 17:15:10,068:train Loss: 0.0826 Acc: 0.9749
2020-05-28 17:15:36,808:val Loss: 0.1174 Acc: 0.9615
2020-05-28 17:15:36,808:Epoch 30/49
2020-05-28 17:15:36,808:----------
2020-05-28 17:17:00,634:train Loss: 0.0807 Acc: 0.9764
2020-05-28 17:17:27,391:val Loss: 0.1176 Acc: 0.9607
2020-05-28 17:17:27,391:Epoch 31/49
2020-05-28 17:17:27,391:----------
2020-05-28 17:18:51,179:train Loss: 0.0798 Acc: 0.9715
2020-05-28 17:19:17,950:val Loss: 0.1176 Acc: 0.9598
2020-05-28 17:19:17,951:Epoch 32/49
2020-05-28 17:19:17,953:----------
2020-05-28 17:20:41,920:train Loss: 0.0765 Acc: 0.9772
2020-05-28 17:21:08,724:val Loss: 0.1175 Acc: 0.9624
2020-05-28 17:21:08,724:Epoch 33/49
2020-05-28 17:21:08,724:----------
2020-05-28 17:22:32,522:train Loss: 0.0769 Acc: 0.9767
2020-05-28 17:22:59,284:val Loss: 0.1173 Acc: 0.9590
2020-05-28 17:22:59,284:Epoch 34/49
2020-05-28 17:22:59,284:----------
2020-05-28 17:24:23,191:train Loss: 0.0784 Acc: 0.9767
2020-05-28 17:24:49,990:val Loss: 0.1173 Acc: 0.9607
2020-05-28 17:24:49,990:Epoch 35/49
2020-05-28 17:24:49,990:----------
2020-05-28 17:26:14,079:train Loss: 0.0787 Acc: 0.9778
2020-05-28 17:26:40,886:val Loss: 0.1190 Acc: 0.9598
2020-05-28 17:26:40,887:Epoch 36/49
2020-05-28 17:26:40,887:----------
2020-05-28 17:28:04,656:train Loss: 0.0773 Acc: 0.9744
2020-05-28 17:28:31,467:val Loss: 0.1171 Acc: 0.9590
2020-05-28 17:28:31,467:Epoch 37/49
2020-05-28 17:28:31,467:----------
2020-05-28 17:29:55,474:train Loss: 0.0767 Acc: 0.9738
2020-05-28 17:30:22,233:val Loss: 0.1176 Acc: 0.9615
2020-05-28 17:30:22,233:Epoch 38/49
2020-05-28 17:30:22,233:----------
2020-05-28 17:31:46,161:train Loss: 0.0817 Acc: 0.9738
2020-05-28 17:32:12,955:val Loss: 0.1175 Acc: 0.9590
2020-05-28 17:32:12,955:Epoch 39/49
2020-05-28 17:32:12,955:----------
2020-05-28 17:33:36,750:train Loss: 0.0804 Acc: 0.9772
2020-05-28 17:34:03,591:val Loss: 0.1174 Acc: 0.9590
2020-05-28 17:34:03,592:Epoch 40/49
2020-05-28 17:34:03,592:----------
2020-05-28 17:35:27,336:train Loss: 0.0816 Acc: 0.9732
2020-05-28 17:35:54,123:val Loss: 0.1191 Acc: 0.9590
2020-05-28 17:35:54,123:Epoch 41/49
2020-05-28 17:35:54,123:----------
2020-05-28 17:37:18,067:train Loss: 0.0785 Acc: 0.9769
2020-05-28 17:37:44,906:val Loss: 0.1189 Acc: 0.9590
2020-05-28 17:37:44,907:Epoch 42/49
2020-05-28 17:37:44,907:----------
2020-05-28 17:39:08,788:train Loss: 0.0762 Acc: 0.9775
2020-05-28 17:39:35,582:val Loss: 0.1168 Acc: 0.9590
2020-05-28 17:39:35,582:Epoch 43/49
2020-05-28 17:39:35,582:----------
2020-05-28 17:40:59,597:train Loss: 0.0791 Acc: 0.9778
2020-05-28 17:41:26,434:val Loss: 0.1176 Acc: 0.9607
2020-05-28 17:41:26,435:Epoch 44/49
2020-05-28 17:41:26,435:----------
2020-05-28 17:42:50,322:train Loss: 0.0803 Acc: 0.9767
2020-05-28 17:43:17,141:val Loss: 0.1175 Acc: 0.9615
2020-05-28 17:43:17,142:Epoch 45/49
2020-05-28 17:43:17,142:----------
2020-05-28 17:44:41,009:train Loss: 0.0783 Acc: 0.9741
2020-05-28 17:45:07,733:val Loss: 0.1171 Acc: 0.9624
2020-05-28 17:45:07,733:Epoch 46/49
2020-05-28 17:45:07,733:----------
2020-05-28 17:46:31,585:train Loss: 0.0787 Acc: 0.9761
2020-05-28 17:46:58,354:val Loss: 0.1188 Acc: 0.9598
2020-05-28 17:46:58,355:Epoch 47/49
2020-05-28 17:46:58,355:----------
2020-05-28 17:48:22,273:train Loss: 0.0778 Acc: 0.9769
2020-05-28 17:48:49,070:val Loss: 0.1183 Acc: 0.9607
2020-05-28 17:48:49,071:Epoch 48/49
2020-05-28 17:48:49,071:----------
2020-05-28 17:50:13,052:train Loss: 0.0795 Acc: 0.9727
2020-05-28 17:50:39,868:val Loss: 0.1184 Acc: 0.9607
2020-05-28 17:50:39,868:Epoch 49/49
2020-05-28 17:50:39,868:----------
2020-05-28 17:52:03,784:train Loss: 0.0823 Acc: 0.9738
2020-05-28 17:52:30,570:val Loss: 0.1171 Acc: 0.9607
2020-05-28 17:52:30,734:Training complete in 104m 24s
2020-05-28 17:52:30,734:Best val Acc: 0.963248
2020-05-28 17:52:58,792:Test accuracy = 95.82623509369677
