2020-07-01 09:30:23,675:cuda:0
2020-07-01 09:30:23,675:simple_cnn architecure chosen, DCN is False
2020-07-01 09:31:26,919:Epoch 0/24
2020-07-01 09:31:26,920:----------
2020-07-01 09:32:23,307:cuda:0
2020-07-01 09:32:23,307:simple_cnn architecure chosen, DCN is False
2020-07-01 09:32:25,512:Epoch 0/24
2020-07-01 09:32:25,512:----------
2020-07-01 09:48:40,355:cuda:0
2020-07-01 09:48:40,355:simple_cnn architecure chosen, DCN is False
2020-07-01 09:48:42,374:Epoch 0/24
2020-07-01 09:48:42,374:----------
2020-07-01 09:49:30,503:train Loss: 0.6949 Acc: 0.5250
2020-07-01 09:49:47,385:val Loss: 0.6935 Acc: 0.5000
2020-07-01 09:49:47,406:Epoch 1/24
2020-07-01 09:49:47,406:----------
2020-07-01 09:53:50,839:cuda:0
2020-07-01 09:53:50,839:simple_cnn architecure chosen, DCN is False
2020-07-01 09:53:52,882:Epoch 0/24
2020-07-01 09:53:52,882:----------
2020-07-01 09:53:54,186:train Loss: 0.7035 Acc: 0.4000
2020-07-01 09:53:54,978:val Loss: 0.6929 Acc: 0.5357
2020-07-01 09:53:54,979:Epoch 1/24
2020-07-01 09:53:54,979:----------
2020-07-01 09:53:56,287:train Loss: 0.6892 Acc: 0.5750
2020-07-01 09:53:57,080:val Loss: 0.6929 Acc: 0.5000
2020-07-01 09:53:57,163:Epoch 2/24
2020-07-01 09:53:57,163:----------
2020-07-01 09:53:58,498:train Loss: 0.6681 Acc: 0.7250
2020-07-01 09:53:59,304:val Loss: 0.6930 Acc: 0.5000
2020-07-01 09:53:59,304:Epoch 3/24
2020-07-01 09:53:59,304:----------
2020-07-01 09:54:00,678:train Loss: 0.6407 Acc: 0.8250
2020-07-01 09:54:01,467:val Loss: 0.6932 Acc: 0.5000
2020-07-01 09:54:01,467:Epoch 4/24
2020-07-01 09:54:01,467:----------
2020-07-01 09:54:02,756:train Loss: 0.6232 Acc: 0.8500
2020-07-01 09:54:03,563:val Loss: 0.6936 Acc: 0.5000
2020-07-01 09:54:03,563:Epoch 5/24
2020-07-01 09:54:03,565:----------
2020-07-01 09:54:04,885:train Loss: 0.5883 Acc: 0.9000
2020-07-01 09:54:05,676:val Loss: 0.6945 Acc: 0.5000
2020-07-01 09:54:05,676:Epoch 6/24
2020-07-01 09:54:05,676:----------
2020-07-01 09:54:06,958:train Loss: 0.5662 Acc: 0.8750
2020-07-01 09:54:07,773:val Loss: 0.6959 Acc: 0.5000
2020-07-01 09:54:07,773:Epoch 7/24
2020-07-01 09:54:07,773:----------
2020-07-01 09:54:09,072:train Loss: 0.5516 Acc: 0.8750
2020-07-01 09:54:09,862:val Loss: 0.6966 Acc: 0.5000
2020-07-01 09:54:09,862:Epoch 8/24
2020-07-01 09:54:09,862:----------
2020-07-01 09:54:11,239:train Loss: 0.5485 Acc: 0.9250
2020-07-01 09:54:12,030:val Loss: 0.6978 Acc: 0.5000
2020-07-01 09:54:12,030:Epoch 9/24
2020-07-01 09:54:12,030:----------
2020-07-01 09:54:13,448:train Loss: 0.5632 Acc: 0.8750
2020-07-01 09:54:14,312:val Loss: 0.6985 Acc: 0.5000
2020-07-01 09:54:14,312:Epoch 10/24
2020-07-01 09:54:14,314:----------
2020-07-01 09:54:15,782:train Loss: 0.5426 Acc: 0.9000
2020-07-01 09:54:16,652:val Loss: 0.6997 Acc: 0.5000
2020-07-01 09:54:16,652:Epoch 11/24
2020-07-01 09:54:16,652:----------
2020-07-01 09:54:18,284:train Loss: 0.5394 Acc: 0.9500
2020-07-01 09:54:19,137:val Loss: 0.7012 Acc: 0.5000
2020-07-01 09:54:19,138:Epoch 12/24
2020-07-01 09:54:19,138:----------
2020-07-01 09:54:20,913:train Loss: 0.5472 Acc: 0.9000
2020-07-01 09:54:21,779:val Loss: 0.7015 Acc: 0.5000
2020-07-01 09:54:21,779:Epoch 13/24
2020-07-01 09:54:21,779:----------
2020-07-01 09:54:23,128:train Loss: 0.5423 Acc: 0.9000
2020-07-01 09:54:24,022:val Loss: 0.7022 Acc: 0.5000
2020-07-01 09:54:24,022:Epoch 14/24
2020-07-01 09:54:24,022:----------
2020-07-01 09:54:25,872:train Loss: 0.5337 Acc: 0.9500
2020-07-01 09:54:26,878:val Loss: 0.7021 Acc: 0.5000
2020-07-01 09:54:26,878:Epoch 15/24
2020-07-01 09:54:26,878:----------
2020-07-01 09:54:29,484:train Loss: 0.5361 Acc: 0.8750
2020-07-01 09:54:30,764:val Loss: 0.7020 Acc: 0.4643
2020-07-01 09:54:30,805:Epoch 16/24
2020-07-01 09:54:30,805:----------
2020-07-01 09:54:32,457:train Loss: 0.5356 Acc: 0.9250
2020-07-01 09:57:43,372:cuda:0
2020-07-01 09:57:43,372:simple_cnn architecure chosen, DCN is False
2020-07-01 09:57:45,400:Epoch 0/24
2020-07-01 09:57:45,400:----------
2020-07-01 09:58:18,784:cuda:0
2020-07-01 09:58:18,784:simple_cnn architecure chosen, DCN is False
2020-07-01 09:58:21,346:Epoch 0/24
2020-07-01 09:58:21,346:----------
2020-07-01 09:58:51,800:cuda:0
2020-07-01 09:58:51,800:simple_cnn architecure chosen, DCN is False
2020-07-01 09:58:53,825:Epoch 0/24
2020-07-01 09:58:53,825:----------
2020-07-01 09:58:59,505:cuda:0
2020-07-01 09:58:59,505:simple_cnn architecure chosen, DCN is False
2020-07-01 09:59:01,938:Epoch 0/24
2020-07-01 09:59:01,938:----------
2020-07-01 09:59:09,563:cuda:0
2020-07-01 09:59:09,563:simple_cnn architecure chosen, DCN is False
2020-07-01 09:59:12,007:Epoch 0/24
2020-07-01 09:59:12,007:----------
2020-07-01 09:59:34,328:cuda:0
2020-07-01 09:59:34,328:simple_cnn architecure chosen, DCN is False
2020-07-01 09:59:36,320:Epoch 0/24
2020-07-01 09:59:36,321:----------
2020-07-01 10:01:29,074:cuda:0
2020-07-01 10:01:29,074:simple_cnn architecure chosen, DCN is False
2020-07-01 10:01:31,110:Epoch 0/24
2020-07-01 10:01:31,110:----------
2020-07-01 10:01:43,336:cuda:0
2020-07-01 10:01:43,336:simple_cnn architecure chosen, DCN is False
2020-07-01 10:01:45,427:Epoch 0/24
2020-07-01 10:01:45,427:----------
2020-07-01 10:02:03,547:cuda:0
2020-07-01 10:02:03,547:simple_cnn architecure chosen, DCN is False
2020-07-01 10:02:05,571:Epoch 0/24
2020-07-01 10:02:05,571:----------
2020-07-01 10:07:23,877:cuda:0
2020-07-01 10:07:23,877:simple_cnn architecure chosen, DCN is False
2020-07-01 10:07:26,322:Epoch 0/4
2020-07-01 10:07:26,322:----------
2020-07-01 10:07:55,380:train Loss: 0.6711 Acc: 0.7500
2020-07-01 10:08:12,977:val Loss: 0.6930 Acc: 0.5000
2020-07-01 10:08:12,979:Epoch 1/4
2020-07-01 10:08:12,979:----------
2020-07-01 10:08:48,097:train Loss: 0.6522 Acc: 0.8250
2020-07-01 10:08:59,078:val Loss: 0.6930 Acc: 0.5000
2020-07-01 10:08:59,078:Epoch 2/4
2020-07-01 10:08:59,079:----------
2020-07-01 10:22:08,936:cuda:0
2020-07-01 10:22:08,936:simple_cnn architecure chosen, DCN is False
2020-07-01 10:22:10,995:Epoch 0/4
2020-07-01 10:22:10,995:----------
2020-07-01 10:22:31,216:train Loss: 0.7321 Acc: 0.2500
2020-07-01 10:22:37,997:val Loss: 0.6932 Acc: 0.5000
2020-07-01 10:22:37,998:Epoch 1/4
2020-07-01 10:22:37,999:----------
2020-07-01 10:22:51,050:train Loss: 0.7099 Acc: 0.3500
2020-07-01 10:22:57,665:val Loss: 0.6930 Acc: 0.5357
2020-07-01 10:22:57,667:Epoch 2/4
2020-07-01 10:22:57,667:----------
2020-07-01 10:23:13,784:train Loss: 0.6749 Acc: 0.5750
2020-07-01 10:23:20,716:val Loss: 0.6932 Acc: 0.5000
2020-07-01 10:23:20,716:Epoch 3/4
2020-07-01 10:23:20,716:----------
2020-07-01 10:23:33,468:train Loss: 0.6452 Acc: 0.8500
2020-07-01 10:23:38,800:val Loss: 0.6933 Acc: 0.5357
2020-07-01 10:23:38,800:Epoch 4/4
2020-07-01 10:23:38,801:----------
2020-07-01 10:23:57,336:train Loss: 0.6127 Acc: 0.9000
2020-07-01 10:24:04,585:val Loss: 0.6937 Acc: 0.5000
2020-07-01 10:26:48,008:cuda:0
2020-07-01 10:26:48,008:simple_cnn architecure chosen, DCN is True
2020-07-01 10:26:50,175:Epoch 0/4
2020-07-01 10:26:50,175:----------
2020-07-01 10:27:09,026:train Loss: 0.6583 Acc: 0.8000
2020-07-01 10:27:15,259:val Loss: 0.6932 Acc: 0.5000
2020-07-01 10:27:15,261:Epoch 1/4
2020-07-01 10:27:15,261:----------
2020-07-01 10:27:31,884:train Loss: 0.6317 Acc: 0.8250
2020-07-01 10:27:37,402:val Loss: 0.6934 Acc: 0.5000
2020-07-01 10:27:37,402:Epoch 2/4
2020-07-01 10:27:37,402:----------
2020-07-01 10:27:51,031:train Loss: 0.5819 Acc: 0.8500
2020-07-01 10:27:57,558:val Loss: 0.6937 Acc: 0.5000
2020-07-01 10:27:57,558:Epoch 3/4
2020-07-01 10:27:57,558:----------
2020-07-01 10:28:10,614:train Loss: 0.5552 Acc: 0.8750
2020-07-01 10:28:19,420:val Loss: 0.6939 Acc: 0.5000
2020-07-01 10:28:19,420:Epoch 4/4
2020-07-01 10:28:19,420:----------
2020-07-01 10:28:36,437:train Loss: 0.5134 Acc: 0.9250
2020-07-01 10:28:42,490:val Loss: 0.6941 Acc: 0.5357
2020-07-01 10:28:42,543:Training complete in 1m 52s
2020-07-01 10:28:42,543:Best val Acc: 0.535714
2020-07-01 10:28:49,572:Test accuracy = 60.0
2020-07-01 10:28:56,468:cuda:0
2020-07-01 10:28:56,468:simple_cnn architecure chosen, DCN is True
2020-07-01 10:28:58,858:Epoch 0/4
2020-07-01 10:28:58,858:----------
2020-07-01 10:29:14,776:train Loss: 0.7179 Acc: 0.3750
2020-07-01 10:29:21,734:val Loss: 0.6939 Acc: 0.5000
2020-07-01 10:29:21,736:Epoch 1/4
2020-07-01 10:29:21,736:----------
2020-07-01 10:29:36,788:train Loss: 0.6905 Acc: 0.5750
2020-07-01 10:29:42,837:val Loss: 0.6942 Acc: 0.5000
2020-07-01 10:29:42,837:Epoch 2/4
2020-07-01 10:29:42,837:----------
2020-07-01 10:29:57,837:train Loss: 0.6408 Acc: 0.8500
2020-07-01 10:30:04,862:val Loss: 0.6944 Acc: 0.5000
2020-07-01 10:30:04,862:Epoch 3/4
2020-07-01 10:30:04,862:----------
2020-07-01 10:30:30,852:train Loss: 0.5955 Acc: 0.9250
2020-07-01 10:30:36,641:val Loss: 0.6949 Acc: 0.5000
2020-07-01 10:30:36,641:Epoch 4/4
2020-07-01 10:30:36,641:----------
2020-07-01 10:30:54,925:train Loss: 0.5497 Acc: 0.9500
2020-07-01 10:31:01,408:val Loss: 0.6957 Acc: 0.5000
2020-07-01 10:31:01,457:Training complete in 2m 3s
2020-07-01 10:31:01,457:Best val Acc: 0.500000
2020-07-01 10:31:07,993:Test accuracy = 50.0
2020-07-01 10:31:14,027:cuda:0
2020-07-01 10:31:14,027:simple_cnn architecure chosen, DCN is True
2020-07-01 10:31:16,476:Epoch 0/4
2020-07-01 10:31:16,476:----------
2020-07-01 10:31:46,165:train Loss: 0.6791 Acc: 0.6000
2020-07-01 10:31:54,463:val Loss: 0.6935 Acc: 0.5000
2020-07-01 10:31:54,465:Epoch 1/4
2020-07-01 10:31:54,465:----------
2020-07-01 10:32:30,089:train Loss: 0.6560 Acc: 0.7750
2020-07-01 10:32:41,788:val Loss: 0.6937 Acc: 0.5000
2020-07-01 10:32:41,788:Epoch 2/4
2020-07-01 10:32:41,788:----------
2020-07-01 10:33:31,100:train Loss: 0.6371 Acc: 0.7750
2020-07-01 10:33:42,460:val Loss: 0.6941 Acc: 0.5000
2020-07-01 10:33:42,460:Epoch 3/4
2020-07-01 10:33:42,460:----------
2020-07-01 10:35:42,542:cuda:0
2020-07-01 10:35:42,543:simple_cnn architecure chosen, DCN is True
2020-07-01 10:35:44,616:Epoch 0/4
2020-07-01 10:35:44,616:----------
2020-07-01 10:35:58,966:train Loss: 0.6786 Acc: 0.6000
2020-07-01 10:36:44,433:val Loss: 0.6933 Acc: 0.5000
2020-07-01 10:36:44,435:Epoch 1/4
2020-07-01 10:36:44,435:----------
2020-07-01 10:36:54,477:train Loss: 0.6511 Acc: 0.8500
2020-07-01 10:37:05,555:val Loss: 0.6935 Acc: 0.5000
2020-07-01 10:37:05,555:Epoch 2/4
2020-07-01 10:37:05,555:----------
2020-07-01 10:37:44,826:train Loss: 0.6158 Acc: 0.9500
2020-07-01 10:37:48,260:cuda:0
2020-07-01 10:37:48,260:simple_cnn architecure chosen, DCN is True
2020-07-01 10:37:50,560:Epoch 0/4
2020-07-01 10:37:50,560:----------
2020-07-01 10:38:01,161:train Loss: 0.6711 Acc: 0.6250
2020-07-01 10:38:08,058:val Loss: 0.6934 Acc: 0.5000
2020-07-01 10:38:08,059:Epoch 1/4
2020-07-01 10:38:08,060:----------
2020-07-01 10:38:17,884:train Loss: 0.6622 Acc: 0.6250
2020-07-01 10:39:03,086:cuda:0
2020-07-01 10:39:03,086:simple_cnn architecure chosen, DCN is True
2020-07-01 10:39:05,688:Epoch 0/4
2020-07-01 10:39:05,688:----------
2020-07-01 10:39:31,371:train Loss: 0.6900 Acc: 0.4000
2020-07-01 10:41:02,980:val Loss: 0.6933 Acc: 0.5000
2020-07-01 10:41:02,981:Epoch 1/4
2020-07-01 10:41:02,981:----------
2020-07-01 10:48:52,798:cuda:0
2020-07-01 10:48:52,798:simple_cnn architecure chosen, DCN is True
2020-07-01 10:48:55,160:Epoch 0/4
2020-07-01 10:48:55,161:----------
2020-07-01 10:50:09,263:train Loss: 0.6718 Acc: 0.6250
2020-07-01 10:50:17,321:val Loss: 0.6933 Acc: 0.5000
2020-07-01 10:50:17,323:Epoch 1/4
2020-07-01 10:50:17,323:----------
2020-07-01 10:50:29,820:cuda:0
2020-07-01 10:50:29,820:simple_cnn architecure chosen, DCN is True
2020-07-01 10:50:32,193:Epoch 0/4
2020-07-01 10:50:32,193:----------
2020-07-01 10:50:39,897:train Loss: 0.7131 Acc: 0.3500
2020-07-01 10:51:02,952:cuda:0
2020-07-01 10:51:02,952:simple_cnn architecure chosen, DCN is False
2020-07-01 10:51:05,272:Epoch 0/4
2020-07-01 10:51:05,272:----------
2020-07-01 10:51:27,322:train Loss: 0.7075 Acc: 0.4250
2020-07-01 10:51:34,999:val Loss: 0.6934 Acc: 0.5000
2020-07-01 10:51:35,001:Epoch 1/4
2020-07-01 10:51:35,001:----------
2020-07-01 10:54:24,854:cuda:0
2020-07-01 10:54:24,854:simple_cnn architecure chosen, DCN is False
2020-07-01 10:54:27,267:Epoch 0/4
2020-07-01 10:54:27,267:----------
2020-07-01 10:54:50,918:train Loss: 0.6983 Acc: 0.4750
2020-07-01 10:54:56,656:val Loss: 0.6933 Acc: 0.5000
2020-07-01 10:54:56,658:Epoch 1/4
2020-07-01 10:54:56,658:----------
2020-07-01 10:55:11,761:train Loss: 0.6842 Acc: 0.5500
2020-07-01 10:55:18,511:val Loss: 0.6934 Acc: 0.5000
2020-07-01 10:55:18,512:Epoch 2/4
2020-07-01 10:55:18,512:----------
2020-07-01 10:55:32,785:train Loss: 0.6602 Acc: 0.7250
2020-07-01 10:55:39,262:val Loss: 0.6937 Acc: 0.5000
2020-07-01 10:55:39,263:Epoch 3/4
2020-07-01 10:55:39,263:----------
2020-07-01 10:55:52,736:train Loss: 0.6560 Acc: 0.7500
2020-07-01 10:55:58,126:val Loss: 0.6942 Acc: 0.5000
2020-07-01 10:55:58,126:Epoch 4/4
2020-07-01 10:55:58,126:----------
2020-07-01 10:56:11,599:train Loss: 0.6055 Acc: 0.9750
2020-07-01 10:56:16,557:val Loss: 0.6949 Acc: 0.5000
2020-07-01 10:56:16,600:Training complete in 1m 49s
2020-07-01 10:56:16,600:Best val Acc: 0.500000
2020-07-01 10:56:23,325:Test accuracy = 50.0
2020-07-01 10:57:14,553:cuda:0
2020-07-01 10:57:14,553:simple_cnn architecure chosen, DCN is True
2020-07-01 10:57:17,102:Epoch 0/4
2020-07-01 10:57:17,102:----------
2020-07-01 10:58:26,930:train Loss: 0.6936 Acc: 0.4750
2020-07-01 10:58:33,343:val Loss: 0.6932 Acc: 0.5000
2020-07-01 10:58:33,345:Epoch 1/4
2020-07-01 10:58:33,345:----------
2020-07-01 10:58:44,448:train Loss: 0.6669 Acc: 0.7500
2020-07-01 10:58:50,767:val Loss: 0.6933 Acc: 0.5000
2020-07-01 10:58:50,767:Epoch 2/4
2020-07-01 10:58:50,767:----------
2020-07-01 10:59:01,929:cuda:0
2020-07-01 10:59:01,929:simple_cnn architecure chosen, DCN is True
2020-07-01 10:59:04,276:Epoch 0/4
2020-07-01 10:59:04,276:----------
2020-07-01 10:59:24,167:train Loss: 0.6849 Acc: 0.5250
2020-07-01 10:59:38,637:val Loss: 0.6937 Acc: 0.5000
2020-07-01 10:59:38,640:Epoch 1/4
2020-07-01 10:59:38,640:----------
2020-07-01 10:59:47,364:train Loss: 0.6608 Acc: 0.6500
2020-07-01 11:00:00,164:val Loss: 0.6943 Acc: 0.5000
2020-07-01 11:00:00,164:Epoch 2/4
2020-07-01 11:00:00,164:----------
2020-07-01 11:00:08,534:train Loss: 0.6311 Acc: 0.8250
2020-07-01 11:00:15,069:val Loss: 0.6949 Acc: 0.5000
2020-07-01 11:00:15,069:Epoch 3/4
2020-07-01 11:00:15,069:----------
2020-07-01 11:00:22,544:cuda:0
2020-07-01 11:00:22,544:simple_cnn architecure chosen, DCN is True
2020-07-01 11:00:24,742:Epoch 0/4
2020-07-01 11:00:24,742:----------
2020-07-01 11:01:46,098:train Loss: 0.6921 Acc: 0.4750
2020-07-01 11:01:54,674:val Loss: 0.6931 Acc: 0.5000
2020-07-01 11:01:54,676:Epoch 1/4
2020-07-01 11:01:54,676:----------
2020-07-01 11:02:24,789:train Loss: 0.6560 Acc: 0.8750
2020-07-01 11:02:32,048:val Loss: 0.6932 Acc: 0.5000
2020-07-01 11:02:32,048:Epoch 2/4
2020-07-01 11:02:32,048:----------
2020-07-01 11:02:46,229:train Loss: 0.6246 Acc: 0.8500
2020-07-01 11:02:51,071:val Loss: 0.6934 Acc: 0.5000
2020-07-01 11:02:51,071:Epoch 3/4
2020-07-01 11:02:51,072:----------
2020-07-01 11:03:12,902:train Loss: 0.5878 Acc: 0.9000
2020-07-01 11:03:18,584:val Loss: 0.6937 Acc: 0.4286
2020-07-01 11:03:18,585:Epoch 4/4
2020-07-01 11:03:18,585:----------
2020-07-01 11:03:31,448:train Loss: 0.5505 Acc: 0.9000
2020-07-01 11:03:36,119:val Loss: 0.6941 Acc: 0.5000
2020-07-01 11:03:36,168:Training complete in 3m 11s
2020-07-01 11:03:36,169:Best val Acc: 0.500000
2020-07-01 11:03:44,229:Test accuracy = 50.0
2020-07-01 11:03:53,651:cuda:0
2020-07-01 11:03:53,651:simple_cnn architecure chosen, DCN is True
2020-07-01 11:03:55,753:Epoch 0/4
2020-07-01 11:03:55,754:----------
2020-07-01 11:04:01,675:train Loss: 0.6882 Acc: 0.5750
2020-07-01 11:04:06,085:val Loss: 0.6932 Acc: 0.5000
2020-07-01 11:04:06,087:Epoch 1/4
2020-07-01 11:04:06,087:----------
2020-07-01 11:04:12,889:train Loss: 0.6605 Acc: 0.7000
2020-07-01 11:04:17,777:val Loss: 0.6933 Acc: 0.5000
2020-07-01 11:04:17,777:Epoch 2/4
2020-07-01 11:04:17,777:----------
2020-07-01 11:04:48,570:train Loss: 0.6184 Acc: 0.8750
2020-07-01 11:04:53,533:val Loss: 0.6935 Acc: 0.5000
2020-07-01 11:04:53,533:Epoch 3/4
2020-07-01 11:04:53,533:----------
2020-07-01 11:06:52,621:train Loss: 0.5932 Acc: 0.8750
2020-07-01 11:06:57,419:val Loss: 0.6934 Acc: 0.5000
2020-07-01 11:06:57,420:Epoch 4/4
2020-07-01 11:06:57,420:----------
2020-07-01 11:07:04,553:train Loss: 0.5428 Acc: 0.9000
2020-07-01 11:07:10,268:val Loss: 0.6931 Acc: 0.5357
2020-07-01 11:07:10,313:Training complete in 3m 15s
2020-07-01 11:07:10,313:Best val Acc: 0.535714
2020-07-01 11:07:30,858:Test accuracy = 50.0
2020-07-01 11:07:45,448:cuda:0
2020-07-01 11:07:45,448:simple_cnn architecure chosen, DCN is False
2020-07-01 11:07:47,697:Epoch 0/4
2020-07-01 11:07:47,697:----------
2020-07-01 11:08:08,484:train Loss: 0.6940 Acc: 0.5250
2020-07-01 11:08:12,578:val Loss: 0.6932 Acc: 0.5000
2020-07-01 11:08:12,580:Epoch 1/4
2020-07-01 11:08:12,580:----------
2020-07-01 11:08:18,852:train Loss: 0.6850 Acc: 0.6500
2020-07-01 11:08:23,410:val Loss: 0.6932 Acc: 0.5000
2020-07-01 11:08:23,410:Epoch 2/4
2020-07-01 11:08:23,410:----------
2020-07-01 11:08:29,332:train Loss: 0.6603 Acc: 0.8000
2020-07-01 11:08:33,905:val Loss: 0.6931 Acc: 0.5000
2020-07-01 11:08:33,906:Epoch 3/4
2020-07-01 11:08:33,906:----------
2020-07-01 11:08:45,235:train Loss: 0.6374 Acc: 0.8500
2020-07-01 11:08:50,513:val Loss: 0.6930 Acc: 0.5000
2020-07-01 11:08:50,513:Epoch 4/4
2020-07-01 11:08:50,513:----------
2020-07-01 11:08:57,475:train Loss: 0.6242 Acc: 0.8750
2020-07-01 11:09:01,584:val Loss: 0.6932 Acc: 0.3929
2020-07-01 11:09:01,628:Training complete in 1m 14s
2020-07-01 11:09:01,628:Best val Acc: 0.500000
2020-07-01 11:09:24,948:Test accuracy = 50.0
2020-07-09 11:49:03,017:cuda:0
2020-07-09 11:49:03,017:simple_cnn architecure chosen, DCN is False
2020-07-09 11:49:05,360:Epoch 0/4
2020-07-09 11:49:05,360:----------
2020-07-09 11:49:21,195:train Loss: 0.6962 Acc: 0.5250
2020-07-09 11:49:36,517:val Loss: 0.6936 Acc: 0.5000
2020-07-09 11:49:36,519:Epoch 1/4
2020-07-09 11:49:36,519:----------
2020-07-09 11:51:02,403:cuda:0
2020-07-09 11:51:02,404:simple_cnn architecure chosen, DCN is False
2020-07-09 11:51:04,849:Epoch 0/0
2020-07-09 11:51:04,849:----------
2020-07-09 11:53:35,710:train Loss: 0.6908 Acc: 0.5500
2020-07-09 11:53:41,314:val Loss: 0.6934 Acc: 0.5000
2020-07-09 11:53:41,453:Training complete in 2m 37s
2020-07-09 11:53:41,453:Best val Acc: 0.500000
2020-07-09 11:56:58,586:cuda:0
2020-07-09 11:56:58,586:simple_cnn architecure chosen, DCN is False
2020-07-09 11:57:01,131:Epoch 0/0
2020-07-09 11:57:01,131:----------
2020-07-09 11:57:09,942:train Loss: 0.7015 Acc: 0.4250
2020-07-09 11:57:17,167:val Loss: 0.6933 Acc: 0.5000
2020-07-09 11:57:17,217:Training complete in 0m 16s
2020-07-09 11:57:17,217:Best val Acc: 0.500000
2020-07-09 11:58:22,424:cuda:0
2020-07-09 11:58:22,424:simple_cnn architecure chosen, DCN is False
2020-07-09 11:58:24,957:Epoch 0/0
2020-07-09 11:58:24,957:----------
2020-07-09 11:58:26,308:train Loss: 0.6955 Acc: 0.4500
2020-07-09 11:58:27,115:val Loss: 0.6936 Acc: 0.5000
2020-07-09 11:58:27,317:Training complete in 0m 2s
2020-07-09 11:58:27,317:Best val Acc: 0.500000
2020-07-09 12:09:37,827:cuda:0
2020-07-09 12:09:37,827:simple_cnn architecure chosen, DCN is False
2020-07-09 12:09:39,875:Epoch 0/0
2020-07-09 12:09:39,875:----------
2020-07-09 12:09:41,263:train Loss: 0.7066 Acc: 0.4500
2020-07-09 12:09:42,073:val Loss: 0.6932 Acc: 0.5000
2020-07-09 12:09:42,255:Training complete in 0m 2s
2020-07-09 12:09:42,255:Best val Acc: 0.500000
2020-07-09 12:12:36,302:cuda:0
2020-07-09 12:12:36,302:simple_cnn architecure chosen, DCN is False
2020-07-09 12:12:38,473:Epoch 0/0
2020-07-09 12:12:38,473:----------
2020-07-09 12:12:39,805:train Loss: 0.6969 Acc: 0.5000
2020-07-09 12:12:40,618:val Loss: 0.6932 Acc: 0.5000
2020-07-09 12:12:40,817:Training complete in 0m 2s
2020-07-09 12:12:40,817:Best val Acc: 0.500000
2020-07-09 12:18:31,144:cuda:0
2020-07-09 12:18:31,145:simple_cnn architecure chosen, DCN is False
2020-07-09 12:18:33,409:Epoch 0/0
2020-07-09 12:18:33,409:----------
2020-07-09 12:18:34,770:train Loss: 0.6967 Acc: 0.4500
2020-07-09 12:18:35,564:val Loss: 0.6930 Acc: 0.5000
2020-07-09 12:18:35,750:Training complete in 0m 2s
2020-07-09 12:18:35,751:Best val Acc: 0.500000
2020-07-09 12:21:03,591:cuda:0
2020-07-09 12:21:03,591:simple_cnn architecure chosen, DCN is False
2020-07-09 12:21:05,751:Epoch 0/0
2020-07-09 12:21:05,751:----------
2020-07-09 12:21:07,086:train Loss: 0.7054 Acc: 0.4750
2020-07-09 12:21:07,893:val Loss: 0.6935 Acc: 0.5000
2020-07-09 12:21:08,087:Training complete in 0m 2s
2020-07-09 12:21:08,087:Best val Acc: 0.500000
2020-07-09 12:21:48,412:cuda:0
2020-07-09 12:21:48,412:simple_cnn architecure chosen, DCN is False
2020-07-09 12:21:50,472:Epoch 0/0
2020-07-09 12:21:50,473:----------
2020-07-09 12:21:51,798:train Loss: 0.6895 Acc: 0.6000
2020-07-09 12:21:52,610:val Loss: 0.6938 Acc: 0.5000
2020-07-09 12:21:52,802:Training complete in 0m 2s
2020-07-09 12:21:52,802:Best val Acc: 0.500000
2020-07-09 12:23:18,175:cuda:0
2020-07-09 12:23:18,175:simple_cnn architecure chosen, DCN is False
2020-07-09 12:23:20,259:Epoch 0/0
2020-07-09 12:23:20,259:----------
2020-07-09 12:23:21,594:train Loss: 0.6760 Acc: 0.6750
2020-07-09 12:23:22,400:val Loss: 0.6932 Acc: 0.5000
2020-07-09 12:23:22,602:Training complete in 0m 2s
2020-07-09 12:23:22,602:Best val Acc: 0.500000
2020-07-09 12:23:40,702:cuda:0
2020-07-09 12:23:40,702:simple_cnn architecure chosen, DCN is False
2020-07-09 12:23:42,868:Epoch 0/0
2020-07-09 12:23:42,868:----------
2020-07-09 12:23:44,774:train Loss: 0.6791 Acc: 0.6000
2020-07-09 12:23:45,619:val Loss: 0.6934 Acc: 0.5000
2020-07-09 12:23:45,825:Training complete in 0m 3s
2020-07-09 12:23:45,825:Best val Acc: 0.500000
2020-07-09 12:28:56,509:cuda:0
2020-07-09 12:28:56,509:simple_cnn architecure chosen, DCN is False
2020-07-09 12:28:58,665:Epoch 0/0
2020-07-09 12:28:58,665:----------
2020-07-09 12:29:00,009:train Loss: 0.7200 Acc: 0.3750
2020-07-09 12:29:00,826:val Loss: 0.6933 Acc: 0.5000
2020-07-09 12:29:01,013:Training complete in 0m 2s
2020-07-09 12:29:01,013:Best val Acc: 0.500000
2020-07-09 12:30:33,557:cuda:0
2020-07-09 12:30:33,557:simple_cnn architecure chosen, DCN is False
2020-07-09 12:30:35,828:Epoch 0/0
2020-07-09 12:30:35,828:----------
2020-07-09 12:30:37,168:train Loss: 0.6753 Acc: 0.6750
2020-07-09 12:30:37,978:val Loss: 0.6932 Acc: 0.5000
2020-07-09 12:30:38,187:Training complete in 0m 2s
2020-07-09 12:30:38,187:Best val Acc: 0.500000
2020-07-09 12:31:14,007:cuda:0
2020-07-09 12:31:14,007:simple_cnn architecure chosen, DCN is True
2020-07-09 12:31:16,675:Epoch 0/0
2020-07-09 12:31:16,676:----------
2020-07-09 12:31:20,916:train Loss: 0.6573 Acc: 0.7250
2020-07-09 12:31:23,427:val Loss: 0.6933 Acc: 0.5000
2020-07-09 12:31:23,614:Training complete in 0m 7s
2020-07-09 12:31:23,615:Best val Acc: 0.500000
2020-07-09 12:32:27,952:cuda:0
2020-07-09 12:32:27,952:simple_cnn architecure chosen, DCN is True
2020-07-09 12:32:30,065:Epoch 0/0
2020-07-09 12:32:30,065:----------
2020-07-09 12:32:31,575:train Loss: 0.6899 Acc: 0.5250
2020-07-09 12:32:32,460:val Loss: 0.6939 Acc: 0.5000
2020-07-09 12:32:32,661:Training complete in 0m 3s
2020-07-09 12:32:32,661:Best val Acc: 0.500000
2020-07-09 12:32:53,729:cuda:0
2020-07-09 12:32:53,730:simple_cnn architecure chosen, DCN is True
2020-07-09 12:32:55,908:Epoch 0/0
2020-07-09 12:32:55,909:----------
2020-07-09 12:32:57,386:train Loss: 0.6828 Acc: 0.6000
2020-07-09 12:32:58,282:val Loss: 0.6934 Acc: 0.5000
2020-07-09 12:32:58,485:Training complete in 0m 3s
2020-07-09 12:32:58,485:Best val Acc: 0.500000
2020-07-09 12:33:32,684:cuda:0
2020-07-09 12:33:32,684:simple_cnn architecure chosen, DCN is True
2020-07-09 12:33:34,926:Epoch 0/0
2020-07-09 12:33:34,926:----------
2020-07-09 12:33:36,390:train Loss: 0.6805 Acc: 0.5500
2020-07-09 12:33:37,282:val Loss: 0.6931 Acc: 0.5000
2020-07-09 12:33:37,491:Training complete in 0m 3s
2020-07-09 12:33:37,491:Best val Acc: 0.500000
2020-07-09 12:33:52,941:cuda:0
2020-07-09 12:33:52,942:simple_cnn architecure chosen, DCN is True
2020-07-09 12:33:55,167:Epoch 0/0
2020-07-09 12:33:55,167:----------
2020-07-09 12:33:56,625:train Loss: 0.6521 Acc: 0.7750
2020-07-09 12:33:57,509:val Loss: 0.6934 Acc: 0.5000
2020-07-09 12:33:57,707:Training complete in 0m 3s
2020-07-09 12:33:57,707:Best val Acc: 0.500000
2020-07-09 12:34:51,295:cuda:0
2020-07-09 12:34:51,295:simple_cnn architecure chosen, DCN is True
2020-07-09 12:34:53,540:Epoch 0/0
2020-07-09 12:34:53,540:----------
2020-07-09 12:34:55,043:train Loss: 0.6732 Acc: 0.6500
2020-07-09 12:34:55,936:val Loss: 0.6931 Acc: 0.5000
2020-07-09 12:34:56,134:Training complete in 0m 3s
2020-07-09 12:34:56,134:Best val Acc: 0.500000
2020-07-09 12:35:13,408:cuda:0
2020-07-09 12:35:13,408:simple_cnn architecure chosen, DCN is True
2020-07-09 12:35:15,555:Epoch 0/0
2020-07-09 12:35:15,555:----------
2020-07-09 12:35:17,073:train Loss: 0.6921 Acc: 0.4500
2020-07-09 12:35:18,000:val Loss: 0.6930 Acc: 0.5000
2020-07-09 12:35:18,185:Training complete in 0m 3s
2020-07-09 12:35:18,185:Best val Acc: 0.500000
2020-07-09 12:35:32,433:cuda:0
2020-07-09 12:35:32,434:simple_cnn architecure chosen, DCN is True
2020-07-09 12:35:34,758:Epoch 0/0
2020-07-09 12:35:34,759:----------
2020-07-09 12:35:36,233:train Loss: 0.7091 Acc: 0.3250
2020-07-09 12:35:37,115:val Loss: 0.6932 Acc: 0.5000
2020-07-09 12:35:37,306:Training complete in 0m 3s
2020-07-09 12:35:37,307:Best val Acc: 0.500000
2020-07-09 12:36:17,065:cuda:0
2020-07-09 12:36:17,065:simple_cnn architecure chosen, DCN is True
2020-07-09 12:36:19,210:Epoch 0/0
2020-07-09 12:36:19,210:----------
2020-07-09 12:36:20,695:train Loss: 0.7016 Acc: 0.4000
2020-07-09 12:36:21,580:val Loss: 0.6934 Acc: 0.5000
2020-07-09 12:36:21,772:Training complete in 0m 3s
2020-07-09 12:36:21,772:Best val Acc: 0.500000
2020-07-09 12:36:41,844:cuda:0
2020-07-09 12:36:41,844:simple_cnn architecure chosen, DCN is True
2020-07-09 12:36:43,999:Epoch 0/0
2020-07-09 12:36:43,999:----------
2020-07-09 12:36:45,483:train Loss: 0.6832 Acc: 0.5250
2020-07-09 12:36:46,383:val Loss: 0.6939 Acc: 0.5000
2020-07-09 12:36:46,577:Training complete in 0m 3s
2020-07-09 12:36:46,577:Best val Acc: 0.500000
2020-07-09 12:39:01,832:cuda:0
2020-07-09 12:39:01,832:simple_cnn architecure chosen, DCN is True
2020-07-09 12:39:03,904:Epoch 0/0
2020-07-09 12:39:03,904:----------
2020-07-09 12:39:05,378:train Loss: 0.6742 Acc: 0.7000
2020-07-09 12:39:06,284:val Loss: 0.6933 Acc: 0.5000
2020-07-09 12:39:06,484:Training complete in 0m 3s
2020-07-09 12:39:06,485:Best val Acc: 0.500000
2020-07-09 12:39:53,575:cuda:0
2020-07-09 12:39:53,575:simple_cnn architecure chosen, DCN is True
2020-07-09 12:39:55,754:Epoch 0/0
2020-07-09 12:39:55,754:----------
2020-07-09 12:39:57,258:train Loss: 0.6998 Acc: 0.5250
2020-07-09 12:39:58,225:val Loss: 0.6936 Acc: 0.5000
2020-07-09 12:39:58,417:Training complete in 0m 3s
2020-07-09 12:39:58,418:Best val Acc: 0.500000
2020-07-09 12:40:05,011:cuda:0
2020-07-09 12:40:05,011:simple_cnn architecure chosen, DCN is True
2020-07-09 12:40:07,677:Epoch 0/0
2020-07-09 12:40:07,677:----------
2020-07-09 12:40:11,483:train Loss: 0.6859 Acc: 0.5500
2020-07-09 12:40:12,427:val Loss: 0.6934 Acc: 0.5000
2020-07-09 12:40:12,628:Training complete in 0m 5s
2020-07-09 12:40:12,628:Best val Acc: 0.500000
2020-07-09 12:40:37,672:cuda:0
2020-07-09 12:40:37,673:simple_cnn architecure chosen, DCN is True
2020-07-09 12:40:39,907:Epoch 0/0
2020-07-09 12:40:39,907:----------
2020-07-09 12:40:41,388:train Loss: 0.6927 Acc: 0.4250
2020-07-09 12:40:42,276:val Loss: 0.6932 Acc: 0.5000
2020-07-09 12:40:42,471:Training complete in 0m 3s
2020-07-09 12:40:42,471:Best val Acc: 0.500000
2020-07-09 12:41:27,109:cuda:0
2020-07-09 12:41:27,109:simple_cnn architecure chosen, DCN is True
2020-07-09 12:41:29,259:Epoch 0/0
2020-07-09 12:41:29,259:----------
2020-07-09 12:41:30,705:train Loss: 0.6527 Acc: 0.7250
2020-07-09 12:41:31,590:val Loss: 0.6937 Acc: 0.5000
2020-07-09 12:41:31,779:Training complete in 0m 3s
2020-07-09 12:41:31,779:Best val Acc: 0.500000
2020-07-09 12:42:33,545:cuda:0
2020-07-09 12:42:33,545:simple_cnn architecure chosen, DCN is True
2020-07-09 12:42:35,711:Epoch 0/0
2020-07-09 12:42:35,711:----------
2020-07-09 12:42:37,197:train Loss: 0.6754 Acc: 0.6500
2020-07-09 12:42:38,114:val Loss: 0.6931 Acc: 0.5000
2020-07-09 12:42:38,318:Training complete in 0m 3s
2020-07-09 12:42:38,318:Best val Acc: 0.500000
2020-07-09 12:43:08,390:cuda:0
2020-07-09 12:43:08,390:simple_cnn architecure chosen, DCN is True
2020-07-09 12:43:10,734:Epoch 0/0
2020-07-09 12:43:10,734:----------
2020-07-09 12:43:12,234:train Loss: 0.7010 Acc: 0.4750
2020-07-09 12:43:13,159:val Loss: 0.6933 Acc: 0.5000
2020-07-09 12:43:13,342:Training complete in 0m 3s
2020-07-09 12:43:13,342:Best val Acc: 0.500000
2020-07-09 12:43:25,903:cuda:0
2020-07-09 12:43:25,904:simple_cnn architecure chosen, DCN is True
2020-07-09 12:43:28,050:Epoch 0/0
2020-07-09 12:43:28,050:----------
2020-07-09 12:43:29,550:train Loss: 0.6973 Acc: 0.4500
2020-07-09 12:43:30,457:val Loss: 0.6930 Acc: 0.5000
2020-07-09 12:43:30,641:Training complete in 0m 3s
2020-07-09 12:43:30,641:Best val Acc: 0.500000
2020-07-09 12:43:59,265:cuda:0
2020-07-09 12:43:59,265:simple_cnn architecure chosen, DCN is True
2020-07-09 12:44:01,410:Epoch 0/0
2020-07-09 12:44:01,410:----------
2020-07-09 12:44:02,899:train Loss: 0.6702 Acc: 0.7000
2020-07-09 12:44:03,820:val Loss: 0.6930 Acc: 0.5000
2020-07-09 12:44:04,020:Training complete in 0m 3s
2020-07-09 12:44:04,021:Best val Acc: 0.500000
2020-07-09 12:44:34,430:cuda:0
2020-07-09 12:44:34,430:simple_cnn architecure chosen, DCN is True
2020-07-09 12:44:36,719:Epoch 0/0
2020-07-09 12:44:36,719:----------
2020-07-09 12:44:38,250:train Loss: 0.6965 Acc: 0.5250
2020-07-09 12:44:39,164:val Loss: 0.6935 Acc: 0.5000
2020-07-09 12:44:39,367:Training complete in 0m 3s
2020-07-09 12:44:39,368:Best val Acc: 0.500000
2020-07-09 12:45:48,021:cuda:0
2020-07-09 12:45:48,021:simple_cnn architecure chosen, DCN is True
2020-07-09 12:45:50,274:Epoch 0/0
2020-07-09 12:45:50,274:----------
2020-07-09 12:45:51,789:train Loss: 0.7076 Acc: 0.3500
2020-07-09 12:45:52,718:val Loss: 0.6938 Acc: 0.5000
2020-07-09 12:45:53,205:Training complete in 0m 3s
2020-07-09 12:45:53,205:Best val Acc: 0.500000
2020-07-09 12:47:13,631:cuda:0
2020-07-09 12:47:13,631:simple_cnn architecure chosen, DCN is True
2020-07-09 12:47:16,250:Epoch 0/0
2020-07-09 12:47:16,250:----------
2020-07-09 12:47:20,936:train Loss: 0.7064 Acc: 0.4000
2020-07-09 12:47:23,510:val Loss: 0.6940 Acc: 0.5000
2020-07-09 12:47:23,719:Training complete in 0m 7s
2020-07-09 12:47:23,719:Best val Acc: 0.500000
2020-07-09 12:50:22,956:cuda:0
2020-07-09 12:50:22,956:simple_cnn architecure chosen, DCN is True
2020-07-09 12:50:25,091:Epoch 0/0
2020-07-09 12:50:25,091:----------
2020-07-09 12:50:26,561:train Loss: 0.6873 Acc: 0.6000
2020-07-09 12:50:27,447:val Loss: 0.6931 Acc: 0.5000
2020-07-09 12:50:27,648:Training complete in 0m 3s
2020-07-09 12:50:27,648:Best val Acc: 0.500000
2020-07-09 12:50:45,121:cuda:0
2020-07-09 12:50:45,121:simple_cnn architecure chosen, DCN is True
2020-07-09 12:50:47,274:Epoch 0/0
2020-07-09 12:50:47,274:----------
2020-07-09 12:50:48,876:train Loss: 0.6932 Acc: 0.5500
2020-07-09 12:50:49,764:val Loss: 0.6933 Acc: 0.5000
2020-07-09 12:50:49,974:Training complete in 0m 3s
2020-07-09 12:50:49,974:Best val Acc: 0.500000
2020-07-09 12:51:30,406:cuda:0
2020-07-09 12:51:30,407:simple_cnn architecure chosen, DCN is True
2020-07-09 12:51:32,591:Epoch 0/0
2020-07-09 12:51:32,591:----------
2020-07-09 12:51:34,099:train Loss: 0.7044 Acc: 0.4000
2020-07-09 12:51:35,021:val Loss: 0.6936 Acc: 0.5000
2020-07-09 12:51:35,212:Training complete in 0m 3s
2020-07-09 12:51:35,212:Best val Acc: 0.500000
2020-07-09 12:51:53,465:cuda:0
2020-07-09 12:51:53,465:simple_cnn architecure chosen, DCN is True
2020-07-09 12:51:55,646:Epoch 0/0
2020-07-09 12:51:55,646:----------
2020-07-09 12:51:57,137:train Loss: 0.6917 Acc: 0.5250
2020-07-09 12:51:58,041:val Loss: 0.6937 Acc: 0.5000
2020-07-09 12:51:58,247:Training complete in 0m 3s
2020-07-09 12:51:58,247:Best val Acc: 0.500000
2020-07-09 12:53:20,056:cuda:0
2020-07-09 12:53:20,056:simple_cnn architecure chosen, DCN is True
2020-07-09 12:53:22,201:Epoch 0/0
2020-07-09 12:53:22,201:----------
2020-07-09 12:53:23,721:train Loss: 0.6751 Acc: 0.7000
2020-07-09 12:53:24,636:val Loss: 0.6933 Acc: 0.3571
2020-07-09 12:53:24,841:Training complete in 0m 3s
2020-07-09 12:53:24,841:Best val Acc: 0.357143
2020-07-09 12:54:51,792:cuda:0
2020-07-09 12:54:51,792:simple_cnn architecure chosen, DCN is True
2020-07-09 12:54:53,969:Epoch 0/0
2020-07-09 12:54:53,969:----------
2020-07-09 12:54:55,501:train Loss: 0.6861 Acc: 0.6500
2020-07-09 12:54:56,389:val Loss: 0.6932 Acc: 0.5000
2020-07-09 12:54:56,588:Training complete in 0m 3s
2020-07-09 12:54:56,588:Best val Acc: 0.500000
2020-07-09 12:56:18,339:cuda:0
2020-07-09 12:56:18,339:simple_cnn architecure chosen, DCN is True
2020-07-09 12:56:20,514:Epoch 0/0
2020-07-09 12:56:20,515:----------
2020-07-09 12:56:22,019:train Loss: 0.6800 Acc: 0.7500
2020-07-09 12:56:22,902:val Loss: 0.6936 Acc: 0.5000
2020-07-09 12:56:23,085:Training complete in 0m 3s
2020-07-09 12:56:23,085:Best val Acc: 0.500000
2020-07-09 12:59:06,625:cuda:0
2020-07-09 12:59:06,626:simple_cnn architecure chosen, DCN is True
2020-07-09 12:59:08,862:Epoch 0/0
2020-07-09 12:59:08,862:----------
2020-07-09 12:59:10,348:train Loss: 0.6822 Acc: 0.6500
2020-07-09 12:59:11,264:val Loss: 0.6940 Acc: 0.5000
2020-07-09 12:59:11,477:Training complete in 0m 3s
2020-07-09 12:59:11,477:Best val Acc: 0.500000
2020-07-09 12:59:26,621:cuda:0
2020-07-09 12:59:26,621:simple_cnn architecure chosen, DCN is True
2020-07-09 12:59:28,759:Epoch 0/0
2020-07-09 12:59:28,759:----------
2020-07-09 12:59:30,248:train Loss: 0.6854 Acc: 0.6000
2020-07-09 12:59:31,136:val Loss: 0.6935 Acc: 0.5000
2020-07-09 12:59:31,346:Training complete in 0m 3s
2020-07-09 12:59:31,346:Best val Acc: 0.500000
2020-07-09 12:59:54,085:cuda:0
2020-07-09 12:59:54,085:simple_cnn architecure chosen, DCN is True
2020-07-09 12:59:56,346:Epoch 0/0
2020-07-09 12:59:56,346:----------
2020-07-09 12:59:57,956:train Loss: 0.7042 Acc: 0.4500
2020-07-09 12:59:58,908:val Loss: 0.6937 Acc: 0.5000
2020-07-09 12:59:59,359:Training complete in 0m 3s
2020-07-09 12:59:59,359:Best val Acc: 0.500000
2020-07-09 13:00:58,780:cuda:0
2020-07-09 13:00:58,780:simple_cnn architecure chosen, DCN is True
2020-07-09 13:01:01,498:Epoch 0/0
2020-07-09 13:01:01,498:----------
2020-07-09 13:01:06,153:train Loss: 0.7338 Acc: 0.2500
2020-07-09 13:01:09,804:val Loss: 0.6932 Acc: 0.5000
2020-07-09 13:01:10,291:Training complete in 0m 9s
2020-07-09 13:01:10,292:Best val Acc: 0.500000
2020-07-09 13:05:53,270:cuda:0
2020-07-09 13:05:53,270:simple_cnn architecure chosen, DCN is True
2020-07-09 13:05:55,465:Epoch 0/0
2020-07-09 13:05:55,465:----------
2020-07-09 13:05:56,946:train Loss: 0.6757 Acc: 0.6500
2020-07-09 13:05:57,866:val Loss: 0.6937 Acc: 0.5000
2020-07-09 13:05:58,065:Training complete in 0m 3s
2020-07-09 13:05:58,065:Best val Acc: 0.500000
2020-07-09 13:06:29,461:cuda:0
2020-07-09 13:06:29,461:simple_cnn architecure chosen, DCN is True
2020-07-09 13:06:31,753:Epoch 0/0
2020-07-09 13:06:31,753:----------
2020-07-09 13:06:33,277:train Loss: 0.6653 Acc: 0.7000
2020-07-09 13:06:34,162:val Loss: 0.6933 Acc: 0.5000
2020-07-09 13:06:34,352:Training complete in 0m 3s
2020-07-09 13:06:34,353:Best val Acc: 0.500000
