2020-06-19 13:11:05,040:cuda:0
2020-06-19 13:11:05,040:simple_cnn architecure chosen, DCN is True
2020-06-19 13:11:12,958:Epoch 0/24
2020-06-19 13:11:12,958:----------
2020-06-19 13:12:32,660:cuda:0
2020-06-19 13:12:32,660:simple_cnn architecure chosen, DCN is True
2020-06-19 13:12:40,033:Epoch 0/24
2020-06-19 13:12:40,033:----------
2020-06-19 13:13:16,681:cuda:0
2020-06-19 13:13:16,682:simple_cnn architecure chosen, DCN is True
2020-06-19 13:13:23,838:Epoch 0/24
2020-06-19 13:13:23,870:----------
2020-06-19 13:14:13,830:cuda:0
2020-06-19 13:14:13,835:simple_cnn architecure chosen, DCN is True
2020-06-19 13:14:21,675:Epoch 0/24
2020-06-19 13:14:21,675:----------
2020-06-19 21:56:38,361:cuda:0
2020-06-19 21:56:38,362:simple_cnn architecure chosen, DCN is True
2020-06-19 21:56:40,463:Epoch 0/24
2020-06-19 21:56:40,463:----------
2020-06-19 21:58:10,019:train Loss: 0.5562 Acc: 0.7987
2020-06-19 21:58:39,080:val Loss: 0.4753 Acc: 0.8650
2020-06-19 21:58:39,082:Epoch 1/24
2020-06-19 21:58:39,082:----------
2020-06-19 22:00:08,487:train Loss: 0.4577 Acc: 0.8833
2020-06-19 22:00:37,308:val Loss: 0.4281 Acc: 0.9128
2020-06-19 22:00:37,310:Epoch 2/24
2020-06-19 22:00:37,310:----------
2020-06-19 22:02:06,672:train Loss: 0.4198 Acc: 0.9171
2020-06-19 22:02:35,753:val Loss: 0.3928 Acc: 0.9410
2020-06-19 22:02:35,755:Epoch 3/24
2020-06-19 22:02:35,755:----------
2020-06-19 22:04:05,217:train Loss: 0.4003 Acc: 0.9356
2020-06-19 22:04:34,388:val Loss: 0.3867 Acc: 0.9496
2020-06-19 22:04:34,390:Epoch 4/24
2020-06-19 22:04:34,390:----------
2020-06-19 22:06:04,326:train Loss: 0.3816 Acc: 0.9476
2020-06-19 22:06:33,467:val Loss: 0.3721 Acc: 0.9487
2020-06-19 22:06:33,467:Epoch 5/24
2020-06-19 22:06:33,467:----------
2020-06-19 22:08:02,754:train Loss: 0.3715 Acc: 0.9573
2020-06-19 22:08:31,612:val Loss: 0.3701 Acc: 0.9556
2020-06-19 22:08:31,613:Epoch 6/24
2020-06-19 22:08:31,613:----------
2020-06-19 22:10:01,008:train Loss: 0.3664 Acc: 0.9610
2020-06-19 22:10:30,130:val Loss: 0.3652 Acc: 0.9573
2020-06-19 22:10:30,132:Epoch 7/24
2020-06-19 22:10:30,132:----------
2020-06-19 22:11:59,642:train Loss: 0.3557 Acc: 0.9698
2020-06-19 22:12:28,791:val Loss: 0.3676 Acc: 0.9547
2020-06-19 22:12:28,791:Epoch 8/24
2020-06-19 22:12:28,791:----------
2020-06-19 22:13:58,199:train Loss: 0.3583 Acc: 0.9678
2020-06-19 22:14:27,266:val Loss: 0.3654 Acc: 0.9556
2020-06-19 22:14:27,266:Epoch 9/24
2020-06-19 22:14:27,266:----------
2020-06-19 22:15:56,834:train Loss: 0.3528 Acc: 0.9738
2020-06-19 22:16:25,945:val Loss: 0.3628 Acc: 0.9615
2020-06-19 22:16:25,947:Epoch 10/24
2020-06-19 22:16:25,947:----------
2020-06-19 22:17:55,385:train Loss: 0.3559 Acc: 0.9692
2020-06-19 22:18:24,349:val Loss: 0.3631 Acc: 0.9607
2020-06-19 22:18:24,349:Epoch 11/24
2020-06-19 22:18:24,349:----------
2020-06-19 22:19:53,766:train Loss: 0.3524 Acc: 0.9712
2020-06-19 22:20:22,911:val Loss: 0.3642 Acc: 0.9581
2020-06-19 22:20:22,912:Epoch 12/24
2020-06-19 22:20:22,912:----------
2020-06-19 22:22:06,342:train Loss: 0.3534 Acc: 0.9710
2020-06-19 22:22:35,484:val Loss: 0.3633 Acc: 0.9598
2020-06-19 22:22:35,485:Epoch 13/24
2020-06-19 22:22:35,485:----------
2020-06-19 22:24:04,853:train Loss: 0.3526 Acc: 0.9727
2020-06-19 22:24:33,932:val Loss: 0.3641 Acc: 0.9581
2020-06-19 22:24:33,932:Epoch 14/24
2020-06-19 22:24:33,932:----------
2020-06-19 22:26:03,365:train Loss: 0.3514 Acc: 0.9710
2020-06-19 22:26:32,446:val Loss: 0.3635 Acc: 0.9615
2020-06-19 22:26:32,447:Epoch 15/24
2020-06-19 22:26:32,447:----------
2020-06-19 22:28:01,956:train Loss: 0.3517 Acc: 0.9735
2020-06-19 22:28:30,949:val Loss: 0.3667 Acc: 0.9538
2020-06-19 22:28:30,949:Epoch 16/24
2020-06-19 22:28:30,949:----------
2020-06-19 22:30:00,468:train Loss: 0.3516 Acc: 0.9755
2020-06-19 22:30:29,561:val Loss: 0.3635 Acc: 0.9598
2020-06-19 22:30:29,561:Epoch 17/24
2020-06-19 22:30:29,561:----------
2020-06-19 22:31:58,891:train Loss: 0.3523 Acc: 0.9729
2020-06-19 22:32:27,960:val Loss: 0.3657 Acc: 0.9564
2020-06-19 22:32:27,960:Epoch 18/24
2020-06-19 22:32:27,960:----------
2020-06-19 22:33:57,438:train Loss: 0.3521 Acc: 0.9718
2020-06-19 22:34:26,362:val Loss: 0.3628 Acc: 0.9615
2020-06-19 22:34:26,362:Epoch 19/24
2020-06-19 22:34:26,364:----------
2020-06-19 22:35:56,335:train Loss: 0.3507 Acc: 0.9744
2020-06-19 22:36:25,396:val Loss: 0.3639 Acc: 0.9607
2020-06-19 22:36:25,397:Epoch 20/24
2020-06-19 22:36:25,397:----------
2020-06-19 22:37:54,946:train Loss: 0.3518 Acc: 0.9735
2020-06-19 22:38:24,098:val Loss: 0.3649 Acc: 0.9564
2020-06-19 22:38:24,098:Epoch 21/24
2020-06-19 22:38:24,098:----------
2020-06-19 22:39:53,594:train Loss: 0.3505 Acc: 0.9758
2020-06-19 22:40:22,709:val Loss: 0.3666 Acc: 0.9564
2020-06-19 22:40:22,709:Epoch 22/24
2020-06-19 22:40:22,709:----------
2020-06-19 22:41:52,356:train Loss: 0.3514 Acc: 0.9727
2020-06-19 22:42:21,537:val Loss: 0.3627 Acc: 0.9607
2020-06-19 22:42:21,537:Epoch 23/24
2020-06-19 22:42:21,537:----------
2020-06-19 22:43:51,005:train Loss: 0.3514 Acc: 0.9727
2020-06-19 22:44:20,058:val Loss: 0.3651 Acc: 0.9556
2020-06-19 22:44:20,058:Epoch 24/24
2020-06-19 22:44:20,058:----------
2020-06-19 22:45:49,124:train Loss: 0.3521 Acc: 0.9729
2020-06-19 22:46:18,146:val Loss: 0.3638 Acc: 0.9573
