2020-06-19 10:44:48,161:cuda:0
2020-06-19 10:44:48,161:simple_cnn architecure chosen, DCN is False
2020-06-19 10:44:50,452:Epoch 0/24
2020-06-19 10:44:50,452:----------
2020-06-19 10:45:29,167:cuda:0
2020-06-19 10:45:29,174:simple_cnn architecure chosen, DCN is False
2020-06-19 10:45:32,022:Epoch 0/24
2020-06-19 10:45:32,022:----------
2020-06-19 10:49:13,128:cuda:0
2020-06-19 10:49:13,128:simple_cnn architecure chosen, DCN is False
2020-06-19 10:49:17,570:Epoch 0/24
2020-06-19 10:49:17,570:----------
2020-06-19 10:55:33,695:train Loss: 0.5999 Acc: 0.7705
2020-06-19 11:00:03,434:train Loss: 0.6128 Acc: 0.7232
2020-06-19 11:01:06,155:val Loss: 0.5632 Acc: 0.7863
2020-06-19 11:01:06,160:Epoch 1/24
2020-06-19 11:01:06,160:----------
2020-06-19 11:05:35,550:val Loss: 0.7358 Acc: 0.5205
2020-06-19 11:05:35,551:Epoch 1/24
2020-06-19 11:05:35,552:----------
2020-06-19 11:06:07,654:train Loss: 0.5940 Acc: 0.8058
2020-06-19 11:11:40,992:val Loss: 0.6281 Acc: 0.6889
2020-06-19 11:11:40,993:Epoch 1/24
2020-06-19 11:11:40,993:----------
2020-06-19 11:17:57,542:train Loss: 0.5290 Acc: 0.8252
2020-06-19 11:22:25,192:train Loss: 0.5361 Acc: 0.8192
2020-06-19 11:23:28,123:val Loss: 0.4967 Acc: 0.8573
2020-06-19 11:23:28,146:Epoch 2/24
2020-06-19 11:23:28,146:----------
2020-06-19 11:27:58,011:val Loss: 0.5041 Acc: 0.8385
2020-06-19 11:27:58,012:Epoch 2/24
2020-06-19 11:27:58,013:----------
2020-06-19 11:28:31,303:train Loss: 0.5254 Acc: 0.8334
2020-06-19 11:33:55,809:val Loss: 0.5045 Acc: 0.8359
2020-06-19 11:33:55,810:Epoch 2/24
2020-06-19 11:33:55,818:----------
2020-06-19 11:40:03,512:train Loss: 0.5016 Acc: 0.8454
2020-06-19 11:44:28,973:train Loss: 0.5056 Acc: 0.8408
2020-06-19 11:45:26,283:val Loss: 0.4816 Acc: 0.8581
2020-06-19 11:45:26,286:Epoch 3/24
2020-06-19 11:45:26,286:----------
2020-06-19 11:49:54,507:val Loss: 0.4771 Acc: 0.8675
2020-06-19 11:49:54,511:Epoch 3/24
2020-06-19 11:49:54,511:----------
2020-06-19 11:50:29,491:train Loss: 0.5000 Acc: 0.8462
2020-06-19 11:55:58,123:val Loss: 0.5020 Acc: 0.8325
2020-06-19 11:55:58,125:Epoch 3/24
2020-06-19 11:55:58,125:----------
2020-06-19 12:02:18,606:train Loss: 0.4885 Acc: 0.8514
2020-06-19 12:06:47,464:train Loss: 0.4900 Acc: 0.8460
2020-06-19 12:07:51,903:val Loss: 0.4983 Acc: 0.8248
2020-06-19 12:07:51,922:Epoch 4/24
2020-06-19 12:07:51,922:----------
2020-06-19 12:12:32,147:val Loss: 0.4657 Acc: 0.8752
2020-06-19 12:12:32,149:Epoch 4/24
2020-06-19 12:12:32,149:----------
2020-06-19 12:13:07,788:train Loss: 0.4889 Acc: 0.8471
2020-06-19 12:18:55,994:val Loss: 0.4567 Acc: 0.8726
2020-06-19 12:18:55,998:Epoch 4/24
2020-06-19 12:18:55,998:----------
2020-06-19 12:25:31,732:train Loss: 0.4763 Acc: 0.8548
2020-06-19 12:30:12,128:train Loss: 0.4815 Acc: 0.8528
2020-06-19 12:31:19,457:val Loss: 0.4895 Acc: 0.8393
2020-06-19 12:31:19,457:Epoch 5/24
2020-06-19 12:31:19,457:----------
2020-06-19 12:35:59,354:val Loss: 0.6687 Acc: 0.6009
2020-06-19 12:35:59,355:Epoch 5/24
2020-06-19 12:35:59,355:----------
2020-06-19 12:36:34,152:train Loss: 0.4746 Acc: 0.8585
2020-06-19 12:42:06,487:val Loss: 0.4703 Acc: 0.8675
2020-06-19 12:42:06,488:Epoch 5/24
2020-06-19 12:42:06,488:----------
2020-06-19 12:48:12,774:train Loss: 0.4672 Acc: 0.8625
2020-06-19 12:52:44,542:train Loss: 0.4742 Acc: 0.8556
2020-06-19 12:53:45,254:val Loss: 0.4479 Acc: 0.8872
2020-06-19 12:53:45,256:Epoch 6/24
2020-06-19 12:53:45,256:----------
2020-06-19 12:58:21,820:val Loss: 0.4453 Acc: 0.8889
2020-06-19 12:58:21,822:Epoch 6/24
2020-06-19 12:58:21,822:----------
2020-06-19 12:58:47,954:train Loss: 0.4691 Acc: 0.8630
2020-06-19 13:03:56,626:val Loss: 0.4451 Acc: 0.8752
2020-06-19 13:03:56,630:Epoch 6/24
2020-06-19 13:03:56,631:----------
2020-06-19 13:09:23,206:cuda:0
2020-06-19 13:09:23,206:simple_cnn architecure chosen, DCN is False
2020-06-19 13:09:30,714:Epoch 0/24
2020-06-19 13:09:30,714:----------
2020-06-19 13:10:01,066:train Loss: 0.4632 Acc: 0.8636
2020-06-19 13:15:05,194:train Loss: 0.4650 Acc: 0.8605
2020-06-19 13:15:34,590:cuda:0
2020-06-19 13:15:34,590:simple_cnn architecure chosen, DCN is False
2020-06-19 13:15:42,277:Epoch 0/24
2020-06-19 13:15:42,277:----------
2020-06-19 13:16:11,476:val Loss: 0.4393 Acc: 0.8906
2020-06-19 13:16:11,508:Epoch 7/24
2020-06-19 13:16:11,508:----------
2020-06-19 13:22:06,346:val Loss: 0.4421 Acc: 0.8889
2020-06-19 13:22:06,347:Epoch 7/24
2020-06-19 13:22:06,354:----------
2020-06-19 13:22:35,690:train Loss: 0.4638 Acc: 0.8619
2020-06-19 13:29:30,063:val Loss: 0.5848 Acc: 0.7265
2020-06-19 13:29:30,064:Epoch 7/24
2020-06-19 13:29:30,064:----------
2020-06-19 13:36:38,079:train Loss: 0.5794 Acc: 0.7799
2020-06-19 13:37:10,935:train Loss: 0.4589 Acc: 0.8636
2020-06-19 13:42:57,318:train Loss: 0.4599 Acc: 0.8630
2020-06-19 13:43:29,445:val Loss: 0.4830 Acc: 0.8718
2020-06-19 13:43:29,451:Epoch 1/24
2020-06-19 13:43:29,452:----------
2020-06-19 13:44:08,098:val Loss: 0.4527 Acc: 0.8718
2020-06-19 13:44:08,098:Epoch 8/24
2020-06-19 13:44:08,099:----------
2020-06-19 13:49:52,168:val Loss: 0.4393 Acc: 0.8915
2020-06-19 13:49:52,170:Epoch 8/24
2020-06-19 13:49:52,170:----------
2020-06-19 13:50:23,316:train Loss: 0.4582 Acc: 0.8682
2020-06-19 13:57:15,702:val Loss: 0.4382 Acc: 0.8855
2020-06-19 13:57:15,710:Epoch 8/24
2020-06-19 13:57:15,710:----------
2020-06-19 14:04:10,355:train Loss: 0.4864 Acc: 0.8608
2020-06-19 14:04:58,258:train Loss: 0.4557 Acc: 0.8739
2020-06-19 14:10:46,018:train Loss: 0.4598 Acc: 0.8665
2020-06-19 14:11:01,810:val Loss: 0.4544 Acc: 0.8991
2020-06-19 14:11:01,834:Epoch 2/24
2020-06-19 14:11:01,834:----------
2020-06-19 14:11:52,261:val Loss: 0.4456 Acc: 0.8855
2020-06-19 14:11:52,262:Epoch 9/24
2020-06-19 14:11:52,262:----------
2020-06-19 14:17:41,442:val Loss: 0.4532 Acc: 0.8744
2020-06-19 14:17:41,443:Epoch 9/24
2020-06-19 14:17:41,443:----------
2020-06-19 14:18:06,042:train Loss: 0.4589 Acc: 0.8630
2020-06-19 14:25:01,242:val Loss: 0.4583 Acc: 0.8641
2020-06-19 14:25:01,243:Epoch 9/24
2020-06-19 14:25:01,243:----------
2020-06-19 14:31:40,788:train Loss: 0.4553 Acc: 0.8835
2020-06-19 14:32:52,479:train Loss: 0.4561 Acc: 0.8690
2020-06-19 14:38:32,034:train Loss: 0.4587 Acc: 0.8667
2020-06-19 14:38:34,344:val Loss: 0.4276 Acc: 0.9145
2020-06-19 14:38:34,346:Epoch 3/24
2020-06-19 14:38:34,346:----------
2020-06-19 14:39:46,074:val Loss: 0.4422 Acc: 0.8906
2020-06-19 14:39:46,075:Epoch 10/24
2020-06-19 14:39:46,075:----------
2020-06-19 14:45:24,277:val Loss: 0.4409 Acc: 0.8923
2020-06-19 14:45:24,290:Epoch 10/24
2020-06-19 14:45:24,290:----------
2020-06-19 14:45:51,057:train Loss: 0.4569 Acc: 0.8667
2020-06-19 14:52:44,383:val Loss: 0.4494 Acc: 0.8726
2020-06-19 14:52:44,383:Epoch 10/24
2020-06-19 14:52:44,383:----------
2020-06-19 14:59:19,427:train Loss: 0.4337 Acc: 0.9032
2020-06-19 15:00:38,063:train Loss: 0.4570 Acc: 0.8667
2020-06-19 15:06:16,106:val Loss: 0.4212 Acc: 0.9162
2020-06-19 15:06:16,118:Epoch 4/24
2020-06-19 15:06:16,118:----------
2020-06-19 15:06:19,588:train Loss: 0.4588 Acc: 0.8659
2020-06-19 15:07:33,941:val Loss: 0.4441 Acc: 0.8863
2020-06-19 15:07:33,941:Epoch 11/24
2020-06-19 15:07:33,941:----------
2020-06-19 15:13:11,184:val Loss: 0.4626 Acc: 0.8590
2020-06-19 15:13:11,186:Epoch 11/24
2020-06-19 15:13:11,186:----------
2020-06-19 15:13:43,020:train Loss: 0.4578 Acc: 0.8636
2020-06-19 15:20:37,943:val Loss: 0.4569 Acc: 0.8632
2020-06-19 15:20:37,943:Epoch 11/24
2020-06-19 15:20:37,943:----------
2020-06-19 15:27:00,519:train Loss: 0.4185 Acc: 0.9154
2020-06-19 15:28:26,721:train Loss: 0.4554 Acc: 0.8704
2020-06-19 15:33:54,209:val Loss: 0.4192 Acc: 0.9137
2020-06-19 15:33:54,209:Epoch 5/24
2020-06-19 15:33:54,218:----------
2020-06-19 15:34:02,554:train Loss: 0.4576 Acc: 0.8667
2020-06-19 15:35:21,694:val Loss: 0.4501 Acc: 0.8778
2020-06-19 15:35:21,695:Epoch 12/24
2020-06-19 15:35:21,695:----------
2020-06-19 15:40:56,039:val Loss: 0.4478 Acc: 0.8829
2020-06-19 15:40:56,039:Epoch 12/24
2020-06-19 15:40:56,041:----------
2020-06-19 15:41:31,663:train Loss: 0.4554 Acc: 0.8690
2020-06-19 15:48:23,386:val Loss: 0.4538 Acc: 0.8684
2020-06-19 15:48:23,387:Epoch 12/24
2020-06-19 15:48:23,387:----------
2020-06-19 15:54:34,508:train Loss: 0.4047 Acc: 0.9243
2020-06-19 15:56:12,076:train Loss: 0.4588 Acc: 0.8662
2020-06-19 16:01:26,538:val Loss: 0.4258 Acc: 0.9034
2020-06-19 16:01:26,538:Epoch 6/24
2020-06-19 16:01:26,538:----------
2020-06-19 16:01:45,974:train Loss: 0.4564 Acc: 0.8659
2020-06-19 16:03:03,794:val Loss: 0.4469 Acc: 0.8846
2020-06-19 16:03:03,795:Epoch 13/24
2020-06-19 16:03:03,795:----------
2020-06-19 16:08:39,097:val Loss: 0.4470 Acc: 0.8812
2020-06-19 16:08:39,098:Epoch 13/24
2020-06-19 16:08:39,099:----------
2020-06-19 16:09:15,698:train Loss: 0.4540 Acc: 0.8727
2020-06-19 16:16:08,754:val Loss: 0.4658 Acc: 0.8564
2020-06-19 16:16:08,755:Epoch 13/24
2020-06-19 16:16:08,755:----------
2020-06-19 16:22:03,583:train Loss: 0.3967 Acc: 0.9331
2020-06-19 16:23:53,642:train Loss: 0.4534 Acc: 0.8707
2020-06-19 16:28:56,961:val Loss: 0.3857 Acc: 0.9410
2020-06-19 16:28:56,976:Epoch 7/24
2020-06-19 16:28:56,977:----------
2020-06-19 16:29:26,221:train Loss: 0.4589 Acc: 0.8645
2020-06-19 16:30:44,723:val Loss: 0.4419 Acc: 0.8863
2020-06-19 16:30:44,723:Epoch 14/24
2020-06-19 16:30:44,724:----------
2020-06-19 16:36:21,644:val Loss: 0.4533 Acc: 0.8692
2020-06-19 16:36:21,650:Epoch 14/24
2020-06-19 16:36:21,650:----------
2020-06-19 16:37:06,302:train Loss: 0.4540 Acc: 0.8673
2020-06-19 16:43:58,142:val Loss: 0.4399 Acc: 0.8906
2020-06-19 16:43:58,155:Epoch 14/24
2020-06-19 16:43:58,155:----------
2020-06-19 16:49:35,983:train Loss: 0.3907 Acc: 0.9396
2020-06-19 16:51:39,278:train Loss: 0.4539 Acc: 0.8710
2020-06-19 16:56:27,993:val Loss: 0.3911 Acc: 0.9410
2020-06-19 16:56:28,018:Epoch 8/24
2020-06-19 16:56:28,019:----------
2020-06-19 16:57:10,718:train Loss: 0.4566 Acc: 0.8687
2020-06-19 16:58:31,474:val Loss: 0.4422 Acc: 0.8855
2020-06-19 16:58:31,475:Epoch 15/24
2020-06-19 16:58:31,475:----------
2020-06-19 17:04:04,138:val Loss: 0.4432 Acc: 0.8880
2020-06-19 17:04:04,139:Epoch 15/24
2020-06-19 17:04:04,139:----------
2020-06-19 17:04:46,678:train Loss: 0.4553 Acc: 0.8685
2020-06-19 17:11:36,942:val Loss: 0.4455 Acc: 0.8855
2020-06-19 17:11:36,943:Epoch 15/24
2020-06-19 17:11:36,943:----------
2020-06-19 17:17:08,685:train Loss: 0.3882 Acc: 0.9428
2020-06-19 17:19:22,470:train Loss: 0.4521 Acc: 0.8733
2020-06-19 17:24:01,945:val Loss: 0.3853 Acc: 0.9427
2020-06-19 17:24:01,946:Epoch 9/24
2020-06-19 17:24:01,946:----------
2020-06-19 17:24:58,814:train Loss: 0.4554 Acc: 0.8699
2020-06-19 17:26:19,372:val Loss: 0.4415 Acc: 0.8880
2020-06-19 17:26:19,373:Epoch 16/24
2020-06-19 17:26:19,373:----------
2020-06-19 17:31:51,958:val Loss: 0.4457 Acc: 0.8803
2020-06-19 17:31:51,974:Epoch 16/24
2020-06-19 17:31:51,974:----------
2020-06-19 17:32:28,652:train Loss: 0.4537 Acc: 0.8687
2020-06-19 17:39:22,758:val Loss: 0.4410 Acc: 0.8872
2020-06-19 17:39:22,759:Epoch 16/24
2020-06-19 17:39:22,759:----------
2020-06-19 17:44:43,419:train Loss: 0.3866 Acc: 0.9468
2020-06-19 17:47:10,211:train Loss: 0.4528 Acc: 0.8727
2020-06-19 17:51:39,537:val Loss: 0.3872 Acc: 0.9436
2020-06-19 17:51:39,548:Epoch 10/24
2020-06-19 17:51:39,548:----------
2020-06-19 17:52:46,228:train Loss: 0.4559 Acc: 0.8645
2020-06-19 17:54:04,550:val Loss: 0.4391 Acc: 0.8906
2020-06-19 17:54:04,551:Epoch 17/24
2020-06-19 17:54:04,551:----------
2020-06-19 17:59:39,142:val Loss: 0.4447 Acc: 0.8855
2020-06-19 17:59:39,143:Epoch 17/24
2020-06-19 17:59:39,143:----------
2020-06-19 18:00:17,922:train Loss: 0.4530 Acc: 0.8739
2020-06-19 18:07:12,919:val Loss: 0.4437 Acc: 0.8863
2020-06-19 18:07:12,920:Epoch 17/24
2020-06-19 18:07:12,920:----------
2020-06-19 18:12:20,452:train Loss: 0.3843 Acc: 0.9450
2020-06-19 18:14:52,998:train Loss: 0.4542 Acc: 0.8696
2020-06-19 18:19:13,417:val Loss: 0.3854 Acc: 0.9436
2020-06-19 18:19:13,442:Epoch 11/24
2020-06-19 18:19:13,442:----------
2020-06-19 18:20:33,362:train Loss: 0.4569 Acc: 0.8707
2020-06-19 18:21:48,918:val Loss: 0.4417 Acc: 0.8880
2020-06-19 18:21:48,919:Epoch 18/24
2020-06-19 18:21:48,919:----------
2020-06-19 18:27:32,266:val Loss: 0.4438 Acc: 0.8872
2020-06-19 18:27:32,267:Epoch 18/24
2020-06-19 18:27:32,267:----------
2020-06-19 18:28:10,282:train Loss: 0.4521 Acc: 0.8687
2020-06-19 18:35:06,678:val Loss: 0.4437 Acc: 0.8863
2020-06-19 18:35:06,679:Epoch 18/24
2020-06-19 18:35:06,679:----------
2020-06-19 18:40:01,873:train Loss: 0.3876 Acc: 0.9462
2020-06-19 18:42:42,132:train Loss: 0.4521 Acc: 0.8756
2020-06-19 18:46:58,202:val Loss: 0.3860 Acc: 0.9436
2020-06-19 18:46:58,203:Epoch 12/24
2020-06-19 18:46:58,203:----------
2020-06-19 18:48:30,074:train Loss: 0.4570 Acc: 0.8656
2020-06-19 18:49:37,406:val Loss: 0.4465 Acc: 0.8778
2020-06-19 18:49:37,407:Epoch 19/24
2020-06-19 18:49:37,407:----------
2020-06-19 18:55:24,598:val Loss: 0.4434 Acc: 0.8846
2020-06-19 18:55:24,598:Epoch 19/24
2020-06-19 18:55:24,599:----------
2020-06-19 18:56:05,084:train Loss: 0.4544 Acc: 0.8685
2020-06-19 19:03:02,330:val Loss: 0.4437 Acc: 0.8846
2020-06-19 19:03:02,332:Epoch 19/24
2020-06-19 19:03:02,333:----------
2020-06-19 19:07:49,933:train Loss: 0.3862 Acc: 0.9431
2020-06-19 19:10:37,372:train Loss: 0.4513 Acc: 0.8699
2020-06-19 19:14:46,781:val Loss: 0.3831 Acc: 0.9479
2020-06-19 19:14:46,798:Epoch 13/24
2020-06-19 19:14:46,798:----------
2020-06-19 19:16:26,532:train Loss: 0.4542 Acc: 0.8713
2020-06-19 19:17:32,138:val Loss: 0.4417 Acc: 0.8855
2020-06-19 19:17:32,146:Epoch 20/24
2020-06-19 19:17:32,146:----------
2020-06-19 19:23:22,742:val Loss: 0.4484 Acc: 0.8769
2020-06-19 19:23:22,743:Epoch 20/24
2020-06-19 19:23:22,743:----------
2020-06-19 19:23:56,480:train Loss: 0.4534 Acc: 0.8722
2020-06-19 19:30:52,163:val Loss: 0.4452 Acc: 0.8821
2020-06-19 19:30:52,164:Epoch 20/24
2020-06-19 19:30:52,164:----------
2020-06-19 19:35:36,540:train Loss: 0.3811 Acc: 0.9505
2020-06-19 19:38:29,752:train Loss: 0.4550 Acc: 0.8642
2020-06-19 19:42:32,046:val Loss: 0.3854 Acc: 0.9436
2020-06-19 19:42:32,046:Epoch 14/24
2020-06-19 19:42:32,046:----------
2020-06-19 19:44:18,803:train Loss: 0.4561 Acc: 0.8673
2020-06-19 19:45:24,843:val Loss: 0.4384 Acc: 0.8906
2020-06-19 19:45:24,843:Epoch 21/24
2020-06-19 19:45:24,844:----------
2020-06-19 19:51:10,647:val Loss: 0.4498 Acc: 0.8744
2020-06-19 19:51:10,648:Epoch 21/24
2020-06-19 19:51:10,648:----------
2020-06-19 19:51:53,250:train Loss: 0.4537 Acc: 0.8682
2020-06-19 19:58:47,892:val Loss: 0.4508 Acc: 0.8675
2020-06-19 19:58:47,894:Epoch 21/24
2020-06-19 19:58:47,894:----------
2020-06-19 20:03:22,106:train Loss: 0.3830 Acc: 0.9487
2020-06-19 20:06:22,916:train Loss: 0.4522 Acc: 0.8736
2020-06-19 20:10:18,777:val Loss: 0.3831 Acc: 0.9479
2020-06-19 20:10:18,777:Epoch 15/24
2020-06-19 20:10:18,777:----------
2020-06-19 20:12:07,828:train Loss: 0.4547 Acc: 0.8707
2020-06-19 20:13:17,767:val Loss: 0.4442 Acc: 0.8812
2020-06-19 20:13:17,768:Epoch 22/24
2020-06-19 20:13:17,768:----------
2020-06-19 20:19:03,223:val Loss: 0.4434 Acc: 0.8889
2020-06-19 20:19:03,223:Epoch 22/24
2020-06-19 20:19:03,223:----------
2020-06-19 20:19:44,066:train Loss: 0.4551 Acc: 0.8693
2020-06-19 20:26:36,498:val Loss: 0.4421 Acc: 0.8880
2020-06-19 20:26:36,499:Epoch 22/24
2020-06-19 20:26:36,499:----------
2020-06-19 20:31:04,176:train Loss: 0.3862 Acc: 0.9459
2020-06-19 20:34:16,102:train Loss: 0.4515 Acc: 0.8741
2020-06-19 20:37:56,822:val Loss: 0.3844 Acc: 0.9427
2020-06-19 20:37:56,822:Epoch 16/24
2020-06-19 20:37:56,822:----------
2020-06-19 20:40:03,526:train Loss: 0.4556 Acc: 0.8662
2020-06-19 20:41:10,898:val Loss: 0.4398 Acc: 0.8889
2020-06-19 20:41:10,912:Epoch 23/24
2020-06-19 20:41:10,912:----------
2020-06-19 20:46:58,858:val Loss: 0.4416 Acc: 0.8880
2020-06-19 20:46:58,859:Epoch 23/24
2020-06-19 20:46:58,859:----------
2020-06-19 20:47:37,074:train Loss: 0.4529 Acc: 0.8693
2020-06-19 20:54:34,314:val Loss: 0.4419 Acc: 0.8889
2020-06-19 20:54:34,314:Epoch 23/24
2020-06-19 20:54:34,319:----------
2020-06-19 20:58:42,822:train Loss: 0.3827 Acc: 0.9473
2020-06-19 21:02:04,770:train Loss: 0.4534 Acc: 0.8710
2020-06-19 21:05:36,554:val Loss: 0.3833 Acc: 0.9470
2020-06-19 21:05:36,555:Epoch 17/24
2020-06-19 21:05:36,555:----------
2020-06-19 21:07:56,747:train Loss: 0.4560 Acc: 0.8670
2020-06-19 21:09:02,951:val Loss: 0.4417 Acc: 0.8872
2020-06-19 21:09:02,951:Epoch 24/24
2020-06-19 21:09:02,951:----------
2020-06-19 21:14:51,990:val Loss: 0.4437 Acc: 0.8872
2020-06-19 21:14:51,991:Epoch 24/24
2020-06-19 21:14:51,991:----------
2020-06-19 21:15:34,902:train Loss: 0.4511 Acc: 0.8724
2020-06-19 21:22:30,105:val Loss: 0.4415 Acc: 0.8880
2020-06-19 21:22:30,105:Epoch 24/24
2020-06-19 21:22:30,105:----------
2020-06-19 21:26:25,995:train Loss: 0.3808 Acc: 0.9539
2020-06-19 21:29:57,356:train Loss: 0.4523 Acc: 0.8733
2020-06-19 21:33:21,408:val Loss: 0.3837 Acc: 0.9436
2020-06-19 21:33:21,410:Epoch 18/24
2020-06-19 21:33:21,410:----------
2020-06-19 21:35:50,432:train Loss: 0.4535 Acc: 0.8707
2020-06-19 21:36:55,323:val Loss: 0.4406 Acc: 0.8880
2020-06-19 21:41:34,879:val Loss: 0.4429 Acc: 0.8889
2020-06-19 21:41:56,082:train Loss: 0.4526 Acc: 0.8699
2020-06-19 21:45:15,542:val Loss: 0.4438 Acc: 0.8855
2020-06-19 21:45:30,771:train Loss: 0.3807 Acc: 0.9505
2020-06-19 21:45:57,284:val Loss: 0.3827 Acc: 0.9462
2020-06-19 21:45:57,284:Epoch 19/24
2020-06-19 21:45:57,284:----------
2020-06-19 21:47:17,438:train Loss: 0.3850 Acc: 0.9453
2020-06-19 21:47:44,163:val Loss: 0.3864 Acc: 0.9427
2020-06-19 21:47:44,163:Epoch 20/24
2020-06-19 21:47:44,163:----------
2020-06-19 21:49:04,476:train Loss: 0.3786 Acc: 0.9544
2020-06-19 21:49:30,931:val Loss: 0.3839 Acc: 0.9427
2020-06-19 21:49:30,931:Epoch 21/24
2020-06-19 21:49:30,931:----------
2020-06-19 21:50:50,965:train Loss: 0.3811 Acc: 0.9507
2020-06-19 21:51:17,514:val Loss: 0.3832 Acc: 0.9479
2020-06-19 21:51:17,514:Epoch 22/24
2020-06-19 21:51:17,514:----------
2020-06-19 21:52:37,712:train Loss: 0.3806 Acc: 0.9513
2020-06-19 21:53:04,059:val Loss: 0.3834 Acc: 0.9436
2020-06-19 21:53:04,059:Epoch 23/24
2020-06-19 21:53:04,059:----------
2020-06-19 21:54:24,244:train Loss: 0.3832 Acc: 0.9473
2020-06-19 21:54:50,790:val Loss: 0.3823 Acc: 0.9479
2020-06-19 21:54:50,790:Epoch 24/24
2020-06-19 21:54:50,790:----------
2020-06-19 21:56:10,931:train Loss: 0.3849 Acc: 0.9470
2020-06-19 21:56:37,381:val Loss: 0.3821 Acc: 0.9444
