2020-06-19 10:14:57,790:cuda:0
2020-06-19 10:14:57,790:simple_cnn architecure chosen, DCN is True
2020-06-19 10:15:00,080:Epoch 0/24
2020-06-19 10:15:00,080:----------
2020-06-19 10:15:42,409:cuda:0
2020-06-19 10:15:42,409:simple_cnn architecure chosen, DCN is True
2020-06-19 10:15:44,991:Epoch 0/24
2020-06-19 10:15:44,991:----------
2020-06-19 10:16:53,557:cuda:0
2020-06-19 10:16:53,557:simple_cnn architecure chosen, DCN is True
2020-06-19 10:16:55,853:Epoch 0/24
2020-06-19 10:16:55,853:----------
2020-06-19 10:17:18,837:cuda:0
2020-06-19 10:17:18,837:simple_cnn architecure chosen, DCN is True
2020-06-19 10:17:21,189:Epoch 0/24
2020-06-19 10:17:21,189:----------
2020-06-19 10:18:43,755:cuda:0
2020-06-19 10:18:43,755:simple_cnn architecure chosen, DCN is True
2020-06-19 10:18:46,028:Epoch 0/24
2020-06-19 10:18:46,028:----------
2020-06-19 10:18:52,559:train Loss: 0.6859 Acc: 0.4750
2020-06-19 10:18:54,257:val Loss: 0.6932 Acc: 0.5000
2020-06-19 10:18:54,259:Epoch 1/24
2020-06-19 10:18:54,259:----------
2020-06-19 10:18:56,366:train Loss: 0.6827 Acc: 0.5000
2020-06-19 10:18:57,701:val Loss: 0.6933 Acc: 0.5000
2020-06-19 10:18:57,701:Epoch 2/24
2020-06-19 10:18:57,701:----------
2020-06-19 10:18:59,844:train Loss: 0.6768 Acc: 0.5750
2020-06-19 10:19:01,179:val Loss: 0.6933 Acc: 0.5000
2020-06-19 10:19:01,179:Epoch 3/24
2020-06-19 10:19:01,180:----------
2020-06-19 10:19:03,286:train Loss: 0.6689 Acc: 0.6500
2020-06-19 10:19:04,649:val Loss: 0.6933 Acc: 0.5000
2020-06-19 10:19:04,649:Epoch 4/24
2020-06-19 10:19:04,650:----------
2020-06-19 10:19:06,789:train Loss: 0.6595 Acc: 0.7000
2020-06-19 10:19:08,127:val Loss: 0.6934 Acc: 0.5000
2020-06-19 10:19:08,127:Epoch 5/24
2020-06-19 10:19:08,127:----------
2020-06-19 10:19:10,234:train Loss: 0.6494 Acc: 0.7500
2020-06-19 10:19:11,578:val Loss: 0.6934 Acc: 0.5000
2020-06-19 10:19:11,578:Epoch 6/24
2020-06-19 10:19:11,578:----------
2020-06-19 10:19:13,689:train Loss: 0.6393 Acc: 0.7500
2020-06-19 10:19:15,036:val Loss: 0.6935 Acc: 0.5000
2020-06-19 10:19:15,036:Epoch 7/24
2020-06-19 10:19:15,036:----------
2020-06-19 10:19:17,140:train Loss: 0.6295 Acc: 0.7750
2020-06-19 10:19:18,484:val Loss: 0.6936 Acc: 0.5000
2020-06-19 10:19:18,484:Epoch 8/24
2020-06-19 10:19:18,484:----------
2020-06-19 10:19:20,600:train Loss: 0.6285 Acc: 0.7750
2020-06-19 10:19:22,110:val Loss: 0.6936 Acc: 0.5000
2020-06-19 10:19:22,111:Epoch 9/24
2020-06-19 10:19:22,111:----------
2020-06-19 10:19:24,216:train Loss: 0.6274 Acc: 0.7750
2020-06-19 10:19:25,547:val Loss: 0.6937 Acc: 0.5000
2020-06-19 10:19:25,547:Epoch 10/24
2020-06-19 10:19:25,547:----------
2020-06-19 10:19:27,649:train Loss: 0.6262 Acc: 0.8000
2020-06-19 10:19:28,984:val Loss: 0.6938 Acc: 0.5000
2020-06-19 10:19:28,984:Epoch 11/24
2020-06-19 10:19:28,984:----------
2020-06-19 10:19:31,094:train Loss: 0.6250 Acc: 0.8000
2020-06-19 10:19:32,427:val Loss: 0.6939 Acc: 0.5000
2020-06-19 10:19:32,427:Epoch 12/24
2020-06-19 10:19:32,427:----------
2020-06-19 10:19:36,609:train Loss: 0.6238 Acc: 0.8000
2020-06-19 10:19:40,694:val Loss: 0.6939 Acc: 0.5000
2020-06-19 10:19:40,694:Epoch 13/24
2020-06-19 10:19:40,694:----------
2020-06-19 10:19:45,083:train Loss: 0.6225 Acc: 0.8000
2020-06-19 10:19:46,475:val Loss: 0.6940 Acc: 0.5000
2020-06-19 10:19:46,476:Epoch 14/24
2020-06-19 10:19:46,476:----------
2020-06-19 10:19:48,688:train Loss: 0.6211 Acc: 0.8000
2020-06-19 10:19:50,039:val Loss: 0.6941 Acc: 0.5000
2020-06-19 10:19:50,039:Epoch 15/24
2020-06-19 10:19:50,039:----------
2020-06-19 10:19:52,278:train Loss: 0.6210 Acc: 0.8000
2020-06-19 10:19:53,668:val Loss: 0.6941 Acc: 0.5000
2020-06-19 10:19:53,668:Epoch 16/24
2020-06-19 10:19:53,668:----------
2020-06-19 10:19:55,865:train Loss: 0.6209 Acc: 0.8000
2020-06-19 10:19:57,220:val Loss: 0.6941 Acc: 0.5000
2020-06-19 10:19:57,220:Epoch 17/24
2020-06-19 10:19:57,221:----------
2020-06-19 10:19:59,364:train Loss: 0.6207 Acc: 0.8000
2020-06-19 10:20:00,729:val Loss: 0.6941 Acc: 0.5000
2020-06-19 10:20:00,729:Epoch 18/24
2020-06-19 10:20:00,729:----------
2020-06-19 10:20:03,038:train Loss: 0.6206 Acc: 0.8000
2020-06-19 10:20:04,389:val Loss: 0.6941 Acc: 0.5000
2020-06-19 10:20:04,390:Epoch 19/24
2020-06-19 10:20:04,390:----------
2020-06-19 10:20:06,501:train Loss: 0.6204 Acc: 0.8000
2020-06-19 10:20:07,852:val Loss: 0.6941 Acc: 0.5000
2020-06-19 10:20:07,853:Epoch 20/24
2020-06-19 10:20:07,853:----------
2020-06-19 10:20:09,971:train Loss: 0.6203 Acc: 0.8000
2020-06-19 10:20:11,303:val Loss: 0.6940 Acc: 0.5000
2020-06-19 10:20:11,303:Epoch 21/24
2020-06-19 10:20:11,303:----------
2020-06-19 10:20:13,412:train Loss: 0.6201 Acc: 0.8000
2020-06-19 10:20:14,736:val Loss: 0.6939 Acc: 0.5000
2020-06-19 10:20:14,736:Epoch 22/24
2020-06-19 10:20:14,736:----------
2020-06-19 10:20:16,863:train Loss: 0.6201 Acc: 0.8000
2020-06-19 10:20:18,195:val Loss: 0.6938 Acc: 0.5000
2020-06-19 10:20:18,195:Epoch 23/24
2020-06-19 10:20:18,195:----------
2020-06-19 10:20:20,293:train Loss: 0.6201 Acc: 0.8000
2020-06-19 10:20:21,635:val Loss: 0.6937 Acc: 0.5000
2020-06-19 10:20:21,635:Epoch 24/24
2020-06-19 10:20:21,635:----------
2020-06-19 10:20:23,754:train Loss: 0.6201 Acc: 0.8000
2020-06-19 10:20:25,106:val Loss: 0.6935 Acc: 0.5000
2020-06-19 10:20:25,297:Training complete in 1m 39s
2020-06-19 10:20:25,297:Best val Acc: 0.500000
2020-06-19 10:20:26,370:Test accuracy = 50.0
2020-06-19 10:20:54,787:cuda:0
2020-06-19 10:20:54,787:simple_cnn architecure chosen, DCN is True
2020-06-19 10:20:57,114:Epoch 0/24
2020-06-19 10:20:57,114:----------
2020-06-19 10:21:13,157:cuda:0
2020-06-19 10:21:13,157:simple_cnn architecure chosen, DCN is True
2020-06-19 10:21:15,486:Epoch 0/24
2020-06-19 10:21:15,486:----------
2020-06-19 10:21:22,809:train Loss: 0.6774 Acc: 0.7000
2020-06-19 10:21:24,750:val Loss: 0.6931 Acc: 0.4286
2020-06-19 10:21:24,752:Epoch 1/24
2020-06-19 10:21:24,752:----------
2020-06-19 10:21:28,102:train Loss: 0.6631 Acc: 0.9250
2020-06-19 10:21:30,023:val Loss: 0.6933 Acc: 0.5000
2020-06-19 10:21:30,025:Epoch 2/24
2020-06-19 10:21:30,025:----------
2020-06-19 10:21:33,227:train Loss: 0.6394 Acc: 0.9000
2020-06-19 10:21:35,198:val Loss: 0.6936 Acc: 0.5000
2020-06-19 10:21:35,198:Epoch 3/24
2020-06-19 10:21:35,198:----------
2020-06-19 10:21:38,409:train Loss: 0.6162 Acc: 0.9000
2020-06-19 10:21:40,336:val Loss: 0.6940 Acc: 0.5000
2020-06-19 10:21:40,337:Epoch 4/24
2020-06-19 10:21:40,337:----------
2020-06-19 10:21:43,575:train Loss: 0.5992 Acc: 0.9000
2020-06-19 10:21:45,489:val Loss: 0.6946 Acc: 0.5000
2020-06-19 10:21:45,489:Epoch 5/24
2020-06-19 10:21:45,489:----------
2020-06-19 10:21:48,730:train Loss: 0.5810 Acc: 0.9000
2020-06-19 10:21:50,661:val Loss: 0.6954 Acc: 0.5000
2020-06-19 10:21:50,661:Epoch 6/24
2020-06-19 10:21:50,663:----------
2020-06-19 10:21:53,893:train Loss: 0.5756 Acc: 0.8500
2020-06-19 10:21:55,853:val Loss: 0.6966 Acc: 0.5000
2020-06-19 10:21:55,853:Epoch 7/24
2020-06-19 10:21:55,853:----------
2020-06-19 10:21:59,171:train Loss: 0.5533 Acc: 0.9000
2020-06-19 10:22:01,129:val Loss: 0.6975 Acc: 0.5000
2020-06-19 10:22:01,129:Epoch 8/24
2020-06-19 10:22:01,129:----------
2020-06-19 10:22:04,359:train Loss: 0.5553 Acc: 0.9000
2020-06-19 10:22:06,358:val Loss: 0.6985 Acc: 0.5000
2020-06-19 10:22:06,358:Epoch 9/24
2020-06-19 10:22:06,360:----------
2020-06-19 10:22:09,586:train Loss: 0.5662 Acc: 0.8250
2020-06-19 10:22:11,563:val Loss: 0.6995 Acc: 0.5000
2020-06-19 10:22:11,563:Epoch 10/24
2020-06-19 10:22:11,564:----------
2020-06-19 10:22:14,802:train Loss: 0.5520 Acc: 0.9000
2020-06-19 10:22:16,732:val Loss: 0.7006 Acc: 0.5000
2020-06-19 10:22:16,732:Epoch 11/24
2020-06-19 10:22:16,733:----------
2020-06-19 10:22:19,929:train Loss: 0.5501 Acc: 0.9000
2020-06-19 10:22:21,876:val Loss: 0.7018 Acc: 0.5000
2020-06-19 10:22:21,876:Epoch 12/24
2020-06-19 10:22:21,877:----------
2020-06-19 10:22:25,111:train Loss: 0.5513 Acc: 0.9000
2020-06-19 10:22:27,037:val Loss: 0.7030 Acc: 0.5000
2020-06-19 10:22:27,037:Epoch 13/24
2020-06-19 10:22:27,038:----------
2020-06-19 10:22:30,366:train Loss: 0.5485 Acc: 0.9000
2020-06-19 10:22:32,303:val Loss: 0.7043 Acc: 0.5000
2020-06-19 10:22:32,303:Epoch 14/24
2020-06-19 10:22:32,303:----------
2020-06-19 10:22:35,560:train Loss: 0.5486 Acc: 0.9000
2020-06-19 10:22:37,492:val Loss: 0.7052 Acc: 0.5000
2020-06-19 10:22:37,492:Epoch 15/24
2020-06-19 10:22:37,492:----------
2020-06-19 10:22:40,727:train Loss: 0.5489 Acc: 0.9000
2020-06-19 10:22:42,658:val Loss: 0.7059 Acc: 0.5000
2020-06-19 10:22:42,659:Epoch 16/24
2020-06-19 10:22:42,660:----------
2020-06-19 10:22:45,857:train Loss: 0.5581 Acc: 0.8500
2020-06-19 10:22:47,788:val Loss: 0.7062 Acc: 0.5000
2020-06-19 10:22:47,788:Epoch 17/24
2020-06-19 10:22:47,790:----------
2020-06-19 10:22:50,994:train Loss: 0.5487 Acc: 0.9000
2020-06-19 10:22:52,939:val Loss: 0.7062 Acc: 0.5000
2020-06-19 10:22:52,939:Epoch 18/24
2020-06-19 10:22:52,940:----------
2020-06-19 10:22:56,186:train Loss: 0.5477 Acc: 0.9000
2020-06-19 10:22:58,119:val Loss: 0.7059 Acc: 0.5000
2020-06-19 10:22:58,119:Epoch 19/24
2020-06-19 10:22:58,121:----------
2020-06-19 10:23:01,509:train Loss: 0.5538 Acc: 0.9000
2020-06-19 10:23:03,445:val Loss: 0.7053 Acc: 0.5000
2020-06-19 10:23:03,446:Epoch 20/24
2020-06-19 10:23:03,447:----------
2020-06-19 10:23:06,643:train Loss: 0.5459 Acc: 0.9000
2020-06-19 10:23:08,593:val Loss: 0.7044 Acc: 0.5000
2020-06-19 10:23:08,593:Epoch 21/24
2020-06-19 10:23:08,593:----------
2020-06-19 10:23:11,842:train Loss: 0.5479 Acc: 0.9000
2020-06-19 10:23:13,776:val Loss: 0.7033 Acc: 0.5000
2020-06-19 10:23:13,776:Epoch 22/24
2020-06-19 10:23:13,778:----------
2020-06-19 10:23:16,993:train Loss: 0.5456 Acc: 0.9000
2020-06-19 10:23:18,916:val Loss: 0.7020 Acc: 0.4643
2020-06-19 10:23:18,916:Epoch 23/24
2020-06-19 10:23:18,918:----------
2020-06-19 10:23:23,026:train Loss: 0.5497 Acc: 0.9000
2020-06-19 10:23:28,012:val Loss: 0.7006 Acc: 0.5000
2020-06-19 10:23:28,012:Epoch 24/24
2020-06-19 10:23:28,012:----------
2020-06-19 10:23:33,521:train Loss: 0.5461 Acc: 0.9000
2020-06-19 10:23:35,505:val Loss: 0.6991 Acc: 0.4643
2020-06-19 10:23:35,679:Training complete in 2m 20s
2020-06-19 10:23:35,679:Best val Acc: 0.500000
2020-06-19 10:23:37,367:Test accuracy = 50.0
2020-06-19 10:24:55,076:cuda:0
2020-06-19 10:24:55,076:simple_cnn architecure chosen, DCN is True
2020-06-19 10:27:00,030:cuda:0
2020-06-19 10:27:00,031:simple_cnn architecure chosen, DCN is False
2020-06-19 10:27:02,302:Epoch 0/24
2020-06-19 10:27:02,302:----------
2020-06-19 10:27:14,661:cuda:0
2020-06-19 10:27:14,661:simple_cnn architecure chosen, DCN is False
2020-06-19 10:27:41,945:Epoch 0/24
2020-06-19 10:27:42,254:----------
2020-06-19 10:27:55,078:train Loss: 0.6795 Acc: 0.5250
2020-06-19 10:28:15,810:val Loss: 0.6933 Acc: 0.5000
2020-06-19 10:28:16,555:Epoch 1/24
2020-06-19 10:28:16,614:----------
2020-06-19 10:28:23,366:train Loss: 0.6720 Acc: 0.6750
2020-06-19 10:28:24,193:val Loss: 0.6932 Acc: 0.5000
2020-06-19 10:28:24,193:Epoch 2/24
2020-06-19 10:28:24,193:----------
2020-06-19 10:28:25,603:train Loss: 0.6577 Acc: 0.9250
2020-06-19 10:28:26,425:val Loss: 0.6930 Acc: 0.5000
2020-06-19 10:28:26,425:Epoch 3/24
2020-06-19 10:28:26,426:----------
2020-06-19 10:28:27,822:train Loss: 0.6399 Acc: 0.9500
2020-06-19 10:28:28,647:val Loss: 0.6929 Acc: 0.5000
2020-06-19 10:28:28,647:Epoch 4/24
2020-06-19 10:28:28,647:----------
2020-06-19 10:28:30,047:train Loss: 0.6190 Acc: 0.9500
2020-06-19 10:28:30,889:val Loss: 0.6928 Acc: 0.5000
2020-06-19 10:28:30,889:Epoch 5/24
2020-06-19 10:28:30,889:----------
2020-06-19 10:28:32,339:train Loss: 0.5989 Acc: 0.9000
2020-06-19 10:28:33,198:val Loss: 0.6928 Acc: 0.5000
2020-06-19 10:28:33,199:Epoch 6/24
2020-06-19 10:28:33,199:----------
2020-06-19 10:28:34,610:train Loss: 0.5791 Acc: 0.9250
2020-06-19 10:28:35,454:val Loss: 0.6934 Acc: 0.5000
2020-06-19 10:28:35,455:Epoch 7/24
2020-06-19 10:28:35,455:----------
2020-06-19 10:28:36,862:train Loss: 0.5693 Acc: 0.9000
2020-06-19 10:28:37,686:val Loss: 0.6936 Acc: 0.5000
2020-06-19 10:28:37,686:Epoch 8/24
2020-06-19 10:28:37,686:----------
2020-06-19 10:28:53,812:cuda:0
2020-06-19 10:28:53,813:simple_cnn architecure chosen, DCN is False
2020-06-19 10:28:56,046:Epoch 0/24
2020-06-19 10:28:56,046:----------
2020-06-19 10:29:00,684:train Loss: 0.7039 Acc: 0.2750
2020-06-19 10:29:03,717:val Loss: 0.6932 Acc: 0.5000
2020-06-19 10:29:03,718:Epoch 1/24
2020-06-19 10:29:03,718:----------
2020-06-19 10:29:05,714:train Loss: 0.6935 Acc: 0.5500
2020-06-19 10:29:06,525:val Loss: 0.6932 Acc: 0.5000
2020-06-19 10:29:06,525:Epoch 2/24
2020-06-19 10:29:06,525:----------
2020-06-19 10:29:07,907:train Loss: 0.6773 Acc: 0.7750
2020-06-19 10:29:08,711:val Loss: 0.6933 Acc: 0.3571
2020-06-19 10:29:08,711:Epoch 3/24
2020-06-19 10:29:08,713:----------
2020-06-19 10:29:10,092:train Loss: 0.6551 Acc: 0.7750
2020-06-19 10:29:10,990:val Loss: 0.6934 Acc: 0.5000
2020-06-19 10:29:10,990:Epoch 4/24
2020-06-19 10:29:10,990:----------
2020-06-19 10:29:12,408:train Loss: 0.6453 Acc: 0.7750
2020-06-19 10:29:13,224:val Loss: 0.6935 Acc: 0.5000
2020-06-19 10:29:13,224:Epoch 5/24
2020-06-19 10:29:13,225:----------
2020-06-19 10:29:14,605:train Loss: 0.6163 Acc: 0.7750
2020-06-19 10:29:15,408:val Loss: 0.6935 Acc: 0.5000
2020-06-19 10:29:15,408:Epoch 6/24
2020-06-19 10:29:15,408:----------
2020-06-19 10:29:16,795:train Loss: 0.6035 Acc: 0.8750
2020-06-19 10:29:17,618:val Loss: 0.6936 Acc: 0.5000
2020-06-19 10:29:17,618:Epoch 7/24
2020-06-19 10:29:17,618:----------
2020-06-19 10:29:19,140:train Loss: 0.5848 Acc: 0.8500
2020-06-19 10:29:19,975:val Loss: 0.6934 Acc: 0.5000
2020-06-19 10:29:19,975:Epoch 8/24
2020-06-19 10:29:19,976:----------
2020-06-19 10:29:21,425:train Loss: 0.5773 Acc: 0.9000
2020-06-19 10:29:22,284:val Loss: 0.6932 Acc: 0.5000
2020-06-19 10:29:22,284:Epoch 9/24
2020-06-19 10:29:22,284:----------
2020-06-19 10:29:23,726:train Loss: 0.5753 Acc: 0.8750
2020-06-19 10:29:24,566:val Loss: 0.6928 Acc: 0.5000
2020-06-19 10:29:24,566:Epoch 10/24
2020-06-19 10:29:24,566:----------
2020-06-19 10:29:25,957:train Loss: 0.5832 Acc: 0.9500
2020-06-19 10:29:26,771:val Loss: 0.6922 Acc: 0.5000
2020-06-19 10:29:26,771:Epoch 11/24
2020-06-19 10:29:26,772:----------
2020-06-19 10:29:28,178:train Loss: 0.5725 Acc: 0.8500
2020-06-19 10:29:29,008:val Loss: 0.6913 Acc: 0.5000
2020-06-19 10:29:29,009:Epoch 12/24
2020-06-19 10:29:29,009:----------
2020-06-19 10:29:30,394:train Loss: 0.5753 Acc: 0.9000
2020-06-19 10:29:31,220:val Loss: 0.6903 Acc: 0.5000
2020-06-19 10:29:31,220:Epoch 13/24
2020-06-19 10:29:31,222:----------
2020-06-19 10:29:32,605:train Loss: 0.5663 Acc: 0.9000
2020-06-19 10:29:33,409:val Loss: 0.6890 Acc: 0.5000
2020-06-19 10:29:33,409:Epoch 14/24
2020-06-19 10:29:33,409:----------
2020-06-19 10:29:34,863:train Loss: 0.5711 Acc: 0.8750
2020-06-19 10:29:35,683:val Loss: 0.6875 Acc: 0.5000
2020-06-19 10:29:35,683:Epoch 15/24
2020-06-19 10:29:35,683:----------
2020-06-19 10:29:37,087:train Loss: 0.5687 Acc: 0.9000
2020-06-19 10:29:37,890:val Loss: 0.6861 Acc: 0.5000
2020-06-19 10:29:37,890:Epoch 16/24
2020-06-19 10:29:37,890:----------
2020-06-19 10:29:39,268:train Loss: 0.5651 Acc: 0.9000
2020-06-19 10:29:40,096:val Loss: 0.6844 Acc: 0.5000
2020-06-19 10:29:40,096:Epoch 17/24
2020-06-19 10:29:40,098:----------
2020-06-19 10:30:02,904:cuda:0
2020-06-19 10:30:02,904:simple_cnn architecure chosen, DCN is True
2020-06-19 10:30:05,027:Epoch 0/24
2020-06-19 10:30:05,027:----------
2020-06-19 10:34:53,149:cuda:0
2020-06-19 10:34:53,149:simple_cnn architecure chosen, DCN is True
2020-06-19 10:34:55,204:Epoch 0/24
2020-06-19 10:34:55,204:----------
2020-06-19 10:35:18,955:cuda:0
2020-06-19 10:35:18,956:simple_cnn architecure chosen, DCN is True
2020-06-19 10:35:20,994:Epoch 0/24
2020-06-19 10:35:20,994:----------
2020-06-19 10:36:32,101:cuda:0
2020-06-19 10:36:32,101:simple_cnn architecure chosen, DCN is True
2020-06-19 10:36:34,183:Epoch 0/24
2020-06-19 10:36:34,183:----------
2020-06-19 10:37:57,511:cuda:0
2020-06-19 10:37:57,512:simple_cnn architecure chosen, DCN is True
2020-06-19 10:37:59,561:Epoch 0/24
2020-06-19 10:37:59,561:----------
2020-06-19 10:38:37,892:cuda:0
2020-06-19 10:38:37,892:simple_cnn architecure chosen, DCN is True
2020-06-19 10:38:40,023:Epoch 0/24
2020-06-19 10:38:40,023:----------
2020-06-19 10:39:18,664:cuda:0
2020-06-19 10:39:18,664:simple_cnn architecure chosen, DCN is True
2020-06-19 10:39:20,941:Epoch 0/24
2020-06-19 10:39:20,941:----------
2020-06-19 12:01:06,002:cuda:0
2020-06-19 12:01:06,002:simple_cnn architecure chosen, DCN is True
2020-06-19 12:01:13,754:Epoch 0/24
2020-06-19 12:01:13,754:----------
2020-06-19 12:01:53,350:cuda:0
2020-06-19 12:01:53,351:simple_cnn architecure chosen, DCN is True
2020-06-19 12:01:59,974:Epoch 0/24
2020-06-19 12:01:59,974:----------
2020-06-19 12:02:23,577:cuda:0
2020-06-19 12:02:23,577:simple_cnn architecure chosen, DCN is True
2020-06-19 12:02:31,256:Epoch 0/24
2020-06-19 12:02:31,266:----------
2020-06-19 12:03:07,591:cuda:0
2020-06-19 12:03:07,591:simple_cnn architecure chosen, DCN is True
2020-06-19 12:03:14,374:Epoch 0/24
2020-06-19 12:03:14,374:----------
2020-06-19 12:03:31,633:cuda:0
2020-06-19 12:03:31,633:simple_cnn architecure chosen, DCN is True
2020-06-19 12:03:37,836:Epoch 0/24
2020-06-19 12:03:37,836:----------
2020-06-19 12:04:03,315:cuda:0
2020-06-19 12:04:03,315:simple_cnn architecure chosen, DCN is True
2020-06-19 12:04:10,723:Epoch 0/24
2020-06-19 12:04:10,724:----------
2020-06-19 12:04:35,149:cuda:0
2020-06-19 12:04:35,158:simple_cnn architecure chosen, DCN is True
2020-06-19 12:04:41,882:Epoch 0/24
2020-06-19 12:04:41,894:----------
2020-06-19 12:05:13,738:cuda:0
2020-06-19 12:05:13,738:simple_cnn architecure chosen, DCN is True
2020-06-19 12:05:21,317:Epoch 0/24
2020-06-19 12:05:21,317:----------
2020-06-19 12:05:29,684:cuda:0
2020-06-19 12:05:29,685:simple_cnn architecure chosen, DCN is True
2020-06-19 12:05:36,767:Epoch 0/24
2020-06-19 12:05:36,767:----------
2020-06-19 12:06:12,223:cuda:0
2020-06-19 12:06:12,225:simple_cnn architecure chosen, DCN is True
2020-06-19 12:06:20,005:cuda:0
2020-06-19 12:06:20,005:simple_cnn architecure chosen, DCN is True
2020-06-19 12:07:06,268:cuda:0
2020-06-19 12:07:06,268:simple_cnn architecure chosen, DCN is True
2020-06-19 12:07:13,588:Epoch 0/24
2020-06-19 12:07:13,588:----------
2020-06-19 12:08:18,619:cuda:0
2020-06-19 12:08:18,619:simple_cnn architecure chosen, DCN is True
2020-06-19 12:08:25,183:Epoch 0/24
2020-06-19 12:08:25,201:----------
2020-06-19 12:09:12,338:cuda:0
2020-06-19 12:09:12,338:simple_cnn architecure chosen, DCN is True
2020-06-19 12:09:20,032:Epoch 0/24
2020-06-19 12:09:20,033:----------
2020-06-19 12:09:57,776:cuda:0
2020-06-19 12:09:57,776:simple_cnn architecure chosen, DCN is True
2020-06-19 12:10:04,983:Epoch 0/24
2020-06-19 12:10:04,990:----------
2020-06-19 12:11:02,932:cuda:0
2020-06-19 12:11:02,932:simple_cnn architecure chosen, DCN is True
2020-06-19 12:11:10,463:Epoch 0/24
2020-06-19 12:11:10,476:----------
2020-06-19 12:11:28,462:train Loss: 0.6776 Acc: 0.5500
2020-06-19 12:15:54,320:cuda:0
2020-06-19 12:15:54,321:simple_cnn architecure chosen, DCN is True
2020-06-19 12:16:01,675:Epoch 0/24
2020-06-19 12:16:01,675:----------
2020-06-19 12:17:13,455:cuda:0
2020-06-19 12:17:13,455:simple_cnn architecure chosen, DCN is True
2020-06-19 12:17:20,345:Epoch 0/24
2020-06-19 12:17:20,366:----------
2020-06-19 12:18:07,876:cuda:0
2020-06-19 12:18:07,876:simple_cnn architecure chosen, DCN is True
2020-06-19 12:18:15,820:Epoch 0/24
2020-06-19 12:18:15,820:----------
2020-06-19 12:21:04,834:cuda:0
2020-06-19 12:21:04,835:simple_cnn architecure chosen, DCN is True
2020-06-19 12:21:12,149:Epoch 0/24
2020-06-19 12:21:12,158:----------
2020-06-19 12:22:32,296:cuda:0
2020-06-19 12:22:32,298:simple_cnn architecure chosen, DCN is True
2020-06-19 12:22:39,490:Epoch 0/24
2020-06-19 12:22:39,490:----------
2020-06-19 12:23:24,108:cuda:0
2020-06-19 12:23:24,108:simple_cnn architecure chosen, DCN is True
2020-06-19 12:23:31,093:Epoch 0/24
2020-06-19 12:23:31,110:----------
2020-06-19 12:23:55,691:cuda:0
2020-06-19 12:23:55,694:simple_cnn architecure chosen, DCN is True
2020-06-19 12:24:02,598:Epoch 0/24
2020-06-19 12:24:02,598:----------
2020-06-19 12:25:20,438:cuda:0
2020-06-19 12:25:20,439:simple_cnn architecure chosen, DCN is True
2020-06-19 12:25:27,774:Epoch 0/24
2020-06-19 12:25:27,775:----------
2020-06-19 12:27:17,832:train Loss: 0.7259 Acc: 0.4000
2020-06-19 12:28:51,168:val Loss: 0.6928 Acc: 0.5000
2020-06-19 12:28:51,174:Epoch 1/24
2020-06-19 12:28:51,174:----------
2020-06-19 12:56:22,114:cuda:0
2020-06-19 12:56:22,115:simple_cnn architecure chosen, DCN is False
2020-06-19 12:56:29,452:Epoch 0/24
2020-06-19 12:56:29,466:----------
